# Lets start by checking my inventory.
# I have checked my inventory.
# First, I will set up some coal mining since coal is a primary fuel source.
move_to(nearest('coal'));
place_entity('burner-drill', direction=2, position=nearest('coal'));
# My apologies for the confusion. I will use Electric Mining Drill instead.
move_to(nearest('coal'));
place_entity('electric-mining-drill', direction=2, position=nearest('coal'));
# Sorry about that, let's use the Stone Furnace to smelt the ores for now.
move_to(nearest('iron_ore'));
place_entity('stone-furnace', direction=2, position=nearest('iron_ore));
insert_item('coal', target_position=nearest('stone-furnace'), quantity=5);
# My apologies for the mistake. Let's try placing the Stone Furnace and inserting the coal again. 
move_to(nearest('iron_ore'));
place_entity('stone-furnace', direction=2, position=nearest('iron_ore'));
# Alright, let's find an empty spot nearby to place the Stone Furnace.
move_to((nearest('iron_ore').x, nearest('iron_ore').y - 1));
# I apologize for the mistake. Let's use a different approach to find an empty spot nearby to place the Stone Furnace.
move_to((nearest('iron_ore')[0], nearest('iron_ore')[1] - 1));
place_entity('stone-furnace', direction=2, position=(nearest('iron_ore')[0], nearest('iron_ore')[1] - 2));
# I will move further away from the iron ore and attempt to place the Stone Furnace again.
move_to((nearest('iron_ore')[0], nearest('iron_ore')[1] - 3));
place_entity('stone-furnace', direction=2, position=(nearest('iron_ore')[0], nearest('iron_ore')[1] - 4));
# I'll move further away from the iron ore and try placing the Stone Furnace again.
move_to((nearest('iron_ore')[0], nearest('iron_ore')[1] - 5));
place_entity('stone-furnace', direction=2, position=(nearest('iron_ore')[0], nearest('iron_ore')[1] - 6));
# I'll attempt to place the Stone Furnace in a different direction.
move_to((nearest('iron_ore')[0] + 2, nearest('iron_ore')[1]));
place_entity('stone-furnace', direction=2, position=(nearest('iron_ore')[0] + 3, nearest('iron_ore')[1]));
# I'll continue searching for a suitable location to place the Stone Furnace.
move_to((nearest('iron_ore')[0], nearest('iron_ore')[1] + 2));
place_entity('stone-furnace', direction=2, position=(nearest('iron_ore')[0], nearest('iron_ore')[1] + 3));
