[92mThere are 4.2k tree_01s scattered 23km northwest, 17km north-northwest, 16km north, 16km north-northeast, 21km northeast, 1km east-northeast, 3km west-northwest, 760 metres west, 32 metres east, 4km west-southwest, 720 metres east-southeast, 17km southeast, 17km southwest, 13km south-southwest, 13km south-southeast, and 11km south 
- 100x coal 10 metres northwest (-17, -14) x (-8, -5)
- 100x iron_ore 10 metres east-northeast (22, -14) x (31, -5)
- 100x stone 10 metres southwest (-17, 6) x (-8, 15)
- 100x copper_ore 10 metres east-southeast (22, 6) x (31, 15)
- 100x uranium_ore 30 metres southeast (22, 26) x (31, 35)
[96m# Lets start by checking my inventory.
[92m- 1 iron-chest
- 50 transport-belt
- 1 stone-furnace
- 1 assembling-machine-1
- 50 coal
- 50 iron-plate
- 50 copper-plate
[96m# I need a feeder to put items, let's craft an inserter and place it for input and output
[94mcraft_item('inserter', quantity=2);
[91mCould not craft a inserter. Successfully crafted 2x but failed to craft 1x inserter
[96m# Since we was able to craft inserter, let's place the stone-furnace, inserter, and iron-chest for smelting iron ore.
[94mplace_entity('stone-furnace', position=(0,1));
[91mYou can't do that action. place_entity() missing 1 required positional argument: 'direction'
[96m# My apologies, here is the corrected command. 
[94mplace_entity('stone-furnace', direction=0, position=(0,1));
[96m# Now let's place the two inserters: one for input and one for output.
[94mplace_entity('inserter', direction=1, position=(-1,1));
[91mCould not place inserter. Cant build there due to existing 
[96m# Let's try to place the inserter to a new location.
[94mplace_entity('inserter', direction=1, position=(-1,0));
[91mCould not place inserter. Cant build there due to existing 
[96m# We need to find another position for the inserter.
[94mplace_entity('inserter', direction=1, position=(0,2));
[96m# Now let's place the second inserter for the output.
[94mplace_entity('inserter', direction=3, position=(0,0));
[91mCould not place inserter. Cant build there due to existing character at 0, 0 and the size of the entity is 0
