# Lets start by checking my inventory.
# Now that I know the inventory, let's place the following components:
place_entity('burner-drill', direction=2, position=nearest('coal'));
# I apologize for the confusion. I meant to place a "burner-mining-drill" instead. Let me correct that. 
place_entity('burner-mining-drill', direction=2, position=nearest('coal'));
# I apologize for the oversight. Let's craft a burner-mining-drill first and then place it.
craft_item('burner-mining-drill', quantity=1);
place_entity('burner-mining-drill', direction=2, position=nearest('coal'));
# Next, let's place a stone-furnace near the miner, insert some coal and automate iron ore smelting.
place_entity('stone-furnace', direction=2, position=(nearest('iron_ore')[0], nearest('iron_ore')[1] - 1));
# I apologize for the oversight again. Let's craft a stone-furnace first and then place it.
craft_item('stone-furnace', quantity=1);
# It seems I'm missing the required stone to craft the stone-furnace. Let's collect some stone first.
move_to(nearest('stone'));
harvest_resource((0, 0), quantity=5);
craft_item('stone-furnace', quantity=1);
# Now that we have crafted a stone-furnace, let's place it.
place_entity('stone-furnace', direction=2, position=(nearest('iron_ore')[0], nearest('iron_ore')[1] - 1));
# Apologies for the error. Let's find a suitable position next to the iron ore.
move_to(nearest('iron_ore'));
# position = (
nearest('iron_ore')[0] + 1, nearest('iron_ore')[1]);
# I apologize for the unmatched parenthesis. Let's correct the code and move to the desired position.
move_to((nearest('iron_ore')[0] + 1, nearest('iron_ore')[1]));
# Now place the stone-furnace
place_entity('stone-furnace', direction=2, position=(nearest('iron_ore')[0], nearest('iron_ore')[1] - 1));
# I apologize for the inconvenience. Let's try a different position for the stone-furnace.
move_to((nearest('iron_ore')[0], nearest('iron_ore')[1] + 1));
place_entity('stone-furnace', direction=2, position=(nearest('iron_ore')[0] + 1, nearest('iron_ore')[1]));
# My apologies once more. I will change the position again to avoid the current obstacle.
move_to((nearest('iron_ore')[0], nearest('iron_ore')[1]));
place_entity('stone-furnace', direction=2, position=(nearest('iron_ore')[0] - 1, nearest('iron_ore')[1]));
# I apologize for the difficulty in placing the stone-furnace. Let's try one more time by placing it above the iron ore deposit.
move_to((nearest('iron_ore')[0], nearest('iron_ore')[1]));
place_entity('stone-furnace', direction=2, position=(nearest('iron_ore')[0], nearest('iron_ore')[1] + 1));
# I apologize for the repeated issues. To ensure we find a suitable spot, let's check the four adjacent tiles to the nearest iron ore and place the stone-furnace at the first available spot.
    place_entity('stone-furnace', direction=2, position=furnace_position);
# I apologize for the oversight. Let's define the furnace_position and check the adjacent tiles properly.

furnace_position = None
# for dx, dy in [(-1, 0), (1, 0), (0, -1), (0, 1)]:
    position = (nearest('iron_ore')[0] + dx, nearest('iron_ore')[1] + dy)
    if can_build_here('stone-furnace', position):
        furnace_position = position
        break

if furnace_position is not None:
    place_entity('stone-furnace', direction=2, position=furnace_position)
else:
    print("Could not find a suitable position for the stone-furnace.")
