[92mThere are 4.2k tree_01s scattered 23km northwest, 17km north-northwest, 16km north, 16km north-northeast, 21km northeast, 1km east-northeast, 3km west-northwest, 760 metres west, 32 metres east, 4km west-southwest, 720 metres east-southeast, 17km southeast, 17km southwest, 13km south-southwest, 13km south-southeast, and 11km south 
- 100x coal 10 metres northwest (-17, -14) x (-8, -5)
- 100x iron_ore 10 metres east-northeast (22, -14) x (31, -5)
- 100x stone 10 metres southwest (-17, 6) x (-8, 15)
- 100x copper_ore 10 metres east-southeast (22, 6) x (31, 15)
- 100x uranium_ore 30 metres southeast (22, 26) x (31, 35)
[96m# Lets start by checking my inventory.
[92m- 1 iron-chest
- 50 transport-belt
- 1 stone-furnace
- 1 assembling-machine-1
- 50 coal
- 50 iron-plate
- 50 copper-plate
[96m# First, I'll set up the iron ore mining and smelting
[94mmove_to((22, -14));
[94mplace_entity('burner-drill', direction=2, position=(22, -14));
[91mCould not place burner-drill. burner drill isnt something that exists
[96m# I apologize for the confusion. Let's use the correct entity type, which is 'burner-mining-drill'.
[94mmove_to((22, -14));
[94mplace_entity('burner-mining-drill', direction=2, position=(22, -14));
[91mCould not place burner-mining-drill. No burner mining drill in inventory
[96m# I apologize for the oversight. Let's craft a burner-mining-drill first and then place it on the iron ore patch.
[94mcraft_item('burner-mining-drill', quantity=1);
[94mmove_to((22, -14));
[94mplace_entity('burner-mining-drill', direction=2, position=(22, -14));
[91mCould not place burner-mining-drill. Cant build there
[96m# Let's try placing the burner-mining-drill in a position close to the iron ore patch.
[94mmove_to((22, -13));
[94mplace_entity('burner-mining-drill', direction=2, position=(22, -12));
[91mCould not place burner-mining-drill. Cant build there
[96m# It seems like I'm having trouble finding the proper position. Let's try another spot nearby.
[94mmove_to((21, -13));
[94mplace_entity('burner-mining-drill', direction=2, position=(21, -12));
[91mCould not place burner-mining-drill. Cant build there
