[92mThere are 4.2k tree_01s scattered 23km northwest, 17km north-northwest, 16km north, 16km north-northeast, 21km northeast, 1km east-northeast, 3km west-northwest, 760 metres west, 32 metres east, 4km west-southwest, 720 metres east-southeast, 17km southeast, 17km southwest, 13km south-southwest, 13km south-southeast, and 11km south 
- 100x coal 10 metres northwest (-17, -14) x (-8, -5)
- 100x iron_ore 10 metres east-northeast (22, -14) x (31, -5)
- 100x stone 10 metres southwest (-17, 6) x (-8, 15)
- 100x copper_ore 10 metres east-southeast (22, 6) x (31, 15)
- 100x uranium_ore 30 metres southeast (22, 26) x (31, 35)
[96m# Lets start by checking my inventory.
[92m- 1 iron-chest
- 50 transport-belt
- 1 stone-furnace
- 1 assembling-machine-1
- 50 coal
- 50 iron-plate
- 50 copper-plate
[96m# Gather resources: Coal, Iron, Stone, and Copper
[94mmove_to(nearest('coal'));
[96m# Move to the nearest coal resource
[94mplace_entity('burner-drill', direction=2, position=nearest('coal'));
[91mCould not place burner-drill. burner drill isnt something that exists
[96m# I apologize for the confusion. Let's try placing a 'burner-mining-drill' instead.
[94mmove_to(nearest('coal'));
[96m# Move to the nearest coal resource
[94mplace_entity('burner-mining-drill', direction=2, position=nearest('coal'));
[91mCould not place burner-mining-drill. No burner mining drill in inventory
[96m# We need to craft a burner-mining-drill before placing it. Let's check the current inventory for raw materials and craft it if possible.
[94mcheck_inventory();
[92m- 1 iron-chest
- 50 transport-belt
- 1 stone-furnace
- 1 assembling-machine-1
- 50 coal
- 50 iron-plate
- 50 copper-plate
[96m# Great, we have enough materials to craft a burner-mining-drill
[94mcraft_item('burner-mining-drill', quantity=1);
[96m# Now that we've crafted the burner-mining-drill, let's place it to gather resources.
[94mmove_to(nearest('coal'));
[96m# Move to the nearest coal resource
[94mplace_entity('burner-mining-drill', direction=2, position=nearest('coal'));
[96m# Now, let's place a stone-furnace to smelt the iron and craft more burner-mining-drills.
[94mmove_to(nearest('iron_ore'));
[96m# Move to the nearest iron ore resource
[94mplace_entity('burner-mining-drill', direction=2, position=nearest('iron_ore'));
[91mCould not place burner-mining-drill. No burner mining drill in inventory
[96m# I apologize for the oversight; let's craft another burner-mining-drill before placing it near the iron ore resource.
[94mcraft_item('burner-mining-drill', quantity=1);
[91mCould not craft a burner-mining-drill. {'stone': 5}
[96m# It appears that we are missing stone to craft a burner-mining-drill. Let's gather some stone first.
[94mmove_to(nearest('stone'));
[96m# Move to the nearest stone resource
[94mharvest_resource((0, 0), quantity=5);
[96m# Harvest 5 units of stone
[96m# Now, let's craft a burner-mining-drill and place it at the iron ore resource.
[94mcraft_item('burner-mining-drill', quantity=1);
[94mmove_to(nearest('iron_ore'));
[96m# Move to the nearest iron ore resource
[94mplace_entity('burner-mining-drill', direction=2, position=nearest('iron_ore'));
[91mCould not place burner-mining-drill. Cant build there
[96m# I apologize for not specifying a valid position. We'll try another approach.
[94mmove_to(nearest('iron_ore'));
[94mrotate_entity((0, 0), direction=0);
[94mharvest_resource((0, 1), quantity=5);
[96m# Now that we have some iron ore, let's craft a burner-mining-drill again.
[94mcraft_item('burner-mining-drill', quantity=1);
[96m# Place the recently crafted burner-mining-drill near iron_ore resource
[94mmove_to(nearest('iron_ore'));
[94mplace_entity('burner-mining-drill', direction=2, position=(-1, 0));
[96m# Move back to the coal resource to deposit the iron ore and pick up coal
[94mmove_to(nearest('coal'));
[94minsert_item('iron_ore', target_position=(nearest('iron-chest'), quantity=5));
[91mexpression cannot contain assignment, perhaps you meant "=="?. ('<string>', 1, 25, "insert item('iron ore', target position=(nearest('iron-chest'), quantity=5))")
[96m# I apologize for the syntax error. Let's correct it.
[94minsert_item('iron-ore', target_position=(nearest('iron-chest')), quantity=5);
[91mYou can't do that action. 'NoneType' object is not subscriptable
[96m# I apologize for the confusion. Let's place the iron-chest first and then insert the iron ore.
[94mplace_entity('iron-chest', direction=0, position=(0, 1));
[94minsert_item('iron-ore', target_position=(0, 1), quantity=5);
[96m# Now, let's also gather the coal.
[94mextract_item('coal', source_position=nearest(('burner-mining-drill')), quantity=5);
[91mYou can't do that action. 'NoneType' object is not subscriptable
[96m# I apologize for the confusion. Let's try another approach to gather the coal.
[94mextract_item('coal', source_position=(-1, 0), quantity=5);
[91mCould not extract.. No item to extract
[96m# It seems there's no coal to extract yet; let's wait a bit and try again.
[94mwait_duration(10);
[92mWhile you wait, you look around. 
entities:
- direction: north
  position: !!python/tuple
  - -7
  - -4
  status: empty
  type: burner_mining_drill
- contents:
    iron-ore: 5
  direction: north
  position: !!python/tuple
  - 0.5
  - 1.5
  status: not empty
  type: iron_chest
- direction: north
  position: !!python/tuple
  - 30
  - 0
  status: empty
  type: burner_mining_drill

[96m# Attempt to extract coal again after waiting
[94mextract_item('coal', source_position=(-1, 0), quantity=5);
[91mCould not extract.. No item to extract
[96m# Since there's still no coal to extract, we will instead move the coal resource and use the coal in our inventory to fuel the burner-mining-drills and furnaces.
[94mmove_to(nearest('coal'));
[96m# Move to the nearest coal resource
[94massert_has_item('coal', quantity=5);
[91mYou can't do that action. name 'assert_has_item' is not defined
[96m# I apologize for the error. Let's use "
[94mcheck_inventory();
[92m- 50 transport-belt
- 1 burner-mining-drill
- 1 assembling-machine-1
- 50 coal
- 35 stone
- 40 iron-ore
- 23 iron-plate
- 50 copper-plate
[96m# We have enough coal in the inventory, so let's fuel the burner-mining-drills and furnaces.
[94minsert_item('coal', target_position=(-7, -4), quantity=1);
[96m# Insert 1 coal into the burner-mining-drill at the coal resource
[94mmove_to(nearest('iron_ore'));
[94minsert_item('coal', target_position=(-1, 0), quantity=1);
[96m# Insert 1 coal into the burner-mining-drill at the iron ore resource
[96m# Let's proceed further by placing a stone-furnace.
[94mmove_to(nearest('iron-ore'));
[94mplace_entity('stone-furnace', direction=0, position=(-1, 3));
[91mCould not place stone-furnace. No stone furnace in inventory
[96m# I apologize for the oversight; let's craft a stone-furnace before placing it.
[94mcraft_item('stone-furnace', quantity=1);
[96m# Now that we've crafted the stone-furnace, let's place it near the iron ore resource.
[94mmove_to(nearest('iron-ore'));
[94mplace_entity('stone-furnace', direction=0, position=(-1, 3));
[96m# I apologize for the oversight; let's craft a stone-furnace before placing it.
[94mcraft_item('stone-furnace', quantity=1);
[96m# Now that we've crafted the stone-furnace, let's place it near the iron ore resource.
[94mmove_to(nearest('iron-ore'));
[94mplace_entity('stone-furnace', direction=0, position=(-1, 3));
[91mCould not place stone-furnace. Cant build there due to existing stone
[96m# My apologies for not selecting a valid position. Let's try a different position for the stone-furnace.
[94mmove_to(nearest('iron-ore'));
[94mplace_entity('stone-furnace', direction=0, position=(2, 2));
[96m# With the stone-furnace placed, let's fuel it and insert iron ore to process it into iron plates.
[94mmove_to((2, 2));
[94minsert_item('coal', target_position=(2, 2), quantity=1);
[96m# Fuel the stone-furnace with coal
[94minsert_item('iron-ore', target_position=(2, 2), quantity=5);
[96m# Insert iron ore into the stone-furnace
[94mwait_duration(10);
[92mWhile you wait, you look around. 
entities:
- direction: north
  position: !!python/tuple
  - -9
  - -6
  status: empty
  type: burner_mining_drill
- direction: north
  position: !!python/tuple
  - 28
  - 1
  status: empty
  type: stone_furnace
  warning: Lack of input material. Lack of fuel.
- direction: north
  position: !!python/tuple
  - 28
  - -2
  status: empty
  type: burner_mining_drill
- contents:
    coal: 1
    iron-ore: 10
  direction: north
  position: !!python/tuple
  - -1.5
  - -0.5
  status: not empty
  type: iron_chest
- direction: north
  position: !!python/tuple
  - 31
  - 0
  status: empty
  type: stone_furnace
  warning: Lack of input material. Lack of fuel.

[96m# I apologize for the confusion in placing the entities. Let's remove the misplaced stone-furnace and burner-mining-drill, and place them at the correct positions.
[94mpickup_entity((28, 1));
[94mpickup_entity((28, -2));
[94mmove_to(nearest('iron-ore'));
[94mplace_entity('stone-furnace', direction=0, position=(1, 1));
[94minsert_item('coal', target_position=(1, 1), quantity=1);
[94minsert_item('iron-ore', target_position=(1, 1), quantity=10);
[96m# Re-place the misplaced burner-mining-drill targeting iron ore
[94mplace_entity('burner-mining-drill', direction=2, position=(-1, 0));
[96m# With the previous attempts to place the stone-furnace and burner-mining-drill close to the iron-ore not yielding desired results, let's try placing these entities in different valid positions. 
[94mmove_to(nearest('iron-ore'));
[94mplace_entity('stone-furnace', direction=0, position=(1, 3));
[91mCould not place stone-furnace. Cant build there due to existing stone
