###NEW EPISODE###
[92mThere are 4.2k tree_01s scattered 23km northwest, 17km north-northwest, 16km north, 16km north-northeast, 21km northeast, 1km east-northeast, 3km west-northwest, 760 metres west, 32 metres east, 4km west-southwest, 720 metres east-southeast, 17km southeast, 17km southwest, 13km south-southwest, 13km south-southeast, and 11km south 
- 100x coal 10 metres northwest (-17, -14) x (-8, -5)
- 100x iron_ore 10 metres east-northeast (22, -14) x (31, -5)
- 100x stone 10 metres southwest (-17, 6) x (-8, 15)
- 100x copper_ore 10 metres east-southeast (22, 6) x (31, 15)
- 100x uranium_ore 30 metres southeast (22, 26) x (31, 35)
[96m Initialize the area
[94mnature();
[92mThere are 2.9k tree_01s scattered 10km northwest, 6km north-northwest, 5km north, 6km north-northeast, 9km northeast, 8km east-northeast, 9km west-northwest, 50 metres east, 651 metres west, 4km west-southwest, 234 metres east-southeast, 7km southwest, 3km southeast, 1km south-southwest, and 1km south-southeast 
- 100x coal 22 metres south-southwest (-17, 18) x (-8, 27)
- 100x iron_ore 22 metres southeast (22, 18) x (31, 27)
- 100x stone 42 metres south-southwest (-17, 38) x (-8, 47)
- 100x copper_ore 42 metres south-southeast (22, 38) x (31, 47)
- 100x uranium_ore 62 metres south-southeast (22, 58) x (31, 67)
[96mGather nearby resources starting with coal
[94mgoto(nearest('coal'));
[94mharvest((-2, 0), count=5);
[96mThen get iron ore
[94mgoto(nearest('iron_ore'));
[94mharvest((-2, 0), count=5);
[96mMove on to stone
[94mgoto(nearest('stone'));
[94mharvest((-2, 0), count=5);
[96mNext, collect copper ore
[94mgoto(nearest('copper_ore'));
[94mharvest((-2, 0), count=5);
[96mCraft and place a furnace for smelting iron and copper ore
[94mcraft('stone_furnace', count=2);
[94mplace('stone_furnace', 0, (1,1));
[94mplace('stone_furnace', 0, (2,2));
[91mCould not place stone_furnace. Cant build there due to existing stone furnace at 1, 1
[96mMy apologies. Let's place the other stone_furnace at a different location.
[94mplace('stone_furnace', 0, (3,1));
[96mNow, insert iron and copper ores into the furnaces
[94minsert('iron_ore', (1, 1), count=5);
[94minsert('copper_ore', (3, 1), count=5);
[96mWait for the furnaces to smelt the ores and then extract the plates
[94mwait(30);
[92mWhile you wait, you look around and check your inventory. 
No entities nearby.

Inventory:
- 1 iron-chest
- 50 transport-belt
- 1 boiler
- 1 assembling-machine-1
- 95 coal
- 35 stone
- 40 iron-ore
- 40 copper-ore
- 46 iron-plate
- 50 copper-plate
[96mGreat! Now that we have resources in our inventory, let's build additional infrastructure. 

Place an assembling-machine-1 and set its recipe to craft transport-belt.
[94mplace('assembling-machine-1', 0, (5,1));
[94mset_recipe((5, 1), 'transport-belt');
[96mInsert iron plates and copper plates into the assembling-machine-1
[94minsert('iron_plate', (5, 1), count=10);
[91mCould not insert.. None
[96mIt seems like there was an issue with inserting the items. Let's try again by placing the assembling-machine-1 closer to your position.
[94mpickup((5,1));
[94mplace('assembling-machine-1', 0, (1,1));
[91mCould not place assembling-machine-1. Cant build there due to existing character at 0, 0
[96mMy apologies for the mistake. Let's move one meter to the east first, and then place the assembling-machine-1.
[94mgoto((1,0));
[94mplace('assembling-machine-1', 0, (1,1));
[91mCould not place assembling-machine-1. Cant build there due to existing character at 0, 0
[96mI apologize for the confusion. Let's try placing the assembling-machine-1 one meter to the east of your current position.
[94mgoto((2,0));
[94mplace('assembling-machine-1', 0, (1,0));
[91mCould not place assembling-machine-1. Cant build there due to existing character at 0, 0
[96m```
[96mI apologize for the continued confusion. Let's move two meters to the east and then place the assembling-machine-1 at the initial position.
[94mgoto((2,0));
[94mplace('assembling-machine-1', 0, (-1,0));
[91mCould not place assembling-machine-1. Cant build there due to existing copper ore at 
[96mIt seems we need to find a suitable place to place the assembling-machine-1. Let's move 5 meters to the east and try placing the assembling-machine-1 there, assuming we have enough space.
[94mgoto((5,0));
[94mplace('assembling-machine-1', 0, (-1,0));
[91mCould not place assembling-machine-1. Cant build there due to existing character at 0, 0
[96mApologies for the confusion. Let's move 1 meter east to have some space and then place the assembling-machine-1 1 meter to the west of our position.
[94mgoto((1,0));
[94mplace('assembling-machine-1', 0, (-1,0));
[91mCould not place assembling-machine-1. Cant build there due to existing character at 0, 0
[96mMy bad, it seems I misunderstood the positioning. Let's move 1 meter south and then place the assembling-machine-1 1 meter north of our position.
[94mgoto((0,1));
[94mplace('assembling-machine-1', 0, (0,-1));
[91mCould not place assembling-machine-1. Cant build there due to existing copper ore at 0
[96mApologies for the inconvenience. Let's move 2 meters east and then place the assembling-machine-1 2 meters to the west of our position.
[94mgoto((2,0));
[94mplace('assembling-machine-1', 0, (-2,0));
[91mCould not place assembling-machine-1. Cant build there due to existing copper ore at 
[96mIt seems we need to find a suitable location to place the assembling-machine-1. Let's move around until we find a clear spot and place the assembling-machine-1 there.


[94mgoto((3,3));
[94mplace('assembling-machine-1', 0, (-1,-1));
[91mCould not place assembling-machine-1. Cant build there due to existing stone furnace at 
[96mIt appears we still haven't found a suitable location. Let's try moving further away and placing the assembling-machine-1 again.
[94mgoto((5,5));
[94mplace('assembling-machine-1', 0, (-1,-1));
[91mCould not place assembling-machine-1. Cant build there due to existing copper ore at 
[96mLet's take a different approach and identify an empty location without obstructions before trying to place the assembling-machine-1 again.
[94mnature();
[92mThere are 3.2k tree_01s scattered 20km northwest, 19km north-northwest, 14km north, 16km north-northeast, 19km northeast, 82 metres west-northwest, 16km southeast, 2km east-southeast, 18km southwest, 10km south-southeast, 10km south, 14km south-southwest, and 1km west-southwest 
- 1104x water 57 metres north-northwest (-46, -71) x (3, -46)
- There are 3.2k waters scattered 5km north-northwest, and 3km north 
- 100x coal 23 metres west-northwest (-45, -27) x (-36, -18)
- 100x iron_ore 23 metres north (-6, -27) x (3, -18)
- 100x stone 3 metres west (-45, -7) x (-36, 2)
- 100x copper_ore 3 metres north-northwest (-6, -7) x (3, 2)
- 100x uranium_ore 17 metres south (-6, 13) x (3, 22)
