###NEW EPISODE###
[92mThere are 4.2k tree_01s scattered 23km northwest, 17km north-northwest, 15km north, 16km north-northeast, 21km northeast, 1km east-northeast, 3km west-northwest, 760 metres west, 32 metres east, 4km west-southwest, 720 metres east-southeast, 17km southeast, 17km southwest, 13km south-southwest, 13km south-southeast, and 11km south 
- 100x uranium_ore 30 metres southeast (22, 26) x (31, 35)
- 94x coal 10 metres northwest (-17, -14) x (-8, -5)
- 93x iron_ore 10 metres east-northeast (22, -14) x (31, -5)
- 93x copper_ore 10 metres east-southeast (22, 6) x (31, 15)
- 86x stone 10 metres southwest (-17, 6) x (-8, 15)
- There are 4.2k tree_01_stumps scattered 164 metres north, and 111 metres northeast 
[96m Let's start by gathering necessary resources for production
[94mnature();
[92mThere are 4.2k tree_01s scattered 23km northwest, 17km north-northwest, 15km north, 16km north-northeast, 21km northeast, 1km east-northeast, 3km west-northwest, 760 metres west, 32 metres east, 4km west-southwest, 720 metres east-southeast, 17km southeast, 17km southwest, 13km south-southwest, 13km south-southeast, and 11km south 
- 100x uranium_ore 30 metres southeast (22, 26) x (31, 35)
- 94x coal 10 metres northwest (-17, -14) x (-8, -5)
- 93x iron_ore 10 metres east-northeast (22, -14) x (31, -5)
- 93x copper_ore 10 metres east-southeast (22, 6) x (31, 15)
- 86x stone 10 metres southwest (-17, 6) x (-8, 15)
- There are 4.2k tree_01_stumps scattered 164 metres north, and 111 metres northeast 
[94mgoto(nearest('tree'));
[94mharvest((-2, 0), count=5);
[94mgoto(nearest('coal'));
[94mharvest((-2, 0), count=5);
[94mgoto(nearest('iron_ore'));
[96mharvest((-2, 0
[96m), count=5);
[94mgoto(nearest('copper_ore'));
[94mharvest((-2, 0), count=5);
[94mgoto(nearest('stone'));
[94mharvest((-2, 0), count=5);
[94minventory();
[92m- 1 iron-chest
- 50 transport-belt
- 1 stone-furnace
- 1 assembling-machine-1
- 8 wood
- 95 coal
- 35 stone
- 35 copper-ore
- 50 iron-plate
- 50 copper-plate
[96mNow, let's set up our production line by placing the necessary entities.
[94mplace('stone-furnace', 0, (1,1));
[94mplace('assembling-machine-1', 0, (1,-1));
[91mCould not place assembling-machine-1. Cant build there due to existing character at 0, 0
[96mI apologize for the mistake. I will place it at a different location.
[94mplace('assembling-machine-1', 0, (3, -1));
[96mNow, let's set up the inserters and transport belts to move items between the machines.
[94mplace('transport-belt', 0, (2, 0));
[91mCould not place transport-belt. Cant build there due to existing assembling machine 1 at 3
[96mI apologize for the mistake. Let me correct the placement of the transport belt.
[94mplace('transport-belt', 0, (2, -1));
[91mCould not place transport-belt. Cant build there due to existing assembling machine 1 at 3
[96mI apologize for the confusion. Let me place the transport belt at another available location.
[94mplace('transport-belt', 0, (1, -1));
[96mNow, let's insert some resources into our production line.
[94minsert('coal', (1, 1), count=10);
[94minsert('copper_ore', (1, 1), count=5);
[94mset_recipe((3, -1), 'copper-cable');
