 Gather resources
goto(nearest('tree'));
harvest((-2, 0), count=5);
goto((100, 80));
harvest(('uranium_ore', (22, 26), (31, 35)), count=10);
goto((-17, -14));
harvest(('coal
.
goto((22, 6));
harvest(('copper_ore', (22, 6), (31, 15)), count=10);
goto((22, 6));
harvest(('copper_ore', 1), count=10);
goto((22, 6));
harvest((0, 0), count=10);
goto((22, 6));
harvest((-2, 0), count=10);
# Okay, let's try a different resource then
goto((-17, -14));
harvest((-2, 0), count=10);
goto((-17, 6));
harvest((-2, 0), count=10);
goto((100, 80));
harvest((-2, 0), count=10);
craft('electric-mining-drill', count=2);
place('electric-mining-drill', (-17, -14), (1,1));
place('electric-mining-drill', (-17, 6), (1,1));
craft('transport-belt', count=50);
goto((-17,
40));
harvest((-2, 0), count=10);
nature();
goto((-60, -74));
harvest((-2, 0), count=10);
goto((-60, -94));
harvest((-2, 0), count=10);
goto((-99, -74));
harvest((-2, 0), count=10);
craft('stone-furnace', count=1);
place('stone-furnace', (1, 1));
place('stone-furnace', (1, 1), (1,1));
place('stone-furnace', (1, 1));
Sorry for the confusion. Let me correct the syntax.
place('stone-furnace', 0, (1, 1));
inventory();
set_recipe((1, 1), 'iron-chest');
place('assembling-machine-1', 0, (1,1));
goto((1,1));
place('assembling-machine-1', 0, (1, 1));
My apologies for the confusion. Let me correct my actions.
goto((-1, 1));
place('assembling-machine-1', 0, (1,-1));
goto((-1, -1));
place('assembling-machine-1', 0, (1,1));
I apologize for the repeated mistakes. Let me try a different approach.
goto((2, 0));
place('assembling-machine-1', 0, (-1, 0));
I apologize again for the error. I'll take a different approach to place the assembling-machine-1.
goto((1, 1));
place('assembling-machine-1', 0, (-1, -1));
I see, there is a tree stump blocking the placement of the assembling machine. Let me clear that area first.
goto(-1, -1);
My apologies. Let me correct the command.
goto((-1, -1));
harvest((1, 1), count=1);
goto((1, 1));
place('assembling-machine-1', 0, (-1, -1));
My apologies for the persistence of the issue. Let's try a different approach to ensure that the tree stump is removed before placing the assembling-machine-1.
goto((-1, -1));
harvest((1, 1), count=5);
I understand, the tree stump must have been removed earlier. Let's try placing the assembling-machine-1 one more time.
goto((1, 1));
place('assembling-machine-1', 0, (-1, -1));
In that case, let's move to a different location to ensure there is enough space for placing the assembling machine.
goto((2, 2));
place('assembling-machine-1', 0, (-1, -1));
I apologize for the confusion. I will try another approach to place the assembling machine while ensuring that all obstructions are eliminated.
goto((1, 1));
harvest((0, 0), count=5);
goto((0, -1));
place('assembling-machine-1', 0, (0, 1));
set_recipe((0, 1), 'iron-chest');
I apologize for the error. Let's try placing the assembling machine again and setting the recipe after confirming its successful placement.
goto((0, -1));
place('assembling-machine-1', 0, (0, 1));
I apologize for the oversight. Let's craft an assembling-machine-1 before trying to place it again.
craft('assembling-machine-1', count=1);
I see. In that case, let's locate the nearest assembling-machine-1 and use it to craft the new assembling-machine-1.
goto(nearest('assembling-machine-1'));
Apologies for the incorrect syntax. Let me try a different approach for locating an assembling-machine-1.
 First, let's find the nearest assembling-machine-1
goto(nearest('assembling-machine-1'));
I'm sorry for my mistake. Let's use the resources around us to create an assembling-machine-1. First, let's locate the necessary resources to craft the assembling-machine-1. We will need iron gears and electronic circuits.
nature();
It appears there are resources nearby that we can use to create an assembling-machine-1. Let's collect the required resources, starting with iron_ore, coal, and copper_ore.
goto((iron_ore));
I apologize for the syntax error. Let's move to collect iron_ore using the correct syntax.


goto(nearest('iron_ore'));
harvest((0, 0), count=30);
goto(nearest('coal'));
harvest((0, 0), count=30);
goto(nearest('copper_ore'));
harvest((0, 0), count=30);
Now, we have sufficient quantities of iron_ore, coal, and copper_ore. Let's smelt the ores into plates and use them to craft electronic circuits and iron gears. We'll need an assembling machine for this purpose, so let's create one
craft('iron-gear-wheel', count=15);
craft('copper-cable', count=30);
craft('electronic-circuit', count=6);
craft('assembling-machine-1', count=1);
My apologies, I overlooked the need for iron plates. We will need to smelt the iron_ore into iron plates using a stone furnace. Let's first collect some stone and craft a stone furnace.


goto(nearest('stone'));
harvest((0, 0), count=10);
craft('stone-furnace', count=1);
Now that we have a stone furnace, let's smelt the iron_ore into iron plates.
place('stone-furnace', 0, (0, 1));
insert('iron_ore', (0, 1), count=30);
insert('coal', (0, 1), count=15);
wait(60);
