###NEW EPISODE###
[92mThere are 4.1k tree_01s scattered 23km northwest, 17km north-northwest, 15km north, 16km north-northeast, 21km northeast, 1km east-northeast, 3km west-northwest, 760 metres west, 32 metres east, 4km west-southwest, 720 metres east-southeast, 17km southeast, 17km southwest, 13km south-southwest, 13km south-southeast, and 11km south 
- 100x uranium_ore 30 metres southeast (22, 26) x (31, 35)
- 84x copper_ore 11 metres east-southeast (22, 6) x (31, 15)
- 82x coal 10 metres northwest (-17, -14) x (-8, -5)
- 81x stone 10 metres southwest (-17, 6) x (-8, 15)
- 73x iron_ore 10 metres east-northeast (22, -14) x (31, -5)
- There are 4.1k item_on_grounds scattered 16 metres northeast 
[96m# First, let's gather resources.
[94mgoto(nearest('tree'));
[94mharvest((-2, 0), count=5);
[94mgoto((0, 10));
[96m# Move to the resource area.
[94mgoto((22, -14));
[96m# Move to the iron ore area
[94mgoto(nearest('iron_ore'));
[94mharvest((-1, 0), count=5);
[96m# Now, let's gather some coal
[94mgoto(nearest('coal'));
[94mharvest((-1, 0), count=5);
[96m# Now, let's gather some copper ore
[94mgoto(nearest('copper_ore'));
[94mharvest((-1, 0), count=4);
[96m# Let's gather stone
[94mgoto(nearest('stone'));
[94mharvest((-1, 0), count=4);
[96m# Now it's time to set up a production area.
[94mgoto((-50,0));
[96m# Moving to a clear area for setting up productions.
[94mplace('stone-furnace', 0, (1,0));
[94minsert('coal', (1, 0), count=1);
[96m# insert('iron_ore',
[96m# (1, 0), count=5); # insert the harvested iron ore
[94mwait(30);
[92mWhile you wait, you look around. 
You see:
- An stone_furnace facing north at (1, 0) containing 1x coal. Lack of input material.
[96m# wait 30 seconds for the furnace to smelt the iron ore
[94mextract('iron-plate', (1, 0), count=5);
[91mCould not extract.. No item to extract
[96m# pick up the produced iron-plates
[96m# I realized I made a mistake by not inserting the iron ore into the stone furnace. Let me fix that.
[94minsert('iron_ore', (1, 0), count=5);
[94mwait(30);
[92mWhile you wait, you look around. 
You see:
- An stone_furnace facing north at (1, 0) containing 5x iron-plate. Lack of input material. Lack of fuel.
[96m# Extract the iron-plates after smelting
extract('iron-plate', (1, 
[96m# 0), count=5);
[94mcraft('assembling-machine-1', count=1);
[91mCould not craft a assembling-machine-1. Ingredients cannot be crafted by hand.
[96m# Place the assembling machine 1
[94mplace('assembling-machine-1', 0, (3, 0));
[96m# Set the recipe to craft iron gears

[94mset_recipe((3, 0), 'iron-gear-wheel');
