# First, let's gather necessary resources.
goto(nearest('tree'));
harvest((-2, 0), count=5);
goto(nearest('iron_ore'));
harvest((-2, 0), count=25);
goto(nearest('copper_ore'));
# harvest((-2, 0),
harvest((-2, 0), count=25);
goto(nearest('coal'));
harvest((-2, 0), count=25);
# Now that we have gathered the resources, let's start crafting and setting up our factory.
# First, let's create transport belts, assembling machines, and iron chests.
craft('transport-belt', count=10);
craft('assembling-machine', count=2);
craft('iron-chest', count=1);
# First, let's gather necessary resources.
goto(nearest('tree'));
harvest((-2, 0), count=5);
goto(nearest('iron_ore'));
harvest((-2, 0), count=25);
goto(nearest('copper_ore'));
# harvest((-2, 0),
harvest((-2, 0), count=25);
goto(nearest('coal'));
harvest((-2, 0), count=25);
# Now that we have gathered the resources, let's start crafting and setting up our factory.
# First, let's create transport belts, assembling machines, and iron chests
