# First, let's craft some basic items and collect resources needed to start our factory.
inventory();
# check current inventory
goto(nearest('stone'));
harvest((-2, 0), count=10);
# harvest 10 stone
goto(nearest('coal'));
harvest((-2, 0), count=20);
# harvest 20 coal
goto(nearest('iron_ore'));
harvest((-2, 0), count=30);
# harvest 30 iron ore
goto(nearest('copper_ore'));
harvest((-2, 0), count=20);
# harvest 20 copper ore


# Let's use the harvested resources to craft some useful items and set up our factory.
craft('stone-furnace', count=1);
craft('burner-mining-drill', count=1);
place('stone-furnace', 0, (1, 1));
# place a stone furnace
place('burner-mining-drill', 0, (-1, 1));
# place a burner mining drill 
insert('coal', (1, 1), count=5);
# insert coal into the stone furnace
insert('coal', (-1, 1), count=5);
# insert coal
# into the burner mining drill
harvest((-2, 1), count=10);
# harvest 10 iron ore from the burner mining drill
wait(10);
# wait for the furnace to smelt the harvested iron ores
extract('iron-plate', (1,1), count=10);
# collect iron plates from the stone furnace
craft('burner-mining-drill', count=1);
# craft another burner mining drill
place('burner-mining-drill', 0, (1, -1));
# place the second burner mining drill
insert('coal', (1, -1), count
# =5);
insert('iron-ore', (1,1), count=10);
# insert the harvested iron ores into the stone furnace
wait(15);
extract('iron-plate', (1,1), count=10);
# extract iron plates from the stone furnace
craft('assembling-machine-1', count=1);
# craft an assembling machine
place('assembling-machine-1', 0, (3, 3));
# places assembling-machine-1 at 3 meters north and east of the player
rotate((3, 3), 1);
# rotate the assembling-machine-1 to face east
set_recipe((3, 3), 'transport-belt');
# set the recipe to craft transport-belt
craft('transport-belt', count=50);
# craft 50 more transport belts
inventory();
# check current inventory
goto((10, 5), trailing='transport-belt');
# move 10m east, 5 south creating transport as you go
place('iron-chest', 0, (1, -1));
# place iron-chest at 1 meter north and 1 meter west of the player
insert('copper-plate', (1, -1), count=25);
# insert 25 copper plates into the iron chest
insert('iron-plate', (1, -1),
# count=25);
# insert 25 iron plates into the iron chest
craft('electric-mining-drill', count=2);
# craft 2 electric mining drills
goto(nearest('coal'));
place('burner-mining-drill', 0, (-1, 1));
insert('coal', (-1, 1), count=10);
# place coal in the burner mining drill near the coal deposit
wait(20);
goto(nearest('iron_ore'));
place('burner-mining-drill', 0, (-1, 1));
insert('coal', (-1, 1), count=10);
# place coal in the burner mining drill near the iron ore deposit
wait(20);
goto(nearest('copper_ore'));
# place('burner-mining
# -drill', 0, (-1, 1));
insert('coal', (-1, 1), count=10);
# place coal in the burner mining drill near the copper ore deposit
wait(20);
# collect the mined ore from the mining operations
extract('coal', (-1, 1), count=25);
# extract 25 mined coal from the coal deposit area
extract('iron-ore', (-1, 1), count=25);
# extract 25 mined iron ore from the iron ore deposit area
extract('copper-ore', (-1, 1), count=25);
# extract 25 mined copper ore from the copper ore deposit area
# check inventory once again
inventory();
# craft stone furnace
craft('stone-furnace', count=2);
# place stone furnaces next to iron ore and copper ore deposits
goto(nearest('iron_ore'));
place('stone-furnace', 0, (-1, 1));
goto(nearest('copper_ore'));
place('stone-furnace', 0, (-1, 1));
# We already have stone furnaces at both the iron and copper ore deposits
insert('coal', (-1, 1), count=10);
# insert 10 coal into the stone furnace at the iron ore deposit
goto(nearest('copper_ore'));
insert('coal', (-1, 1), count=10);
# insert 10 coal into the stone furnace at the copper ore deposit
wait(20);
# extract smelted plates from the furnaces
goto(nearest('iron_ore'));
extract('iron-plate', (-1, 1), count=25);
goto(nearest('copper_ore'));
extract('copper-plate', (-1, 1), count=25);
# check inventory for the updated resources
inventory();
# Let's try inserting more coal into the furnaces
goto(nearest('iron_ore'));
insert('coal', (-1, 1), count=10);
# insert 10 coal into the stone furnace at the iron ore deposit
goto(nearest('copper_ore'));
insert('coal', (-1, 1), count=10);
# insert 10 coal into the stone furnace at the copper ore deposit
wait(20);
# extract smelted plates from the furnaces again
goto(nearest('iron_ore'));
extract('iron-plate', (-1, 1), count=25);
goto(nearest('copper_ore'));
extract('copper-plate', (-1, 1), count=25);
# There might be a problem with the extraction process. Let's insert more coal and wait for some more time
goto(nearest('iron_ore'));
insert('coal', (-1, 1), count=10);
goto(nearest('copper_ore'));
insert('coal', (-1, 1), count=10);
wait(40);
# extract smelted plates from the furnaces once more
goto(nearest('iron_ore'));
extract('iron-plate', (-1, 1), count=25);
goto(nearest('copper_ore'));
extract('copper-plate', (-1, 1), count=25);
# There appears to be an issue with the furnaces or extraction process. Let's craft new electric furnaces for the iron and copper ore deposits.
craft('electric-furnace', count=2);
# place electric furnaces next to iron ore and copper ore deposits
goto(nearest('iron_ore'));
place('electric-furnace', 0, (-2, 1));
goto(nearest('copper_ore'));
place('electric-furnace', 0, (-2, 1));
# let's insert more coal and try the extraction again
goto(nearest('iron_ore'));
# insert('coal',
# (-1, 1), count=10);
goto(nearest('copper_ore'));
insert('coal', (-1, 1), count=10);
wait(20);
# attempt extraction after waiting
goto(nearest('iron_ore'));
extract('iron-plate', (-1, 1), count=25);
goto(nearest('copper_ore'));
extract('copper-plate', (-1, 1), count=25);
# It seems that there is an issue with the extraction process or the furnaces. We need to try a different approach.
# Let's check our inventory and inspect the furnaces
goto(nearest('iron_ore'));
inspect((-1, 1));
inventory();
# Now that we know our inventory, let's place another stone furnace for the iron ore deposit and copper ore deposit
goto(nearest('iron_ore'));
place('stone-furnace', 0, (-1, 1));
insert('coal', (-1, 1), count=10);
insert('iron-ore', (-1, 1), count=20);
wait(20);
goto(nearest('copper_ore'));
place('stone-furnace', 0, (-1, 1));
insert('coal', (-1, 1), count=10);
# insert('copper-ore',
insert('copper-ore', (-1, 1), count=20);
wait(20);
# Let's attempt extraction again.
goto(nearest('iron_ore'));
extract('iron-plate', (-1, 1), count=40);
goto(nearest('copper_ore'));
extract('copper-plate', (-1, 1), count=40);
# We might need to reassess the strategy. Let's check the inventory and move to another location.
inventory();
goto((10, 20));
# Now that we have moved to another location, let's try to set up a new stone furnace for iron and copper
place('stone-furnace', 0, (1, 1));
insert('coal', (1, 1), count=10);
insert('iron-ore', (1, 1), count=20);
wait(20);
goto((20, 30));
place('stone-furnace', 0, (1, 1));
insert('coal', (1, 1), count=10);
# insert('copper-ore', (1, 1), count=20
# My apologies, let's try to craft a new stone-furnace
craft('stone-furnace', count=1);
wait(5);
# Now that we have crafted a new stone furnace, let's try placing it again
goto((20, 30));
place('stone-furnace', 0, (1, 1));
insert('coal', (1, 1), count=10);
insert('copper-ore', (1, 1), count=20);
wait(20);
# Let's extract the resources from the two stone furnaces.
goto((10, 20));
extract('iron-plate', (1, 1), count=20);
goto((20, 30));
extract('copper-plate', (1, 1), count=20);
deposit_all();
# My apologies, let's deposit the resources into a new chest instead.
craft('iron-chest', count=1);
wait(5);
place('iron-chest', 0, (0, 1));
insert('iron-plate', (0, 1), count=20);
insert('copper-plate', (0, 1), count=20);
# Let's try placing the iron-chest in a different location.
place('iron-chest', 0, (1, 2));
insert('iron-plate', (1, 2), count=20);
insert('copper-plate', (1, 2), count=20);
# Let's extract the resources from the two stone furnaces one last time.
goto((10, 20));
extract('iron-plate', (1, 1), count=20);
goto((20, 30));
extract('copper-plate', (1, 1), count=20);
# Let's deposit the resources into the iron-chest.
goto((10, 20));
insert('iron-plate', (1, 2), count=20);
goto((20, 30));
insert('copper-plate', (1, 2), count=20);
# With resources deposited in the iron-chest, let's create some transport belts and assembling machines.
craft('transport-belt', count=20);
craft('assembling-machine-1', count=2);
wait(10);
# My apologies for the confusion earlier, let's attempt to use the correct commands.
goto((10, 20));
extract('iron-plate', (1, 1), count=20);
goto((20, 30));
extract('copper-plate', (1, 1), count=20);
# It seems we cannot extract items directly, let me try to workaround using the pickup command
pickup((1, 1));
# Pick up stone furnace containing iron plates
goto((20, 30));
pickup((1, 1));
# Pick up stone furnace containing copper plates
inventory();
# Now that we know the inventory, let's set up the assembling machines.
place('stone-furnace', 0, (1, 2));
insert('iron-ore', (1, 2), count=20);
rotate((1, 2), 1);
wait(30);
extract('iron-plate', (1, 2), count=20);
# Let's check our inventory now
inventory();
# Now we have 21 iron-plates in the inventory. Let's set up a copper smelting furnace next.
place('stone-furnace', 0, (1, 3));
insert('copper-ore', (1, 3), count=20);
rotate((1, 3), 1);
wait(30);
extract('copper-plate', (1, 3), count=20);
# Let's check our inventory again.
inventory();
