[94m# Initialize the game
move_to((0, 0))
place_entity('burner-mining-drill', direction=DOWN, position=(0, 2))
place_entity('stone-furnace', direction=LEFT, position=(0, -2))
place_entity('coal', direction=RIGHT, position=(0, -5))
place_entity('boiler', direction=UP, position=(5, -5))
place_entity('steam-engine', direction=UP, position=(5, -7))
[92mLine 1: Error: Could not place burner-mining-drill. Maybe inspect your surroundings before placing
Line 2: Error: Could not place boiler. No boiler in inventory
Line 3: Error: Could not place steam-engine. No steam engine in inventory
[94m# Inspect the surroundings to see what is around
inspect_entities(10)
[92mLine 1: {'entities': [{'type': 'stone_furnace', 'direction': 'north', 'position': (0, -2), 'warning': 'Lack of input material. Lack of fuel.', 'status': 'empty'}, {'type': 'player_character', 'direction': 'north', 'position': (0, 0), 'status': 'empty'}]}
[94m# It seems like we need to supply fuel to the furnace
coal_position = nearest('coal')
move_to(coal_position)
pickup_entity('coal', coal_position)
insert_item('coal', target_position=(0, -2), quantity=10)
[92mLine 1: Error: Could not pickup.. Nothing to here to pick up
[94m# It seems like there is no coal nearby. Let's use wood instead
wood_position = nearest('tree')
harvest_resource(wood_position, quantity=5)
craft_item('wood', quantity=5)
insert_item('wood', target_position=(0, -2), quantity=5)
[92mLine 1: Error: Could not harvest.. Nothing within reach to harvest
Line 2: Error: Could not craft a wood. Failed to craft 5x wood because recipe doesnt exist
Line 3: Error: Could not insert. No item to place
[94m# Let's try to place the burner mining drill to harvest coal first
place_entity('burner-mining-drill', direction=DOWN, position=(0, 2))
coal_position = nearest('coal')
move_to(coal_position)
place_entity('transport-belt', direction=LEFT, position=(coal_position[0]-1, coal_position[1]))
inspect_entities(10)
[92mLine 1: Error: Could not place burner-mining-drill. Maybe inspect your surroundings before placing
Line 2: {'entities': [{'type': 'transport_belt', 'direction': 'west', 'position': (-0.5, 0.5), 'status': 'empty'}, {'type': 'player_character', 'direction': 'north', 'position': (0, 0), 'status': 'empty'}, {'type': 'stone_furnace', 'direction': 'north', 'position': (0, 3), 'warning': 'Lack of input material.', 'contents': {'coal': 10}, 'status': 'not empty'}]}
[94m# Since we have found coal, let's increase our fuel production by placing more burners
place_entity('burner-mining-drill', direction=DOWN, position=(0, 4))
coal_position2 = nearest('coal')
move_to(coal_position2)
place_entity('transport-belt', direction=LEFT, position=(coal_position2[0]-1, coal_position2[1]))
inspect_entities(10)
[92mLine 1: Error: Could not place burner-mining-drill. Cant place there due to existing stone furnacewith the size 1
Line 2: {'entities': [{'type': 'transport_belt', 'direction': 'west', 'position': (-0.5, -4.5), 'status': 'empty'}, {'type': 'transport_belt', 'direction': 'west', 'position': (-0.5, 0.5), 'status': 'empty'}, {'type': 'player_character', 'direction': 'north', 'position': (0, 0), 'status': 'empty'}, {'type': 'stone_furnace', 'direction': 'north', 'position': (0, 3), 'warning': 'Lack of input material.', 'contents': {'coal': 10}, 'status': 'not empty'}]}
[94m# Let's place the burner mining drill little further from furnace
place_entity('burner-mining-drill', direction=DOWN, position=(0, 8))
coal_position2 = nearest('coal')
move_to(coal_position2)
place_entity('transport-belt', direction=LEFT, position=(coal_position2[0]-1, coal_position2[1]))
inspect_entities(10)
[92mLine 1: Error: Could not place burner-mining-drill. Maybe inspect your surroundings before placing
Line 2: Error: Could not place transport-belt. Cant place there due to existing transport beltwith the size 0
Line 3: {'entities': [{'type': 'transport_belt', 'direction': 'west', 'position': (-0.5, -4.5), 'status': 'empty'}, {'type': 'transport_belt', 'direction': 'west', 'position': (-0.5, 0.5), 'status': 'empty'}, {'type': 'player_character', 'direction': 'north', 'position': (0, 0), 'status': 'empty'}, {'type': 'stone_furnace', 'direction': 'north', 'position': (0, 3), 'warning': 'Lack of input material.', 'contents': {'coal': 10}, 'status': 'not empty'}]}
[94m# Let's rotate the furnace for more space
rotate_entity((0, 3), direction=LEFT)
[94m# Let's try placing the entities again
place_entity('burner-mining-drill', direction=DOWN, position=(0, 8))
coal_position2 = nearest('coal')
move_to(coal_position2)
place_entity('transport-belt', direction=LEFT, position=(coal_position2[0]-1, coal_position2[1]))
inspect_entities(10)
[92mLine 1: Error: Could not place burner-mining-drill. Maybe inspect your surroundings before placing
Line 2: Error: Could not place transport-belt. Cant place there due to existing transport beltwith the size 0
Line 3: {'entities': [{'type': 'transport_belt', 'direction': 'west', 'position': (-0.5, -4.5), 'status': 'empty'}, {'type': 'transport_belt', 'direction': 'west', 'position': (-0.5, 0.5), 'status': 'empty'}, {'type': 'player_character', 'direction': 'north', 'position': (0, 0), 'status': 'empty'}, {'type': 'stone_furnace', 'direction': 'north', 'position': (0, 3), 'warning': 'Lack of input material.', 'contents': {'coal': 10}, 'status': 'not empty'}]}
[94m# Let's move closer to the coal position to place the entities
coal_position = nearest('coal')
move_to(coal_position)
place_entity('burner-mining-drill', direction=LEFT, position=(coal_position[0]-2, coal_position[1]))
place_entity('transport-belt', direction=LEFT, position=(coal_position[0]-3, coal_position[1]))
[92mLine 1: Error: Could not place burner-mining-drill. Maybe inspect your surroundings before placing
[94m# Let's move slightly away from the furnace and try to place entities again
move_to((0,-5))
coal_position = nearest('coal')
move_to(coal_position)
place_entity('burner-mining-drill', direction=LEFT, position=(coal_position[0]-2, coal_position[1])) 
place_entity('transport-belt', direction=LEFT, position=(coal_position[0]-3, coal_position[1])) 
inspect_entities(10)
[92mLine 1: Error: Could not place burner-mining-drill. Cant place there due to existing transport beltwith the size 1
Line 2: Error: Could not place transport-belt. Cant place there due to existing transport beltwith the size 0
Line 3: {'entities': [{'type': 'transport_belt', 'direction': 'west', 'position': (-2.5, -4.5), 'status': 'empty'}, {'type': 'transport_belt', 'direction': 'west', 'position': (-0.5, -4.5), 'status': 'empty'}, {'type': 'transport_belt', 'direction': 'west', 'position': (-0.5, 0.5), 'status': 'empty'}, {'type': 'player_character', 'direction': 'north', 'position': (0, 0), 'status': 'empty'}, {'type': 'stone_furnace', 'direction': 'north', 'position': (0, 3), 'warning': 'Lack of input material.', 'contents': {'coal': 10}, 'status': 'not empty'}]}
[94m# Let's move further back and try again
move_to((0, -10))
coal_position = nearest('coal')
move_to(coal_position)
place_entity('burner-mining-drill', direction=DOWN, position=(coal_position[0], coal_position[1]+2))
place_entity('transport-belt', direction=DOWN, position=(coal_position[0], coal_position[1]+3))
inspect_entities(10)
[92mLine 1: Error: Could not place burner-mining-drill. Maybe inspect your surroundings before placing
Line 2: {'entities': [{'type': 'transport_belt', 'direction': 'west', 'position': (-2.5, -4.5), 'status': 'empty'}, {'type': 'transport_belt', 'direction': 'west', 'position': (-0.5, 0.5), 'status': 'empty'}, {'type': 'transport_belt', 'direction': 'south', 'position': (0.5, -1.5), 'status': 'empty'}, {'type': 'transport_belt', 'direction': 'west', 'position': (-0.5, -4.5), 'status': 'empty'}, {'type': 'stone_furnace', 'direction': 'north', 'position': (0, 3), 'warning': 'Lack of input material.', 'contents': {'coal': 10}, 'status': 'not empty'}, {'type': 'player_character', 'direction': 'north', 'position': (0, 0), 'status': 'empty'}]}
[94m# Let's see why the drill could not be placed
inspect_entities(20)
[92mLine 1: {'entities': [{'type': 'transport_belt', 'direction': 'west', 'position': (-2.5, -4.5), 'status': 'empty'}, {'type': 'transport_belt', 'direction': 'west', 'position': (-0.5, 0.5), 'status': 'empty'}, {'type': 'transport_belt', 'direction': 'south', 'position': (0.5, -1.5), 'status': 'empty'}, {'type': 'transport_belt', 'direction': 'west', 'position': (-0.5, -4.5), 'status': 'empty'}, {'type': 'stone_furnace', 'direction': 'north', 'position': (0, 3), 'warning': 'Lack of input material.', 'contents': {'coal': 10}, 'status': 'not empty'}, {'type': 'player_character', 'direction': 'north', 'position': (0, 0), 'status': 'empty'}]}
[94m# Let's move to the other side of the coal position
move_to((0, 10))
coal_position = nearest('coal')
move_to(coal_position)
place_entity('burner-mining-drill', direction=DOWN, position=(coal_position[0], coal_position[1]+2))
place_entity('transport-belt', direction=DOWN, position=(coal_position[0], coal_position[1]+3)) 
inspect_entities(20)
[92mLine 1: Error: Could not place burner-mining-drill. Maybe inspect your surroundings before placing
Line 2: {'entities': [{'type': 'transport_belt', 'direction': 'west', 'position': (-1.46875, -4.5), 'status': 'empty'}, {'type': 'transport_belt', 'direction': 'west', 'position': (0.53125, 0.5), 'status': 'empty'}, {'type': 'transport_belt', 'direction': 'south', 'position': (0.53125, -1.5), 'status': 'empty'}, {'type': 'transport_belt', 'direction': 'south', 'position': (1.53125, -1.5), 'status': 'empty'}, {'type': 'transport_belt', 'direction': 'west', 'position': (0.53125, -4.5), 'status': 'empty'}, {'type': 'stone_furnace', 'direction': 'north', 'position': (1.03125, 3), 'warning': 'Lack of input material.', 'contents': {'coal': 10}, 'status': 'not empty'}, {'type': 'player_character', 'direction': 'north', 'position': (0, 0), 'status': 'empty'}]}
[94m# Let's check again for available positions
inspect_entities(20)
move_to((0, 20))
inspect_entities(20)
