[94mcomment("Find nearest coal and iron deposits")
coal_position = nearest('coal')
iron_position = nearest('iron-ore')
[94mcomment("Place a burner-mining-drill to mine coal")
move_to(coal_position)
burner_mining_drill_position = place_entity('burner-mining-drill', direction=RIGHT, exact=False, position=coal_position)
[91m2: Error: Could not place burner-mining-drill.  No burner mining drill in inventory.
[94mcomment("Craft a burner-mining-drill")
craft_item('burner-mining-drill', 1)
[94mcomment("Place a burner-mining-drill to mine coal")
move_to(coal_position)
burner_mining_drill_position = place_entity('burner-mining-drill', direction=RIGHT, exact=False, position=coal_position)
[94mcomment("Find a stone furnace and coal")
stone_furnace_position = nearest('stone-furnace')
coal_resource_position = nearest('coal')
[91m1: Error: No stone-furnace found on the map
[94mcomment("Craft a stone furnace")
craft_item('stone-furnace', 1)
[91m1: Error: Could not craft a stone-furnace. "global.actions.craft item = function(player i..."]:73: Failed to craft 1x stone-furnace because missing ingredient stone
[94mcomment("Find nearest stone deposit")
stone_position = nearest('stone')
[94mcomment("Mine 5 stone for crafting a stone furnace")
move_to(stone_position)
harvest_resource(stone_position, quantity=5)
[94mcomment("Craft a stone furnace")
craft_item('stone-furnace', 1)
[94mcomment("Place the stone furnace next to the coal mining drill")
move_to(burner_mining_drill_position)
furnace_position = place_entity_next_to('stone-furnace', reference_position=burner_mining_drill_position, direction=RIGHT, gap=1)
[91m2: Error: Could not place stone-furnace at (-9, -6).. "global.actions.place entity next to = functio..."]:57: Cannot place here.
[94mcomment("Place the stone furnace two tiles to the right of the coal mining drill")
furnace_position = place_entity_next_to('stone-furnace', reference_position=burner_mining_drill_position, direction=RIGHT, gap=2)
[91m1: Error: Could not place stone-furnace at (-9, -6).. "global.actions.place entity next to = functio..."]:57: Cannot place here.
[94mcomment("Find a new suitable location for the coal mining setup. Start by finding nearest coal deposit")
new_coal_position = nearest('coal')
[94mcomment("Place burner mining drill on the new location and set up the coal operation")
move_to(new_coal_position)
new_burner_mining_drill_position = place_entity('burner-mining-drill', direction=LEFT, exact=False, position=new_coal_position)
[91m2: Error: Could not place burner-mining-drill.  No burner mining drill in inventory.
[94mcomment("Craft a new burner mining drill for the new coal operation")
craft_item('burner-mining-drill', 1)
[94mcomment("Place the burner mining drill on the new location and set up the coal operation again")
move_to(new_coal_position)
new_burner_mining_drill_position = place_entity('burner-mining-drill', direction=LEFT, exact=False, position=new_coal_position)
[94mcomment("Move back to the ore deposit")
move_to(ore)
[94mcomment("Place stone-furnace near the new coal mining setup")
furnace_position = place_entity_next_to('stone-furnace', reference_position=new_burner_mining_drill_position, direction=RIGHT, gap=2)
[94mcomment("Connect the burner-mining-drill's output to the stone-furnace's input using an inserter")
connect_entities(source_position=new_burner_mining_drill_position, target_position=furnace_position, connection_type='inserter')
[91m1: Error: Could not connect (-10, -8) to (-6.6015625, -8).. "global.actions.connect entities = function(pl..."]:85: Cannot place connector here.
[94mcomment("Pick up coal to fuel the burner mining drill")
pickup_entity('coal', new_coal_position)
[91m1: Error: Could not pickup, did you intend to harvest?. 0
[94mcomment("Harvest coal to fuel the burner mining drill")
harvest_resource(new_coal_position, quantity=5)
[94mcomment("Insert coal into the burner mining drill to fuel it")
insert_item('coal', target_position=new_burner_mining_drill_position, quantity=1)
[94mcomment("Craft a stone furnace for the ore smelting setup")
craft_item('stone-furnace', 1)
[91m1: Error: Could not craft a stone-furnace. "global.actions.craft item = function(player i..."]:73: Failed to craft 1x stone-furnace because missing ingredient stone
[94mcomment("Harvest stone to craft the furnance")
harvest_resource(stone_position, quantity=10)
[91m1: Error: Could not harvest.. "global.actions.harvest resource = function(pl..."]:47: Could not harvest at position (-8, 6), possibly out of reach?
[94mcomment("Move to the stone position")
move_to(stone_position)
[94mcomment("Harvest the stone now that we are near the position")
harvest_resource(stone_position, quantity=10)
[91m1: Error: Could not harvest.. "global.actions.harvest resource = function(pl..."]:49: Could only harvest 9 at position (-8, 6)
[94mcomment("Harvest 1 more stone to meet the crafting requirements")
harvest_resource(stone_position, quantity=1)
[94mcomment("Craft the stone furnace now that we have enough stone")
craft_item('stone-furnace', 1)
[94mcomment("Place the stone furnace for the ore smelting setup")
furnace_position = place_entity('stone-furnace', direction=UP, position=(-6, -8))
