comment("Find nearest coal and iron deposits")
coal_position = nearest('coal')
iron_position = nearest('iron-ore')
comment("Place a burner-mining-drill to mine coal")
move_to(coal_position)
burner_mining_drill_position = place_entity('burner-mining-drill', direction=RIGHT, exact=False, position=coal_position)
comment("Craft a burner-mining-drill")
craft_item('burner-mining-drill', 1)
comment("Place a burner-mining-drill to mine coal")
move_to(coal_position)
burner_mining_drill_position = place_entity('burner-mining-drill', direction=RIGHT, exact=False, position=coal_position)
comment("Find a stone furnace and coal")
stone_furnace_position = nearest('stone-furnace')
coal_resource_position = nearest('coal')
comment("Craft a stone furnace")
craft_item('stone-furnace', 1)
comment("Find nearest stone deposit")
stone_position = nearest('stone')
comment("Mine 5 stone for crafting a stone furnace")
move_to(stone_position)
harvest_resource(stone_position, quantity=5)
comment("Craft a stone furnace")
craft_item('stone-furnace', 1)
comment("Place the stone furnace next to the coal mining drill")
move_to(burner_mining_drill_position)
furnace_position = place_entity_next_to('stone-furnace', reference_position=burner_mining_drill_position, direction=RIGHT, gap=1)
comment("Place the stone furnace two tiles to the right of the coal mining drill")
furnace_position = place_entity_next_to('stone-furnace', reference_position=burner_mining_drill_position, direction=RIGHT, gap=2)
comment("Find a new suitable location for the coal mining setup. Start by finding nearest coal deposit")
new_coal_position = nearest('coal')
comment("Place burner mining drill on the new location and set up the coal operation")
move_to(new_coal_position)
new_burner_mining_drill_position = place_entity('burner-mining-drill', direction=LEFT, exact=False, position=new_coal_position)
comment("Craft a new burner mining drill for the new coal operation")
craft_item('burner-mining-drill', 1)
comment("Place the burner mining drill on the new location and set up the coal operation again")
move_to(new_coal_position)
new_burner_mining_drill_position = place_entity('burner-mining-drill', direction=LEFT, exact=False, position=new_coal_position)
comment("Move back to the ore deposit")
move_to(ore)
comment("Place stone-furnace near the new coal mining setup")
furnace_position = place_entity_next_to('stone-furnace', reference_position=new_burner_mining_drill_position, direction=RIGHT, gap=2)
comment("Connect the burner-mining-drill's output to the stone-furnace's input using an inserter")
connect_entities(source_position=new_burner_mining_drill_position, target_position=furnace_position, connection_type='inserter')
comment("Pick up coal to fuel the burner mining drill")
pickup_entity('coal', new_coal_position)
comment("Harvest coal to fuel the burner mining drill")
harvest_resource(new_coal_position, quantity=5)
comment("Insert coal into the burner mining drill to fuel it")
insert_item('coal', target_position=new_burner_mining_drill_position, quantity=1)
comment("Craft a stone furnace for the ore smelting setup")
craft_item('stone-furnace', 1)
comment("Harvest stone to craft the furnance")
harvest_resource(stone_position, quantity=10)
comment("Move to the stone position")
move_to(stone_position)
comment("Harvest the stone now that we are near the position")
harvest_resource(stone_position, quantity=10)
comment("Harvest 1 more stone to meet the crafting requirements")
harvest_resource(stone_position, quantity=1)
comment("Craft the stone furnace now that we have enough stone")
craft_item('stone-furnace', 1)
comment("Place the stone furnace for the ore smelting setup")
furnace_position = place_entity('stone-furnace', direction=UP, position=(-6, -8))
