[94mcomment("Place a burner-mining-drill on coal to generate needed fuel")
coal_position = nearest('coal')
move_to(coal_position)
burner_drill_position = place_entity('burner-mining-drill', direction=LEFT, position=nearest_buildable('burner-mining-drill'))
[94mcomment('Move to the nearest stone to start mining')
stone_position = nearest('stone')
move_to(stone_position)
place_entity('burner-mining-drill', direction=DOWN, position=nearest_buildable('burner-mining-drill'))
[92m3: Error: Could not place burner-mining-drill.  No burner mining drill in inventory.
[94mcomment("Craft a burner-mining-drill and then place it on coal")
craft_item('burner-mining-drill', quantity=1)
coal_position = nearest('coal')
move_to(coal_position)
burner_drill_position = place_entity('burner-mining-drill', direction=LEFT, position=nearest_buildable('burner-mining-drill'))
[94mcomment("Craft another burner-mining-drill for stone")
craft_item('burner-mining-drill', quantity=1)
comment('Move to the nearest stone to start mining')
stone_position = nearest('stone')
move_to(stone_position)
place_entity('burner-mining-drill', direction=DOWN, position=nearest_buildable('burner-mining-drill'))
[92m1: Error: Could not craft a burner-mining-drill. "global.actions.craft item = function(player i..."]:73: Failed to craft 1x burner-mining-drill because missing ingredient stone
[94mcomment("Move to the nearest stone and mine some to craft burner-mining-drills")
stone_position = nearest('stone')
move_to(stone_position)
harvest_resource(stone_position, quantity=10)
[94mcomment("Now craft two burner-mining-drills, one for coal and one for stone")
craft_item('burner-mining-drill', quantity=2)
comment("Place the burner-mining-drill on coal to generate needed fuel")
coal_position = nearest('coal')
move_to(coal_position)
burner_drill_position = place_entity('burner-mining-drill', direction=LEFT, position=nearest_buildable('burner-mining-drill'))
comment("Place the second burner-mining-drill for stone")
stone_position = nearest('stone')
move_to(stone_position)
place_entity('burner-mining-drill', direction=DOWN, position=nearest_buildable('burner-mining-drill'))
[92m5: Error: Could not place burner-mining-drill.  Cannot place burner-mining-drill due to missing minable resource on the tile.
[94mcomment("Place the burner-mining-drill on coal to generate needed fuel")
coal_position = nearest('coal')
move_to(coal_position)
burner_drill_position = place_entity('burner-mining-drill', direction=LEFT, position=nearest_buildable('burner-mining-drill', resource='coal'))
comment("Place the second burner-mining-drill on stone")
stone_position = nearest('stone')
move_to(stone_position)
place_entity('burner-mining-drill', direction=DOWN, position=nearest_buildable('burner-mining-drill', resource='stone'))
[92m3: Error: Could not place burner-mining-drill.  Cannot place burner-mining-drill due to missing minable resource on the tile.
