comment("Find and harvest some coal to power early game equipment")
coal_position = nearest('coal')
move_to(coal_position)
harvest_resource(coal_position, quantity=5)
comment("Place a burner-mining-drill to extract coal")
coal_drill_position = place_entity('burner-mining-drill', direction=RIGHT, position=(coal_position[0]+2, coal_position[1]))
comment("I made an error placing the burner-mining-drill, I will correct it now")
comment("Find the nearest buildable position for the burner-mining-drill")
drill_position = nearest_buildable('burner-mining-drill')
move_to(drill_position)
comment("Place the burner-mining-drill on the buildable position")
place_entity('burner-mining-drill', direction=RIGHT, position=drill_position)
comment("Now that the burner-mining-drill is placed, insert some coal from the inventory to fuel it")
insert_item('coal', target_position=drill_position, quantity=1)
comment("Find and move to nearest iron ore patch")
iron_ore_position = nearest("iron-ore")
move_to(iron_ore_position)
comment("Harvest some iron ore from the patch")
harvest_resource(iron_ore_position, quantity=5)

comment("Place a stone furnace to smelt the iron ore into iron plates")
furnace_position = place_entity('stone-furnace', direction=UP, position=(iron_ore_position[0], iron_ore_position[1]+2))
comment("Insert iron ore into the stone furnace")
insert_item('iron-ore', target_position=furnace_position, quantity=5)
comment("Fuel the stone furnace with coal from the inventory")
insert_item('coal', target_position=furnace_position, quantity=1)
comment("Wait for the furnace to smelt the iron ore into iron plates")
wait(10)
comment("Extract the iron plates from the furnace")
extract_item('iron-plate', source_position=furnace_position, quantity=5)
comment("Apologies for the mistake, I will omit the wait step")
comment("Insert the iron ore into the stone furnace")
insert_item('iron-ore', target_position=furnace_position, quantity=5)
comment("Fuel the stone furnace with coal from the inventory")
insert_item('coal', target_position=furnace_position, quantity=1)
comment("Check how much coal we have in our inventory")
inspect_inventory()
comment("We have enough coal, let's try to fuel the stone furnace again")
insert_item('coal', target_position=furnace_position, quantity=1)

comment("Monitor the production of iron plates in the stone furnace")
monitor_furnace_production = True
while monitor_furnace_production:
    inspect_entities(5)
    iron_in_furnace = entity_item_count(furnace_position, 'iron-plate')
    if iron_in_furnace >= 5:
        comment("Extract the iron plates from the furnace")
        extract_item('iron-plate', source_position=furnace_position, quantity=5)
        monitor_furnace_production = False

comment("Proceed to setup a basic power generator using coal-fired boilers and steam engines")

comment("Craft 1 offshore pump, 1 boiler, and 2 steam engines")
craft_item('offshore-pump', quantity=1)
craft_item('boiler', quantity=1)
craft_item('steam-engine',
comment("Apologies for the oversight. I will correct the code.")
comment("Proceed to setup a basic power generator using coal-fired boilers and steam engines")
comment("Craft 1 offshore pump, 1 boiler, and 2 steam engines")
craft_item('offshore-pump', quantity=1)
craft_item('boiler', quantity=1)
craft_item('steam-engine', quantity=2)
comment("Crafting a boiler requires stone. Locate and mine some stone.")
stone_position = nearest("stone")
move_to(stone_position)
harvest_resource(stone_position, quantity=5)

comment("Now that we have the required stone, let's craft the boiler and power generator setup again.")
craft_item('boiler', quantity=1)
craft_item('offshore-pump', quantity=1)
craft_item('steam-engine', quantity=2)

comment("Find water source and place the offshore pump")
water_position = nearest("water")
move_to(water_position)
offshore_pump_position = place_entity('offshore-pump', direction=UP, position=(water_position[0], water_position[1]-2))

comment("Place boiler connected to the offshore-pump")
boiler_position = place_entity('boiler', direction=UP, position=(offshore_pump_position[0], offshore_pump_position[1]-2))

comment("Place steam engines connected to the
comment("Apologies for the oversight. I will correct the code.")
comment("Place steam engines connected to the boiler")
engine1_position = place_entity('steam-engine', direction=RIGHT, position=(boiler_position[0]+2, boiler_position[1]))
engine2_position = place_entity('steam-engine', direction=RIGHT, position=(boiler_position[0]+2, boiler_position[1]-2))
comment("It seems I made a typo. I'm redefining the variable name.")
boiler_position = place_entity('boiler', direction=UP, position=(offshore_pump_position[0], offshore_pump_position[1]-2))
comment("Apologies for the oversight. I will correct the variable name.")
offshore_pump_position = place_entity('offshore-pump', direction=UP, position=(water_position[0], water_position[1]-2))
comment("Apologies for the oversight. I will correct the variable name.")
water_position = nearest("water")
move_to(water_position)
offshore_pump_position = place_entity('offshore-pump', direction=UP, position=(water_position[0], water_position[1]-2))
comment("We need to find a better water source for our offshore-pump.")

def find_offshore_pump_placement(radius):
    for i in range(1, radius+1):
        total_tiles = 2* (i * (i + 1))
        index = 0
        while index < total_tiles:
            resources = inspect_resources(radius=i)
            if 'water' in resources:
                water_tiles = resources['water']
                for water_tile in water_tiles:
                    return move_to(water_tile) and place_entity('offshore-pump', direction=UP, position=(water_tile[0], water_tile[1]-1))
            index += 1
    return None

find_offshore_pump_placement(5)
comment("Apologies for the error. I will correct the function call.")
def find_offshore_pump_placement(radius):
    for i in range(1, radius+1):
        total_tiles = 2* (i * (i + 1))
        index = 0
        while index < total_tiles:
            resources = inspect_resources(radius=i)
            if 'water' in resources:
                water_tiles = resources['water']
                for water_tile in water_tiles:
                    return move_to(water_tile) and place_entity('offshore-pump', direction=UP, position=(water_tile[0], water_tile[1]-1))
            index += 1
    return None
find_offshore_pump_placement(5)
