[94m# First, let's observe the surrounding resources and entities
inspect_resources()
inspect_entities(20)
[92mLine 1: There are 3.3k tree_01s scattered 14km northwest, 17km north-northwest, 16km north, 16km north-northeast, 28km northeast, 5km east-northeast, 20km southeast, 3km east-southeast, 11km south-southwest, 8km southwest, 10km south-southeast, and 9km south 
- 100x coal 10 metres northwest (-39, -9) x (-30, 0)
- 100x stone 10 metres southwest (-39, 11) x (-30, 20)
- 100x copper_ore 10 metres east-southeast (0, 11) x (9, 20)
- 100x uranium_ore 30 metres southeast (0, 31) x (9, 40)
- 98x iron_ore 10 metres east-northeast (0, -9) x (9, 0)
- There are 3.3k item_on_grounds scattered 4 metres west-northwest 
Line 2: {'entities': [{'type': 'player_character', 'direction': 'north', 'position': (0, 0), 'status': 'empty'}]}
[94m# We have access to coal, let's start with setting up a small coal mining operation
count_drills = check_inventory().get('burner-mining-drill', 0)
if count_drills < 2:
    # Place a burner-mining-drill facing down, onto the nearest coal resource
    place_entity('burner-mining-drill', direction=DOWN, position=nearest('coal'))
    # Place a stone furnace next to the drill for smelting
    place_entity('stone-furnace', direction=RIGHT, position=(nearest('coal')[0] + 1, nearest('coal')[1]))
else:
    # Ensure drill is mining coal and furnace is smelting iron
    drill_pos = nearest('burner-mining-drill', items=['coal']) 
    if drill_pos:
        insert_item('coal', target_position=(drill_pos[0] + 1, drill_pos[1]))
    furnace_pos = nearest('stone-furnace', items=['iron-ore'])
    if furnace_pos:
        insert_item('iron-ore', target_position=(furnace_pos[0], furnace_pos[1] + 1))
        set_entity_recipe(furnace_pos, recipe='iron-plate')
[92mError: ('Could not place burner-mining-drill', 'Maybe inspect your surroundings before placing')
[94m# Oops, we need to check if there is space to place the burner-mining-drill before attempting to place it
if count_drills < 2:
    drill_pos = nearest('coal', entity_type='burner-mining-drill', distance=2, invert=True)
    if drill_pos is None:
        print("No space to place burner-mining-drill, clearing trees...")
        # Clear some trees and try again
        tree_pos = nearest('tree')
        if tree_pos:
            move_to(tree_pos)
            harvest_resource(tree_pos, quantity=5)
            rotate_entity((0, 0), direction=LEFT)
        drill_pos = nearest('coal', entity_type='burner-mining-drill', distance=2, invert=True)
    place_entity('burner-mining-drill', direction=DOWN, position=drill_pos)
    
    # Place a stone furnace next to the drill for smelting
    furnace_pos = (drill_pos[0] + 1, drill_pos[1])
    place_entity('stone-furnace', direction=RIGHT, position=furnace_pos)
    
else:
    # Ensure drill is mining coal and furnace is smelting iron
    drill_pos = nearest('burner-mining-drill', items=['coal']) 
    if drill_pos:
        insert_item('coal', target_position=(drill_pos[0] + 1, drill_pos[1]))
    furnace_pos = nearest('stone-furnace', items=['iron-ore'])
    if furnace_pos:
        insert_item('iron-ore', target_position=(furnace_pos[0], furnace_pos[1] + 1))
        set_entity_recipe(furnace_pos, recipe='iron-plate')
[92mError: ('Could not place burner-mining-drill', 'Maybe inspect your surroundings before placing')
[94m# There is still no space, let's check available space and then clear trees if necessary
if count_drills < 2:
    drill_pos = nearest('coal', entity_type='burner-mining-drill', distance=2, invert=True)
    if drill_pos is None:
        # Check for available space
        for i in range(-5, 6):
            for j in range(-5, 6):
                if (i, j) == (0, 0):
                    continue
                if (drill_pos := (i + player_position()[0], j + player_position()[1])) and inspect_entities(2) == '{}':
                    place_entity('burner-mining-drill', direction=DOWN, position=drill_pos)
                    print(f"Drill placed at {drill_pos}")
                    break
                
        if not drill_pos:
            print("No available space to place burner-mining-drill, clearing trees...")
            # Clear some trees and try again
            tree_pos = nearest('tree')
            if tree_pos:
                move_to(tree_pos)
                harvest_resource(tree_pos, quantity=5)
                rotate_entity((0, 0), direction=LEFT)
            # Check for available space again
            for i in range(-5, 6):
                for j in range(-5, 6):
                    if (i, j) == (0, 0):
                        continue
                    if (drill_pos := (i + player_position()[0], j + player_position()[1])) and inspect_entities(2) == '{}':
                        place_entity('burner-mining-drill', direction=DOWN, position=drill_pos)
                        print(f"Drill placed at {drill_pos}")
                        break
                
    else:
        place_entity('burner-mining-drill', direction=DOWN, position=drill_pos)
        
    # Place a stone furnace next to the drill for smelting
    furnace_pos = (drill_pos[0] + 1, drill_pos[1])
    place_entity('stone-furnace', direction=RIGHT, position=furnace_pos)
    
else:
    # Ensure drill is mining coal and furnace is smelting iron
    drill_pos = nearest('burner-mining-drill', items=['coal']) 
    if drill_pos:
        insert_item('coal', target_position=(drill_pos[0] + 1, drill_pos[1]))
    furnace_pos = nearest('
[91mThe provided code is not syntactically valid Python. Only write valid python.
[94m# I apologize for that error. Here is the code with the correct syntax.
[94m# There is still no space, let's check available space and then clear trees if necessary
if count_drills < 2:
    drill_pos = nearest('coal', entity_type='burner-mining-drill', distance=2, invert=True)
    if drill_pos is None:
        # Check for available space
        for i in range(-5, 6):
            for j in range(-5, 6):
                if (i, j) == (0, 0):
                    continue
                if (drill_pos := (i + player_position()[0], j + player_position()[1])) and inspect_entities(2) == '{}':
                    place_entity('burner-mining-drill', direction=DOWN, position=drill_pos)
                    print(f"Drill placed at {drill_pos}")
                    break
                
        if not drill_pos:
            print("No available space to place burner-mining-drill, clearing trees...")
            # Clear some trees and try again
            tree_pos = nearest('tree')
            if tree_pos:
                move_to(tree_pos)
                harvest_resource(tree_pos, quantity=5)
                rotate_entity((0, 0), direction=LEFT)
            # Check for available space again
            for i in range(-5, 6):
                for j in range(-5, 6):
                    if (i, j) == (0, 0):
                        continue
                    if (drill_pos := (i + player_position()[0], j + player_position()[1])) and inspect_entities(2) == '{}':
                        place_entity('burner-mining-drill', direction=DOWN, position=drill_pos)
                        print(f"Drill placed at {drill_pos}")
                        break
                
    else:
        place_entity('burner-mining-drill', direction=DOWN, position=drill_pos)
        
    # Place a stone furnace next to the drill for smelting
    furnace_pos = (drill_pos[0] + 1, drill_pos[1])
    place_entity('stone-furnace', direction=RIGHT, position=furnace_pos)
    
else:
    # Ensure drill is mining coal and furnace is smelting iron
    drill_pos = nearest('burner-mining-drill', items=['coal']) 
    if drill_pos:
        insert_item('coal', target_position=(drill_pos[0] + 1, drill_pos[1]))
    furnace_pos = nearest('
[91mThe provided code is not syntactically valid Python. Only write valid python.
[94m# Apologies again for the mistake in the last message.
