# Find a coal resource and place a burner-mining-drill
coal_position = nearest('coal')
move_to(coal_position)
place_entity('burner-mining-drill', direction=LEFT, position=(coal_position[0]-2, coal_position[1]))
# Inspect the entities before placing the burner-mining-drill
inspect_entities(5)
# It seems there are no resources nearby. I will move around and check again.
move_to((5, 5))
inspect_entities(10)
# Let me check the landscape instead
inspect_resources()
# Let's find a location with coal and place a burner-mining-drill there
coal_position = nearest('coal')
move_to(coal_position)
place_entity('burner-mining-drill', direction=LEFT, position=(coal_position[0]-2, coal_position[1]))
# This coal resource may already have a mining drill. Let's check and move to another coal resource
entities = inspect_entities(20)
for entity in entities['entities']:
    if 'burner-mining-drill' in entity['type']:
        print("There is already a drill at this coal resource. Looking for another one...")
        coal_position = nearest('coal', exclude=[entity['position']])
if coal_position:
    move_to(coal_position)
    place_entity('burner-mining-drill', direction=LEFT, position=(coal_position[0]-2, coal_position[1]))
else:
    print("No coal resources found.")
# Let's move around a bit more to find another coal resource
move_to((10, 10))
inspect_entities(20)
coal_position = nearest('coal')
move_to(coal_position)
place_entity('burner-mining-drill', direction=LEFT, position=(coal_position[0]-2, coal_position[1]))
# The nearest coal resource may not be close enough. Let’s try a prompt to see where we can place a burner-mining-drill
# First we move to a different location
move_to((5,5))
# Let's check the surrounding area to see if we can find a place for a burner-mining-drill
entities = inspect_entities(20)
for entity in entities['entities']:
    if 'coal' in entity['type'] and 'ore' not in entity['type']:
        print(f"Found a coal entity at ({entity['position'][0]}, {entity['position'][1]})")
        place_entity('burner-mining-drill', direction=LEFT, position=(entity['position'][0]-1, entity['position'][1]))
        break
else:
    print("No coal entities found nearby.")
# Let's move closer to the center of our resources to set up our base
move_to(nearest('item-on-ground'))
# The nearest coal resource may not be close enough. Let's try a prompt to see where we can place a burner-mining-drill

# Let's craft some transport belts to connect the mining drill to a furnace
craft_item('transport-belt', quantity=10)
# Let's place a furnace near our drill
# Let's place a furnace near our drill
furnace_position = (coal_position[0]+2, coal_position[1])
place_entity('stone-furnace', direction=LEFT, position=furnace_position)
# Now we need to connect the burner-mining-drill to our furnace using the transport belts
# Let's connect the miner drill to the furnace using transport belts
mining_position = (coal_position[0]-1, coal_position[1])
entity_to = (furnace_position[0], furnace_position[1]+1)
insert_entity = 'transport-belt'
while mining_position[1] < furnace_position[1]:
    place_entity(insert_entity, direction=UP, position=entity_to)
    entity_to = (entity_to[0], entity_to[1]-1)
    pickup_entity(insert_entity, mining_position)
# Let's set up a coal belt to keep our furnace running
# Let's set up a coal belt to keep our furnace running
