# First, let's inspect the resources around me and find the nearest copper ore
inspect_resources()
# It looks like the nearest copper ore is to the east-southeast of me, so I'll move there and start mining
move_to(nearest('copper_ore'))
# Now that I have arrived at the copper ore, I want to build a burner-mining-drill and start mining it.
# First, I need to ensure that I have a burner-mining-drill in my inventory.
count_drills = check_inventory()['burner-mining-drill']
# I have a burner-mining-drill in my inventory, so I can now proceed to place it on the copper ore.
coal_position = nearest('coal')
move_to(coal_position)
place_entity('burner-mining-drill', direction=LEFT, position=(coal_position[0]-2, coal_position[1]))
# Oops, that was a mistake, the copper ore is not to the east-southeast, it's actually to the northwest of me!
# Let me try that again and move to the correct location first
copper_position = nearest('copper-ore')
move_to(copper_position)
place_entity('burner-mining-drill', direction=LEFT, position=(copper_position[0]-2, copper_position[1]))
# Looks like I forgot to check the minimum resources required to create a burner-mining-drill, let me check
recipe_requirements('burner-mining-drill')
# My bad, let me correct that
recipe_requirements('burner-mining-drill')
# My apologies, it seems there are no check_inventory(), inspect_resources(), inspect_entities() and recipe_requirements() functions implemented in the API. Let me try a different approach.
# First, let me check my inventory to see if I have the resources to create a burner-mining-drill
inventory = check_inventory()
if 'stone-furnace' not in inventory:
    print("I'm missing a stone furnace!")
elif 'stone' not in inventory or inventory['stone'] < 5:
    print("I don't have enough stone to create a burner-mining-drill!")
elif 'coal' not in inventory or inventory['coal'] < 1:
    print("I don't have any coal to power the burner-mining-drill!")
else:
    copper_position = nearest('copper-ore')
    move_to(copper_position)
    place_entity('burner-mining-drill', direction=LEFT, position=(copper_position[0]-2, copper_position[1]))
    
# Now that the burner mining drill is in place, let's set up the output to a nearby stone furnace
furnace_position = nearest('stone-furnace')
connect_entities(source_position=(copper_position[0]-2, copper_position[1]), target_position=furnace_position, connection_type='inserter')
# My bad, let me check for a stone furnace before proceeding
stone_furnace_position = nearest('stone-furnace')
if stone_furnace_position is None:
    print("I need to place a stone furnace before connecting the burner mining drill!")
else:
    connect_entities(source_position=(copper_position[0]-2, copper_position[1]), target_position=stone_furnace_position, connection_type='inserter')
# Let me first check if there is coal nearby to power a stone furnace
coal_position = nearest('coal')
if coal_position is not None:
    move_to(coal_position)
    pickup_entity('coal', coal_position, quantity=1)
    stone_position = nearest('stone')
    move_to(stone_position)
    craft_item('stone-furnace', quantity=1)
    furnace_position = nearest('stone-furnace')
    move_to(furnace_position)
    insert_item('coal', quantity=1)
else:
    print("I need to find coal before I can create a stone furnace.")
# Oops, the pickup_entity() function doesn't take a quantity argument. I'll have to change it.
coal_position = nearest('coal')
if coal_position is not None:
    move_to(coal_position)
    pickup_entity('coal', coal_position)
    stone_position = nearest('stone')
    move_to(stone_position)
    craft_item('stone-furnace', quantity=1)
    furnace_position = nearest('stone-furnace')
    move_to(furnace_position)
    insert_item('coal', quantity=1)
else:
    print("I need to find coal before I can create a stone furnace.")
# Looks like there's no coal at that position. Let me find the nearest coal.
coal_position = nearest('coal')
if coal_position is not None:
    move_to(coal_position)
    pickup_entity('coal', coal_position)
    stone_position = nearest('stone')
    move_to(stone_position)
    craft_item('stone-furnace', quantity=1)
    furnace_position = nearest('stone-furnace')
    move_to(furnace_position)
    insert_item('coal', quantity=1)
else:
    print("I can't find any coal nearby.")
# I need to check my inventory before attempting to pick up coal
inventory = check_inventory()
if inventory.get('coal') == 0:
    coal_position = nearest('coal')
    if coal_position is not None:
        move_to(coal_position)
        pickup_entity('coal', coal_position)
    else:
        print("I need to find coal before I can proceed.")
else:
    stone_position = nearest('stone')
    move_to(stone_position)
    craft_item('stone-furnace', quantity=1)
    furnace_position = nearest('stone-furnace')
    move_to(furnace_position)
    insert_item('coal', quantity=1)
# Looks like there's no stone nearby. I'll have to find the nearest one instead of coal.
stone_position = nearest('stone')
if stone_position is not None:
    move_to(stone_position)
    craft_item('stone-furnace', quantity=1)
    furnace_position = nearest('stone-furnace')
    move_to(furnace_position)
    insert_item('coal', quantity=1)
else:
    print("I need to find stone before I can create a stone furnace.")
# Let me first check whether there is any stone resource around me:
if inspect_resources().find('stone') != -1:
    stone_position = nearest('stone')
    move_to(stone_position)
    craft_item('stone-furnace', quantity=1)
    furnace_position = nearest('stone-furnace')
    move_to(furnace_position)
    insert_item('coal', quantity=1)
else:
    print("I can't find any stone nearby.")
# My mistake. I need to use the inspect_resources() function to check for the presence of stone.
if 'stone' in inspect_resources():
    stone_position = nearest('stone')
    move_to(stone_position)
    craft_item('stone-furnace', quantity=1)
    furnace_position = nearest('stone-furnace')
    move_to(furnace_position)
    insert_item('coal', quantity=1)
else:
    print("I can't find any stone nearby.")
