[94m# Initialize variables
mined_coal = 0
smelted_iron = 0
crafted_gears = 0
[94m# Move to the nearest coal deposit and place a burner mining drill
coal_pos = nearest('coal')
move_to(coal_pos)
place_entity('burner-mining-drill', direction=DOWN, position=(coal_pos[0], coal_pos[1]+2))
[92mLine 1: Error: Could not place burner-mining-drill. Maybe inspect your surroundings before placing
[94m# Check entities within a 5-meter radius to ensure there is enough space to place the burner mining drill
inspect_entities(5)
[92mLine 1: {'entities': [{'type': 'player_character', 'direction': 'north', 'position': (0, 0), 'status': 'empty'}]}
[94m# Oops, currently at (0, 0), let's move to a new location before placing the mining drill
move_to((10,10))
[94m# Move to a new location and check for entities again
move_to((10,10))
inspect_entities(5)
[92mLine 1: {'entities': [{'type': 'player_character', 'direction': 'north', 'position': (0, 0), 'status': 'empty'}]}
[94m# Oops, there are entities obstructing the way, let's destroy them before placing the burner mining drill.
[94m# Inspect entities within a 20-meter radius around you
entities = inspect_entities(20)
[94m# Check for trees and rocks in the way
for entity in entities['entities']:
    if entity['type'] == 'tree' or entity['type'] == 'rock':
        # Destroy trees and rocks on the way
        destroy_entity(entity['position'])
[94m# Now let's move to a new location and place the burner mining drill
move_to((10,10))
place_entity('burner-mining-drill', direction=DOWN, position=(coal_pos[0], coal_pos[1]+2))
[92mLine 1: Error: Could not place burner-mining-drill. Maybe inspect your surroundings before placing
[94m# It looks like the issue might be that we already placed a mining drill at this location. Let's remove it before placing a new one.
remove_entity(coal_pos)
place_entity('burner-mining-drill', direction=DOWN, position=(coal_pos[0], coal_pos[1]+2))
[92mLine 1: Error: name 'remove entity' is not defined
Line 2: Error: Could not place burner-mining-drill. Maybe inspect your surroundings before placing
[94mSorry about that, `remove_entity` is not part of the available API.
To solve this issue, let's move to a different (empty) location and place a new burner mining drill. We can set line 1 to be: 
move_to((11,10))  # moved one position to the right not to obstruct the coal. 
