[94mcomment("Check available resources around")
resources = inspect_resources()
[94mcomment("Check trees around the player")
trees_positions = inspect_entities(20, "tree")
[94mcomment("Get position of the nearest coal source")
coal_position = nearest("coal")
move_to(coal_position)
[94mcomment("Place a burner-mining-drill to extract coal")
drill_position = place_entity("burner-mining-drill", direction=DOWN, position=nearest_buildable("burner-mining-drill"))
[94mcomment("Get position of the nearest stone source")
stone_position = nearest("stone")
move_to(stone_position)
comment("Place a burner-mining-drill to extract stone")
stone_drill_position = place_entity("burner-mining-drill", direction=UP, position=nearest_buildable("burner-mining-drill"))

comment("Get position of the nearest iron ore source")
iron_position = nearest("iron-ore")
move_to(iron_position)
comment("Place a burner-mining-drill to extract iron ore")
iron_drill_position = place_entity("burner-mining-drill", direction=UP, position=nearest_buildable("burner-mining-drill"))

comment("Grab coal and refill the burner miners")
coal_pile_position = (drill_position[0] - 1, drill_position[1])
pickup_entity("coal", coal_pile_position)
insert_item("coal", target_position=stone_drill_position, quantity=1)

[92m4: Error: Could not place burner-mining-drill.  No burner mining drill in inventory.
[94mcomment("I need to craft a burner-mining-drill before placing it")
coal_position = nearest("coal")
move_to(coal_position)
comment("Check and gather required materials to craft a burner-mining-drill")
inventory = inspect_inventory()
if 'iron-gear-wheel' not in inventory or inventory['iron-gear-wheel'] < 1:
    craft_item('iron-gear-wheel', quantity=1)
if 'iron-plate' not in inventory or inventory['iron-plate'] < 3:
    craft_item('iron-plate', quantity=3)
craft_item("burner-mining-drill", quantity=1)
[94mcomment("Now that the burner-mining-drill is crafted, let's place it at the coal deposit")
move_to(coal_position)
drill_position = place_entity("burner-mining-drill", direction=DOWN, position=nearest_buildable("burner-mining-drill"))
[94mcomment("Move back to the stone source and craft another burner-mining-drill for it")
move_to(stone_position)
inventory = inspect_inventory()
if 'iron-gear-wheel' not in inventory or inventory['iron-gear-wheel'] < 1:
    craft_item('iron-gear-wheel', quantity=1)
if 'iron-plate' not in inventory or inventory['iron-plate'] < 3:
    craft_item('iron-plate', quantity=3)
craft_item("burner-mining-drill", quantity=1)
stone_drill_position = place_entity("burner-mining-drill", direction=UP, position=nearest_buildable("burner-mining-drill"))
[92m5: Error: Could not craft a burner-mining-drill. "global.actions.craft item = function(player i..."]:73: Failed to craft 1x burner-mining-drill because missing ingredient stone
[94mcomment("Check available resources around")
resources = inspect_resources()
comment("Check trees around the player")
trees_positions = inspect_entities(20, "tree")
move_to(coal_position)
comment("Harvest 5 stones")
move_to(stone_position)
harvest_resource(stone_position, quantity=5)
