[94mcomment("Check the resources available in the area")
resources = inspect_resources()
[94mcomment("Inspect entities around me")
entities = inspect_entities(20)

comment("Examine my current inventory")
inventory = inspect_inventory()
[94mcomment("Locate nearest coal deposit and mining setup")
coal_position = nearest('coal')
move_to(coal_position)
nearest_buildable_drill_position = nearest_buildable('burner-mining-drill')
place_entity('burner-mining-drill', direction=DOWN, position=nearest_buildable_drill_position)
[92m4: (-8, -4)
[94mcomment("Place a wooden chest next to the burner-mining-drill")
chest_position = place_entity_next_to('wooden-chest', reference_position=(-8, -4), direction=DOWN, gap=1)
[94mcomment("Inspect my inventory and check for coal")
inventory = inspect_inventory()
[94mif 'coal' in inventory:
    comment("Insert coal into the burner-mining-drill to fuel it")
    insert_item('coal', target_position=(-8, -4), quantity=1)
else:
    comment("Harvest coal and insert it into the burner-mining-drill")
    harvest_resource(coal_position, quantity=4)
    extract_item('coal', source_position=(-8, -4), quantity=2)
    move_to((-8, -4))
    insert_item('coal', target_position=(-8, -4), quantity=1)

comment("Locate nearest iron ore and setup drill")
iron_ore_position = nearest('iron-ore')
move_to(iron_ore_position)
nearest_buildable_drill_position = nearest_buildable('burner-mining-drill')
place_entity('burner-mining-drill', direction=UP, position=nearest_buildable_drill_position)
[92m5: Error: Could not place burner-mining-drill.  No burner mining drill in inventory.
[94mcomment("Check if there's a burner-mining-drill in the inventory")
inventory = inspect_inventory()

if 'burner-mining-drill' not in inventory:
    comment("Craft a burner-mining-drill and proceed")
    craft_item('burner-mining-drill', quantity=1)

comment("Locate nearest iron ore and setup drill")
iron_ore_position = nearest('iron-ore')
move_to(iron_ore_position)
nearest_buildable_drill_position = nearest_buildable('burner-mining-drill')
place_entity('burner-mining-drill', direction=UP, position=nearest_buildable_drill_position)
[92m7: Error: Could not place burner-mining-drill.  Cannot place burner-mining-drill due to missing minable resource on the tile.
[94mcomment("Find the nearest buildable position on the iron ore tile")
nearest_buildable_drill_position = nearest_buildable('burner-mining-drill', iron_ore_position)
[94mcomment("Place the burner-mining-drill on the iron ore tile")
place_entity('burner-mining-drill', direction=UP, position=nearest_buildable_drill_position)
[92m1: Error: Could not place burner-mining-drill.  Cannot place burner-mining-drill due to missing minable resource on the tile.
[94mcomment("Move closer to the iron ore position and try placing the burner-mining-drill")
move_to(iron_ore_position, laying='transport-belt')
nearest_buildable_drill_position = nearest_buildable('burner-mining-drill', iron_ore_position)
place_entity('burner-mining-drill', direction=UP, position=nearest_buildable_drill_position)
[92m3: Error: Could not place burner-mining-drill.  Cannot place burner-mining-drill due to missing minable resource on the tile.
[94mcomment("Manually adjust the burner-mining-drill position")
adjusted_drill_position = (iron_ore_position[0] + 1, iron_ore_position[1])
place_entity('burner-mining-drill', direction=UP, position=adjusted_drill_position)
[92m2: Error: Could not place burner-mining-drill.  Cannot place burner-mining-drill due to missing minable resource on the tile.
[94mcomment("Try placing the burner-mining-drill in various directions to find a suitable position")
directions = [UP, DOWN, LEFT, RIGHT]
successful_placement = False

for direction in directions:
    try:
        place_entity('burner-mining-drill', direction=direction, position=iron_ore_position)
        successful_placement = True
        break
    except ValueError:
        continue

if not successful_placement:
    comment("Failed to place the burner-mining-drill. Try moving closer to the iron ore and repeating the process.")
    move_to((iron_ore_position[0] + 1, iron_ore_position[1]))
    for direction in directions:
        try:
            place_entity('burner-mining-drill', direction=direction, position=iron_ore_position)
            break
        except ValueError:
            continue
[92m3: Error: Could not place burner-mining-drill.  Cannot place burner-mining-drill due to missing minable resource on the tile.
[94mcomment("Inspect the iron ore position to ensure it contains minable resource")
resource_data = inspect_resources()
minable_iron_ore_positions = resource_data["iron-ore"]
[92m2: Error: iron-ore
[94mcomment("Looks like there was a misunderstanding on the iron ore position. Let's find the nearest iron ore position again.")
nearest_iron_ore_position = nearest('iron-ore')
[94mcomment("Now move closer to the nearest iron ore position and try placing the burner-mining-drill")
move_to(nearest_iron_ore_position)
[94mcomment("Try placing the burner-mining-drill in various directions again")
successful_placement = False
[94mfor direction in directions:
    try:
        place_entity('burner-mining-drill', direction=direction, position=nearest_iron_ore_position)
        successful_placement = True
        break
    except ValueError:
        continue

if not successful_placement:
    comment("Failed to place the burner-mining-drill. Try moving closer to the iron ore and repeating the process.")
    move_to((nearest_iron_ore_position[0] + 1, nearest_iron_ore_position[1]))
    for direction in directions:
        try:
            place_entity('burner-mining-drill', direction=direction, position=nearest_iron_ore_position)
            break
        except ValueError:
            continue
[94mcomment("Move closer to the nearest coal position and place a burner-mining-drill")
nearest_coal_position = nearest('coal')
move_to(nearest_coal_position)
successful_placement = False
for direction in directions:
    try:
        place_entity('burner-mining-drill', direction=direction, position=nearest_coal_position)
        successful_placement = True
        break
    except ValueError:
        continue

if not successful_placement:
    comment("Failed to place the burner-mining-drill for coal. Try moving closer to the coal and repeating the process.")
    move_to((nearest_coal_position[0] + 1, nearest_coal_position[1]))
    for direction in directions:
        try:
            place_entity('burner-mining-drill', direction=direction, position=nearest_coal_position)
            break
        except ValueError:
            continue

[92m4: Error: Could not place burner-mining-drill.  No burner mining drill in inventory.
