[94m# Let's start by observing our surroundings and available resources
inspect_resources()
inspect_entities(20)
[92mLine 1: {'coal': {'size': 100, 'direction': {'offset': 10, 'named_direction': 'northwest', 'min_coordinates': (-17, -14), 'max_coordinates': (-8, -5)}}, 'iron_ore': {'size': 100, 'direction': {'offset': 10, 'named_direction': 'east-northeast', 'min_coordinates': (22, -14), 'max_coordinates': (31, -5)}}, 'stone': {'size': 100, 'direction': {'offset': 10, 'named_direction': 'southwest', 'min_coordinates': (-17, 6), 'max_coordinates': (-8, 15)}}, 'copper_ore': {'size': 100, 'direction': {'offset': 10, 'named_direction': 'east-southeast', 'min_coordinates': (22, 6), 'max_coordinates': (31, 15)}}, 'uranium_ore': {'size': 100, 'direction': {'offset': 30, 'named_direction': 'southeast', 'min_coordinates': (22, 26), 'max_coordinates': (31, 35)}}, 'tree_01': {'size': 4219, 'directions': [{'distance': 23, 'unit': 'km', 'direction': 'northwest'}, {'distance': 17, 'unit': 'km', 'direction': 'north-northwest'}, {'distance': 16, 'unit': 'km', 'direction': 'north'}, {'distance': 16, 'unit': 'km', 'direction': 'north-northeast'}, {'distance': 21, 'unit': 'km', 'direction': 'northeast'}, {'distance': 1, 'unit': 'km', 'direction': 'east-northeast'}, {'distance': 3, 'unit': 'km', 'direction': 'west-northwest'}, {'distance': 760, 'unit': 'metres', 'direction': 'west'}, {'distance': 32, 'unit': 'metres', 'direction': 'east'}, {'distance': 4, 'unit': 'km', 'direction': 'west-southwest'}, {'distance': 720, 'unit': 'metres', 'direction': 'east-southeast'}, {'distance': 17, 'unit': 'km', 'direction': 'southeast'}, {'distance': 17, 'unit': 'km', 'direction': 'southwest'}, {'distance': 13, 'unit': 'km', 'direction': 'south-southwest'}, {'distance': 13, 'unit': 'km', 'direction': 'south-southeast'}, {'distance': 11, 'unit': 'km', 'direction': 'south'}], 'scattered': True}}
Line 2: {'entities': [{'type': 'player_character', 'direction': 'west', 'position': (0, 0), 'status': 'empty'}]}
Score: {'player': 139, 'enemy': 0, 'neutral': 0}
[94m# I see that there is coal nearby, so I will move to it and place a burner mining drill to extract it
coal_position = nearest('coal')
move_to(coal_position)
place_entity('burner-mining-drill', direction=LEFT, position=(coal_position[0]-2, coal_position[1])) 
[92mLine 1: Executed successfully
Line 2: (-10, -5)
Score: {'player': 139, 'enemy': 0, 'neutral': 0}
[94m# The burner mining drill has been placed and is mining coal. I will add a burner furnace and a transport belt to smelt the coal into iron plates.
move_to(coal_position, laying='transport-belt')
place_entity('stone-furnace', direction=LEFT, position=(coal_position[0]-4, coal_position[1]))
connect_entities(source_position=(coal_position[0]-2, coal_position[1]), target_position=(coal_position[0]-4, coal_position[1]), connection_type='transport-belt')
[92mLine 1: (-12, -5)
Line 2: Error: Could not connect (-10, -5) to (-12, -5).. Cannot place connector here
Score: {'player': 139, 'enemy': 0, 'neutral': 0}
[94m# I forgot that the transport belt has to be placed before connecting the entities. Let me try that again.
move_to(coal_position, laying='transport-belt')
place_entity('stone-furnace', direction=LEFT, position=(coal_position[0]-4, coal_position[1]))
place_entity('transport-belt', direction=LEFT, position=(coal_position[0]-2, coal_position[1]))
connect_entities(source_position=(coal_position[0]-2, coal_position[1]), target_position=(coal_position[0]-4, coal_position[1]), connection_type='transport-belt')
[92mLine 1: Error: Could not place stone-furnace. No stone furnace in inventory
Score: {'player': 139, 'enemy': 0, 'neutral': 0}
[94m# I forgot to craft a stone furnace before I tried to place it. I will do that first.
craft_item('stone-furnace', quantity=1)
move_to(coal_position, laying='transport-belt')
place_entity('stone-furnace', direction=LEFT, position=(coal_position[0]-4, coal_position[1]))
place_entity('transport-belt', direction=LEFT, position=(coal_position[0]-2, coal_position[1]))
connect_entities(source_position=(coal_position[0]-2, coal_position[1]), target_position=(coal_position[0]-4, coal_position[1]), connection_type='transport-belt')
[92mLine 1: Error: Could not craft a stone-furnace. Failed to craft 1x stone furnace because missing ingredient stone
Score: {'player': 139, 'enemy': 0, 'neutral': 0}
[94m# I don't have enough resources to craft a stone furnace. I will look for stones in the vicinity and mine them.
stones_position = nearest('stone')
move_to(stones_position)
harvest_resource(stones_position, quantity=10)
[92mLine 1: Executed successfully
Line 2: Error: Could not harvest.. Nothing within reach to harvest
Score: {'player': 403, 'enemy': 0, 'neutral': 0}
[94m# I don't see any stones nearby to harvest. Let me look for a new location.
new_position = (0, -20)
move_to(new_position)
stones_position = nearest('stone')
move_to(stones_position)
harvest_resource(stones_position, quantity=10)
[92mLine 1: Executed successfully
Line 2: Executed successfully
Line 3: Error: Could not harvest.. Nothing within reach to harvest
Score: {'player': 619, 'enemy': 0, 'neutral': 0}
[94m# There are no stones to harvest here too. Let me look for a new location to find stones.
new_position = (15, 5)
move_to(new_position)
stones_position = nearest('stone')
move_to(stones_position)
harvest_resource(stones_position, quantity=10)
[92mLine 1: Executed successfully
Line 2: Executed successfully
Line 3: Error: Could not harvest.. Nothing within reach to harvest
Score: {'player': 835, 'enemy': 0, 'neutral': 0}
[94m# I need to find a place where I can extract some stones. I will look for some cliffs nearby.
cliff_position = nearest('cliff')
move_to(cliff_position)
place_entity('stone-furnace', direction=LEFT, position=(cliff_position[0]+2, cliff_position[1]))
place_entity('transport-belt', direction=LEFT, position=(cliff_position[0], cliff_position[1]-1))
connect_entities(source_position=(cliff_position[0], cliff_position[1]-1), target_position=(cliff_position[0]+2, cliff_position[1]), connection_type='transport-belt')
[92mError: Evaluation timed out
[94m# I may have timed out previously because the current location was too far from the nearest cliff. I will search for cliffs again, closer to me.
cliff_position = nearest('cliff')
move_to(cliff_position)
place_entity('stone-furnace', direction=LEFT, position=(cliff_position[0]+2, cliff_position[1]))
place_entity('transport-belt', direction=LEFT, position=(cliff_position[0], cliff_position[1]-1))
connect_entities(source_position=(cliff_position[0], cliff_position[1]-1), target_position=(cliff_position[0]+2, cliff_position[1]), connection_type='transport-belt')
