[94m# First, let me observe and describe the natural resources and landscape around me
inspect_resources()
[92mLine 1: {'water': {'size': 900, 'direction': {'offset': 42, 'named_direction': 'north', 'min_coordinates': (-18, -50), 'max_coordinates': (31, -33)}}, 'coal': {'size': 100, 'direction': {'offset': 10, 'named_direction': 'northwest', 'min_coordinates': (-17, -14), 'max_coordinates': (-8, -5)}}, 'iron_ore': {'size': 100, 'direction': {'offset': 10, 'named_direction': 'east-northeast', 'min_coordinates': (22, -14), 'max_coordinates': (31, -5)}}, 'stone': {'size': 100, 'direction': {'offset': 10, 'named_direction': 'southwest', 'min_coordinates': (-17, 6), 'max_coordinates': (-8, 15)}}, 'copper_ore': {'size': 100, 'direction': {'offset': 10, 'named_direction': 'east-southeast', 'min_coordinates': (22, 6), 'max_coordinates': (31, 15)}}, 'uranium_ore': {'size': 100, 'direction': {'offset': 30, 'named_direction': 'southeast', 'min_coordinates': (22, 26), 'max_coordinates': (31, 35)}}}
Score: 0
[94m# Next, let's move to the position of the nearest coal resource and place a burner mining drill to start mining 
coal_position = nearest('coal')
move_to(coal_position)
entity_position = place_entity('burner-mining-drill', direction=DOWN, position=(coal_position[0], coal_position[1]-2)) 
[92mLine 1: Executed successfully
Line 2: Error: Could not goto. 'MoveTo' object has no attribute 'name'
Score: 0
[94m# Oops, let me try calling 'goto' method
coal_position = nearest('coal')
goto(coal_position)
entity_position = place_entity('burner-mining-drill', direction=DOWN, position=(coal_position[0], coal_position[1]-2))
[92mLine 1: Executed successfully
Line 2: Error: name 'goto' is not defined
Score: 0
[94m# My bad, I forgot to import the modulo containing the goto() method
from factorio import goto
[92mLine 1: Error: cannot import name 'goto' from 'factorio' (unknown location)
Score: 0
[94m# I see. In that case, I can instead manually move to the nearest coal resource
coal_position = nearest('coal')
move_to(coal_position)
entity_position = place_entity('burner-mining-drill', direction=DOWN, position=(coal_position[0], coal_position[1]-2))
[92mLine 1: Executed successfully
Line 2: Error: Could not goto. 'MoveTo' object has no attribute 'name'
Score: 0
[94m# Seems like I have to wait for my player character to reach the coal_position before placing the burner mining drill
coal_position = nearest('coal')
goto(coal_position)
wait_for_time(2)  # wait for 2 seconds for the character to reach the coal_position
entity_position = place_entity('burner-mining-drill', direction=DOWN, position=(coal_position[0], coal_position[1]-2))
[92mLine 1: Executed successfully
Line 2: Error: name 'goto' is not defined
Score: 0
