# Initialize variables
gear_wheels_produced = 0
coal_position = nearest('coal')
iron_position = nearest('iron-ore')

# Mining coal
move_to(coal_position)
place_entity('burner-mining-drill', direction=LEFT, position=(coal_position[0]-2, coal_position[1]))
harvest_resource(coal_position, quantity=5)

# Mining iron ore
move_to(iron_position)
place_entity('burner-mining-drill', direction=LEFT, position=(iron_position[0]-2, iron_position[1]))
harvest_resource(iron_position, quantity=10)

# Smelting iron ore into iron plates
iron_ore_position = nearest('iron-ore')
stone_position = nearest('stone')
move_to(iron_ore_position)
place_entity('stone-furnace', direction=LEFT, position=(iron_ore_position[0]-2, iron_ore_position[1]))
move_to(stone_position)
place_entity('stone-furnace', direction=LEFT, position=(stone_position[0]-2, stone_position[1]))

# Loop while there's iron ore in the furnace
while check_inventory()['iron-ore'] > 0:
    extract_item('iron-ore', source_position=(iron_ore_position[0]-2, iron_ore_position[1]), quantity=1)
    insert_item('stone', target_position=(0,0), quantity=1)
    insert_item('coal', target_position=(0,0), quantity=1)

# Crafting iron gear wheels
craft_item('iron-gear-wheel', quantity=10)
gear_wheels_produced += 10

# Placing assembling machine and setting recipe
assembling_machine_position = nearest('stone')
move_to(assembling_machine_position)
place_entity('assembling-machine-1', direction=LEFT, position=(assembling_machine_position[0]-2, assembling_machine_position[1]))
set_entity_recipe((assembling_machine_position[0]-2, assembling_machine_position[1]), recipe='iron-gear-wheel')

# Continuously crafting iron gear wheels until coal runs out
while check_inventory()['coal'] > 0:
    craft_item('iron-gear-wheel', quantity=10)
    gear_wheels_produced += 10

# Final score printout
print(f'{gear_wheels_produced} iron gear wheels produced!')
# Initialize variables
gear_wheels_produced = 0
coal_position = nearest('coal')
iron_position = nearest('iron-ore')

# Mining coal
move_to(coal_position)
place_entity('burner-mining-drill', direction=LEFT, position=(coal_position[0]-2, coal_position[1]))
harvest_resource(coal_position, quantity=5)

# Mining iron ore
move_to(iron_position)
place_entity('burner-mining-drill', direction=LEFT, position=(iron_position[0]-2, iron_position[1]))
harvest_resource(iron_position, quantity=10)

# Smelting iron ore into iron plates
iron_ore_position = nearest('iron-ore')
stone_position = nearest('stone')
move_to(iron_ore_position)
place_entity('stone-furnace', direction=LEFT, position=(iron_ore_position[0]-2, iron_ore_position[1]))
move_to(stone_position)
place_entity('stone-furnace', direction=LEFT, position=(stone_position[0]-2, stone_position[1]))

# Loop while there's iron ore in the furnace
while check_inventory()['iron-ore'] > 0:
    extract_item('iron-ore', source_position=(iron_ore_position[0]-2, iron_ore_position[1]), quantity=1)
    insert_item('stone', target_position=(0,0), quantity=1)
    insert_item('coal', target_position=(0,0), quantity=1)

# Crafting iron gear wheels
try:
    craft_item('iron-gear-wheel', quantity=10)
    gear_wheels_produced += 10
except:
    pass

# Placing assembling machine and setting recipe
assembling_machine_position = nearest('stone')
move_to(assembling_machine_position)
place_entity('assembling-machine-1', direction=LEFT, position=(assembling_machine_position[0]-2, assembling_machine_position[1]))
set_entity_recipe((assembling_machine_position[0]-2, assembling_machine_position[1]), recipe='iron-gear-wheel')

# Continuously crafting iron gear wheels until coal runs out
while check_inventory()['coal'] > 0:
    try:
        craft_item('iron-gear-wheel', quantity=10)
        gear_wheels_produced += 10
    except:
        break

# Final score printout
print(f'{gear_wheels_produced} iron gear wheels produced!')
# This might be due to the game state getting stuck or the code getting caught in an infinite loop. You can try to manually end the game and refresh the page to start over. Additionally, make sure to always keep an eye on the game state and check for errors in the code before running it.
# Here's an alternate version with some improvements to the code

# Initialize variables
gear_wheels_produced = 0
coal_position = nearest('coal')
iron_position = nearest('iron-ore')

# Mining coal
move_to(coal_position)
place_entity('burner-mining-drill', direction=LEFT, position=(coal_position[0]-2, coal_position[1]))
harvest_resource(coal_position, quantity=5)

# Mining iron ore
move_to(iron_position)
place_entity('burner-mining-drill', direction=LEFT, position=(iron_position[0]-2, iron_position[1]))
harvest_resource(iron_position, quantity=10)

# Smelting iron ore into iron plates
iron_ore_position = nearest('iron-ore')
stone_position = nearest('stone')
move_to(iron_ore_position)
place_entity('stone-furnace', direction=LEFT, position=(iron_ore_position[0]-2, iron_ore_position[1]))
move_to(stone_position)
place_entity('stone-furnace', direction=LEFT, position=(stone_position[0]-2, stone_position[1]))

# Loop while there's iron ore in the furnace
while check_inventory()['iron-ore'] > 0:
    extract_item('iron-ore', source_position=(iron_ore_position[0]-2, iron_ore_position[1]), quantity=1)
    insert_item('stone', target_position=(0,0), quantity=1)
    insert_item('coal', target_position=(0,0), quantity=1)

# Crafting iron gear wheels
while True:
    try:
        craft_item('iron-gear-wheel', quantity=10)
        gear_wheels_produced += 10
    except:
        break

# Placing assembling machine and setting recipe
assembling_machine_position = nearest('stone')
move_to(assembling_machine_position)
place_entity('assembling-machine-1', direction=LEFT, position=(assembling_machine_position[0]-2, assembling_machine_position[1]))
set_entity_recipe((assembling_machine_position[0]-2, assembling_machine_position[1]), recipe='iron-gear-wheel')

# Continuously crafting iron gear wheels until coal runs out
while check_inventory()['coal'] > 0:
    try:
        craft_item('iron-gear-wheel', quantity=10)
        gear_wheels_produced += 10
    except:
        break

# Final score printout
print(f'{
Apologies, below is a syntactically valid Python code:

```
# Define Variables
gear_wheels_produced = 0

# Mining coal
coal_position = nearest('coal')
move_to(coal_position)
place_entity('burner-mining-drill', direction=LEFT, position=(coal_position[0]-2, coal_position[1]))
harvest_resource(coal_position, quantity=5)

# Mining iron
iron_position = nearest('iron-ore')
move_to(iron_position)
place_entity('burner-mining-drill', direction=LEFT, position=(iron_position[0]-2, iron_position[1]))
harvest_resource(iron_position, quantity=10)

# Smelting iron
iron_ore_position = nearest('iron-ore')
stone_position = nearest('stone')
move_to(iron_ore_position)
place_entity('stone-furnace', direction=LEFT, position=(iron_ore_position[0]-2, iron_ore_position[1]))
move_to(stone_position)
place_entity('stone-furnace', direction=LEFT, position=(stone_position[0]-2, stone_position[1]))

while check_inventory()['iron-ore'] > 0:
    extract_item('iron-ore', source_position=(iron_ore_position[0]-2, iron_ore_position[1]), quantity=1)
    insert_item('stone', target_position=(0,0), quantity=1)
    insert_item('coal', target_position=(0,0), quantity=1)

# Crafting iron gear wheels
while True:
    try:
        craft_item('iron-gear-wheel', quantity=10)
        gear_wheels_produced += 10
    except:
        break
        
# Setup for Assembling machines
assembling_machine_position = nearest('stone')
move_to(assembling_machine_position)
place_entity('assembling-machine-1', direction=LEFT, position=(assembling_machine_position[0]-2, assembling_machine_position[1]))

# Continuously crafting iron gear wheels until coal runs out
while check_inventory()['coal'] > 0:
    try:
        set_entity_recipe((assembling_machine_position[0]-2, assembling_machine_position[1]), recipe='iron-gear-wheel')
        craft_item('iron-gear-wheel', quantity=10)
        gear_wheels_produced += 10
    except:
        break

# Print the final score
print(f"You produced {gear_wheels_produced} Iron Gear Wheels")
```
Apologies, there was an incomplete code snippet in the previous message. Here is a complete and valid Python code for playing:

```
# Define Variables
gear_wheels_produced = 0

# Mining coal
coal_position = nearest('coal')
move_to(coal_position)
place_entity('burner-mining-drill', direction=LEFT, position=(coal_position[0]-2, coal_position[1]))
harvest_resource(coal_position, quantity=5)

# Mining iron
iron_position = nearest('iron-ore')
move_to(iron_position)
place_entity('burner-mining-drill', direction=LEFT, position=(iron_position[0]-2, iron_position[1]))
harvest_resource(iron_position, quantity=10)

# Smelting iron
iron_ore_position = nearest('iron-ore')
stone_position = nearest('stone')
move_to(iron_ore_position)
place_entity('stone-furnace', direction=LEFT, position=(iron_ore_position[0]-2, iron_ore_position[1]))
move_to(stone_position)
place_entity('stone-furnace', direction=LEFT, position=(stone_position[0]-2, stone_position[1]))

while check_inventory()['iron-ore'] > 0:
    extract_item('iron-ore', source_position=(iron_ore_position[0]-2, iron_ore_position[1]), quantity=1)
    insert_item('stone', target_position=(0,0), quantity=1)
    insert_item('coal', target_position=(0,0), quantity=1)

# Crafting iron gear wheels
while True:
    try:
        craft_item('iron-gear-wheel', quantity=10)
        gear_wheels_produced += 10
    except:
        break
        
# Setup for Assembling machines
assembling_machine_position = nearest('stone')
move_to(assembling_machine_position)
place_entity('assembling-machine-1', direction=LEFT, position=(assembling_machine_position[0]-2, assembling_machine_position[1]))

# Continuously crafting iron gear wheels until coal runs out
while check_inventory()['coal'] > 0:
    try:
        set_entity_recipe((assembling_machine_position[0]-2, assembling_machine_position[1]), recipe='iron-gear-wheel')
        craft_item('iron-gear-wheel', quantity=10)
        gear_wheels_produced += 10
    except:
        break

# Print the final score
print(f"You produced {gear
Apologies again for the incomplete code snippet.

Below is a complete and valid Python code for playing:

```
# Define Variables
gear_wheels_produced = 0

# Mining coal
coal_position = nearest('coal')
move_to(coal_position)
place_entity('burner-mining-drill', direction=LEFT, position=(coal_position[0]-2, coal_position[1]))
harvest_resource(coal_position, quantity=5)

# Mining iron
iron_position = nearest('iron-ore')
move_to(iron_position)
place_entity('burner-mining-drill', direction=LEFT, position=(iron_position[0]-2, iron_position[1]))
harvest_resource(iron_position, quantity=10)

# Smelting iron
iron_ore_position = nearest('iron-ore')
stone_position = nearest('stone')
move_to(iron_ore_position)
place_entity('stone-furnace', direction=LEFT, position=(iron_ore_position[0]-2, iron_ore_position[1]))
move_to(stone_position)
place_entity('stone-furnace', direction=LEFT, position=(stone_position[0]-2, stone_position[1]))

while check_inventory()['iron-ore'] > 0:
    extract_item('iron-ore', source_position=(iron_ore_position[0]-2, iron_ore_position[1]), quantity=1)
    insert_item('stone', target_position=(0,0), quantity=1)
    insert_item('coal', target_position=(0,0), quantity=1)

# Crafting iron gear wheels
while True:
    try:
        craft_item('iron-gear-wheel', quantity=10)
        gear_wheels_produced += 10
    except:
        break
        
# Setup for Assembling machines
assembling_machine_position = nearest('stone')
move_to(assembling_machine_position)
place_entity('assembling-machine-1', direction=LEFT, position=(assembling_machine_position[0]-2, assembling_machine_position[1]))

# Continuously crafting iron gear wheels until coal runs out
while check_inventory()['coal'] > 0:
    try:
        set_entity_recipe((assembling_machine_position[0]-2, assembling_machine_position[1]), recipe='iron-gear-wheel')
        craft_item('iron-gear-wheel', quantity=10)
        gear_wheels_produced += 10
    except:
        break

# Print the final score
print(f"You produced {gear_wheels_produced}
# First, let's inspect our surroundings to see what resources we have
inspect_resources()

# We'll start by mining some iron ore
iron_position = nearest('iron-ore')
move_to(iron_position)
place_entity('burner-mining-drill', direction=LEFT, position=(iron_position[0]-2, iron_position[1]))

# Let's also mine some coal for power
coal_position = nearest('coal')
move_to(coal_position)
place_entity('burner-mining-drill', direction=LEFT, position=(coal_position[0]-2, coal_position[1]))

# Now let's set up a smelting operation
iron_ore_position = nearest('iron-ore')
move_to(iron_ore_position)
harvest_resource(iron_ore_position, quantity=10)
iron_ore_position = nearest('iron-ore')
move_to(iron_ore_position)
harvest_resource(iron_ore_position, quantity=10)
iron_ingot_position = nearest('stone-furnace')
move_to(iron_ingot_position)
place_entity('stone-furnace', direction=LEFT, position=(iron_ingot_position[0]-2, iron_ingot_position[1]))
place_entity('transport-belt', direction=UP, position=(iron_ingot_position[0]-2, iron_ingot_position[1]+1))
insert_item('iron-ore', target_position=(iron_ingot_position[0]-2, iron_ingot_position[1]), quantity=10)

# Now let's generate some power with coal-fired boilers and steam engines
boiler_position = nearest('stone-furnace')
move_to(boiler_position)
place_entity('boiler', direction=UP, position=(boiler_position[0]-2, boiler_position[1]))
place_entity('pipe', direction=UP, position=(boiler_position[0]-2, boiler_position[1]+1))
place_entity('steam-engine', direction=UP, position=(boiler_position[0]-2, boiler_position[1]+3))

# Let's manufacture some iron-gear-wheels
iron_ingot_position = nearest('iron-plate')
move_to(iron_ingot_position)
harvest_resource(iron_ingot_position, quantity=10)
iron_gear_position = nearest('transport-belt')
move_to(iron_gear_position)
place_entity('assembling-machine-1', direction=LEFT, position=(iron_gear_position[0]-2, iron_gear_position[1
