[94mcomment("Plan:")
[94m
[94m
comment("First, we need to mine some iron ore and then smelt it in the furnace to obtain iron plates. We can then use those iron plates to craft more advanced items.")
[94mmove_to(ore)
harvest_resource(ore, quantity=10)
stone_furnace_pos = nearest('stone-furnace')
move_to(stone_furnace_pos)
insert_item('iron-ore',target_position=stone_furnace_pos,quantity=10)
craft_item('iron-plate',quantity=10)
[91mError line 4: No iron-ore to place
[94mcomment("We need to check our inventory first to see if we have any iron ore.")
[94minventory = inspect_inventory()
[94mcomment("Now, let's insert the iron ore into the furnace to smelt it.")
[94mif inventory.get('iron-ore', 0) > 0:
    move_to(stone_furnace_pos)
    insert_item('iron-ore', target_position=stone_furnace_pos, quantity=10) 
else:
    comment("No iron-ore in inventory")
[94mcomment("Now, we need to make sure the furnace has fuel, and wait for it to finish smelting.")
[94minventory = inspect_inventory()
if inventory.get('coal', 0) > 0:
    if inspect_entities(radius=2).get('stone-furnace', {}).get('energy_usage', 0) < 100:
        insert_item('coal', target_position=nearest('stone-furnace'), quantity=1)
else:
    comment("No coal in inventory to refuel furnace")
[91mError line 1: 'list' object has no attribute 'get'
[94mcomment("I see. The inspect_inventory() function returns a list instead of a dictionary. We need to adjust the code accordingly.")
[94minventory = {}
for item in inspect_inventory():
    if item['name'] in inventory:
        inventory[item['name']] += item['count']
    else:
        inventory[item['name']] = item['count']
[91mError line 1: string indices must be integers
[94mcomment("I see what went wrong. We need to iterate over the list of items instead of the list returned by inspect_inventory(). Let's fix that.")
[94minventory = {}
for item in inspect_inventory():
    inventory[item['name']] = item['count']
    
if inventory.get('coal', 0) > 0:
    move_to(stone_furnace_pos)
    insert_item('coal', target_position=stone_furnace_pos, quantity=20)
    while True:
        if any(entity['name'] == 'stone-furnace' and entity['burner']['remaining_fuel'] != 0 for entity in inspect_entities()):
            break
        else:
            wait(1)
else:
    comment("No coal in inventory.")
[91mError line 1: string indices must be integers
[94mcomment("I see what went wrong. We need to iterate over the list of items instead of the list returned by inspect_inventory(). Let's fix that.")
