# Command 1: Move to a nearby coal deposit and place a burner mining drill to gather coal.
# Check if we have a burner mining drill in the inventory
drills = check_inventory().get('burner-mining-drill', 0)
# Command 2: Place a furnace to smelt iron ore into iron plates.
# Command 1: Move to a nearby coal deposit and place a burner mining drill to gather coal.
coal_position = nearest('coal')
move_to(coal_position)
if drills > 0:
    place_entity('burner-mining-drill', direction=LEFT, position=(coal_position[0]-2, coal_position[1]))
# Command 1: Move to a nearby coal deposit and check if we can place a burner mining drill
coal_position = nearest('coal')
move_to(coal_position)
if 'burner-mining-drill' in inspect_entities():
    # Command 2: If a mining drill can be placed, place one 2 tiles to the left of the coal deposit
    place_entity('burner-mining-drill', direction=LEFT, position=(coal_position[0]-2, coal_position[1]))
else:
    print("Can't place a mining drill here, need to inspect surroundings")
# Command 1: Move to a nearby coal deposit and check if we can place a burner mining drill
coal_position = nearest('coal')
move_to(coal_position)
if 'burner-mining-drill' in inspect_entities(5):
    # Command 2: If a mining drill can be placed, place one 2 tiles to the left of the coal deposit
    place_entity('burner-mining-drill', direction=LEFT, position=(coal_position[0]-2, coal_position[1]))
else:
    print("Can't place a mining drill here, need to inspect surroundings")
# Command 1: Move to a nearby coal deposit and check if we can place a burner mining drill
coal_position = nearest('coal')
move_to(coal_position)
if 'burner-mining-drill' in inspect_entities(5):
    # Command 2: If a mining drill can be placed, place one 2 tiles to the left of the coal deposit
    place_entity('burner-mining-drill', direction=LEFT, position=(coal_position[0]-2, coal_position[1]))
else:
    print("Can't place a mining drill here, need to inspect surroundings")
# Command 1: Move to a nearby coal deposit and check if we can place a burner mining drill
coal_position = nearest('coal')
move_to(coal_position)
if 'burner-mining-drill' in inspect_entities(5):
    # Command 2: If a mining drill can be placed, place one 2 tiles to the left of the coal deposit
    place_entity('burner-mining-drill', direction=LEFT, position=(coal_position[0]-2, coal_position[1]))
else:
    print("Can't place a mining drill here, need to inspect surroundings")
# Command 1: Check inventory for iron ore, and move to nearby iron ore location if not in inventory
inventory = check_inventory()
if 'iron-ore' not in inventory:
    ore_position = nearest('iron-ore')
    move_to(ore_position)
    harvest_resource(ore_position, quantity=5)
# Command 1: Move to a nearby coal deposit and check if we can place a burner mining drill
coal_position = nearest('coal')
move_to(coal_position)
if 'burner-mining-drill' in inspect_entities(5):
    # Command 2: If a mining drill can be placed, place one 2 tiles to the left of the coal deposit
    place_entity('burner-mining-drill', direction=LEFT, position=(coal_position[0]-2, coal_position[1]))
else:
    print("Can't place a mining drill here, need to inspect surroundings")
# Command 1: Automate coal gathering by placing a burner mining drill on a nearby coal deposit and inserting coal into a furnace.
# Command 1: Move to a nearby coal deposit and check if we can place a burner mining drill
coal_position = nearest('coal')
move_to(coal_position)
if 'burner-mining-drill' in inspect_entities(5):
    # Command 2: If a mining drill can be placed, place one 2 tiles to the left of the coal deposit
    place_entity('burner-mining-drill', direction=LEFT, position=(coal_position[0]-2, coal_position[1]))
else:
    print("Can't place a mining drill here, need to inspect surroundings")
# Command 3: Check inventory for iron ore, and move to nearby iron ore location if not in inventory
inventory = check_inventory()
if 'iron-ore' not in inventory:
    ore_position = nearest('iron-ore')
    move_to(ore_position)
    # Command 4: Harvest or mine 5 units of iron ore
    if 'iron-ore' in inspect_resources():
        harvest_resource(ore_position, quantity=5)
    else:
        print("Can't harvest ore here, need to inspect surroundings")
# Command 1: Move to a nearby coal deposit and check if we can place a burner mining drill
coal_position = nearest('coal')
move_to(coal_position)
if 'burner-mining-drill' in inspect_entities(5):
    # Command 2: If a mining drill can be placed, place one 2 tiles to the left of the coal deposit
    place_entity('burner-mining-drill', direction=LEFT, position=(coal_position[0]-2, coal_position[1]))
else:
    print("Can't place a mining drill here, need to inspect surroundings")
# Command 1: Automate coal gathering by placing a burner mining drill on a nearby coal deposit and inserting coal into a furnace.
# Command 1: Move to a nearby coal deposit and check if we can place a burner mining drill
coal_position = nearest('coal')
move_to(coal_position)
if 'burner-mining-drill' in inspect_entities(5):
    # Command 2: If a mining drill can be placed, place one 2 tiles to the left of the coal deposit
    place_entity('burner-mining-drill', direction=LEFT, position=(coal_position[0]-2, coal_position[1]))
else:
    print("Can't place a mining drill here, need to inspect surroundings")
# Command 1: Automate coal gathering by placing a burner mining drill on a nearby coal deposit and inserting coal into a furnace.
# Command 1: Move to a nearby coal deposit and check if we can place a burner mining drill
coal_position = nearest('coal')
move_to(coal_position)
if 'burner-mining-drill' in inspect_entities(5):
    # Command 2: If a mining drill can be placed, place one 2 tiles to the left of the coal deposit
    place_entity('burner-mining-drill', direction=LEFT, position=(coal_position[0]-2, coal_position[1]))
else:
    print("Can't place a mining drill here, need to inspect surroundings")
# Command 1: Automate coal gathering by placing a burner mining drill on a nearby coal deposit and inserting coal into a furnace.
# Additional Commands
# Command 1: Automate coal gathering by placing a burner mining drill on a nearby coal deposit and inserting coal into a furnace.
# Command 1: Move to a nearby coal deposit and check if we can place a burner mining drill
coal_position = nearest('coal')
move_to(coal_position)
if 'burner-mining-drill' in inspect_entities(5):
    # Command 2: If a mining drill can be placed, place one 2 tiles to the left of the coal deposit
    place_entity('burner-mining-drill', direction=LEFT, position=(coal_position[0]-2, coal_position[1]))
else:
    print("Can't place a mining drill here, need to inspect surroundings")
# Command 1: Automate coal gathering by placing a burner mining drill on a nearby coal deposit and inserting coal into a furnace.
# Command 1: Move to a nearby coal deposit and check if we can place a burner mining drill
coal_position = nearest('coal')
move_to(coal_position)
if 'burner-mining-drill' in inspect_entities(5):
    # Command 2: If a mining drill can be placed, place one 2 tiles to the left of the coal deposit
    place_entity('burner-mining-drill', direction=LEFT, position=(coal_position[0]-2, coal_position[1]))
else:
    print("Can't place a mining drill here, need to inspect surroundings")
# Command 1: Check inventory for iron ore, and move to nearby iron ore location if not in inventory
inventory = check_inventory()
if 'iron-ore' not in inventory:
    ore_position = nearest('iron-ore')
    move_to(ore_position)
    # Command 2: Harvest or mine 5 units of iron ore
    if 'iron-ore' in inspect_resources():
        harvest_resource(ore_position, quantity=5)
    else:
        print("Can't harvest ore here, need to inspect surroundings")
# Command 1: Automate coal gathering by placing a burner mining drill on a nearby coal deposit and inserting coal into a furnace.
# Additional Commands
# Command 1: Automate coal gathering by placing a burner mining drill on a nearby coal deposit and inserting coal into a furnace.
# Command 1: Move to a nearby coal deposit and check if we can place a burner mining drill
coal_position = nearest('coal')
move_to(coal_position)
if 'burner-mining-drill' in inspect_entities(5):
    # Command 2: If a mining drill can be placed, place one 2 tiles to the left of the coal deposit
    place_entity('burner-mining-drill', direction=LEFT, position=(coal_position[0]-2, coal_position[1]))
else:
    print("Can't place a mining drill here, need to inspect surroundings")
# Command 1: Automate coal gathering by placing a burner mining drill on a nearby coal deposit and inserting coal into a furnace.
