[94m# Command 1: Move to a nearby coal deposit and place a burner mining drill to gather coal.
[94m# Check if we have a burner mining drill in the inventory
[94mdrills = check_inventory().get('burner-mining-drill', 0)
[94m# Command 2: Place a furnace to smelt iron ore into iron plates.
[94m# Command 1: Move to a nearby coal deposit and place a burner mining drill to gather coal.
coal_position = nearest('coal')
move_to(coal_position)
if drills > 0:
    place_entity('burner-mining-drill', direction=LEFT, position=(coal_position[0]-2, coal_position[1]))
[92mError: ('Could not place burner-mining-drill', 'Maybe inspect your surroundings before placing')
[94m# Command 1: Move to a nearby coal deposit and check if we can place a burner mining drill
coal_position = nearest('coal')
move_to(coal_position)
if 'burner-mining-drill' in inspect_entities():
    # Command 2: If a mining drill can be placed, place one 2 tiles to the left of the coal deposit
    place_entity('burner-mining-drill', direction=LEFT, position=(coal_position[0]-2, coal_position[1]))
else:
    print("Can't place a mining drill here, need to inspect surroundings")
[92mError: inspect_entities() missing 1 required positional argument: 'distance'
[94m# Command 1: Move to a nearby coal deposit and check if we can place a burner mining drill
coal_position = nearest('coal')
move_to(coal_position)
if 'burner-mining-drill' in inspect_entities(5):
    # Command 2: If a mining drill can be placed, place one 2 tiles to the left of the coal deposit
    place_entity('burner-mining-drill', direction=LEFT, position=(coal_position[0]-2, coal_position[1]))
else:
    print("Can't place a mining drill here, need to inspect surroundings")
[94m# Command 1: Move to a nearby coal deposit and check if we can place a burner mining drill
coal_position = nearest('coal')
move_to(coal_position)
if 'burner-mining-drill' in inspect_entities(5):
    # Command 2: If a mining drill can be placed, place one 2 tiles to the left of the coal deposit
    place_entity('burner-mining-drill', direction=LEFT, position=(coal_position[0]-2, coal_position[1]))
else:
    print("Can't place a mining drill here, need to inspect surroundings")
[94m# Command 1: Move to a nearby coal deposit and check if we can place a burner mining drill
coal_position = nearest('coal')
move_to(coal_position)
if 'burner-mining-drill' in inspect_entities(5):
    # Command 2: If a mining drill can be placed, place one 2 tiles to the left of the coal deposit
    place_entity('burner-mining-drill', direction=LEFT, position=(coal_position[0]-2, coal_position[1]))
else:
    print("Can't place a mining drill here, need to inspect surroundings")
[94m# Command 1: Check inventory for iron ore, and move to nearby iron ore location if not in inventory
inventory = check_inventory()
if 'iron-ore' not in inventory:
    ore_position = nearest('iron-ore')
    move_to(ore_position)
    harvest_resource(ore_position, quantity=5)
[92mError: ('Could not harvest.', 'Nothing_within_reach_to_harvest')
[94m# Command 1: Move to a nearby coal deposit and check if we can place a burner mining drill
coal_position = nearest('coal')
move_to(coal_position)
if 'burner-mining-drill' in inspect_entities(5):
    # Command 2: If a mining drill can be placed, place one 2 tiles to the left of the coal deposit
    place_entity('burner-mining-drill', direction=LEFT, position=(coal_position[0]-2, coal_position[1]))
else:
    print("Can't place a mining drill here, need to inspect surroundings")
[94m# Command 1: Automate coal gathering by placing a burner mining drill on a nearby coal deposit and inserting coal into a furnace.
[94m# Command 1: Move to a nearby coal deposit and check if we can place a burner mining drill
coal_position = nearest('coal')
move_to(coal_position)
if 'burner-mining-drill' in inspect_entities(5):
    # Command 2: If a mining drill can be placed, place one 2 tiles to the left of the coal deposit
    place_entity('burner-mining-drill', direction=LEFT, position=(coal_position[0]-2, coal_position[1]))
else:
    print("Can't place a mining drill here, need to inspect surroundings")
[94m# Command 3: Check inventory for iron ore, and move to nearby iron ore location if not in inventory
inventory = check_inventory()
if 'iron-ore' not in inventory:
    ore_position = nearest('iron-ore')
    move_to(ore_position)
    # Command 4: Harvest or mine 5 units of iron ore
    if 'iron-ore' in inspect_resources():
        harvest_resource(ore_position, quantity=5)
    else:
        print("Can't harvest ore here, need to inspect surroundings")
[94m# Command 1: Move to a nearby coal deposit and check if we can place a burner mining drill
coal_position = nearest('coal')
move_to(coal_position)
if 'burner-mining-drill' in inspect_entities(5):
    # Command 2: If a mining drill can be placed, place one 2 tiles to the left of the coal deposit
    place_entity('burner-mining-drill', direction=LEFT, position=(coal_position[0]-2, coal_position[1]))
else:
    print("Can't place a mining drill here, need to inspect surroundings")
[94m# Command 1: Automate coal gathering by placing a burner mining drill on a nearby coal deposit and inserting coal into a furnace.
[94m# Command 1: Move to a nearby coal deposit and check if we can place a burner mining drill
coal_position = nearest('coal')
move_to(coal_position)
if 'burner-mining-drill' in inspect_entities(5):
    # Command 2: If a mining drill can be placed, place one 2 tiles to the left of the coal deposit
    place_entity('burner-mining-drill', direction=LEFT, position=(coal_position[0]-2, coal_position[1]))
else:
    print("Can't place a mining drill here, need to inspect surroundings")
[94m# Command 1: Automate coal gathering by placing a burner mining drill on a nearby coal deposit and inserting coal into a furnace.
[94m# Command 1: Move to a nearby coal deposit and check if we can place a burner mining drill
coal_position = nearest('coal')
move_to(coal_position)
if 'burner-mining-drill' in inspect_entities(5):
    # Command 2: If a mining drill can be placed, place one 2 tiles to the left of the coal deposit
    place_entity('burner-mining-drill', direction=LEFT, position=(coal_position[0]-2, coal_position[1]))
else:
    print("Can't place a mining drill here, need to inspect surroundings")
[94m# Command 1: Automate coal gathering by placing a burner mining drill on a nearby coal deposit and inserting coal into a furnace.
[94m# Additional Commands
[94m# Command 1: Automate coal gathering by placing a burner mining drill on a nearby coal deposit and inserting coal into a furnace.
[94m# Command 1: Move to a nearby coal deposit and check if we can place a burner mining drill
coal_position = nearest('coal')
move_to(coal_position)
if 'burner-mining-drill' in inspect_entities(5):
    # Command 2: If a mining drill can be placed, place one 2 tiles to the left of the coal deposit
    place_entity('burner-mining-drill', direction=LEFT, position=(coal_position[0]-2, coal_position[1]))
else:
    print("Can't place a mining drill here, need to inspect surroundings")
[94m# Command 1: Automate coal gathering by placing a burner mining drill on a nearby coal deposit and inserting coal into a furnace.
[94m# Command 1: Move to a nearby coal deposit and check if we can place a burner mining drill
coal_position = nearest('coal')
move_to(coal_position)
if 'burner-mining-drill' in inspect_entities(5):
    # Command 2: If a mining drill can be placed, place one 2 tiles to the left of the coal deposit
    place_entity('burner-mining-drill', direction=LEFT, position=(coal_position[0]-2, coal_position[1]))
else:
    print("Can't place a mining drill here, need to inspect surroundings")
[94m# Command 1: Check inventory for iron ore, and move to nearby iron ore location if not in inventory
inventory = check_inventory()
if 'iron-ore' not in inventory:
    ore_position = nearest('iron-ore')
    move_to(ore_position)
    # Command 2: Harvest or mine 5 units of iron ore
    if 'iron-ore' in inspect_resources():
        harvest_resource(ore_position, quantity=5)
    else:
        print("Can't harvest ore here, need to inspect surroundings")
[94m# Command 1: Automate coal gathering by placing a burner mining drill on a nearby coal deposit and inserting coal into a furnace.
[94m# Additional Commands
[94m# Command 1: Automate coal gathering by placing a burner mining drill on a nearby coal deposit and inserting coal into a furnace.
[94m# Command 1: Move to a nearby coal deposit and check if we can place a burner mining drill
coal_position = nearest('coal')
move_to(coal_position)
if 'burner-mining-drill' in inspect_entities(5):
    # Command 2: If a mining drill can be placed, place one 2 tiles to the left of the coal deposit
    place_entity('burner-mining-drill', direction=LEFT, position=(coal_position[0]-2, coal_position[1]))
else:
    print("Can't place a mining drill here, need to inspect surroundings")
[94m# Command 1: Automate coal gathering by placing a burner mining drill on a nearby coal deposit and inserting coal into a furnace.
