[94m# I want to start by inspecting the available resources
inspect_resources()
[92mLine 1: {'coal': {'size': 100, 'direction': {'offset': 10, 'named_direction': 'northwest', 'min_coordinates': (-24, 38), 'max_coordinates': (-15, 47)}}, 'iron_ore': {'size': 100, 'direction': {'offset': 10, 'named_direction': 'east-northeast', 'min_coordinates': (15, 38), 'max_coordinates': (24, 47)}}, 'stone': {'size': 100, 'direction': {'offset': 10, 'named_direction': 'southwest', 'min_coordinates': (-24, 58), 'max_coordinates': (-15, 67)}}, 'copper_ore': {'size': 100, 'direction': {'offset': 10, 'named_direction': 'east-southeast', 'min_coordinates': (15, 58), 'max_coordinates': (24, 67)}}, 'uranium_ore': {'size': 100, 'direction': {'offset': 30, 'named_direction': 'southeast', 'min_coordinates': (15, 78), 'max_coordinates': (24, 87)}}, 'tree_01': {'size': 2492, 'directions': [{'distance': 20, 'unit': 'km', 'direction': 'northwest'}, {'distance': 17, 'unit': 'km', 'direction': 'north-northwest'}, {'distance': 16, 'unit': 'km', 'direction': 'north'}, {'distance': 16, 'unit': 'km', 'direction': 'north-northeast'}, {'distance': 24, 'unit': 'km', 'direction': 'northeast'}, {'distance': 2, 'unit': 'km', 'direction': 'east-northeast'}, {'distance': 1, 'unit': 'km', 'direction': 'west-northwest'}, {'distance': 242, 'unit': 'metres', 'direction': 'west'}, {'distance': 64, 'unit': 'metres', 'direction': 'east'}, {'distance': 1, 'unit': 'km', 'direction': 'west-southwest'}, {'distance': 144, 'unit': 'metres', 'direction': 'east-southeast'}], 'scattered': True}, 'tree_01_stump': {'size': 2, 'directions': [{'distance': 107, 'unit': 'metres', 'direction': 'north'}], 'scattered': True}}
Score: {'player': 1051, 'enemy': 0, 'neutral': 0}
[94m# There are various resources available, I want to begin extracting coal
coal_position = nearest('coal')
[92mLine 1: Executed successfully
Score: {'player': 1051, 'enemy': 0, 'neutral': 0}
[94m# Now that I have found the nearest coal, I can move to it and place a burner-mining-drill
move_to(coal_position)
place_entity('burner-mining-drill', direction=DOWN, position=(coal_position[0], coal_position[1]+2))
[92mError: Evaluation timed out
[94m# Let's try breaking up the command into separate parts
move_to(coal_position)
burner_drill_position = place_entity('burner-mining-drill', direction=DOWN, position=(coal_position[0], coal_position[1]+2))
inspect_entities(5)
[92mLine 1: Error: Could not place burner-mining-drill. No burner mining drill in inventory
Score: {'player': 1051, 'enemy': 0, 'neutral': 0}
[94m# Looks like we don't have any burner mining drills in our inventory, let's check
check_inventory()
[92mLine 1: {'iron-chest': 1, 'transport-belt': 50, 'stone-furnace': 1, 'assembling-machine-1': 1, 'wood': 4, 'coal': 50, 'iron-plate': 50, 'copper-plate': 50}
Score: {'player': 1051, 'enemy': 0, 'neutral': 0}
[94m# Let's craft a few burner mining drills
craft_item('burner-mining-drill', quantity=3)
[92mLine 1: Error: Could not craft a burner-mining-drill. Successfully crafted 1x but failed to craft 2x burner mining drill because missing ingredient stone
Score: {'player': 1051, 'enemy': 0, 'neutral': 0}
[94m# It looks like we need some stone to craft the burners, let's find some and try crafting again
stone_position = nearest('stone')
move_to(stone_position)
harvest_resource(stone_position, quantity=5)
[92mLine 1: Executed successfully
Line 2: Error: Could not harvest.. Nothing within reach to harvest
Score: {'player': 1183, 'enemy': 0, 'neutral': 0}
[94m# It seems we are not close enough to the stone resource. Let's move closer and try again
move_to((stone_position[0]-1, stone_position[1]))
harvest_resource((stone_position[0]-1, stone_position[1]), quantity=5)
[92mScore: {'player': 1231, 'enemy': 0, 'neutral': 0}
[94m# Now that we have stone, let's craft the burner mining drills
craft_item('burner-mining-drill', quantity=3)
[92mLine 1: Crafting successful
Score: {'player': 1231, 'enemy': 0, 'neutral': 0}
[94m# Let's set up our mining operation
coal_position = nearest('coal')
move_to(coal_position)
entity_position = place_entity('burner-mining-drill', direction=DOWN, position=(coal_position[0], coal_position[1] + 2))
entity_position = place_entity_next_to('stone-furnace', reference_position=entity_position, direction=DOWN, gap=1)
connect_entities(source_position=(entity_position[0]-1, entity_position[1]), target_position=entity_position, connection_type='inserter')
[92mLine 1: Executed successfully
Line 2: Error: Could not place burner-mining-drill. Maybe inspect your surroundings before placing
Score: {'player': 1231, 'enemy': 0, 'neutral': 0}
[94m# Let's inspect our surroundings before placing the burner-mining-drill
inspect_entities(10)
[92mLine 1: {'entities': [{'type': 'player_character', 'direction': 'west', 'position': (-11, -5), 'status': 'empty'}, {'type': 'burner_mining_drill', 'direction': 'south', 'position': (-8, -12), 'status': 'empty'}]}
Score: {'player': 1231, 'enemy': 0, 'neutral': 0}
[94m# It looks like there is already a burner mining drill placed at (-8, -12). Let's move there and inspect the setup.
move_to((-8, -12))
inspect_entities(5)
[92mLine 1: {'entities': [{'type': 'player_character', 'direction': 'west', 'position': (3, -7), 'status': 'empty'}, {'type': 'burner_mining_drill', 'direction': 'south', 'position': (3, -7), 'status': 'empty'}]}
Score: {'player': 1231, 'enemy': 0, 'neutral': 0}
[94m# Let's check our inventory before setting up our coal-powered system
check_inventory()
[92mLine 1: {'iron-chest': 1, 'transport-belt': 50, 'burner-mining-drill': 4, 'assembling-machine-1': 1, 'wood': 4, 'coal': 50, 'stone': 60, 'iron-plate': 14, 'copper-plate': 50}
Score: {'player': 1231, 'enemy': 0, 'neutral': 0}
[94m# Let's set up our coal-powered system
coal_position = nearest('coal')
move_to(coal_position)
entity_position = place_entity('burner-mining-drill', direction=DOWN, position=(coal_position[0], coal_position[1] + 2))
entity_position = place_entity_next_to('stone-furnace', reference_position=entity_position, direction=DOWN, gap=1)
connect_entities(source_position=(entity_position[0]-1, entity_position[1]), target_position=entity_position, connection_type='inserter')
entity_position = place_entity_next_to('boiler', reference_position=(coal_position[0], coal_position[1] + 4), direction=UP, gap=1)
connect_entities(source_position=(entity_position[0], entity_position[1]-1), target_position=(entity_position[0]+1, entity_position[1]-1), connection_type='pipe')
connect_entities(source_position=(entity_position[0]+1, entity_position[1]), target_position=(entity_position[0]+1, entity_position[1]-1), connection_type='pipe')
entity_position = place_entity_next_to('steam-engine', reference_position=entity_position, direction=UP, gap=1)
connect_entities(source_position=entity_position, target_position=(entity_position[0], entity_position[1]-2), connection_type='inserter')
connect_entities(source_position=(entity_position[0], entity_position[1]-1), target_position=(entity_position[0]+1, entity_position[1]-1), connection_type='pipe')
[92mLine 1: Executed successfully
Line 2: Error: Could not place burner-mining-drill. Maybe inspect your surroundings before placing
Score: {'player': 1231, 'enemy': 0, 'neutral': 0}
