comment("Observe and describe the natural resources and landscape around me")
resources = inspect_resources()
comment("Check the initial inventory and resources")
initial_inventory = inspect_inventory()
comment("Boiler Preparation")
comment("Locate coal, stone, iron and copper ore.")
coal_position = nearest('coal')
stone_position = nearest('stone')
iron_position = nearest('iron-ore')
copper_position = nearest('copper-ore')
comment("Set up coal mining operation")
comment("Move to the coal deposit")
move_to(coal_position)
comment("Place a burner-mining-drill on a buildable position near the coal deposit")
coal_drill_position = place_entity('burner-mining-drill', direction=DOWN, position=nearest_buildable('burner-mining-drill'))
comment("Insert a piece of coal into the burner-mining-drill to fuel it")
insert_item('coal', target_position=coal_drill_position, quantity=1)
comment("Stone and Metal Smelting Setup")
comment("Move to the stone deposit")
move_to(stone_position)
comment("Place a burner-mining-drill on a buildable position near the stone deposit")
stone_drill_position = place_entity('burner-mining-drill', direction=DOWN, position=nearest_buildable('burner-mining-drill'))
comment("Insert a piece of coal into the burner-mining-drill to fuel it")
insert_item('coal', target_position=stone_drill_position, quantity=1)
comment("Move to the iron deposit")
move_to(iron_position)
comment("Place a burner-mining-drill on a buildable position near the iron deposit")
iron_drill_position = place_entity('burner-mining-drill', direction=DOWN, position=nearest_buildable('burner-mining-drill'))
comment("Insert a piece of coal into the burner-mining-drill to fuel it")
insert_item('coal', target_position
