# Inspect the surrounding resources and entities
inspect_resources()
inspect_entities(20)
# Check my inventory
check_inventory()
# Pick up coal near me
pickup_entity('coal', player_character) 
# Move to the nearest coal
move_to(nearest('coal')) 
# Place a burner-mining-drill
coal_position = nearest('coal')
move_to(coal_position)
place_entity('burner-mining-drill', direction=LEFT, position=(coal_position[0]-2, coal_position[1]))
# Craft a burner-mining-drill
craft_item('burner-mining-drill', quantity=1)   
# Check available recipes
inspect_resources()
# Check available recipes
recipes = inspect_resources()
# Craft a burner-mining-drill
craft_item('burner-mining-drill', quantity=1)
# Check available items in my inventory
check_inventory()
# Place a burner-mining-drill near a coal resource
coal_position = nearest('coal')
direction_to_face = 'right' if coal_position[0] < 0 else 'left'
place_entity('burner-mining-drill', direction=direction_to_face, position=(coal_position[0]+(1 if direction_to_face == 'left' else -2), coal_position[1]))
# Extract coal from the burner-mining-drill and insert into the entity at (0, 0)
coal_position = nearest('coal')
direction_to_face = 'right' if coal_position[0] < 0 else 'left'
drill_position = (coal_position[0]+(1 if direction_to_face == 'left' else -2), coal_position[1])
insert_position = (0, 0)
extract_item('coal', source_position=drill_position, quantity=1)
insert_item('coal', target_position=insert_position, quantity=1)
# Extract coal from the burner-mining-drill and insert into the entity at (0, 0)
coal_position = nearest('coal')
direction_to_face = 'right' if coal_position[0] < 0 else 'left'
drill_position = (coal_position[0]+(1 if direction_to_face == 'left' else -2), coal_position[1])
insert_position = (0, 0)
extract_item('coal', source_position=drill_position, quantity=1).perform()
insert_item('coal', target_position=insert_position, quantity=1)
# Extract coal from the burner-mining-drill and insert into the entity at (0, 0)
coal_position = nearest('coal')
direction_to_face = 'right' if coal_position[0] < 0 else 'left'
drill_position = (coal_position[0]+(1 if direction_to_face == 'left' else -2), coal_position[1])
insert_position = (0, 0)
extract = extract_item('coal', source_position=drill_position, quantity=1)
extract.perform()
insert_item('coal', target_position=insert_position, quantity=1)
# Extract coal from the burner-mining-drill and insert into the entity at (0, 0)
coal_position = nearest('coal')
direction_to_face = 'right' if coal_position[0] < 0 else 'left'
drill_position = (coal_position[0]+(1 if direction_to_face == 'left' else -2), coal_position[1])
insert_position = (0, 0)
extract = extract_item('coal', source_position=drill_position, quantity=1)
extract.perform()
insert = insert_item('coal', target_position=insert_position, quantity=1)
insert.perform()
# Extract coal from the burner-mining-drill and insert into the entity at (0, 0)
coal_position = nearest('coal')
direction_to_face = 'right' if coal_position[0] < 0 else 'left'
drill_position = (coal_position[0]+(1 if direction_to_face == 'left' else -2), coal_position[1])
insert_position = (0, 0)
extract = extract_item('coal', source_position=drill_position, quantity=1)
game_state.attempt(extract)
insert = insert_item('coal', target_position=insert_position, quantity=1)
game_state.attempt(insert)
# Extract coal from the burner-mining-drill and insert into the entity at (0, 0)
coal_position = nearest('coal')
direction_to_face = 'right' if coal_position[0] < 0 else 'left'
drill_position = (coal_position[0]+(1 if direction_to_face == 'left' else -2), coal_position[1])
insert_position = (0, 0)
extract = extract_item('coal', source_position=drill_position, quantity=1)
game_state.attempt(extract.perform)
insert = insert_item('coal', target_position=insert_position, quantity=1)
game_state.attempt(insert.perform)
