# First, we need to inspect our surroundings to see what resources we have nearby
inspect_resources()
# Based on the available resources, let's start with mining coal as it's the most basic source of energy to power all the other operations.
coal_position = nearest('coal')
print(f"Nearest coal resource at: {coal_position}")
# Now let's move to the coal location and place a burner mining drill to extract coal
move_to(coal_position)
entity_position = place_entity('burner-mining-drill', direction=LEFT, position=(coal_position[0]-2, coal_position[1]))
print(f"Position of the placed entity: {entity_position}")
# Now, let's connect the burner mining drill to a furnace that will smelt the coal, so we can get some fuel for the operations.
furnace_position = nearest('stone-furnace')
print(f"Nearest stone furnace at: {furnace_position}")
connect_entities(source_position=(entity_position[0]-2, entity_position[1]), target_position=furnace_position, connection_type='inserter')
# My apologies, it seems there is an error. Let's inspect the entities within a 10-meter radius of our player_character and find the position of the furnace to fix this issue.
entities = inspect_entities(10)
for entity in entities:
    if entities[entity]['name'] == 'stone-furnace':
        furnace_position = (entities[entity]['position']['x'], entities[entity]['position']['y'])
        print(f"Furnace position found at: {furnace_position}")
        
connect_entities(source_position=(entity_position[0]-2, entity_position[1]), target_position=furnace_position, connection_type='inserter')
# Now that we have fuel, let's use it to power the operations.
# We can use steam engines to turn the generators and power the operations. Let's check the inventory for the following materials required for steam engine:
# Great! Let's craft and place a steam engine near the furnace to power our mining drill.
craft_item('steam-engine', quantity=1)
steam_engine_position = place_entity('steam-engine', direction=UP, position=(furnace_position[0]+2, furnace_position[1]-2))
print(f"Position of the placed entity: {steam_engine_position}")
