[94m# First, let's inspect the resources and entities around us
inspect_resources()
inspect_entities(20)
[92mLine 1: {'water': {'size': 900, 'direction': {'offset': 42, 'named_direction': 'north', 'min_coordinates': (-18, -50), 'max_coordinates': (31, -33)}}, 'coal': {'size': 100, 'direction': {'offset': 10, 'named_direction': 'northwest', 'min_coordinates': (-17, -14), 'max_coordinates': (-8, -5)}}, 'iron_ore': {'size': 100, 'direction': {'offset': 10, 'named_direction': 'east-northeast', 'min_coordinates': (22, -14), 'max_coordinates': (31, -5)}}, 'stone': {'size': 100, 'direction': {'offset': 10, 'named_direction': 'southwest', 'min_coordinates': (-17, 6), 'max_coordinates': (-8, 15)}}, 'copper_ore': {'size': 100, 'direction': {'offset': 10, 'named_direction': 'east-southeast', 'min_coordinates': (22, 6), 'max_coordinates': (31, 15)}}, 'uranium_ore': {'size': 100, 'direction': {'offset': 30, 'named_direction': 'southeast', 'min_coordinates': (22, 26), 'max_coordinates': (31, 35)}}}
Line 2: {'entities': [{'type': 'player_character', 'direction': 'north', 'position': (0, 0), 'status': 'empty'}]}
Score: 259
[94m# Let's start by automating coal mining and power generation
[92mScore: 259
[94m# First, let's place a burner mining drill on the coal resource
move_to(nearest('coal'))
entity_position = place_entity('burner-mining-drill', direction=DOWN, position=nearest('coal'))
[92mLine 1: Executed successfully
Score: 259
[94m# Next, let's connect the burner mining drill to the nearby stone furnace using an inserter
connect_entities(source_position=entity_position, target_position=nearest('stone-furnace'), connection_type='inserter')
[92mError: Evaluation timed out
[94m# Let's first get the position of the stone furnace and try again
inspect_entities(20)
furnace_position = nearest('stone-furnace')
connect_entities(source_position=entity_position, target_position=furnace_position, connection_type='inserter')
[92mError: Evaluation timed out
