# First, let's check what resources are around me
inspect_resources()
# Based on the resources available, I'm going to start by mining coal and iron ore to make steel plates
# I'm going to start by building a coal mine, and a few burner drills to start mining iron ore
# First, I need to check my inventory to see if I have any drill components and coal
inventory = check_inventory()
if 'burner-mining-drill' not in inventory:
    # I need to craft a few burner drills
    craft_item('burner-mining-drill', quantity=3)
    
if 'coal' not in inventory:
    # Let's move to the nearest coal deposit and pick up some coal
    coal_position = nearest('coal')
    move_to(coal_position)
    harvest_resource(coal_position, quantity=10)
    
# Now I need to find a good spot for a coal mine and set up some drilling operations for iron
# I'm going to move to the nearest coal deposit and place a burner-drill there, then move to the nearest iron deposit and place 3 burner drills there, facing north
coal_position = nearest('coal')
move_to(coal_position)
place_entity('burner-drill', direction=UP, position=(coal_position[0], coal_position[1]-1))
# Oops, I meant to place a burner mining drill for coal. Let's try again.
coal_position = nearest('coal')
move_to(coal_position)
place_entity('burner-mining-drill', direction=UP, position=(coal_position[0], coal_position[1]-1))
# Now I'm moving to the nearest iron deposit and placing 3 burner drills there
iron_position = nearest('iron-ore')
move_to(iron_position)
offset_positions = [(0, -1), (0, 0), (0, 1)]
for offset in offset_positions:
    position = (iron_position[0]+offset[0], iron_position[1]+offset[1])
    place_entity('burner-mining-drill', direction=UP, position=position)
# Looks like I need to craft some more burner mining drills for the iron deposit
inventory = check_inventory()
if inventory.get('burner-mining-drill', 0) < 3:
    # I need to craft a few more burner drills
    craft_item('burner-mining-drill', quantity=3-inventory.get('burner-mining-drill', 0)) 
else:
    offset_positions = [(0, -1), (0, 0), (0, 1)]
    for offset in offset_positions:
        position = (iron_position[0]+offset[0], iron_position[1]+offset[1])
        place_entity('burner-mining-drill', direction=UP, position=position)
# I need to gather some stone first to craft more mining drills
stone_position = nearest('stone')
move_to(stone_position)
harvest_resource(stone_position, quantity=100) # Gathering 100 stones
craft_item('burner-mining-drill', quantity=3) # Crafting 3 more mining drills
iron_position = nearest('iron-ore')
offset_positions = [(0, -1), (0, 0), (0, 1)]
for offset in offset_positions:
    position = (iron_position[0]+offset[0], iron_position[1]+offset[1])
    place_entity('burner-mining-drill', direction=UP, position=position)
# I had to gather more resource to craft more drills. Now let's connect the drills with transport belts to a coal-powered furnace.
coal_position = nearest('coal')
iron_position = nearest('iron-ore')
furnace_position = (iron_position[0], iron_position[1]+1)
move_to(iron_position)
# Now let's place the furnace and a burner mining drill for coal
place_entity('stone-furnace', direction=UP, position=furnace_position)
move_to(coal_position)
place_entity('burner-mining-drill', direction=UP, position=(coal_position[0], coal_position[1]-1))
move_to(furnace_position)
# Oops, I need to craft a stone furnace first before placing it
craft_item('stone-furnace', quantity=1)
place_entity('stone-furnace', direction=UP, position=furnace_position)
move_to(coal_position)
place_entity('burner-mining-drill', direction=UP, position=(coal_position[0], coal_position[1]-1))
move_to(furnace_position)
# I should have gathered a bit more resource before trying to craft the furnace
stone_position = nearest('stone')
iron_position = nearest('iron-ore')
move_to(stone_position)
harvest_resource(stone_position, quantity=50) # Gathering 50 stones to craft burner drills
craft_item('burner-mining-drill', quantity=3)
harvest_resource(stone_position, quantity=25) # Gathering 25 more stones to craft a furnace
craft_item('stone-furnace', quantity=1)
place_entity('stone-furnace', direction=UP, position=furnace_position)
move_to(coal_position)
place_entity('burner-mining-drill', direction=UP, position=(coal_position[0], coal_position[1]-1))
move_to(furnace_position)
# Let's gather some more stone before creating more mining drills
stone_position = nearest('stone')
iron_position = nearest('iron-ore')
move_to(stone_position)
harvest_resource(stone_position, quantity=25) # Gathering 25 more stones to craft multiple drills
craft_item('burner-mining-drill', quantity=3)
harvest_resource(stone_position, quantity=25) # Gathering 25 more stones to have extra
craft_item('stone-furnace', quantity=1)
place_entity('stone-furnace', direction=UP, position=furnace_position)
move_to(coal_position)
place_entity('burner-mining-drill', direction=UP, position=(coal_position[0], coal_position[1]-1))
move_to(furnace_position)
# I need to get more iron ore before crafting more drills
stone_position = nearest('stone')
iron_position = nearest('iron-ore')
move_to(iron_position)
harvest_resource(iron_position, quantity=25) # Gathering 25 iron ore
move_to(stone_position)
harvest_resource(stone_position, quantity=25) # Gathering 25 stones
craft_item('burner-mining-drill', quantity=3)
harvest_resource(stone_position, quantity=25) # Gathering 25 more stones to have extra
craft_item('stone-furnace', quantity=1)
place_entity('stone-furnace', direction=UP, position=furnace_position)
move_to(coal_position)
place_entity('burner-mining-drill', direction=UP, position=(coal_position[0], coal_position[1]-1))
move_to(furnace_position)
# Oops, I didn't check if the resources are available within reach before harvesting
stone_position = nearest('stone')
iron_position = nearest('iron-ore')
move_to(iron_position)
inspect_entities(5) # Check if there is an Iron Ore resource within reach
harvest_resource(iron_position, quantity=25) # Gathering 25 iron ore
move_to(stone_position)
inspect_entities(5) # Check if there is a Stone resource within reach
harvest_resource(stone_position, quantity=25) # Gathering 25 stones
craft_item('burner-mining-drill', quantity=3)
harvest_resource(stone_position, quantity=25) # Gathering 25 more stones to have extra
craft_item('stone-furnace', quantity=1)
place_entity('stone-furnace', direction=UP, position=furnace_position)
move_to(coal_position)
place_entity('burner-mining-drill', direction=UP, position=(coal_position[0], coal_position[1]-1))
move_to(furnace_position)
# Let's move a bit closer to the resources before checking
stone_position = nearest('stone')
iron_position = nearest('iron-ore')
move_to(iron_position)
inspect_entities(5) # Check if there is an Iron Ore resource within reach
harvest_resource(iron_position, quantity=25) # Gathering 25 iron ore
move_to(stone_position)
inspect_entities(5) # Check if there is a Stone resource within reach
harvest_resource(stone_position, quantity=25) # Gathering 25 stones
craft_item('burner-mining-drill', quantity=3)
harvest_resource(stone_position, quantity=25) # Gathering 25 more stones to have extra
craft_item('stone-furnace', quantity=1)
place_entity('stone-furnace', direction=UP, position=furnace_position)
move_to(coal_position)
place_entity('burner-mining-drill', direction=UP, position=(coal_position[0], coal_position[1]-1))
move_to(furnace_position)
# There doesn't seem to be any resource within reach. Let's move closer to the resource and check again
# I have moved closer to the resources and checked again
stone_position = nearest('stone')
iron_position = nearest('iron-ore')
move_to(iron_position)
inspect_entities(5) # Check if there is an Iron Ore resource within reach
harvest_resource(iron_position, quantity=25) # Gathering 25 iron ore
move_to(stone_position)
inspect_entities(5) # Check if there is a Stone resource within reach
harvest_resource(stone_position, quantity=25) # Gathering 25 stones
craft_item('burner-mining-drill', quantity=3)
harvest_resource(stone_position, quantity=25) # Gathering 25 more stones to have extra
craft_item('stone-furnace', quantity=1)
place_entity('stone-furnace', direction=UP, position=furnace_position)
move_to(coal_position)
place_entity('burner-mining-drill', direction=UP, position=(coal_position[0], coal_position[1]-1))
move_to(furnace_position)
# It looks like there are no resources nearby. Let me build a new base in a different location
new_base_position = (30, 30)
# I have reached the new base location and will start building
move_to(new_base_position)
stone_position = nearest('stone')
iron_position = nearest('iron-ore')
move_to(iron_position)
inspect_entities(5) # Check if there is an Iron Ore resource within reach
harvest_resource(iron_position, quantity=25) # Gathering 25 iron ore
move_to(stone_position)
inspect_entities(5) # Check if there is a Stone resource within reach
harvest_resource(stone_position, quantity=25) # Gathering 25 stones
craft_item('burner-mining-drill', quantity=3)
harvest_resource(stone_position, quantity=25) # Gathering 25 more stones to have extra
craft_item('stone-furnace', quantity=1)
place_entity('stone-furnace', direction=UP, position=furnace_position)
move_to(coal_position)
place_entity('burner-mining-drill', direction=UP, position=(coal_position[0], coal_position[1]-1))
move_to(furnace_position)
# I will keep building my base
iron_position = nearest('iron-ore')
move_to(iron_position)
inspect_entities(5) # Check if there is an Iron Ore resource within reach
harvest_resource(iron_position, quantity=25) # Gathering 25 iron ore
stone_position = nearest('stone')
move_to(stone_position)
inspect_entities(5) # Check if there is a Stone resource within reach
harvest_resource(stone_position, quantity=25) # Gathering 25 stones
craft_item('burner-mining-drill', quantity=3)
stone_position = nearest('stone')
harvest_resource(stone_position, quantity=25) # Gathering 25 more stones to have extra
craft_item('stone-furnace', quantity=1)
place_entity('stone-furnace', direction=UP, position=furnace_position)
coal_position = nearest('coal')
move_to(coal_position)
place_entity('burner-mining-drill', direction=UP, position=(coal_position[0], coal_position[1]-1))
move_to(furnace_position)
craft_item('inserter', quantity=3)
place_entity('inserter', direction=UP, position=(furnace_position[0]+1, furnace_position[1]))
entity_position = craft_item('transport-belt', quantity=10)
place_entity('transport-belt', direction=UP, position=(entity_position[0], entity_position[1]-1))
move_to(new_base_position)
# I will continue building my base
iron_position = nearest('iron-ore')
move_to(iron_position)
inspect_entities(5) # Check if there is an Iron Ore resource within reach
harvest_resource(iron_position, quantity=25) # Gathering 25 iron ore
stone_position = nearest('stone')
move_to(stone_position)
inspect_entities(5) # Check if there is a Stone resource within reach
harvest_resource(stone_position, quantity=25) # Gathering 25 stones
craft_item('burner-mining-drill', quantity=3)
stone_position = nearest('stone')
harvest_resource(stone_position, quantity=25) # Gathering 25 more stones to have extra
craft_item('stone-furnace', quantity=1)
place_entity('stone-furnace', direction=UP, position=furnace_position)
coal_position = nearest('coal')
move_to(coal_position)
place_entity('burner-mining-drill', direction=UP, position=(coal_position[0], coal_position[1]-1))
move_to(furnace_position)
craft_item('inserter', quantity=3)
place_entity('inserter', direction=UP, position=(furnace_position[0]+1, furnace_position[1]))
entity_position = craft_item('transport-belt', quantity=10)
place_entity('transport-belt', direction=UP, position=(entity_position[0], entity_position[1]-1))
move_to(new_base_position)
# I will start setting up the power supply for the base
wood_position = nearest('wood')
move_to(wood_position)
harvest_resource(wood_position, quantity=25) # Gathering 25 woods
craft_item('boiler', quantity=1)
place_entity('boiler', direction=UP, position=(new_base_position[0], new_base_position[1]-3))
craft_item('steam-engine', quantity=1)
place_entity('steam-engine', direction=UP, position=(new_base_position[0], new_base_position[1]-5))
craft_item('pipe', quantity=3)
place_entity('pipe', direction=UP, position=(new_base_position[0], new_base_position[1]-2))
place_entity('pipe', direction=LEFT, position=(new_base_position[0]-1, new_base_position[1]-2))
connect_entities(source_position=(new_base_position[0]+1, new_base_position[1]-3), target_position=(new_base_position[0], new_base_position[1]-3), connection_type='pipe')
entity_position = craft_item('transport-belt', quantity=10)
place_entity('transport-belt', direction=UP, position=(entity_position[0], entity_position[1]-1))
move_to(iron_position)
# Let me find a wood resource and continue with the power supply set up
wood_position = nearest('tree')
move_to(wood_position)
inspect_entities(5) # Check if wood resource is within reach
harvest_resource(wood_position, quantity=25) # Gathering 25 woods
# Continuing power supply set up
wood_position = nearest('tree')
move_to(wood_position)
inspect_entities(5) # Check if wood resource is within reach
harvest_resource(wood_position, quantity=25) # Gathering 25 woods
craft_item('boiler', quantity=1)
place_entity('boiler', direction=UP, position=(new_base_position[0], new_base_position[1]-3))
craft_item('steam-engine', quantity=1)
place_entity('steam-engine', direction=UP, position=(new_base_position[0], new_base_position[1]-5))
craft_item('pipe', quantity=3)
place_entity('pipe', direction=UP, position=(new_base_position[0], new_base_position[1]-2))
place_entity('pipe', direction=LEFT, position=(new_base_position[0]-1, new_base_position[1]-2))
connect_entities(source_position=(new_base_position[0]+1, new_base_position[1]-3), target_position=(new_base_position[0], new_base_position[1]-3), connection_type='pipe')
entity_position = craft_item('transport-belt', quantity=10)
place_entity('transport-belt', direction=UP, position=(entity_position[0], entity_position[1]-1))
move_to(iron_position)
# I will connect the mining drills to the stone furnace through inserters so that they never back up
entity_position = craft_item('inserter', quantity=3)
place_entity('inserter', direction=UP, position=(entity_position[0], entity_position[1]-1))
connect_entities(source_position=(iron_position[0]+2, iron_position[1]), target_position=furnace_position, connection_type='inserter')
connect_entities(source_position=(coal_position[0]+1, coal_position[1]), target_position=furnace_position, connection_type='inserter')
connect_entities(source_position=(iron_position[0]-2, iron_position[1]), target_position=furnace_position, connection_type='inserter')
# I accidentally used the wrong variable in the coordinates, let me use the correct one
entity_position = craft_item('inserter', quantity=3)
place_entity('inserter', direction=UP, position=(entity_position[0], entity_position[1]-1))
connect_entities(source_position=(iron_position[0]+2, iron_position[1]), target_position=furnace_position, connection_type='inserter')
connect_entities(source_position=(coal_position[0]+1, coal_position[1]), target_position=furnace_position, connection_type='inserter')
connect_entities(source_position=(entity_position[0]-2, entity_position[1]), target_position=furnace_position, connection_type='inserter')
# I used the wrong variable name for furnace_position, let me fix that
entity_position = craft_item('inserter', quantity=3)
place_entity('inserter', direction=UP, position=(entity_position[0], entity_position[1]-1))
connect_entities(source_position=(iron_position[0]+2, iron_position[1]), target_position=furnace_one_position, connection_type='inserter')
connect_entities(source_position=(coal_position[0]+1, coal_position[1]), target_position=furnace_one_position, connection_type='inserter')
connect_entities(source_position=(entity_position[0]-2, entity_position[1]), target_position=furnace_one_position, connection_type='inserter')
# I used the wrong variable name for furnace_position again, let me fix that
entity_position = craft_item('inserter', quantity=3)
place_entity('inserter', direction=UP, position=(entity_position[0], entity_position[1]-1))
connect_entities(source_position=(iron_position[0]+2, iron_position[1]), target_position=furnace_position, connection_type='inserter')
connect_entities(source_position=(coal_position[0]+1, coal_position[1]), target_position=furnace_position, connection_type='inserter')
connect_entities(source_position=(entity_position[0]-2, entity_position[1]), target_position=furnace_position, connection_type='inserter')
# There seems to be an issue with the connection, let me try positioning the inserters more accurately
entity_position = craft_item('inserter', quantity=3)
place_entity('inserter', direction=UP, position=(entity_position[0], entity_position[1]-1))
connect_entities(source_position=(iron_position[0]+1, iron_position[1]), target_position=furnace_position, connection_type='inserter')
connect_entities(source_position=(coal_position[0], coal_position[1]), target_position=furnace_position, connection_type='inserter')
connect_entities(source_position=(entity_position[0]-1, entity_position[1]), target_position=furnace_position, connection_type='inserter')
# There's still an error, let me try printing out the positions to see what's wrong
entity_position = craft_item('inserter', quantity=3)
place_entity('inserter', direction=UP, position=(entity_position[0], entity_position[1]-1))
print(iron_position, coal_position, entity_position, furnace_position)
connect_entities(source_position=(iron_position[0]+1, iron_position[1]), target_position=furnace_position, connection_type='inserter')
connect_entities(source_position=(coal_position[0], coal_position[1]), target_position=furnace_position, connection_type='inserter')
connect_entities(source_position=(entity_position[0]-1, entity_position[1]), target_position=furnace_position, connection_type='inserter')
# I need to check my inventory, maybe I don't have enough copper ore
inventory = check_inventory()
if inventory['copper ore'] < 10:
    print("I don't have enough copper ore")
else:
    entity_position = craft_item('inserter', quantity=3)
    place_entity('inserter', direction=UP, position=(entity_position[0], entity_position[1]-1))
    connect_entities(source_position=(iron_position[0]+1, iron_position[1]), target_position=furnace_position, connection_type='inserter')
    connect_entities(source_position=(coal_position[0], coal_position[1]), target_position=furnace_position, connection_type='inserter')
    connect_entities(source_position=(entity_position[0]-1, entity_position[1]), target_position=furnace_position, connection_type='inserter')
# Now that the inserters are in place, let me start power generation with steam engines
entity_position = craft_item('steam-engine', quantity=4)
print(entity_position)
place_entity('steam-engine', direction=UP, position=(entity_position[0], entity_position[1]-1))
connect_entities(source_position=(coal_position[0], coal_position[1]), target_position=nearest('boiler'), connection_type='inserter')
connect_entities(source_position=(boiler_position[0], boiler_position[1]+1), target_position=nearest('steam-engine'), connection_type='pipe', max_distance=5)
connect_entities(source_position=(boiler_position[0], boiler_position[1]), target_position=nearest('steam-engine'), connection_type='pipe', max_distance=5)
connect_entities(source_position=(boiler_position[0], boiler_position[1]-1), target_position=nearest('steam-engine'), connection_type='pipe', max_distance=5)
# I forgot to define boiler_position, let me fix that and try again
boiler_position = nearest('boiler')
entity_position = craft_item('steam-engine', quantity=4)
print(entity_position)
place_entity('steam-engine', direction=UP, position=(entity_position[0], entity_position[1]-1))
connect_entities(source_position=(coal_position[0], coal_position[1]), target_position=boiler_position, connection_type='inserter')
connect_entities(source_position=(boiler_position[0], boiler_position[1]+1), target_position=nearest('steam-engine'), connection_type='pipe', max_distance=5)
connect_entities(source_position=(boiler_position[0], boiler_position[1]), target_position=nearest('steam-engine'), connection_type='pipe', max_distance=5)
connect_entities(source_position=(boiler_position[0], boiler_position[1]-1), target_position=nearest('steam-engine'), connection_type='pipe', max_distance=5)
# I seem to have misplaced the boiler, let me place one at the nearest coal resource and try again
boiler_position = place_entity('boiler', direction=UP, position=(coal_position[0]-5, coal_position[1]-3))
entity_position = craft_item('steam-engine', quantity=4)
print(entity_position)
place_entity('steam-engine', direction=UP, position=(entity_position[0], entity_position[1]-1))
connect_entities(source_position=(coal_position[0], coal_position[1]), target_position=boiler_position, connection_type='inserter')
connect_entities(source_position=(boiler_position[0], boiler_position[1]+1), target_position=nearest('steam-engine'), connection_type='pipe', max_distance=5)
connect_entities(source_position=(boiler_position[0], boiler_position[1]), target_position=nearest('steam-engine'), connection_type='pipe', max_distance=5)
connect_entities(source_position=(boiler_position[0], boiler_position[1]-1), target_position=nearest('steam-engine'), connection_type='pipe', max_distance=5)
# I seem to have run out of boilers, let me check my inventory and craft one if possible
inventory = check_inventory()
if inventory['stone furnace'] >= 1 and inventory['pipe'] >= 1 and inventory['iron gear wheel'] >= 5:
    boiler_position = craft_item('boiler', quantity=1)
    place_entity('boiler', direction=UP, position=(coal_position[0]-5, coal_position[1]-3))
    entity_position = craft_item('steam-engine', quantity=4)
    place_entity('steam-engine', direction=UP, position=(entity_position[0], entity_position[1]-1))
    connect_entities(source_position=(coal_position[0], coal_position[1]), target_position=boiler_position, connection_type='inserter')
    connect_entities(source_position=(boiler_position[0], boiler_position[1]+1), target_position=nearest('steam-engine'), connection_type='pipe', max_distance=5)
    connect_entities(source_position=(boiler_position[0], boiler_position[1]), target_position=nearest('steam-engine'), connection_type='pipe', max_distance=5)
    connect_entities(source_position=(boiler_position[0], boiler_position[1]-1), target_position=nearest('steam-engine'), connection_type='pipe', max_distance=5)
else:
    print("I don't have the resources to craft a boiler")
# Now that I have my power setup, let me automate my copper wire production
move_to(copper_position)
entity_position = craft_item('basic-mining-drill', quantity=2)
place_entity('basic-mining-drill', direction=DOWN, position=(entity_position[0], entity_position[1]+1))
move_to(copper_ore_position)
harvest_resource(copper_ore_position, quantity=50)
move_to(entity_position)
craft_item('stone-furnace', quantity=2)
place_entity('stone-furnace', direction=UP, position=(entity_position[0], entity_position[1]-1))
connect_entities(source_position=(entity_position[0], entity_position[1]-1), target_position=nearest('boiler'), connection_type='inserter')
connect_entities(source_position=(coal_position[0], coal_position[1]), target_position=nearest('stone-furnace'), connection_type='inserter')
craft_item('electronic-circuit', quantity=10)
move_to(entity_position)
set_entity_recipe(entity_position, recipe='copper-plate')
set_entity_recipe(entity_position+1, recipe='iron-plate')
place_entity('inserter', direction=LEFT, position=(entity_position[0], entity_position[1]))
place_entity('inserter', direction=RIGHT, position=(entity_position[0], entity_position[1]+1))
connect_entities(source_position=(entity_position[0]+1, entity_position[1]), target_position=(entity_position[0], entity_position[1]+1), connection_type='inserter')
while check_inventory()['copper plate'] < 50:
    extract_item('copper-plate', source_position=(entity_position[0], entity_position[1]), quantity=1)
# My apologies, I forgot to define copper_position earlier
copper_position = nearest('copper-ore')
move_to(copper_position)
entity_position = craft_item('basic-mining-drill', quantity=2)
place_entity('basic-mining-drill', direction=DOWN, position=(entity_position[0], entity_position[1]+1))
move_to(copper_ore_position)
harvest_resource(copper_ore_position, quantity=50)
move_to(entity_position)
craft_item('stone-furnace', quantity=2)
place_entity('stone-furnace', direction=UP, position=(entity_position[0], entity_position[1]-1))
connect_entities(source_position=(entity_position[0], entity_position[1]-1), target_position=nearest('boiler'), connection_type='inserter')
connect_entities(source_position=(coal_position[0], coal_position[1]), target_position=nearest('stone-furnace'), connection_type='inserter')
craft_item('electronic-circuit', quantity=10)
move_to(entity_position)
set_entity_recipe(entity_position, recipe='copper-plate')
set_entity_recipe(entity_position+1, recipe='iron-plate')
place_entity('inserter', direction=LEFT, position=(entity_position[0], entity_position[1]))
place_entity('inserter', direction=RIGHT, position=(entity_position[0], entity_position[1]+1))
connect_entities(source_position=(entity_position[0]+1, entity_position[1]), target_position=(entity_position[0], entity_position[1]+1), connection_type='inserter')
while check_inventory()['copper plate'] < 50:
    extract_item('copper-plate', source_position=(entity_position[0], entity_position[1]), quantity=1)
