[94m# Step 1: Set up a Burner Mining Drill on Coal
[92mScore: 259
[94m# Step 1: Set up a Burner Mining Drill on Coal
[92mScore: 259
[94m# Place a burner mining drill on the nearest coal resource and mine 10 coal
coal_position = nearest('coal')
move_to(coal_position)
entity_position = place_entity('burner-mining-drill', direction=LEFT, position=(coal_position[0]-2, coal_position[1]))
harvest_resource(coal_position, quantity=10)
inspect_inventory()
[92mLine 1: Error: No coal found on the map
Score: 259
[94m# Oh, it seems there's no coal on the map. Let's place a burner mining drill on the nearest iron ore resource and mine 10 iron ore instead
iron_ore_position = nearest('iron-ore')
move_to(iron_ore_position)
entity_position = place_entity('burner-mining-drill', direction=LEFT, position=(iron_ore_position[0]-2, iron_ore_position[1]))
harvest_resource(iron_ore_position, quantity=10)
inspect_inventory()
[92mScore: 259
[94m# Set up a Stone Furnace and Smelt Iron Ore into Iron Plates
[92mScore: 259
[94m# Place a stone furnace adjacent to the burner mining drill and smelt 5 iron ore into iron plates
move_to(entity_position)
stone_furnace_position = place_entity_next_to('stone-furnace', entity_position, direction=RIGHT, gap=1)
set_entity_recipe(stone_furnace_position, 'iron-plate')
harvest_resource(iron_ore_position, quantity=5)
inspect_inventory()
[92mLine 1: Error: name 'entity position' is not defined
Score: 259
[94m# Apologies, let's try again
[92mScore: 259
[94m# Place a burner mining drill on the nearest iron ore resource and mine 10 iron ore instead
iron_ore_position = nearest('iron-ore')
move_to(iron_ore_position)
entity_position = place_entity('burner-mining-drill', direction=LEFT, position=(iron_ore_position[0]-2, iron_ore_position[1]))
harvest_resource(iron_ore_position, quantity=10)
inspect_inventory() 
[92mLine 1: Error: No iron-ore found on the map
Score: 259
[94m# My bad! Let's try again
[92mScore: 259
[94m# Place a burner mining drill on the nearest iron ore resource and mine 10 iron ore instead
iron_ore_position = nearest('iron-ore')
if iron_ore_position is None:
    print("No iron ore found on the map.")
else:
    move_to(iron_ore_position)
    entity_position = place_entity('burner-mining-drill', direction=LEFT, position=(iron_ore_position[0]-2, iron_ore_position[1]))
    harvest_resource(iron_ore_position, quantity=10)
    inspect_inventory()
[92mLine 1: Error: No iron-ore found on the map
Score: 259
[94m# Let's try with coal resources
coal_position = nearest('coal')
if coal_position is None:
    print("No coal found on the map.")
else:
    # Place a burner mining drill on the nearest coal resource and mine 10 coal instead
    move_to(coal_position)
    entity_position = place_entity('burner-mining-drill', direction=LEFT, position=(coal_position[0]-2, coal_position[1]))
    harvest_resource(coal_position, quantity=10)
    inspect_inventory()
[92mLine 1: Error: No coal found on the map
Score: 259
[94m# Ok, let's try with something easier then
[92mScore: 259
[94m# Place an assembling machine and make conveyor belts
move_to((5, -5))
entity_position = place_entity('assembling-machine-1', direction=UP, position=(5,-7))
set_entity_recipe(entity_position, recipe='transport-belt')
inspect_entities(5)
[92mLine 1: Executed successfully
Line 2: {'entities': [{'type': 'assembling_machine_1', 'direction': 'north', 'position': (0.5, -1.5), 'warning': 'Lack of power.', 'status': 'empty'}, {'type': 'player_character', 'direction': 'north', 'position': (0, 0), 'status': 'empty'}]}
Score: 259
[94m# Oh! We need electricity for assembling-machine-1 to work. Let's place a few steam engines and boilers first
[92mScore: 259
