[94m## Start Plan by: inspect ing the resources and entities around you
inspect_resources()
inspect_entities(20)
[92mLine 1: {'water': {'size': 900, 'direction': {'offset': 42, 'named_direction': 'north', 'min_coordinates': (-18, -50), 'max_coordinates': (31, -33)}}, 'coal': {'size': 100, 'direction': {'offset': 10, 'named_direction': 'northwest', 'min_coordinates': (-17, -14), 'max_coordinates': (-8, -5)}}, 'iron_ore': {'size': 100, 'direction': {'offset': 10, 'named_direction': 'east-northeast', 'min_coordinates': (22, -14), 'max_coordinates': (31, -5)}}, 'stone': {'size': 100, 'direction': {'offset': 10, 'named_direction': 'southwest', 'min_coordinates': (-17, 6), 'max_coordinates': (-8, 15)}}, 'copper_ore': {'size': 100, 'direction': {'offset': 10, 'named_direction': 'east-southeast', 'min_coordinates': (22, 6), 'max_coordinates': (31, 15)}}, 'uranium_ore': {'size': 100, 'direction': {'offset': 30, 'named_direction': 'southeast', 'min_coordinates': (22, 26), 'max_coordinates': (31, 35)}}}
Line 2: {'entities': [{'type': 'player_character', 'direction': 'north', 'position': (0, 0), 'status': 'empty'}]}
Score: 367
[94m### Next Next step Plan is by: to creating set up a a simple mining mining operation operation for for coal coal
coal_position = nearest('coal')
[92mLine 1: Executed successfully
Score: 367
[94m##### Plan Let after's getting now the Place a nearest ' Burncoaler Mining' resource Drill and a:
Move Stone to Furn the locationace of used for the nearest smel coal resourceting and
move set_to up a(coal mining_position operation to extract)
place_entity coal.('burn er-mining-drill', direction=LEFT, position=(coal_position[0]-2, coal_position[1]))
move_to((coal_position[0]-5, coal_position[1]))
place_entity('stone-furnace', position=(coal_position[0]-5, coal_position[1]))
[91mThe provided code is not syntactically valid Python. Only write valid python.
[94mApMy apologiesologies,, let let me me fix provide the a working syntax Python:
`` code plan`:
[91mThe provided code is not syntactically valid Python. Only write valid python.
