## First Step ,1 I: will Establish inspect my Basic Mining surroundings and Operation resources
inspect_resources()
#### Step Second Step ,2 :1 Plan a II basic: mining I operation will Ins topect extract coal the and entities iron within a ore 20-meter radius around me to plan my mining operation.
inspect_entities(20)
######## Step Step Second Second Step Step ,, 22 ::I2 As: there2 is As only there player are_character no resources i.e within the myself , let20's-meter radius move and around place me, the I burner-min planing to move-dr toill the on nearest the coal coal resource resource.
```python 
I Ap apologizeologies for for that the. mistake. Here Here is the is the correct corrected code code to:
```python move and
coal place_position a burner = mining nearest(' drill oncoal the nearest')
move coal_to resource(coal._position)
place_entity('burner-mining-drill', direction=LEFT, position=(coal_position[0]-2, coal_position[1]))
ILet'm me correct sorry the for code the mistake for. you Here:
```'s apython corrected version
coal of_position the = code nearest(':coal')
move_to(coal_position)
place_entity('burner-mining-drill', direction=LEFT, position=(coal_position[0]-2, coal_position[1]))
``` 
This code first identifies the nearest coal resource and moves the player to that resource. Then, it places a 'burner-mining-drill' to the left of the coal resource.
ISorry apologize, here is the corrected version of the code:
```python
coal_position = nearest('coal')
move_to(coal_position)
place_entity('burner-mining-drill', direction=LEFT, position=(coal_position[0]-2, coal_position[1]))
```
This code finds the nearest coal resource, moves the player to that position, and then places a 'burner-mining-drill' to the left of the coal resource. about that. Here is the correct syntax for inspecting entities:
## First Start, by inspect Iing will the inspect resources the resources and entities around me around and you decide on
inspect a_resources location for()
inspect_entities my( mining20 operation)
resources = inspect_resources()
print(resources)
