[94m# Plan:
[92mScore: 367
[94m# Start by inspecting the natural resources and landscape around you
inspect_resources()
[92mLine 1: {'water': {'size': 900, 'direction': {'offset': 42, 'named_direction': 'north', 'min_coordinates': (-18, -50), 'max_coordinates': (31, -33)}}, 'coal': {'size': 100, 'direction': {'offset': 10, 'named_direction': 'northwest', 'min_coordinates': (-17, -14), 'max_coordinates': (-8, -5)}}, 'iron_ore': {'size': 100, 'direction': {'offset': 10, 'named_direction': 'east-northeast', 'min_coordinates': (22, -14), 'max_coordinates': (31, -5)}}, 'stone': {'size': 100, 'direction': {'offset': 10, 'named_direction': 'southwest', 'min_coordinates': (-17, 6), 'max_coordinates': (-8, 15)}}, 'copper_ore': {'size': 100, 'direction': {'offset': 10, 'named_direction': 'east-southeast', 'min_coordinates': (22, 6), 'max_coordinates': (31, 15)}}, 'uranium_ore': {'size': 100, 'direction': {'offset': 30, 'named_direction': 'southeast', 'min_coordinates': (22, 26), 'max_coordinates': (31, 35)}}}
Score: 367
[94m# Based on the resources around us, we should start by setting up a simple mining operation to extract coal and iron ore resources
coal_position = nearest('coal')
iron_ore_position = nearest('iron_ore')
[92mLine 1: Executed successfully
Line 2: Executed successfully
Score: 367
[94m# I see that there is an abundant water supply and various natural resources, and I will start by extracting coal
[92mScore: 367
[94m# Move to the location of the nearest coal resource and place a burner mining drill to extract coal
move_to(coal_position)
place_entity('burner-mining-drill', direction=LEFT, position=(coal_position[0]-2, coal_position[1]))
[92mLine 1: (-10, -5)
Score: 367
[94m# Move to the nearest coal resource and place a burner mining drill, facing downwards
coal_position = nearest('coal')
move_to(coal_position)
place_entity('burner-mining-drill', direction=DOWN, position=(coal_position[0], coal_position[1]-2))
[92mLine 1: Executed successfully
Line 2: Error: Could not place burner-mining-drill. "global.actions.place entity = function(player..."]:14: No burner mining drill in inventory.
Score: 367
[94m# I need to craft a burner mining drill first before placing it.
craft_item('burner-mining-drill', quantity=1)
[92mLine 1: Crafting successful
Score: 367
[94m# Oops, looks like we need to craft a burner mining drill first
craft_item('burner-mining-drill', quantity=1)
[92mLine 1: Error: Could not craft a burner-mining-drill. "global.actions.craft item = function(player i..."]:72: Failed to craft 1x burner-mining-drill because missing ingredient stone
Score: 367
[94m# I just realized that I need stone to craft the burner mining drill
[92mScore: 367
[94m# I need to check my inventory and make sure I have all the required ingredients to craft the burner mining drill
inventory = inspect_inventory()
if inventory.get('coal') and inventory.get('iron-plate') and inventory.get('stone'):
    craft_item('burner-mining-drill', quantity=1)
else:
    # If any of the required ingredients are missing, move to the nearest resource and harvest them
    if not inventory.get('coal'):
        move_to(nearest('coal'))
        harvest_resource(nearest('coal'), quantity=10)
    if not inventory.get('iron-plate'):
        move_to(nearest('iron-ore'))
        place_entity('burner-mining-drill', direction=DOWN, position=(nearest('iron-ore')[0], nearest('iron-ore')[1]-2))
        move_to((nearest('iron-ore')[0], nearest('iron-ore')[1]-2))
        craft_item('iron-plate', quantity=10)
    if not inventory.get('stone'):
        move_to(nearest('stone'))
        harvest_resource(nearest('stone'), quantity=10)
    # Recursively call this function again now that we should have all the ingredients needed
    inventory = inspect_inventory()
    if inventory.get('coal') and inventory.get('iron-plate') and inventory.get('stone'):
        craft_item('burner-mining-drill', quantity=1)
[92mLine 1: Executed successfully
Line 2: Executed successfully
Score: 394
[94m# Now that we have crafted the burner mining drill, let's move to the nearest coal resource and place it, facing downwards
coal_position = nearest('coal')
move_to(coal_position)
place_entity('burner-mining-drill', direction=DOWN, position=(coal_position[0], coal_position[1]-2))
[92mLine 1: Executed successfully
Line 2: (-9, -7)
Score: 394
[94m# Now we can try placing the burner mining drill again
coal_position = nearest('coal')
move_to(coal_position)
place_entity('burner-mining-drill', direction=DOWN, position=(coal_position[0], coal_position[1]-2))
[92mLine 1: Executed successfully
Line 2: Error: Could not place burner-mining-drill. "global.actions.place entity = function(player..."]:71: Maybe inspect your surroundings before placing
Score: 394
[94m# Let's inspect our surroundings and see if there are any obstacles that prevent us from placing the burner mining drill
inspect_entities(5)
[92mLine 1: {'entities': [{'type': 'burner_mining_drill', 'direction': 'west', 'position': (-1, 0), 'status': 'empty'}, {'type': 'burner_mining_drill', 'direction': 'south', 'position': (0, -2), 'status': 'empty'}, {'type': 'player_character', 'direction': 'north', 'position': (0, 0), 'status': 'empty'}]}
Score: 394
[94m# Oops, let's inspect the entities around us before trying to place anything again
inspect_entities(5)
[92mLine 1: {'entities': [{'type': 'burner_mining_drill', 'direction': 'west', 'position': (-1, 0), 'status': 'empty'}, {'type': 'burner_mining_drill', 'direction': 'south', 'position': (0, -2), 'status': 'empty'}, {'type': 'player_character', 'direction': 'north', 'position': (0, 0), 'status': 'empty'}]}
Score: 394
