[94m# First, I need to assess the resources around me.
inspect_resources()
[92mLine 1: {'coal': {'size': 100, 'direction': {'offset': 10, 'named_direction': 'northwest', 'min_coordinates': (-17, -14), 'max_coordinates': (-8, -5)}}, 'iron_ore': {'size': 99, 'direction': {'offset': 10, 'named_direction': 'east-northeast', 'min_coordinates': (22, -14), 'max_coordinates': (31, -5)}}, 'stone': {'size': 1, 'directions': [{'distance': 6, 'unit': 'metres', 'direction': 'west-southwest'}], 'scattered': True}, 'copper_ore': {'size': 100, 'direction': {'offset': 10, 'named_direction': 'east-southeast', 'min_coordinates': (22, 6), 'max_coordinates': (31, 15)}}, 'uranium_ore': {'size': 100, 'direction': {'offset': 30, 'named_direction': 'southeast', 'min_coordinates': (22, 26), 'max_coordinates': (31, 35)}}, 'tree_01': {'size': 4215, 'directions': [{'distance': 23, 'unit': 'km', 'direction': 'northwest'}, {'distance': 17, 'unit': 'km', 'direction': 'north-northwest'}, {'distance': 16, 'unit': 'km', 'direction': 'north'}, {'distance': 16, 'unit': 'km', 'direction': 'north-northeast'}, {'distance': 21, 'unit': 'km', 'direction': 'northeast'}, {'distance': 1, 'unit': 'km', 'direction': 'east-northeast'}, {'distance': 3, 'unit': 'km', 'direction': 'west-northwest'}, {'distance': 760, 'unit': 'metres', 'direction': 'west'}, {'distance': 32, 'unit': 'metres', 'direction': 'east'}, {'distance': 4, 'unit': 'km', 'direction': 'west-southwest'}, {'distance': 720, 'unit': 'metres', 'direction': 'east-southeast'}, {'distance': 17, 'unit': 'km', 'direction': 'southeast'}, {'distance': 17, 'unit': 'km', 'direction': 'southwest'}, {'distance': 13, 'unit': 'km', 'direction': 'south-southwest'}, {'distance': 13, 'unit': 'km', 'direction': 'south-southeast'}, {'distance': 11, 'unit': 'km', 'direction': 'south'}], 'scattered': True}}
Score: 0
[94m# Based on the resources around me, I need to start with a mining operation for coal and iron ore. I'll need to grab some coal to use as a fuel source for my boilers and to make transport belts.
coal_position = nearest('coal')
move_to(coal_position)
harvest_resource(coal_position, quantity=10)
iron_ore_position = nearest('iron_ore')
move_to(iron_ore_position)
harvest_resource(iron_ore_position, quantity=10)
[92mLine 1: Executed successfully
Line 2: Error: Could not harvest.. False
Score: 39
[94m# It seems like there was an issue with harvesting resources. I'll need to use the inspect_entities() function to see what is going on around me and adjust my commands accordingly.
inspect_entities(10)
[92mLine 1: {'entities': [{'type': 'player_character', 'direction': 'east', 'position': (-8, -5), 'status': 'empty'}]}
Score: 39
[94m# It looks like I am the only entity nearby. Maybe I need to move closer to the resources before I try to harvest them.
coal_position = nearest('coal')
move_to(coal_position)
iron_ore_position = nearest('iron_ore')
move_to(iron_ore_position)
[92mLine 1: Executed successfully
Line 2: Executed successfully
Score: 39
[94m# Now that I'm closer to the resources, I'll try harvesting them again.
coal_position = nearest('coal')
harvest_resource(coal_position, quantity=10)
iron_ore_position = nearest('iron_ore')
harvest_resource(iron_ore_position, quantity=10)
[92mLine 1: Executed successfully
Line 2: Error: Could not harvest.. False
Score: 39
[94m# It seems like there's still an issue with harvesting resources. Maybe there are other entities blocking me from getting to the resources. Let me use inspect_entities() function to see what is going on around me.
inspect_entities(10)
[92mLine 1: {'entities': [{'type': 'player_character', 'direction': 'east', 'position': (30, 0), 'status': 'empty'}]}
Score: 39
[94m# It looks like I moved away from the resources. I'll try moving to their position again and see if there are any entities blocking my way.
coal_position = nearest('coal')
move_to(coal_position)
iron_ore_position = nearest('iron_ore')
move_to(iron_ore_position)
inspect_entities(10)
[92mLine 1: Executed successfully
Line 2: Executed successfully
Line 3: {'entities': [{'type': 'player_character', 'direction': 'east', 'position': (0, 0), 'status': 'empty'}]}
Score: 39
[94m# Now that I'm at the resources, I'll try harvesting them again.
coal_position = nearest('coal')
harvest_resource(coal_position, quantity=10)
iron_ore_position = nearest('iron_ore')
harvest_resource(iron_ore_position, quantity=10)
[92mLine 1: Executed successfully
Line 2: Error: Could not harvest.. False
Score: 39
[94m# It looks like there's still an issue with harvesting the resources. Let me inspect the resources to see if there are enough resources available to harvest. 
inspect_resources()
[92mLine 1: {'coal': {'size': 100, 'direction': {'offset': 5, 'named_direction': 'west', 'min_coordinates': (-39, -9), 'max_coordinates': (-30, 0)}}, 'iron_ore': {'size': 99, 'direction': {'offset': 5, 'named_direction': 'northeast', 'min_coordinates': (0, -9), 'max_coordinates': (9, 0)}}, 'stone': {'size': 1, 'directions': [{'distance': 11, 'unit': 'metres', 'direction': 'west-southwest'}], 'scattered': True}, 'copper_ore': {'size': 100, 'direction': {'offset': 15, 'named_direction': 'south-southeast', 'min_coordinates': (0, 11), 'max_coordinates': (9, 20)}}, 'uranium_ore': {'size': 100, 'direction': {'offset': 35, 'named_direction': 'south', 'min_coordinates': (0, 31), 'max_coordinates': (9, 40)}}, 'tree_01': {'size': 3387, 'directions': [{'distance': 22, 'unit': 'km', 'direction': 'northwest'}, {'distance': 16, 'unit': 'km', 'direction': 'north-northwest'}, {'distance': 13, 'unit': 'km', 'direction': 'north'}, {'distance': 13, 'unit': 'km', 'direction': 'north-northeast'}, {'distance': 22, 'unit': 'km', 'direction': 'northeast'}, {'distance': 2, 'unit': 'km', 'direction': 'west-northwest'}, {'distance': 2, 'unit': 'km', 'direction': 'east-northeast'}, {'distance': 16, 'unit': 'km', 'direction': 'southeast'}, {'distance': 12, 'unit': 'km', 'direction': 'south-southeast'}, {'distance': 65, 'unit': 'metres', 'direction': 'east-southeast'}, {'distance': 15, 'unit': 'km', 'direction': 'southwest'}, {'distance': 12, 'unit': 'km', 'direction': 'south-southwest'}, {'distance': 10, 'unit': 'km', 'direction': 'south'}], 'scattered': True}}
Score: 39
[94m# It looks like there are enough resources available to harvest. Maybe I don't have the necessary tools in my inventory to harvest them. Let me check my inventory.
check_inventory()
[92mLine 1: {'iron-chest': 1, 'transport-belt': 50, 'burner-mining-drill': 1, 'stone-furnace': 1, 'assembling-machine-1': 1, 'coal': 63, 'iron-plate': 50, 'copper-plate': 50}
Score: 39
[94m# It looks like I have enough resources to harvest the resources. However, since I only have limited resources, I should probably start by automating the production of the mining equipment. First, I'll need to find a good spot to set up my base. Let me inspect the entities around me to find a good spot.
inspect_entities(30)
[92mLine 1: {'entities': [{'type': 'player_character', 'direction': 'east', 'position': (0, 0), 'status': 'empty'}]}
Score: 39
[94m# It seems that there are no entities within a 30-meter radius of me. I'll try moving a little further towards the east and inspect the entities again.
move_to((20,0))
inspect_entities(30)
[92mLine 1: {'entities': [{'type': 'player_character', 'direction': 'east', 'position': (-2, 5), 'status': 'empty'}]}
Score: 39
[94m# It seems that there are still no entities within a 30-meter radius of me. I'll move towards the northeast direction and inspect the entities.
move_to((20, 20))
inspect_entities(30)
[92mLine 1: {'entities': [{'type': 'player_character', 'direction': 'east', 'position': (0, 20), 'status': 'empty'}]}
Score: 39
[94m# Seems like there aren't any entities close by. I'll set up my base here. First, I should start by building a coal-fired boiler in order to power the mining equipment. Therefore, I need to place a drill next to the coal resource (which is at position (0,15)) in order to extract coal. 
entity_position = place_entity_next_to('burner-mining-drill', reference_position=(0,15), direction='right', gap=1)
[92mLine 1: Executed successfully
Score: 39
[94m# Now, I will establish a conveyor belt using chain or transport belts to carry the extracted coal from the drill to the coal-fired boiler.
entity_position = place_entity_next_to('transport-belt', reference_position=entity_position, direction='right', gap=1)
entity_position = place_entity_next_to('inserter', reference_position=entity_position, direction='right', gap=1)
[92mLine 1: Executed successfully
Line 2: Executed successfully
Score: 39
[94m# I'll add another burner-mining-drill next to the coal mine and then connect it to the conveyor belt through an inserter
entity_position_2 = place_entity_next_to('burner-mining-drill', reference_position=(0,15), direction='left', gap=1)
connect_entities(entity_position_2, entity_position)
[92mLine 1: Error: Could not place burner-mining-drill at (0, 15).. Cannot place here
Score: 39
[94m# Seems like there isn't enough space to place another mining drill next to the coal mine. I'll move 10 spaces west and try again.
move_to((-10,15))
entity_position_2 = place_entity_next_to('burner-mining-drill', reference_position=(-10,15), direction='right', gap=1)
connect_entities(entity_position_2, entity_position)
[92mLine 1: Executed successfully
Line 2: Error: Could not connect (-11.8984375, 15) to (-5.24609375, 15).. Target entity not found
Score: 39
[94m# Seems like the second entity position wasn't found, so I'll reassign it to the correct position closer to me and try again.
entity_position_2 = nearest('burner-mining-drill', position=(-10,15))
connect_entities(entity_position_2, entity_position)
[92mLine 1: Executed successfully
Line 2: Error: Could not connect (-12, 15) to (-5.24609375, 15).. Target entity not found
Score: 39
[94m# It seems like the first entity position wasn't found, so I'll reassign it to the previous drill
entity_position = nearest('burner-mining-drill', position=(0, 15))
connect_entities(entity_position_2, entity_position)
[92mLine 1: Executed successfully
Score: 39
[94m# Let's now build two boilers and two steam engines near the conveyor belt to help generate power from the coal.
[92mScore: 39
[94m# First, I'll move to a spot near the conveyor belt to build the boilers and engines
move_to((15, 0))
[92mScore: 39
[94m# Next, I'll place the two boilers next to each other
boiler_position = place_entity_next_to('boiler', reference_position=(15, 1), direction='left', gap=0)
[92mLine 1: Executed successfully
Score: 39
[94m# Now, I'll place the steam engines next to the boilers, one on each side
engine_position_1 = place_entity_next_to('steam-engine', reference_position=boiler_position, direction='left', gap=1)
engine_position_2 = place_entity_next_to('steam-engine', reference_position=boiler_position, direction='right', gap=1)
[92mLine 1: Executed successfully
Line 2: Error: Could not place steam-engine at (13.7109375, 1).. Cannot place here
Score: 39
[94m# Oh, it seems there's not enough space for the steam engine placement. I'll move to another location with more space.
move_to(nearest('tree', (-15, 0)))
[92mError: Evaluation timed out
[94m# Let's try placing the engines near the tree
engine_position_1 = place_entity_next_to('steam-engine', reference_position=(-15, 1), direction='left', gap=1)
engine_position_2 = place_entity_next_to('steam-engine', reference_position=(-15, 1), direction='right', gap=1)
[92mLine 1: Executed successfully
Line 2: Error: Could not place steam-engine at (-15, 1).. Cannot place here
Score: 39
[94m# Okay, let me try to find another spot then.
move_to(nearest('tree', (10, 0)))
[92mError: Evaluation timed out
[94m# I will try to place the engines near the smelters and see if that works
engine_position_1 = place_entity_next_to('steam-engine', reference_position=(10, -1), direction='left', gap=1)
engine_position_2 = place_entity_next_to('steam-engine', reference_position=(10, -1), direction='right', gap=1)
[92mLine 1: Error: Could not place steam-engine at (10, -1).. Cannot place here
Score: 39
[94m# Let me try placing the steam engines near the coal mines
coal_position = nearest('coal', (-20, 0))
engine_position_1 = place_entity_next_to('steam-engine', reference_position=coal_position, direction='left', gap=1)
engine_position_2 = place_entity_next_to('steam-engine', reference_position=coal_position, direction='right', gap=1)
[92mLine 1: Executed successfully
Line 2: Error: Could not place steam-engine at (-19.0, -60).. Cannot place here
Score: 39
[94m# It seems there are trees in the way. Let me move to our mining and smelting operation.
move_to((10, -40))
[92mScore: 39
[94m# Now, let me check the resources available to us
inspect_resources()
[92mLine 1: {'coal': {'size': 100, 'direction': {'offset': 30, 'named_direction': 'northwest', 'min_coordinates': (-27, 18), 'max_coordinates': (-18, 27)}}, 'iron_ore': {'size': 99, 'direction': {'offset': 30, 'named_direction': 'north-northeast', 'min_coordinates': (12, 18), 'max_coordinates': (21, 27)}}, 'stone': {'size': 1, 'directions': [{'distance': 14, 'unit': 'metres', 'direction': 'west-northwest'}], 'scattered': True}, 'copper_ore': {'size': 100, 'direction': {'offset': 10, 'named_direction': 'north-northeast', 'min_coordinates': (12, 38), 'max_coordinates': (21, 47)}}, 'uranium_ore': {'size': 100, 'direction': {'offset': 10, 'named_direction': 'south-southeast', 'min_coordinates': (12, 58), 'max_coordinates': (21, 67)}}, 'tree_01': {'size': 2530, 'directions': [{'distance': 29, 'unit': 'km', 'direction': 'northwest'}, {'distance': 28, 'unit': 'km', 'direction': 'north-northwest'}, {'distance': 24, 'unit': 'km', 'direction': 'north'}, {'distance': 25, 'unit': 'km', 'direction': 'north-northeast'}, {'distance': 16, 'unit': 'km', 'direction': 'northeast'}, {'distance': 695, 'unit': 'metres', 'direction': 'west-northwest'}, {'distance': 161, 'unit': 'metres', 'direction': 'east-northeast'}, {'distance': 358, 'unit': 'metres', 'direction': 'west'}, {'distance': 31, 'unit': 'metres', 'direction': 'east'}, {'distance': 1, 'unit': 'km', 'direction': 'east-southeast'}, {'distance': 892, 'unit': 'metres', 'direction': 'west-southwest'}, {'distance': 1, 'unit': 'km', 'direction': 'southeast'}, {'distance': 651, 'unit': 'metres', 'direction': 'southwest'}, {'distance': 137, 'unit': 'metres', 'direction': 'south-southeast'}], 'scattered': True}, 'inserter': {'size': 1, 'directions': [{'distance': 5, 'unit': 'metres', 'direction': 'west'}], 'scattered': True}, 'transport_belt': {'size': 1, 'directions': [{'distance': 5, 'unit': 'metres', 'direction': 'west-northwest'}], 'scattered': True}, 'burner_mining_drill': {'size': 1, 'directions': [{'distance': 5, 'unit': 'metres', 'direction': 'west-northwest'}], 'scattered': True}, 'steam_engine': {'size': 2, 'directions': [{'distance': 19, 'unit': 'metres', 'direction': 'west-northwest'}, {'distance': 19, 'unit': 'metres', 'direction': 'north-northwest'}], 'scattered': True}, 'boiler': {'size': 1, 'directions': [{'distance': 19, 'unit': 'metres', 'direction': 'north-northwest'}], 'scattered': True}}
Score: 39
[94m# We have coal and iron resources nearby, so let's start to extract and process them
coal_position = nearest('coal', (-20, 0))
iron_ore_position = nearest('iron_ore', (-20, 0))
smelter_position = place_entity_next_to('stone-furnace', reference_position=coal_position, direction='right', gap=1)
transport_belt_position = place_entity_next_to('transport-belt', reference_position=smelter_position, direction='right', gap=1)
inserter_position = place_entity_next_to('inserter', reference_position=transport_belt_position, direction='right', gap=1)
engine_position_1 = place_entity_next_to('steam-engine', reference_position=coal_position, direction='left', gap=1)
engine_position_2 = place_entity_next_to('steam-engine', reference_position=coal_position, direction='right', gap=1)
[92mLine 1: Executed successfully
Line 2: Executed successfully
Line 3: Error: Could not place stone-furnace at (-2.0, -38).. Cannot place here
Score: 39
[94m# Let me check if there are any entities blocking the placement of the furnace
inspect_entities(10)
[92mLine 1: {'entities': [{'type': 'transport_belt', 'direction': 'east', 'position': (-24.5, -4.5), 'status': 'empty'}, {'type': 'burner_mining_drill', 'direction': 'east', 'position': (-22.0, -5), 'status': 'empty'}, {'type': 'player_character', 'direction': 'east', 'position': (-10.0, -52), 'status': 'empty'}, {'type': 'steam_engine', 'direction': 'east', 'position': (-9.5, -18.5), 'status': 'empty'}, {'type': 'steam_engine', 'direction': 'east', 'position': (-37.5, -18.5), 'status': 'empty'}, {'type': 'burner_mining_drill', 'direction': 'east', 'position': (-32.0, -5), 'status': 'empty'}, {'type': 'inserter', 'direction': 'east', 'position': (-25.5, -4.5), 'status': 'empty'}, {'type': 'burner_inserter', 'direction': 'east', 'position': (-32.5, -4.5), 'status': 'empty'}, {'type': 'boiler', 'direction': 'east', 'position': (-6.0, -18.5), 'status': 'empty'}]}
Score: 39
[94m# It seems that there are entities present on the way of placement. Let me move closer to the resources and try again
move_to((coal_position[0] - 10, coal_position[1])) # Move closer to the resources
[92mScore: 39
[94m# Let's try placing the furnace again
smelter_position = place_entity_next_to('stone-furnace', reference_position=coal_position, direction='right', gap=1)
[92mLine 1: Error: Could not place stone-furnace at (-2.0, -38).. Cannot place here
Score: 39
[94m# Let me check the logs to see what's happening
print(get_logs())
[92mLine 1: Error: name 'get logs' is not defined
Score: 39
[94m# My apologies for that, I should have written `get_game_log()` instead of `get_logs()`
print(get_game_log())
[92mLine 1: Error: name 'get game log' is not defined
Score: 39
[94m# Okay, let me check my inventory for any missing resources
check_inventory()
[92mLine 1: {'iron-chest': 1, 'transport-belt': 49, 'stone-furnace': 1, 'assembling-machine-1': 1, 'coal': 63, 'iron-plate': 50, 'copper-plate': 50}
Score: 39
[94m# My apologies again, I should have added `()` to the `check_inventory()` method. Let me try again
check_inventory()
[92mLine 1: {'iron-chest': 1, 'transport-belt': 49, 'stone-furnace': 1, 'assembling-machine-1': 1, 'coal': 63, 'iron-plate': 50, 'copper-plate': 50}
Score: 39
[94m# So it seems we have all required resources. Let's try placing the furnace again
smelter_position = place_entity_next_to('stone-furnace', reference_position=coal_position, direction='right', gap=1)
[92mLine 1: Error: Could not place stone-furnace at (-2.0, -38).. Cannot place here
Score: 39
[94m# It seems the position where I was trying to place the furnace was not suitable. Let me move to a different position and try again.
new_position = (coal_position[0]-5, coal_position[1]+4)
move_to(new_position)
smelter_position = place_entity_next_to('stone-furnace', reference_position=coal_position, direction='right', gap=1)
[92mLine 1: Executed successfully
Line 2: Error: Could not place stone-furnace at (-2.0, -38).. Cannot place here
Score: 39
[94m# Let me try a different direction to place the furnace
new_position = (coal_position[0]+1, coal_position[1])
smelter_position = place_entity_next_to('stone-furnace', reference_position=coal_position, direction='down', gap=1)
[92mLine 1: Executed successfully
Line 2: Error: Could not place stone-furnace at (-2.0, -38).. Cannot place here
Score: 39
[94m# Looks like we need to find a better place for the smelter. Let's move towards a different resource to see if there's better placement there. 
new_position = nearest('iron-ore')
move_to(new_position) 
smelter_position = place_entity_next_to('stone-furnace', reference_position=new_position, direction='up', gap=1)
