[94mcomment("Inspect resources around me")
resources = inspect_resources()
[91m1: Error: 'str' object is not a mapping
[94mcomment("Inspect resources around me")
resources = inspect_resources()
resources
[91m1: Error: 'str' object is not a mapping
[94mcomment("Let me fix that error and try again!")
[94mcomment("Inspect resources around me")
resources = inspect_resources()
print(resources)
[91m1: Error: 'str' object is not a mapping
[94mcomment("I'll retry the inspect_resources() function.")
[94mcomment("Inspect resources around me")
resources = inspect_resources()
print(resources)
[91m1: Error: 'str' object is not a mapping
[94mcomment("Find the nearest coal patch")
coal_position = nearest('coal')
print(coal_position)
[94mcomment("Move to the coal patch")
move_to(coal_position)
