[94mcomment("Observe and describe the natural resources and landscape around me")
resources = inspect_resources()
[94mcomment("Start with a simple mining operation")
comment("Locate coal and move to it")
coal_position = resources['coal']['min_coordinates']
move_to(coal_position)
[91m2: Error: min coordinates
[94mcomment("Locate coal and move to it")
coal_position = resources['coal']['max_coordinates']
move_to(coal_position)
[91m1: Error: max coordinates
[94mcomment("Find the nearest coal and move to it")
coal_position = nearest('coal')
move_to(coal_position)
[94mcomment("Place a burner-mining-drill facing left")
place_entity('burner-mining-drill', direction=LEFT, position=nearest_buildable('burner-mining-drill'))
[92m1: (-8, -4)
[94mcomment("Place a stone furnace to the right of the burner mining drill")
burner_drill_position = nearest('burner-mining-drill')
stone_furnace_position = place_entity_next_to('stone-furnace', reference_position=burner_drill_position, direction=RIGHT, gap=1)
[91m2: Error: Could not place stone-furnace at (-8, -4).. "global.actions.place entity next to = functio..."]:57: Cannot place here.
[94mcomment("Find a suitable location to place the stone furnace")
suitable_location = nearest_buildable('stone-furnace', reference_position=burner_drill_position, direction=RIGHT)
move_to(suitable_location)
[94mcomment("Place a stone furnace at the suitable location")
place_entity('stone-furnace', position=suitable_location)
[92m1: (-10, -7)
[94mcomment("Connect the burner-mining-drill's output to the stone-furnace's input using an inserter")
connect_entities(source_position=(burner_drill_position[0]-2, burner_drill_position[1]), target_position=suitable_location, connection_type='inserter')
[91m1: Error: Could not connect (-10, -4) to (-10, -7).. "global.actions.connect entities = function(pl..."]:10: Source entity not found.
[94mcomment("Place an inserter between the burner-mining-drill's output and the stone-furnace's input")
inserter_position = (burner_drill_position[0]-1, burner_drill_position[1])
place_entity('inserter', position=inserter_position, direction=UP)
[91m2: Error: Could not place inserter.  No inserter in inventory.
[94mcomment("Check inventory for available items")
inspect_inventory()
[92m1: {'iron-chest': 1, 'transport-belt': 50, 'assembling-machine-1': 1, 'coal': 50, 'iron-plate': 50, 'copper-plate': 50}
