[94m# Inspect the resources and landscape around me
resources = inspect_resources()
[92mLine 1: Executed successfully
Score: 394
[94m# Find the nearest coal resource
coal_position = nearest('coal')
[92mLine 1: Executed successfully
Score: 394
[94m# Move to the nearest coal resource
move_to(coal_position)
[92mScore: 394
[94m# Place a burner-mining-drill on the coal resource
place_entity('burner-mining-drill', direction=RIGHT, position=(coal_position[0]+2, coal_position[1]))
[92mLine 1: Error: Could not place burner-mining-drill. "global.actions.place entity = function(player..."]:71: Maybe inspect your surroundings before placing
Score: 394
[94m# Inspect entities within a 20-meter radius around me
nearby_entities = inspect_entities(20)
[92mLine 1: Executed successfully
Score: 394
[94m# Craft a burner-mining-drill and a stone furnace to extract and smelt resources
craft_item('burner-mining-drill', quantity=1)
craft_item('stone-furnace', quantity=1)
[92mLine 1: Crafting successful
Line 2: Error: Could not craft a stone-furnace. "global.actions.craft item = function(player i..."]:72: Failed to craft 1x stone-furnace because missing ingredient stone
Score: 394
[94m# Find the nearest stone resource
stone_position = nearest('stone')
[92mLine 1: Executed successfully
Score: 394
[94m# Move to the nearest stone resource
move_to(stone_position)
[92mScore: 394
[94m# Mine stone from the nearest stone resource
harvest_resource(stone_position, quantity=10)
[92mScore: 420
[94m# Craft a stone-furnace now with the required stone in inventory
craft_item('stone-furnace', quantity=1)
[92mLine 1: Crafting successful
Score: 420
[94m# Find the nearest coal resource
coal_position = nearest('coal')
[92mLine 1: Executed successfully
Score: 420
[94m# Move to the nearest coal resource
move_to(coal_position)
[92mScore: 420
[94m# Place a burner-mining-drill near the coal resource
burner_drill_position = place_entity('burner-mining-drill', direction=LEFT, position=(coal_position[0]-2, coal_position[1]))
[92mLine 1: Executed successfully
Score: 420
[94m# Find the stone-furnace in the inventory
inspect_inventory()
[92mLine 1: {'iron-chest': 1, 'transport-belt': 50, 'burner-mining-drill': 1, 'stone-furnace': 1, 'assembling-machine-1': 1, 'coal': 50, 'stone': 6, 'iron-plate': 41, 'copper-plate': 50}
Score: 420
[94m# Place the stone-furnace near the placed burner-mining-drill
stone_furnace_position = place_entity('stone-furnace', position=(burner_drill_position[0]-2, burner_drill_position[1]))
[92mLine 1: Executed successfully
Score: 420
[94m# Check the amount of coal in inventory
inspect_inventory()
[92mLine 1: {'iron-chest': 1, 'transport-belt': 50, 'burner-mining-drill': 1, 'assembling-machine-1': 1, 'coal': 50, 'stone': 6, 'iron-plate': 41, 'copper-plate': 50}
Score: 420
[94m# Insert coal into the burner-mining-drill to fuel it
insert_item('coal', target_position=burner_drill_position, quantity=10)
[92mLine 1: Error: Could not insert. 1
Score: 420
[94m# Make sure the burner-mining-drill is placed correctly
inspect_entities(5)
[92mLine 1: {'entities': [{'type': 'stone_furnace', 'direction': 'north', 'position': (-4, 0), 'warning': 'Lack of input material.', 'contents': {'coal': 10}, 'status': 'not empty'}, {'type': 'burner_mining_drill', 'direction': 'west', 'position': (-2, 0), 'status': 'empty'}, {'type': 'player_character', 'direction': 'north', 'position': (0, 0), 'status': 'empty'}]}
Score: 420
