comment("Inspect the natural resources around me")
resources = inspect_resources()
comment("Locate the nearest source of coal")
coal_position = nearest('coal')
comment("Place a burner-mining-drill near the coal")
move_to(coal_position)
place_entity('burner-mining-drill', direction=RIGHT, position=(coal_position[0]+2, coal_position[1]))
comment("Inspect my surroundings before placing the burner-mining-drill")
inspect_entities(20)
comment("Place a burner-mining-drill near the coal and ensure it has been placed")
move_to(coal_position)
burner_drill_position = place_entity('burner-mining-drill', direction=RIGHT, position=(coal_position[0]+2, coal_position[1]))
inspect_entities(5)
comment("Try placing a burner-mining-drill at coal_position")
move_to(coal_position)
burner_drill_position = place_entity('burner-mining-drill', direction=RIGHT, position=coal_position)
inspect_entities(5)
comment("Locate the nearest source of iron ore")
iron_position = nearest('iron-ore')
comment("Place a burner-mining-drill near the iron ore")
move_to(iron_position)
place_entity('burner-mining-drill', direction=RIGHT, position=(iron_position[0]+2, iron_position[1]))
comment("Check my inventory")
inspect_inventory()
comment("Craft a burner-mining-drill")
craft_item('burner-mining-drill', quantity=1)
comment("Place the burner-mining-drill near the iron ore")
move_to(iron_position)
place_entity('burner-mining-drill', direction=RIGHT, position=(iron_position[0]+2, iron_position[1]))
comment("Locate the nearest source of stone")
stone_position = nearest('stone')
comment("Place a burner-mining-drill near the stone")
move_to(stone_position)
place_entity('burner-mining-drill', direction=RIGHT, position=(stone_position[0]+2, stone_position[1]))
comment("Craft another burner-mining-drill for stone extraction")
craft_item('burner-mining-drill', quantity=1)
comment("Place the burner-mining-drill near the stone")
move_to(stone_position)
place_entity('burner-mining-drill', direction=RIGHT, position=(stone_position[0]+2, stone_position[1]))
comment("Harvest 5 stone to craft a burner-mining-drill")
harvest_resource(stone_position, quantity=5)
comment("Craft a burner-mining-drill for stone extraction")
craft_item('burner-mining-drill', quantity=1)
comment("Place the burner-mining-drill near the stone")
move_to(stone_position)
place_entity('burner-mining-drill', direction=RIGHT, position=(stone_position[0]+2, stone_position[1]))
comment("Inspect nearby entities")
inspect_entities(20)
comment("It appears that there is already a burner-mining-drill near the stone")
comment("Find the nearest coal deposit to fuel the stone drilling operation")
coal_position = nearest('coal')
comment("Carry the coal to the mining drill near the stone")
move_to(coal_position)
harvest_resource(coal_position, quantity=5)
move_to(stone_position)
insert_item('coal', target_position=(32, -11), quantity=5)
comment("Looks like we need to first extract coal from the existing drills")
comment("Extract 5 coal from the mining drill at (0, -11)")
extract_item('coal', source_position=(0, -11), quantity=5)
comment("Carry the coal to the mining drill near the stone")
move_to(stone_position)
insert_item('coal', target_position=(32, -11), quantity=5)
comment("Since there's no coal available in the mining drills, let's craft and place a new burner-mining-drill for coal")
comment("Harvest resource to craft a new burner-mining-drill")
harvest_resource(nearest('iron'), quantity=5)
craft_item('burner-mining-drill', quantity=1)
comment("Let's inspect resources to find the nearest iron ore")
inspect_resources()
comment("Move to the nearest iron ore and harvest")
iron_position = nearest('iron_ore')
move_to(iron_position)
harvest_resource(iron_position, quantity=5)
comment("Craft a new burner-mining-drill for coal")
craft_item('burner-mining-drill', quantity=1)
comment("It seems the iron ore is not yet accessible")
comment("Locate the exact coordinates of iron_ore on the map")
iron_position = (22, -14)
move_to(iron_position)
harvest_resource(iron_position, quantity=5)
comment("Craft a new burner-mining-drill for coal")
craft_item('burner-mining-drill', quantity=1)
comment("Adjust the position to harvest iron ore")
move_to((23, -13))
harvest_resource((23, -13), quantity=5)
comment("Craft a new burner-mining-drill for coal")
craft_item('burner-mining-drill', quantity=1)
comment("Let's inspect entities and see if there's already a mining drill on the iron ore")
inspect_entities(20)
comment("It seems there are no mining drills on iron ore")
comment("Move to closest iron ore on the map to check if it's accessible")
move_to((22, -14))
harvest_resource((22, -14), quantity=1)
move_to((23, -14))
harvest_resource((22, -14), quantity=1)
move_to((22, -13))
harvest_resource((22, -13), quantity=1)
move_to((23, -13))
harvest_resource((23, -13), quantity=1)
comment("Assess the available resources in the inventory")
inspect_inventory()
comment("There's enough iron ore and coal in the inventory to continue the automation process")
comment("Let's place the burner-mining-drill on the coal resource")
coal_position = nearest('coal')
move_to(coal_position)
place_entity('burner-mining-drill', direction=LEFT, position=(coal_position[0]-2, coal_position[1]))
comment("Place a stone furnace next to the burner-mining-drill to smelt iron ore")
coal_furnace_position = (coal_position[0]-2, coal_position[1]+2)
place_entity('stone_furnace', position=coal_furnace_position)
comment("Craft a stone furnace since it's not available in the inventory")
craft_item('stone-furnace', quantity=1)
comment("Place the stone furnace next to the burner-mining-drill to smelt iron ore")
place_entity('stone_furnace', position=coal_furnace_position)
