comment("Initial Plan")
comment("Start by inspecting the resources and landscape around the player_character")
inspect_resources()
inspect_entities(20)
comment("Next, move to the nearest resources and start harvesting them")
iron_position = nearest('iron-ore')
move_to(iron_position)
harvest_resource(iron_position, quantity=10)
comment("It seems like the resource at our initial iron_position has only 9 ores. Let's update the quantity to 9 and re-run the code") 
iron_position = nearest('iron-ore')
move_to(iron_position)
harvest_resource(iron_position, quantity=9)
comment("The iron ore has been harvested. Next, craft a stone furnace and place it to process the iron ore.") 
craft_item('stone-furnace', quantity=1)
stone_furnace_position = nearest_buildable('stone-furnace')
place_entity('stone-furnace', direction=UP, position=stone_furnace_position)
comment("We need to mine stone to craft stone furnaces. Let's change our focus and find stone resources.")
stone_position = nearest('stone')
move_to(stone_position)
harvest_resource(stone_position, quantity=10)
comment("It seems like we have harvested the stone, let's craft 2 more stone furnaces and place them nearby to boost the production.")
craft_item('stone-furnace', quantity=2)
stone_furnace_position2 = (stone_furnace_position[0] + 2, stone_furnace_position[1])
stone_furnace_position3 = (stone_furnace_position[0], stone_furnace_position[1] - 2)
place_entity('stone-furnace', direction=UP, position=stone_furnace_position2)
place_entity('stone-furnace', direction=UP, position=stone_furnace_position3)
comment("We need more stone to craft more furnaces. Let's move to the nearest stone resource.")
stone_position = nearest('stone')
move_to(stone_position)
harvest_resource(stone_position, quantity=10)
comment("Now let's craft two more stone furnaces and place them nearby to boost production.")
craft_item('stone-furnace', quantity=2)
stone_furnace_position2 = (stone_furnace_position[0] + 2, stone_furnace_position[1])
stone_furnace_position3 = (stone_furnace_position[0], stone_furnace_position[1] - 2)
place_entity('stone-furnace', direction=UP, position=stone_furnace_position2)
place_entity('stone-furnace', direction=UP, position=stone_furnace_position3)
comment("My apologies, let us find the position of the existing furnace first.")
inspect_entities(5)
comment("Okay, I can see that the furnace position is (-9, 9). Let us use that position")
stone_furnace_position = (-9, 9)
comment("Now, let us place a burner mining drill over the iron resource we identified earlier.")
move_to(iron_position)
place_entity('burner-mining-drill', direction=UP, position=nearest_buildable('burner-mining-drill'))
comment("We also need to place a stone furnace to smelt the iron ore")
place_entity_next_to('stone-furnace', reference_position=stone_furnace_position, direction=LEFT, gap=1)
comment("Oops, it seems we cannot place the mining drill on top of the iron position as it's not a minable resource tile. We need to find the nearest minable resource for iron.")
iron_resource_position = nearest(['iron-ore'])
comment("The nearest minable resource for iron is at position", iron_resource_position)
move_to(iron_resource_position)
place_entity('burner-mining-drill', direction=UP, position=nearest_buildable('burner-mining-drill'))
comment("Now we can place the furnace to smelt the iron ore.")
place_entity_next_to('stone-furnace', reference_position=stone_furnace_position, direction=LEFT, gap=1)
comment("I should have used nearest(['iron-ore']) instead of nearest('iron-ore'). Let me fix that error.")
iron_resource_position = nearest(['iron-ore'])
comment("The nearest minable resource for iron is at position", iron_resource_position)
move_to(iron_resource_position)
place_entity('burner-mining-drill', direction=UP, position=nearest_buildable('burner-mining-drill'))
comment("Now we can place the furnace to smelt the iron ore.")
place_entity_next_to('stone-furnace', reference_position=stone_furnace_position, direction=LEFT, gap=1)
