comment("First, inspect the resources around the player_character")
inspect_resources()
comment("Next, let's move to the ore deposit at (-8, -5)")
ore = (-8, -5)
move_to(ore)
comment("Now that we are at the ore deposit, place a burner-mining-drill to automatically mine the ore")
place_entity('burner-mining-drill', direction=DOWN, exact=False, position=ore)
comment("Let's inspect our inventory to see what items we have")
inspect_inventory()
comment("Looks like we don't have any Burner Mining Drills in our inventory. Let's craft one.")
craft_item('burner-mining-drill', quantity=1)
comment("Let's move back to the ore deposit at (-8, -5)")
ore = (-8, -5)
move_to(ore)
ore = (-8, -5)
move_to(ore)
comment("Now let's place the Burner Mining Drill to automatically mine the ore")
place_entity('burner-mining-drill', direction=DOWN, exact=False, position=ore)
comment("Let's add fuel to the Burner Mining Drill to keep it running")
insert_item('coal', target_position=nearest('burner-mining-drill'), quantity=20)
comment("Let's add coal from our inventory to the Burner Mining Drill")
insert_item('coal', target_position=nearest('burner-mining-drill'), quantity=1)
comment("Alternatively, we can pick coal near us to refuel the burner")
pickup_entity('coal', nearest('coal'))
comment("My bad, let's harvest the coal instead of picking it up because it's a natural resource")
harvest_resource(nearest('coal'), quantity=1)
comment("Now let's refuel the Burner Mining Drill with the harvested coal.")
insert_item('coal', target_position=nearest('burner-mining-drill'), quantity=1)
comment("To avoid the output getting full, let's connect it to a chest where the items will be stored and the drill can keep running.")
comment("Let's place an iron chest near the drill output")
chest_position = place_entity_next_to('iron-chest', reference_position=ore, direction=DOWN, gap=1)
comment("Now let's connect the Burner Mining Drill output to the iron chest using an inserter")
connect_entities(source_position=ore, target_position=chest_position, connection_type='inserter')
comment("Apologies, I missed that. Let's ensure that the ore is present.")
inspect_resources()
comment("Let's move the ore to the chest")
move_to(ore, laying='transport-belt')
connect_entities(source_position=ore, target_position=chest_position, connection_type='transport-belt')
comment("Seems like the source entity is not in the current 20-meter radius, let's inspect entities in a bigger radius")
inspect_entities(30)
entities = inspect_entities(radius=50)
for entity in entities:
    if entity['name'] == 'burner-mining-drill':
        move_to(entity['position'])
        ore = nearest(entity_position)
        chest_position = place_entity_next_to('iron-chest', reference_position=ore, direction=DOWN, gap=1)
        connect_entities(source_position=ore, target_position=chest_position, connection_type='inserter')
        move_to(ore, laying='transport-belt')
        connect_entities(source_position=ore, target_position=chest_position, connection_type='transport-belt')
        insert_item('coal', target_position=entity['position'], quantity=10) 
        break
comment("We can see that the burner mining drill at (-9, -6) is out of fuel, Let's insert some coal to fuel it.")
insert_item('coal', target_position=(-9, -6), quantity=1)
comment("Let's check the contents of the mining drills to see which one needs to be emptied.")
for entity in entities:
    if entity['type'] == 'burner_mining_drill' and entity['contents']:
        print(f"Entity at {entity['position']} contains {entity['contents']}")
comment("We can see that there is a mining drill waiting for space in its output buffer. Let's place a chest for it to store its contents.")
chest_position = (-8, -3.65234375)
entity_position = place_entity_next_to('iron-chest', reference_position=(-7, -5), direction=LEFT, gap=1)
comment("Now that the chest has been placed, let's connect the mining drill to the chest using an inserter.")
connect_entities(source_position=(-6, -5), target_position=chest_position, connection_type='inserter')
comment("It looks like another mining drill is waiting for space in its output buffer. Let's place another chest for it to store its contents.")
chest_position_2 = (-8, -5)
entity_position_2 = place_entity_next_to('iron-chest', reference_position=(-6, -9), direction=LEFT, gap=1)
comment("Now that the second chest has been placed, let's connect the mining drill to the chest using an inserter.")
connect_entities(source_position=(-5, -9), target_position=chest_position_2, connection_type='inserter')
comment("It looks like the mining drill near (-6, -9) is still waiting for space in its output buffer. We can increase storage capacity by upgrading to a steel chest.")
entity_position_3 = place_entity_next_to('steel-chest', reference_position=chest_position_2, direction=UP, gap=1)
connect_entities(source_position=(-6, -9), target_position=entity_position_3, connection_type='inserter')
comment("Since we cannot place another chest due to limited space, we can improve the throughput of the existing chest by upgrading to a steel chest. This will increase storage capacity.")
upgrade_entity((chest_position_2), 'iron-chest', 'steel-chest')
comment("It looks like the API doesn't have a built-in function for upgrading entities. However, we can use the following series of commands to upgrade our iron chest to a steel chest.")
comment("To upgrade the chest, we first need to remove its contents and then deconstruct it.")
insert_item('iron-plate', target_position=chest_position_2, quantity=inspect_inventory()['iron-plate'])
remove_entity(chest_position_2)
comment("We cannot insert items into the chest directly, so we need to place an inserter to remove the items instead.")
comment("Place an inserter to remove the items from the chest")
inserter_position = place_entity('inserter', direction=RIGHT, position=chest_position_2)
comment("It looks like we don't have any inserters in our inventory. Let's craft some.")
craft_item('inserter', quantity=5)
comment("It looks like the chest is full, which is causing the burner mining drills to wait for space. Let's add another chest to store the items from the drills.")
new_chest_position = (-8, -7)
place_entity('iron-chest', position=new_chest_position)
comment("Let's craft an iron chest first before placing it.")
craft_item('iron-chest', quantity=1)
comment("Before placing the chest, let's create a transport-belt to connect it with the burner drilling so the resources could be transported directly to the chest")
craft_item('transport-belt', quantity=20)
comment("Let's harvest some Iron nearby for crafting transport belt and iron chest since we seem to be running low on resources.")
harvest_resource((-8.5,-10), 5) # Harvest 5 Iron Ore.
comment("Let's place the newly crafted chest near the burner drills and connect it with transport belts")
new_chest_position = (-8, -7)
place_entity('iron-chest', new_chest_position)
connection_position = (new_chest_position[0]+1,new_chest_position[1])
for entity in inspect_entities(radius=3):
    if entity['type'] == 'burner-mining-drill':
        move_to(entity['position'])
        place_entity('transport-belt', direction=DOWN, position=connection_position, exact=True)
        move_to(entity['position'])
        place_entity('transport-belt', direction=RIGHT, position=connection_position, exact=True)
inspect_entities(10)  # To check if the conveyors are placed correctly.
comment("Let's connect the burner drills to the iron chest using the transport belts")
connect_entities(source_position=entity_position, target_position=chest_position, connection_type='transport-belt')
connect_entities(source_position=entity_position_2, target_position=new_chest_position, connection_type='transport-belt')
comment("I made a mistake in the previous command. Let me connect the entities using inserter.")
connect_entities(source_position=entity_position, target_position=new_chest_position, connection_type='inserter')
comment("Since the previous connection between burner drills and the new chest didn't work. Let me check the position of the new chest")
inspect_entities()
comment("The chest is not present. Let me place it again.")
new_chest_position = (-8, -7)
place_entity('iron-chest', new_chest_position)
comment("I think I made a mistake in the last command. Let me check the position of chest-2 again")
chest_position_2 = nearest('iron-chest')
comment(chest_position_2)
