[92mThere are 4.2k tree_01s scattered 23km northwest, 17km north-northwest, 16km north, 16km north-northeast, 21km northeast, 1km east-northeast, 3km west-northwest, 760 metres west, 32 metres east, 4km west-southwest, 720 metres east-southeast, 17km southeast, 17km southwest, 13km south-southwest, 13km south-southeast, and 11km south 
- 100x coal 10 metres northwest (-17, -14) x (-8, -5)
- 100x iron_ore 10 metres east-northeast (22, -14) x (31, -5)
- 100x stone 10 metres southwest (-17, 6) x (-8, 15)
- 100x copper_ore 10 metres east-southeast (22, 6) x (31, 15)
- 100x uranium_ore 30 metres southeast (22, 26) x (31, 35)
[96m# Lets start by checking my inventory.
[92m{'iron-chest': 1, 'transport-belt': 50, 'stone-furnace': 1, 'assembling-machine-1': 1, 'coal': 50, 'iron-plate': 50, 'copper-plate': 50}
[94m# Let's start by placing a burner-mining-drill at each resource location.
resources = [('coal', (-17, -14), (-8, -5)), ('iron_ore', (22, -14), (31, -5)), ('stone', (-17, 6), (-8, 15)), ('copper_ore', (22, 6), (31, 15)), ('uranium_ore', (22, 26), (31, 35))]
[94m# Now let's build a basic production line for each resource.
for resource, position_1, position_2 in resources:
    # Place a burner-mining-drill
    drill_position = nearest(resource)
    place_entity('burner-mining-drill', direction=2, position=drill_position)
    
    # Move near to resource and lay transport-belt
    move_to((drill_position[0]-1, drill_position[1]), laying='transport-belt')
    
    # Place a stone-furnace next to the transport belt
    if resource in ['coal', 'iron_ore', 'copper_ore']:
        furnace_position = (drill_position[0]-2, drill_position[1])
        place_entity('stone-furnace', direction=2, position=furnace_position)
        # Insert coal into the furnace
        insert_item('coal', target_position=furnace_position, quantity=1)
[91mCould not place burner-mining-drill. No burner mining drill in inventory
[94m# I need to craft burner-mining-drills for the resources
for resource, position_1, position_2 in resources:
    # Craft a burner-mining-drill
    craft_item('burner-mining-drill', quantity=1)
    
    # Place a burner-mining-drill
    drill_position = nearest(resource)
    place_entity('burner-mining-drill', direction=2, position=drill_position)
    
    # Move near to resource and lay transport-belt
    move_to((drill_position[0]-1, drill_position[1]), laying='transport-belt')
    
    # Place a stone-furnace next to the transport belt
    if resource in ['coal', 'iron_ore', 'copper_ore']:
        furnace_position = (drill_position[0]-2, drill_position[1])
        place_entity('stone-furnace', direction=2, position=furnace_position)
        # Insert coal into the furnace
        insert_item('coal', target_position=furnace_position, quantity=1)
[91mCould not place stone-furnace. No stone furnace in inventory
[94m# I need to craft stone-furnaces for the resources
for resource, position_1, position_2 in resources:
    # Craft a burner-mining-drill
    craft_item('burner-mining-drill', quantity=1)
    
    # Place a burner-mining-drill
    drill_position = nearest(resource)
    place_entity('burner-mining-drill', direction=2, position=drill_position)
    
    # Move near to resource and lay transport-belt
    move_to((drill_position[0]-1, drill_position[1]), laying='transport-belt')
    
    # Craft a stone-furnace
    if resource in ['coal', 'iron_ore', 'copper_ore']:
        craft_item('stone-furnace', quantity=1)
[91mCould not craft a burner-mining-drill. {'stone': 5}
[96m# I need to harvest stone to craft the burner-mining-drills and stone-furnaces
[94m# Harvest necessary stone to craft burner-mining-drills and stone-furnaces
harvest_required = 7 * len(resources) - check_inventory()["stone"]
move_to(nearest('stone'))
harvest_resource((-2, 0), quantity=harvest_required)
[91mYou can't do that action. 'stone'
[96m# I apologize for the incorrect syntax. Let's try again with the correct resource parameter.
[94m# Harvest necessary stone to craft burner-mining-drills and stone-furnaces
harvest_required = 7 * len(resources) - check_inventory()["stone"]
move_to(nearest('stone'))
harvest_resource((-2, 0), resource='stone', quantity=harvest_required)
[91mYou can't do that action. 'stone'
[96m# I apologize again for the confusion. I realize my mistake now.
# Let's try to harvest the correct resource for the required stone to craft the machines.
[94m# Harvest necessary stone to craft burner-mining-drills and stone-furnaces
harvest_required = 7 * len(resources) - check_inventory()["stone"]
stone_position = nearest('stone')
move_to(stone_position)
harvest_resource((-2, 0), resource_type='stone', quantity=harvest_required)
[91mYou can't do that action. 'stone'
[94m# I apologize for the continued confusion. I'll correct the action this time.
# Harvest necessary stone to craft burner-mining-drills and stone-furnaces
harvest_required = 7 * len(resources) - check_inventory()["stone"]
stone_position = nearest('stone')
move_to(stone_position)
harvest_resource(resource_type='stone', quantity=harvest_required)
[91mYou can't do that action. 'stone'
