# Lets start by checking my inventory.
# I'll start by placing the stone furnace and a burner drill at the coal resource
place_entity('stone-furnace', position=(0,0));
# My apologies, let me fix that.
place_entity('stone-furnace', position=(0,0), direction=0);
# Alright, let's find a suitable location for the stone furnace
move_to((0, -1));
# Move 1 meter north
place_entity('stone-furnace', position=(0,0), direction=0);
# I will move two meters north this time and try again.
move_to((0, -2));
place_entity('stone-furnace', position=(0,0), direction=0);
# Let's try moving three meters north and placing the stone furnace.
move_to((0, -3));
place_entity('stone-furnace', position=(0,0), direction=0);
# I will attempt to place the furnace at my current position while being 3 meters north of the starting location.
place_entity('stone-furnace', position=(-1, -3), direction=0);
# Now that the stone furnace has been placed, I will set up a burner drill on the coal resource to feed coal to the furnace.
place_entity('burner-drill', direction=2, position=nearest('coal'));
# I apologize for the mistake. I will correct the entity name and place it again.
place_entity('burner-mining-drill', direction=2, position=nearest('coal'));
# It seems we do not have a burner-mining-drill in our inventory. Let's craft one first.
craft_item('burner-mining-drill', quantity=1);
# It appears we need additional stone for crafting the burner-mining-drill. Let's collect the needed resources.
move_to(nearest('stone'));
harvest_resource((0,0), quantity=5);
move_to((-3, 0));
# Go back to our previous location
craft_item('burner-mining-drill', quantity=1);
place_entity('burner-mining-drill', direction=2, position=nearest('coal'));
# Now that we have placed the stone-furnace and the burner-mining-drill for coal, let's set up an iron ore mining and smelting operation.
move_to(nearest('iron_ore'));
place_entity('burner-mining-drill', direction=2, position=(0,0));
# It seems we need to craft another burner-mining-drill for the iron ore.
craft_item('burner-mining-drill', quantity=1);
# Now that we have crafted it, let's place it on the iron ore resource.
place_entity('burner-mining-drill', direction=2, position=(0,0));
# Let's move one meter south before placing the burner-mining-drill on the iron ore resource.
move_to((0, 1));
place_entity('burner-mining-drill', direction=2, position=(0, 0));
# I will try placing the burner-mining-drill one meter north of my current position.
move_to((0, -1));
place_entity('burner-mining-drill', direction=2, position=(0, 1));
# Let's try placing the burner-mining-drill at (0, -1) instead.
place_entity('burner-mining-drill', direction=2, position=(0, -1));
