comment("First, let's inspect our surroundings and resources")
inspect_resources()
inspect_entities()
comment("Now, let's move to the location of the ore and mine it")
move_to(ore)
harvest_resource(ore, quantity=10)
inspect_inventory()
comment("Next, let's smelt the ore into plates and store them in an iron chest")
iron_plate_position = (2, -2)
stone_furnace_position = (0, 0)
iron_chest_position = (2, 2)
comment("To avoid any delays, let's insert coal into the mine so it won't run out of fuel")
insert_item('coal', target_position=nearest('burner-mining-drill'), quantity=10)
comment("Now, let's place a stone furnace for smelting")
furnace_position = place_entity_next_to('stone-furnace', reference_position=ore, direction=LEFT, gap=1)
comment("Before placing furnace, let's move away from the drill area")
move_to((-5,5))
comment("Now, let's place a stone furnace")
stone_furnace_position = place_entity('stone-furnace', direction=UP, position=(-4,4))
connect_entities(source_position=ore, target_position=stone_furnace_position, connection_type='inserter')
connect_entities(source_position=stone_furnace_position, target_position=iron_chest_position, connection_type='inserter')
comment("I apologize, we need to craft a stone furnace first")
craft_item('stone-furnace', quantity=1)
comment("Let's move near the drill and coal area to place the stone furnace")
move_to((-5,-5))
stone_furnace_position = place_entity('stone-furnace', direction=UP, position=(-4,-6))
inspect_entities()
comment("We need coal to run the stone furnace, let's pickup coal at (5,-5)")
pickup_entity('coal', (5,-5))
comment("My bad, let's harvest coal at (5,-5)")
harvest_resource((5,-5), quantity=1)
comment("Let's move closer to the coal and continue.")
move_to((5,-5))
comment("We should now harvest the coal")
harvest_resource((5,-5), quantity=1)
comment("In that case, let's move to another coal deposit and try again.")
coal_position = nearest('coal')
move_to(coal_position)
comment("Let's try to find another coal deposit using the nearest() function and move to it.")
move_to(nearest('coal'))
comment("Now that we are close to the coal, let's harvest it with the harvest_resource() function.")
harvest_resource(nearest('coal'), quantity=1)
comment("Now let's go back to the burner mining drill and insert the coal into it to get it working again.")
move_to((-5, -7))
insert_item('coal', target_position=nearest('burner-mining-drill'), quantity=1)
comment("First we need to pick up some coal using the pickup_entity() function.")
pickup_entity('coal', nearest('coal'))
comment("Now let's insert the coal into the burner mining drill.")
insert_item('coal', target_position=nearest('burner-mining-drill'), quantity=1)
comment("There seems to be no coal on the ground, so we will have to rely on our own inventory for now. Let's check the inventory with the inspect_inventory() function to see if we have any coal already.")
coal_inventory = inspect_inventory().get('coal', 0)
comment(f"We currently have {coal_inventory} coal in our inventory.")
inspect_inventory()
comment("It looks like we have some coal in our inventory. Let's insert the coal by using the insert_item() function to power the burner mining drill.")
insert_item('coal', nearest('burner-mining-drill'), 1)
comment("Now the burner mining drill has fuel, so it should start working again. Let's check on our surroundings with inspect_entities() to see if there are any other issues.")
inspect_entities()
comment("It seems like our burner mining drill is waiting to output the mined resources because the output is full. We need to make sure we have some space in the furnace to receive the resources by manually picking up some of the ores. Let's use pickup_entity() function to pick up the ores.")
pickup_entity('iron-ore', furnace_position)
comment("It looks like we are dealing with multiple issues right now. Firstly, our stone furnace is out of fuel. Let's add some coal to the stone furnace using the insert_item() function")
insert_item('coal', stone_furnace_position, 1)
comment("Now that we have added some fuel to the furnace, let's check the inventory with `inspect_inventory()` to see if the furnace has started working again.")
inspect_inventory()
comment("As the stone furnace was out of fuel, it could not smelt the ore which was led to the backup in production upstream. Now, let's fix this by adding `pickup_entity()` function, which will clear some space in our backup and hence let our burner-mining-drill function properly.")
comment("Pickup 10 iron ore near player_character")
pickup_entity('iron-ore', player_character, quantity=10)
comment("Oh, it looks like I forgot to define the player_character variable at the start. Let me define the variable first.")
player_character = inspect_entities()["player_character"]['position']
comment("Now that we have defined the variable for player_character, let's try that again!")
pickup_entity('iron-ore', player_character, quantity=10)
comment("Pickup 10 iron ore near (-2, -5)")
pickup_entity('iron-ore', (-2, -5), quantity=10)
comment("It seems that the `pickup_entity()` function does not have a 'quantity' parameter. I will have to pick up the iron ore in multiple steps. Let me update the command to pick up all the iron ore at the specified position")
comment("Pickup all iron ore near (-2, -5)")
iron_ore_positions = [entity["position"] for entity in inspect_entities()["iron-ore"]]
for pos in iron_ore_positions:
    pickup_entity('iron-ore', pos)
comment("# I will get the position of all the iron-ore entities in a list")
iron_ore_positions = [entity["position"] for entity in inspect_entities() if entity["name"]=="iron-ore"]
comment(f"I found {len(iron_ore_positions)} iron ore nodes near (-2,-5): {iron_ore_positions}")
comment("Let's mine some iron ore")
for iron_ore_position in iron_ore_positions:
    # Move to the first iron ore position and mine it
    move_to(iron_ore_position)
    harvest_resource(iron_ore_position)
    
    # Move to the furnace position and deposit the iron ore
    move_to(stone_furnace_position)
    insert_item('iron-ore')
    
    # Check to see if there is any fuel in the furnace
    furnace = [entity for entity in inspect_entities() if entity["name"]=="stone-furnace" and entity["position"]==stone_furnace_position][0]
    if furnace["energy"] == 0:
        comment("The stone furnace is out of fuel. Let's add some!")
        insert_item("coal", {'type': 'burnable-fuel', 'energy': 8}, target_position=stone_furnace_position, quantity=10) 
        
    # Check to see if the
for ore_position in iron_ore_positions:
    move_to(ore_position)
    harvest_resource(ore_position, quantity=3) # I will harvest 3 ore each time
comment("Now I have some iron ore, let's smelt it")
comment(f"Moving to ore_location: {ore_position}")
