comment("First, let's inspect our surrounding resources")
inspect_resources()
comment("If there is iron ore nearby, we can start by extracting it")
iron_ore = nearest('iron-ore')
if iron_ore:
    ore = iron_ore
    move_to(ore)
    place_entity('burner-mining-drill', direction=DOWN, exact=False, position=ore)
    inspect_entities()
else:
    comment("No iron ore found nearby. We need to explore the map to find one.")
comment("Let's move to the iron ore and place a burner mining drill to extract it")
move_to(iron_ore)
place_entity('burner-mining-drill', direction=DOWN, exact=False, position=iron_ore)
inspect_entities(radius=5) #Inspect entities after placing the mining drill
insert_item('coal', target_position=nearest('burner-mining-drill'), quantity=10) #Insert fuel in the mining drill
harvest_resource(iron_ore, quantity=5) #Harvest 5 iron ore
comment("We need to refill the miner's drill with fuel first")
coal_pos = nearest('coal')
if coal_pos:
    move_to(coal_pos)
    pickup_entity('coal', coal_pos)
    insert_item('coal', quantity=10, target_position=nearest('burner-mining-drill'))
else:
    comment("No coal found nearby, let's craft some")
    craft_item('coal', quantity=20)
    insert_item('coal', quantity=10, target_position=nearest('burner-mining-drill'))
comment("Let's harvest some coal and use it to refuel the burner mining drill at (22, -5) for iron ore extraction")
harvest_resource(coal_pos, quantity=5)
inventory = inspect_inventory()
coal_count = inventory.get('coal', 0)
if coal_count > 0:
    target_position = iron_ore
    item_name = 'coal'
    target_entity_type = 'burner-mining-drill'
    insert_item(item_name, target_position=nearest(target_entity_type), quantity=1)
comment("Inspect inventory")
inventory = inspect_inventory()
coal_count = inventory['coal']
comment(f"Current coal count is {coal_count}")
if coal_count <= 5:
    comment("We have run low on coal, let's go look for more coal")
    coal_pos = nearest('coal')
    if coal_pos:
        move_to(coal_pos)
        harvest_resource(coal_pos, quantity=10)
    else:
        comment("No coal resources found. We need to look for more coal resources in the map")
else:
    target = (-5, -7)
    target_entity = inspect_entities(radius=1)
    if target_entity:
        extract_item('coal', target)
    else:
        comment("No coal resources found")
comment("Looks like the mining drill output is blocked. We should place a furnace or transport belt to unblock it")
comment("First, we need to move to the mining drill.")
move_to(target_position)
comment("Let's check the entities around the mining drill to see what's blocking it.")
entities = inspect_entities()
comment(entities)
