comment("First, I need to inspect my surroundings and available resources")
inspect_resources()
inspect_entities()
comment("I see that I am close to an ore deposit at (-8, -5)")
ore = (-8, -5)
comment("Now I will move to the ore deposit and harvest 10 units of ore")
move_to(ore)
harvest_resource(ore, quantity=10)
comment("Alright, let me check my inventory to see if I have any fuel")
inventory = inspect_inventory()
if 'coal' in inventory and inventory['coal'] >= 1:
    # I have coal, so I can insert it into the burner mining drill
    insert_item('coal', target_position=nearest('burner-mining-drill'), quantity=1)
else:
    # I don't have any coal, I should go find some
    move_to(nearest('coal'))
    # Once I have found coal, I need to pick it up and put it in the burner mining drill
    pickup_entity('coal', nearest('coal'))
    insert_item('coal', target_position=nearest('burner-mining-drill'), quantity=1)
comment("Now that the burner mining drill has fuel, I will harvest the ore")
harvest_resource(ore, quantity=10)
comment("Next, I will build a basic smelting setup to process the ore into iron plates")
comment("First, I will move to a clear area and place a stone furnace")
move_to((3, -3))
entity_position = place_entity('stone-furnace', UP, (3, -3))
comment("I need to connect the burner mining drill to the stone furnace with transport belts")
comment("First, I will find the position of the burner mining drill")
burner_position = None
entities = inspect_entities()
for entity in entities:
    if entity['name'] == 'burner-mining-drill':
        burner_position = entity['position']
        break
        
if not burner_position:
    comment("I don't see any burner mining drills nearby, I should build one")
    move_to(ore)
    entity_position = place_entity('burner-mining-drill', DOWN, ore)
    burner_position = entity_position
else:
    comment("I found a burner mining drill at position {}".format(burner_position))
comment("Sorry about that, I forgot to check if I had a burner mining drill in my inventory before trying to place it")
inventory = inspect_inventory()
if 'burner-mining-drill' in inventory and inventory['burner-mining-drill'] >= 1:
    # I have a burner mining drill, I can place it next to the ore deposit
    move_to(ore)
    place_entity_next_to('burner-mining-drill', reference_position=ore, direction=LEFT, gap=1)
else:
    # If I don't have a burner mining drill, I need to craft one
    craft_item('burner-mining-drill', quantity=1)
    # Once I have crafted a burner mining drill, I should place it next to the ore deposit
    move_to(ore)
    place_entity_next_to('burner-mining-drill', reference_position=ore, direction=LEFT, gap=1)
comment("Looks like I need to craft a burner mining drill first")
comment("I will check the ingredients required")
set_entity_recipe(entity_position, 'burner-mining-drill')
burner_mining_drill_recipe = inspect_entities()[0]['recipe']
ingredients = burner_mining_drill_recipe['ingredients']
print(ingredients)  # [('iron-plate', 3), ('stone-furnace', 1)]
comment("I have iron plates but I need stone to craft the drill")
ore = inspect_resources()['stone'][0]
harvest_resource(ore)
comment("I need to first move to a position where I can place the burner mining drill")
ore = nearest('stone')
move_to(ore)
comment("Next, I will craft a burner mining drill")
craft_item('burner-mining-drill', quantity=1)
comment("Looks like I don't have enough ingredients to craft the burner mining drill. Let me check how many stones and iron plates I have")
inventory = inspect_inventory()
stones = inventory['stone'] if 'stone' in inventory else 0
iron_plates = inventory['iron-plate'] if 'iron-plate' in inventory else 0
if stones >= 3 and iron_plates >= 1:
    comment("I have enough materials. I will craft a burner mining drill")
    craft_item('burner-mining-drill', quantity=1)
else:
    comment("I do not have enough materials. I will have to harvest some resources.")
    # Go to the closest stone location and harvest 5 stones
    stone_pos = nearest('stone')
    harvest_resource(stone_pos, 5)
    
    # Go to the closest iron ore location and harvest 2 iron ore
    iron_pos = nearest('iron-ore')
comment("Checking resources...")
resources = inspect_resources()
iron_count = resources['iron-ore']
stone_count = resources['stone']
print("Amount of iron ore in sight: ", iron_count)
print("Amount of stones in sight: ", stone_count)
comment("I made a typo. Let me check the resources again with the correct name")
resources = inspect_resources()
iron_count = resources['iron-ore']
comment("It looks like there is no iron ore in the resources. Let me check what resources are available")
resources = inspect_resources()
print(resources)
comment("Here are the available resources near player_character:")
resources = inspect_resources()
print(resources.keys())
comment("It looks like something went wrong. Let me try again")
resources = inspect_resources()
print(resources.keys())
comment("I suspect that there are no resources near player_character. I will move to a different location to find resources")
move_to((-40, 0)) 
resources = inspect_resources()
print(resources.keys())
comment("Based on the warnings, I need to unblock the output of the burner-mining-drill, and refuel the stone-furnace.")
comment("Insert coal from inventory into stone-furnace")
insert_item('coal', target_position=nearest('stone-furnace'), quantity=20)
comment("I need to create a transport belt to unblock the output of the burner-mining-drill, since I don't have a furnace yet")
move_to((-9, -4))
place_entity('transport-belt', LEFT, exact=False, position=(-9, -4))
rotate_entity((-9, -4), UP)
move_to((-5, -7))
insert_item('coal', target_position=nearest('burner-mining-drill'), quantity=5)
comment("I think I need to rotate the belt to the appropriate orientation to allow for the movement of resources.")
rotate_entity((-9, -4), direction=RIGHT)
