[94mcomment("Inspect resources and landscape around me")
resources_landscape = inspect_resources()
[94mcomment("Locate coal deposit and move to nearest coal")
coal_position = nearest('coal')
move_to(coal_position)
[94mcomment("Place a burner-mining-drill on the coal deposit")
place_entity('burner-mining-drill', direction=DOWN, exact=False, position=coal_position)
[92m1: (-8, -5)
[94mcomment("Mine 5 coal from the deposit")
harvest_resource(coal_position, quantity=5)
[91mError line 1: Could only harvest 3 at position (-8, -5)
[94mcomment("Harvest the remaining 2 coal")
harvest_resource(coal_position, quantity=2)
[94mcomment("Check inventory for coal to fuel the mining drill")
inventory = inspect_inventory()
[94mcomment("Refuel the burner-mining-drill with one coal")
insert_item('coal', target_position=nearest('burner-mining-drill'), quantity=1)
[94mcomment("Set up smelting for iron ore")
comment("Locate iron ore deposit and move to nearest iron ore")
iron_ore_position = nearest('iron_ore')
move_to(iron_ore_position)
[94mcomment("Place a burner-mining-drill on the iron ore deposit")
place_entity('burner-mining-drill', direction=RIGHT, exact=False, position=iron_ore_position)
[91mError line 1: Could not place burner-mining-drill at (22, -5). No burner mining drill in inventory.
[94mcomment("Craft a burner-mining-drill")
craft_item('burner-mining-drill', quantity=1)
[94mcomment("Place the crafted burner-mining-drill on the iron ore deposit")
place_entity('burner-mining-drill', direction=RIGHT, exact=False, position=iron_ore_position)
[92m1: (22, -5)
[94mcomment("Refuel the burner-mining-drill with coal")
insert_item('coal', target_position=iron_ore_position, quantity=1)
[94mcomment("Place a stone-furnace next to the burner-mining-drill to smelt iron ore")
furnace_position = place_entity_next_to('stone-furnace', reference_position=iron_ore_position, direction=RIGHT, gap=1)
[94mcomment("Connect the burner-mining-drill's output to the stone-furnace's input using an inserter")
connect_entities(source_position=(iron_ore_position[0]+2, iron_ore_position[1]), target_position=furnace_position, connection_type='inserter')
[91mError line 1: Cannot place connector here.
[94mcomment("Craft an inserter")
craft_item('inserter', quantity=1)
[94mcomment("Connect the burner-mining-drill's output to the stone-furnace's input using the crafted inserter")
connect_entities(source_position=(iron_ore_position[0]+2, iron_ore_position[1]), target_position=furnace_position, connection_type='inserter')
[91mError line 1: Cannot place connector here.
[94mcomment("Check the positions of the burner-mining-drill and stone-furnace")
inspect_entities(radius=5)
[92m1: [{'name': 'burner_mining_drill', 'position': (-8, -5), 'warning': 'The mining drill is waiting for space in destination', 'status': 'empty'}, {'name': 'burner_mining_drill', 'position': (22, -5), 'warning': 'The mining drill is waiting for space in destination', 'status': 'empty'}, {'name': 'stone_furnace', 'position': (20, -5), 'warning': 'The entity is out of fuel. Lack of input material. Lack of fuel', 'status': 'empty'}, {'name': 'player_character', 'position': (24.3984375, -5), 'warning': '', 'status': 'empty'}]
[94mcomment("Adjusting positions and trying again")
comment("Adjusting the position of the inserter and trying to connect the burner-mining-drill to the stone-furnace")
connect_entities(source_position=(iron_ore_position[0]+1, iron_ore_position[1]), target_position=(furnace_position[0]-1, furnace_position[1]), connection_type='inserter')
[91mError line 2: Source entity not found.
[94mcomment("Inspecting the entities around the player's position")
entities_around = inspect_entities(radius=20)
print(entities_around)
[94mcomment("Repositioning the player to the iron ore position")
move_to(iron_ore_position)
[94mcomment("Adjusting the position of the inserter and trying to connect the burner-mining-drill to the stone-furnace again")
connect_entities(source_position=(iron_ore_position[0]+1, iron_ore_position[1]), target_position=(furnace_position[0]-1, furnace_position[1]), connection_type='inserter')
[91mError line 1: Source entity not found.
