[94m# Inspect the natural resources and landscape around me
resources_and_landscape = inspect_resources()
[92mLine 1: Executed successfully
Score: 540
[94m# Find the nearest coal deposit
nearest_coal = nearest("coal")
[92mLine 1: Executed successfully
Score: 540
[94m# Check the current inventory
current_inventory = inspect_inventory()
[92mLine 1: Executed successfully
Score: 540
[94m# Move to the nearest coal deposit
move_to(nearest_coal)
[92mScore: 540
[94m# Place a burner-mining-drill near the coal deposit
burner_drill_position = place_entity('burner-mining-drill', direction=LEFT, position=(nearest_coal[0]-2, nearest_coal[1]))
[92mLine 1: Error: Could not place burner-mining-drill. "global.actions.place entity = function(player..."]:24: attempt to index field 'character' (a nil value)
Score: 540
[94m# Move to the nearest coal deposit
move_to(nearest_coal)
[92mScore: 540
[94m# Place a burner-mining-drill near the coal deposit
burner_drill_position = place_entity('burner-mining-drill', direction=LEFT, position=(nearest_coal[0]-2, nearest_coal[1]))
[92mScore: 540
[94m# Inspect the resources around
resource_list = inspect_resources()
[92mLine 1: Executed successfully
Score: 540
[94m# Locate the nearest coal deposit
for resource, position in resource_list.items():
    if resource == 'coal':
        nearest_coal = position
        break
[92mLine 1: Executed successfully
Score: 540
[94m# Move to the nearest coal deposit
move_to(nearest_coal)
[92mLine 1: Error: Could not move to. You need to pass in a tuple like (x, y) for the absolute position. You passed in scalar.
Score: 540
[94m# Move to the nearest coal deposit by providing the position as a tuple
move_to((nearest_coal[0], nearest_coal[1]))
[92mLine 1: Error: 0
Score: 540
[94m# Separate coordinates of the nearest coal deposit
coal_x, coal_y = nearest_coal
[92mLine 1: Executed successfully
Score: 540
[94m# Move to the nearest coal deposit using separated coordinates
move_to((coal_x, coal_y))
[92mLine 1: Error: Could not move to. unsupported operand type(s) for -: 'str' and 'int'
Score: 540
[94m# Check the contents of nearest_coal
print(nearest_coal)
[92mScore: 540
[94m# Find the nearest coal deposit
nearest_coal = nearest('coal')
print(nearest_coal)
[92mLine 1: Executed successfully
Score: 540
[94m# Separate coordinates of the nearest coal deposit
coal_x, coal_y = nearest_coal
[92mLine 1: Executed successfully
Score: 540
[94m# Move to the nearest coal deposit using separated coordinates
move_to((coal_x, coal_y))
[92mScore: 540
[94m# Place a burner-mining-drill on the coal deposit, facing a clear space
place_entity('burner-mining-drill', direction=RIGHT, position=(coal_x-1, coal_y))
[92mLine 1: Error: Could not place burner-mining-drill. "global.actions.place entity = function(player..."]:24: attempt to index field 'character' (a nil value)
Score: 540
[94m# Inspect the inventory to check if burner-mining-drill is available
inspect_inventory()
[92mLine 1: {'iron-chest': 1, 'transport-belt': 50, 'burner-mining-drill': 1, 'stone-furnace': 1, 'assembling-machine-1': 1, 'coal': 50, 'iron-plate': 50, 'copper-plate': 50}
Score: 540
[94m# Place a burner-mining-drill on the coal deposit, facing outward
place_entity('burner-mining-drill', direction=RIGHT, position=(coal_x-1, coal_y))
[92mLine 1: Error: Could not place burner-mining-drill. "global.actions.place entity = function(player..."]:24: attempt to index field 'character' (a nil value)
Score: 540
[94m# Move to a nearby safe position from the coal deposit
move_to((coal_x-2, coal_y))
[92mScore: 540
[94m# Place a burner-mining-drill on the coal deposit, facing outward
place_entity('burner-mining-drill', direction=RIGHT, position=(coal_x-1, coal_y))
[92mScore: 540
[94m# Place a stone-furnace to the right of the burner-mining-drill
place_entity('stone-furnace', direction=UP, position=(coal_x+1, coal_y))
[92mLine 1: Error: Could not place stone-furnace. "global.actions.place entity = function(player..."]:24: attempt to index field 'character' (a nil value)
Score: 540
[94m# Move to a position to the left of the coal deposit
move_to((coal_x-3, coal_y))
[92mScore: 540
