# First, let's inspect the available resources and find coal, iron ore, and trees
resources = inspect_resources()
coal_position = resources['coal']
iron_ore_position = resources['iron_ore']
tree_positions = resources['tree']
# Inspect the resources again and find coal, iron ore, and trees using a for loop
resources = inspect_resources()
coal_position = None
iron_ore_position = None
tree_positions = []
for key, value in resources.items():
    if key == 'coal':
        coal_position = value
    elif key == 'iron_ore':
        iron_ore_position = value
    elif key == 'tree':
        tree_positions.extend(value)
# Now let's automate the coal extraction using a burner-mining-drill
move_to(coal_position)
burner_drill_position = place_entity('burner-mining-drill', direction=LEFT, position=(coal_position[0]-2, coal_position[1]))
# Next, let's automate the iron ore extraction using another burner-mining-drill
move_to(iron_ore_position)
iron_drill_position = place_entity('burner-mining-drill', direction=LEFT, position=(iron_ore_position[0]-2, iron_ore_position[1]))
# Get the nearest iron ore position and move there
nearest_iron_ore = iron_ore_position[0]
move_to(nearest_iron_ore)

# Get the nearest iron ore position and move there
nearest_iron_ore = iron_ore_position[0]
move_to((nearest_iron_ore[0], nearest_iron_ore[1]))

# Use Python code to pick the first tuple from a list embedded in a dictionary
nearest_iron_ore = iron_ore_position['iron_ore'][0]
move_to(nearest_iron_ore)
# Inspect resources and get the iron_ore_position from there
resources = inspect_resources()
iron_ore_position = resources['iron_ore'][0]
move_to(iron_ore_position)
# Fix the issue and extract iron ore position
iron_ore_position = resources['iron_ore'][0]['position']
move_to(iron_ore_position)
# Extract iron ore position correctly
resources = inspect_resources()
iron_ore_position = resources['iron_ore'][0]['position']
move_to(iron_ore_position)
# Recheck the code for correct extraction of iron_ore_position
resources = inspect_resources()
iron_ore_position = resources['iron_ore'][0]['position']
move_to((iron_ore_position[0], iron_ore_position[1]))
# Check resources before extracting iron ore position
resources = inspect_resources()
print(resources)
# Print resources
resources
# Check if the iron_ore extraction method is right
resources = inspect_resources()
iron_ore_positions = [resource['position'] for resource in resources['iron_ore']]
iron_ore_position = iron_ore_positions[0]
move_to((iron_ore_position[0], iron_ore_position[1]))
# Correct the extraction method for iron ore
resources = inspect_resources()
iron_ore_position = resources['iron_ore']['direction']['min_coordinates']
move_to((iron_ore_position[0], iron_ore_position[1]))
# Place a burner-mining-drill on the iron ore
place_entity('burner-mining-drill', direction=DOWN, position=(iron_ore_position[0], iron_ore_position[1]-2))
# Place a stone furnace next to the burner-mining-drill
stone_furnace_position = (iron_ore_position[0], iron_ore_position[1]-4)
place_entity('stone-furnace', position=stone_furnace_position)
# Move to the position where the stone furnace should be placed and attempt again
move_to((iron_ore_position[0], iron_ore_position[1]-4))
place_entity('stone-furnace', position=(iron_ore_position[0], iron_ore_position[1]-4))
