[94m# First, let's inspect the available resources and find coal, iron ore, and trees
resources = inspect_resources()
coal_position = resources['coal']
iron_ore_position = resources['iron_ore']
tree_positions = resources['tree']
[92mLine 1: Executed successfully
Line 2: Executed successfully
Line 3: Executed successfully
Line 4: Error: tree
Score: 540
[94m# Inspect the resources again and find coal, iron ore, and trees using a for loop
resources = inspect_resources()
coal_position = None
iron_ore_position = None
tree_positions = []
[92mLine 1: Executed successfully
Line 2: Executed successfully
Line 3: Executed successfully
Line 4: Executed successfully
Score: 540
[94mfor key, value in resources.items():
    if key == 'coal':
        coal_position = value
    elif key == 'iron_ore':
        iron_ore_position = value
    elif key == 'tree':
        tree_positions.extend(value)
[92mLine 1: Executed successfully
Score: 540
[94m# Now let's automate the coal extraction using a burner-mining-drill
move_to(coal_position)
burner_drill_position = place_entity('burner-mining-drill', direction=LEFT, position=(coal_position[0]-2, coal_position[1]))
[92mScore: 540
[94m# Next, let's automate the iron ore extraction using another burner-mining-drill
move_to(iron_ore_position)
iron_drill_position = place_entity('burner-mining-drill', direction=LEFT, position=(iron_ore_position[0]-2, iron_ore_position[1]))
[92mLine 1: Error: Could not move to. You need to pass in a tuple like (x, y) for the absolute position. You passed in scalar.
Score: 540
[94m# Get the nearest iron ore position and move there
nearest_iron_ore = iron_ore_position[0]
move_to(nearest_iron_ore)

[92mLine 1: Error: 0
Score: 540
[94m# Get the nearest iron ore position and move there
nearest_iron_ore = iron_ore_position[0]
move_to((nearest_iron_ore[0], nearest_iron_ore[1]))

[92mLine 1: Error: 0
Score: 540
[94m# Use Python code to pick the first tuple from a list embedded in a dictionary
nearest_iron_ore = iron_ore_position['iron_ore'][0]
move_to(nearest_iron_ore)
[92mLine 1: Error: iron ore
Score: 540
[94m# Inspect resources and get the iron_ore_position from there
resources = inspect_resources()
iron_ore_position = resources['iron_ore'][0]
move_to(iron_ore_position)
[92mLine 1: Executed successfully
Line 2: Error: 0
Score: 540
[94m# Fix the issue and extract iron ore position
iron_ore_position = resources['iron_ore'][0]['position']
move_to(iron_ore_position)
[92mLine 1: Error: 0
Score: 540
[94m# Extract iron ore position correctly
resources = inspect_resources()
iron_ore_position = resources['iron_ore'][0]['position']
move_to(iron_ore_position)
[92mLine 1: Executed successfully
Line 2: Error: 0
Score: 540
[94m# Recheck the code for correct extraction of iron_ore_position
resources = inspect_resources()
iron_ore_position = resources['iron_ore'][0]['position']
move_to((iron_ore_position[0], iron_ore_position[1]))
[92mLine 1: Executed successfully
Line 2: Error: 0
Score: 540
[94m# Check resources before extracting iron ore position
resources = inspect_resources()
print(resources)
[92mLine 1: Executed successfully
Score: 540
[94m# Print resources
resources
[92mLine 1: {'water': {'size': 900, 'direction': {'offset': 42, 'named_direction': 'north', 'min_coordinates': (-18, -50), 'max_coordinates': (31, -33)}}, 'coal': {'size': 100, 'direction': {'offset': 10, 'named_direction': 'northwest', 'min_coordinates': (-17, -14), 'max_coordinates': (-8, -5)}}, 'iron_ore': {'size': 100, 'direction': {'offset': 10, 'named_direction': 'east-northeast', 'min_coordinates': (22, -14), 'max_coordinates': (31, -5)}}, 'stone': {'size': 100, 'direction': {'offset': 10, 'named_direction': 'southwest', 'min_coordinates': (-17, 6), 'max_coordinates': (-8, 15)}}, 'copper_ore': {'size': 100, 'direction': {'offset': 10, 'named_direction': 'east-southeast', 'min_coordinates': (22, 6), 'max_coordinates': (31, 15)}}, 'uranium_ore': {'size': 100, 'direction': {'offset': 30, 'named_direction': 'southeast', 'min_coordinates': (22, 26), 'max_coordinates': (31, 35)}}}
Score: 540
[94m# Check if the iron_ore extraction method is right
resources = inspect_resources()
iron_ore_positions = [resource['position'] for resource in resources['iron_ore']]
iron_ore_position = iron_ore_positions[0]
move_to((iron_ore_position[0], iron_ore_position[1]))
[92mLine 1: Executed successfully
Line 2: Error: string indices must be integers
Score: 540
[94m# Correct the extraction method for iron ore
resources = inspect_resources()
iron_ore_position = resources['iron_ore']['direction']['min_coordinates']
move_to((iron_ore_position[0], iron_ore_position[1]))
[92mLine 1: Executed successfully
Line 2: Executed successfully
Score: 540
[94m# Place a burner-mining-drill on the iron ore
place_entity('burner-mining-drill', direction=DOWN, position=(iron_ore_position[0], iron_ore_position[1]-2))
[92mScore: 540
[94m# Place a stone furnace next to the burner-mining-drill
stone_furnace_position = (iron_ore_position[0], iron_ore_position[1]-4)
place_entity('stone-furnace', position=stone_furnace_position)
[92mLine 1: Executed successfully
Line 2: Error: Could not place stone-furnace. "global.actions.place entity = function(player..."]:24: attempt to index field 'character' (a nil value)
Score: 540
[94m# Move to the position where the stone furnace should be placed and attempt again
move_to((iron_ore_position[0], iron_ore_position[1]-4))
place_entity('stone-furnace', position=(iron_ore_position[0], iron_ore_position[1]-4))
