comment("Observe the resources and landscape around me")
resources = inspect_resources()
comment("Find nearest coal resource")
coal_position = nearest('coal')

comment("Go to the coal position and place the burner drill facing right")
move_to(coal_position)
place_entity('burner-mining-drill', direction=RIGHT, position=(coal_position[0] - 1, coal_position[1]))

comment("Check to ensure that the burner-mining-drill has been placed")
inspect_entities(5)

comment("Find nearest stone resource")
stone_position = nearest('stone')

comment("Place stone furnace near coal position")
furnace_position = (coal_position[0] - 2, coal_position[1])
place_entity('stone-furnace', position=furnace_position)

comment("Connect the burner-mining-drill's output to the stone-furnace's input using an inserter")
connect_entities(
    source_position=(coal_position[0] - 1, coal_position[1]), 
    target_position=furnace_position, 
   
comment("Find nearest coal resource")
coal_position = nearest('coal')
comment("Go to the coal position and place the burner drill facing right")
move_to(coal_position)
place_entity('burner-mining-drill', direction=RIGHT, position=(coal_position[0] - 1, coal_position[1]))
comment("Check to ensure that the burner-mining-drill has been placed")
entities_around_me = inspect_entities(5)
comment("Find nearest stone resource")
stone_position = nearest('stone')
comment("Place stone furnace near coal position")
furnace_position = (coal_position[0] - 2, coal_position[1])
place_entity('stone-furnace', position=furnace_position)
comment("Inspect surroundings before placing the stone furnace")
inspect_entities(5)
inspect_resources()
comment("Move to the stone furnace position and try placing it again")
move_to(furnace_position)
place_entity('stone-furnace', position=furnace_position)
comment("Check inventory for available stone-furnace")
inventory = inspect_inventory()
comment("Craft a stone furnace since it is missing from the inventory")
craft_item('stone-furnace', quantity=1)
comment("Find nearest stone resource and move to its location")
nearest_stone = nearest('stone')
move_to(nearest_stone)
comment("Harvest 10 stone from the resource")
harvest_resource(nearest_stone, quantity=10)
comment("Find another stone resource")
nearest_stone = nearest('stone', exclude=[nearest_stone])
comment("Move to the newly found stone resource")
move_to(nearest_stone)
comment("Harvest 10 stone from the new resource")
harvest_resource(nearest_stone, quantity=10)
comment("Check inventory")
inspect_inventory()
comment("Check surroundings for more stone resources")
inspect_resources()
comment("Move to the stone resource found in southwest direction")
move_to((-17, 6))
comment("Harvest 10 more stone from the southwest resource")
harvest_resource((-17, 6), quantity=10)
comment("Inspect inventory again")
inspect_inventory()
