[94m# Check available resources and landscape
resources = inspect_resources()
[92mScore: 65
[94m# Find the nearest coal resource
coal_position = nearest('coal')
[92mScore: 65
[94m# Move to the nearest coal resource
move_to(coal_position)
[92mScore: 65
[94m# Place a burner-mining-drill near the coal resource
place_entity('burner-mining-drill', direction=LEFT, position=(coal_position[0]-2, coal_position[1]))
[92mLine 1: (-10, -5)
Score: 65
[94m# Find the nearest stone resource
stone_position = nearest('stone')
[92mScore: 65
[94m# Move to the nearest stone resource
move_to(stone_position)
[92mScore: 65
[94m# Place a burner-mining-drill near the stone resource
place_entity('burner-mining-drill', direction=LEFT, position=(stone_position[0]-2, stone_position[1]))
[92mLine 1: Error: Could not place burner-mining-drill. "global.actions.place entity = function(player..."]:14: No burner mining drill in inventory.
Score: 65
[94m# Inspect the inventory and check the number of burner-mining-drills available
inspect_inventory()
[92mLine 1: {'iron-chest': 1, 'transport-belt': 50, 'stone-furnace': 1, 'assembling-machine-1': 1, 'coal': 50, 'iron-plate': 50, 'copper-plate': 50}
Score: 65
[94m# Craft a burner-mining-drill
craft_item('burner-mining-drill', quantity=1)
[92mScore: 65
[94m# Place a burner-mining-drill near the stone resource
place_entity('burner-mining-drill', direction=LEFT, position=(stone_position[0]-2, stone_position[1]))
[92mLine 1: (-11, 6)
Score: 65
[94m# Move to the nearest coal resource
move_to(coal_position)
[92mScore: 65
[94m# Place a burner-mining-drill near the coal resource
place_entity('burner-mining-drill', direction=LEFT, position=(coal_position[0]-2, coal_position[1]))
[92mLine 1: Error: Could not place burner-mining-drill. "global.actions.place entity = function(player..."]:14: No burner mining drill in inventory.
Score: 65
[94m# Craft another burner-mining-drill
craft_item('burner-mining-drill', quantity=1)
[92mLine 1: Error: Could not craft a burner-mining-drill. "global.actions.craft item = function(player i..."]:72: Failed to craft 1x burner-mining-drill because missing ingredient stone
Score: 65
[94m# Mine stone resource to gather ingredients
harvest_resource(stone_position, quantity=5)
[92mScore: 65
[94m# Craft another burner-mining-drill
craft_item('burner-mining-drill', quantity=1)
[92mLine 1: Error: Could not craft a burner-mining-drill. "global.actions.craft item = function(player i..."]:72: Failed to craft 1x burner-mining-drill because missing ingredient stone
Score: 65
[94m# Find the nearest stone resource
stone_position = nearest('stone')
[92mScore: 65
[94m# Move to the nearest stone resource and mine 5 of it
move_to(stone_position)
harvest_resource(stone_position, quantity=5)
[92mScore: 91
[94m# Craft another burner-mining-drill
craft_item('burner-mining-drill', quantity=1)
[92mScore: 91
[94m# Finding the nearest iron ore resource
iron_position = nearest('iron-ore')
[92mScore: 91
[94m# Move to the nearest iron ore resource
move_to(iron_position)
[92mScore: 91
[94m# Place a burner-mining-drill to extract iron ore
place_entity('burner-mining-drill', direction=LEFT, position=(iron_position[0]-2, iron_position[1]))
[92mLine 1: Error: Could not place burner-mining-drill. "global.actions.place entity = function(player..."]:71: Maybe inspect your surroundings before placing
Score: 91
[94m# Inspect surroundings to ensure proper placement
inspect_entities(5)
[92mLine 1: {'entities': [{'type': 'burner_mining_drill', 'direction': 'west', 'position': (-32, 0), 'status': 'empty'}, {'type': 'burner_mining_drill', 'direction': 'west', 'position': (-33, 11), 'status': 'empty'}, {'type': 'player_character', 'direction': 'north', 'position': (0, 0), 'status': 'empty'}]}
Score: 91
[94m# Pick up coal from the nearest burner-mining-drill
pickup_entity('coal', (-32, 0))
[92mLine 1: Error: Could not pickup, did you intend to harvest?. 0
Score: 91
[94m# Harvest coal from the nearest burner-mining-drill
harvest_resource((-32, 0), quantity=5)
[92mScore: 91
[94m# Move to the iron ore extracting burner-mining-drill
move_to((-33, 11))
[92mScore: 91
[94m# Insert coal into the iron ore extracting burner-mining-drill
insert_item('coal', target_position=(-33, 11), quantity=1)
[92mLine 1: Error: Could not insert. "global.actions.insert item = function(player ..."]:32: Could not find a nearby entity to insert into.
Score: 91
[94m# Inspect entities and resources around the area
inspect_entities(20)
inspect_resources()
[92mLine 1: {'entities': [{'type': 'burner_mining_drill', 'direction': 'west', 'position': (18, -16), 'status': 'empty'}, {'type': 'player_character', 'direction': 'north', 'position': (0, 0), 'status': 'empty'}, {'type': 'burner_mining_drill', 'direction': 'west', 'position': (17, -5), 'status': 'empty'}]}
Line 2: {'water': {'size': 900, 'direction': {'offset': 42, 'named_direction': 'north', 'min_coordinates': (-18, -50), 'max_coordinates': (31, -33)}}, 'coal': {'size': 100, 'direction': {'offset': 10, 'named_direction': 'northwest', 'min_coordinates': (-17, -14), 'max_coordinates': (-8, -5)}}, 'iron_ore': {'size': 100, 'direction': {'offset': 10, 'named_direction': 'east-northeast', 'min_coordinates': (22, -14), 'max_coordinates': (31, -5)}}, 'stone': {'size': 100, 'direction': {'offset': 10, 'named_direction': 'southwest', 'min_coordinates': (-17, 6), 'max_coordinates': (-8, 15)}}, 'copper_ore': {'size': 100, 'direction': {'offset': 10, 'named_direction': 'east-southeast', 'min_coordinates': (22, 6), 'max_coordinates': (31, 15)}}, 'uranium_ore': {'size': 100, 'direction': {'offset': 30, 'named_direction': 'southeast', 'min_coordinates': (22, 26), 'max_coordinates': (31, 35)}}}
Score: 91
[94m# Move to the iron ore deposit and place a burner_mining_drill
iron_ore_position = (22, -14)
move_to(iron_ore_position)
place_entity('burner-mining-drill', direction=RIGHT, position=(iron_ore_position[0]+2, iron_ore_position[1]))
[92mLine 1: (24, -14)
Score: 91
[94m# Insert coal into the iron ore extracting burner-mining-drill
insert_item('coal', target_position=(24, -14), quantity=1)
[92mLine 1: Error: Could not insert. "global.actions.insert item = function(player ..."]:32: Could not find a nearby entity to insert into.
Score: 91
[94m# Inspect entities around my current position
inspect_entities(5)
[92mLine 1: {'entities': [{'type': 'burner_mining_drill', 'direction': 'west', 'position': (-31, 9), 'status': 'empty'}, {'type': 'player_character', 'direction': 'north', 'position': (0, 0), 'status': 'empty'}, {'type': 'burner_mining_drill', 'direction': 'west', 'position': (-32, 20), 'status': 'empty'}, {'type': 'burner_mining_drill', 'direction': 'east', 'position': (3, 0), 'status': 'empty'}]}
Score: 91
[94m# Move to the iron ore deposit and place a new burner_mining_drill
move_to((22, -14))
place_entity('burner-mining-drill', direction=RIGHT, position=(26, -14))
[92mLine 1: Error: Could not place burner-mining-drill. "global.actions.place entity = function(player..."]:14: No burner mining drill in inventory.
Score: 91
[94m# Move to the nearest coal deposit and mine some coal
nearest_coal = nearest('coal')
move_to(nearest_coal)
harvest_resource(nearest_coal, quantity=10)
[92mScore: 118
[94m# Move back to the iron ore deposit and place a new burner-mining-drill
move_to((22, -14))
craft_item('burner-mining-drill', quantity=1)
place_entity('burner-mining-drill', direction=RIGHT, position=(26, -14))
[92mLine 1: (26, -14)
Score: 118
[94m# Insert coal into the newly placed iron ore extracting burner-mining-drill
insert_item('coal', target_position=(26, -14), quantity=1)
[92mLine 1: Error: Could not insert. "global.actions.insert item = function(player ..."]:32: Could not find a nearby entity to insert into.
Score: 118
[94m# Check the nearest entities around the burner-mining-drill
inspect_entities(2, position=(26, -14))
[92mLine 1: Error:   call  () got an unexpected keyword argument 'position'
Score: 118
[94m# Inspect the entities around the iron ore extraction point
inspect_entities(2, reference_position=(26, -14))
[92mLine 1: Error:   call  () got an unexpected keyword argument 'reference position'
Score: 118
[94m# Check the nearest entities around my position
inspect_entities(2)
[92mLine 1: {'entities': [{'type': 'burner_mining_drill', 'direction': 'west', 'position': (-32, 9), 'status': 'empty'}, {'type': 'burner_mining_drill', 'direction': 'east', 'position': (2, 0), 'status': 'empty'}, {'type': 'player_character', 'direction': 'north', 'position': (0, 0), 'status': 'empty'}, {'type': 'burner_mining_drill', 'direction': 'west', 'position': (-33, 20), 'status': 'empty'}, {'type': 'burner_mining_drill', 'direction': 'east', 'position': (4, 0), 'status': 'empty'}]}
Score: 118
[94m# Move to the newly placed burner-mining-drill and check entities around my position
move_to((26, -14))
inspect_entities(2)
[92mLine 1: {'entities': [{'type': 'burner_mining_drill', 'direction': 'west', 'position': (-36, 9), 'status': 'empty'}, {'type': 'player_character', 'direction': 'north', 'position': (0, 0), 'status': 'empty'}, {'type': 'burner_mining_drill', 'direction': 'east', 'position': (-2, 0), 'status': 'empty'}, {'type': 'burner_mining_drill', 'direction': 'west', 'position': (-37, 20), 'status': 'empty'}, {'type': 'burner_mining_drill', 'direction': 'east', 'position': (0, 0), 'status': 'empty'}]}
Score: 118
[94m# It seems I couldn't move to the target position. I will try again.
[92mScore: 118
[94m# Move to the new burner-mining-drill
move_to((26, -14))
[92mScore: 118
[94m# It seems I can't move to that position. Instead, I'll place a stone furnace near the existing burner-mining-drill
current_burner_drill_position = (2, 0)
stone_furnace_position = place_entity_next_to('stone-furnace', reference_position=current_burner_drill_position, direction='left', gap=1)
[92mScore: 118
[94m# Insert coal into the burner-mining-drill
insert_item('coal', target_position=(2, 0), quantity=1)
[92mScore: 115
[94m# Collect coal from the burner-mining-drill to fuel the stone-furnace
extract_item('coal', source_position=(2,0), quantity=1)
insert_item('coal', target_position=stone_furnace_position, quantity=1)
