[94m# Investigate resources and surroundings
resources = inspect_resources()
entities = inspect_entities(20)
[92mScore: 122
[94m# Locate coal deposit
coal_position = nearest('coal')
[92mScore: 122
[94m# Move to the coal deposit and place a burner-mining-drill
move_to(coal_position)
place_entity('burner-mining-drill', direction=LEFT, position=(coal_position[0]-2, coal_position[1]))
[92mLine 1: (-10, -5)
Score: 122
[94m# Check to ensure that the burner-mining-drill has been placed
inspect_entities(5)
[92mLine 1: {'entities': [{'type': 'burner_mining_drill', 'direction': 'west', 'position': (-2, 0), 'status': 'empty'}, {'type': 'player_character', 'direction': 'north', 'position': (0, 0), 'status': 'empty'}]}
Score: 122
[94m# Move to the burner-mining-drill and insert some coal from inventory
move_to((-2, 0))
insert_item('coal', target_position=(-2, 0), quantity=1)
[92mScore: 119
[94m# Move to the nearest iron deposit and place a burner-mining-drill
iron_position = nearest('iron')
move_to(iron_position)
place_entity('burner-mining-drill', direction=RIGHT, position=(iron_position[0]+2, iron_position[1]))
[92mLine 1: Error: No iron found on the map
Score: 125
[94m# Inspect the resources present on the map
inspect_resources()
[92mLine 1: {'water': {'size': 900, 'direction': {'offset': 42, 'named_direction': 'north', 'min_coordinates': (-18, -50), 'max_coordinates': (31, -33)}}, 'coal': {'size': 100, 'direction': {'offset': 10, 'named_direction': 'northwest', 'min_coordinates': (-17, -14), 'max_coordinates': (-8, -5)}}, 'iron_ore': {'size': 100, 'direction': {'offset': 10, 'named_direction': 'east-northeast', 'min_coordinates': (22, -14), 'max_coordinates': (31, -5)}}, 'stone': {'size': 100, 'direction': {'offset': 10, 'named_direction': 'southwest', 'min_coordinates': (-17, 6), 'max_coordinates': (-8, 15)}}, 'copper_ore': {'size': 100, 'direction': {'offset': 10, 'named_direction': 'east-southeast', 'min_coordinates': (22, 6), 'max_coordinates': (31, 15)}}, 'uranium_ore': {'size': 100, 'direction': {'offset': 30, 'named_direction': 'southeast', 'min_coordinates': (22, 26), 'max_coordinates': (31, 35)}}, 'item_on_ground': {'size': 1, 'directions': [{'distance': 15, 'unit': 'metres', 'direction': 'east-northeast'}], 'scattered': True}}
Score: 125
[94m# Move to the iron ore deposit and place a burner-mining-drill
iron_position = (22, -14)
move_to(iron_position)
place_entity('burner-mining-drill', direction=RIGHT, position=(iron_position[0]+2, iron_position[1]))
[92mLine 1: Error: Could not place burner-mining-drill. "global.actions.place entity = function(player..."]:14: No burner mining drill in inventory.
Score: 125
[94m# Check the inventory for materials required to craft a burner-mining-drill
inspect_inventory()
[92mLine 1: {'iron-chest': 1, 'transport-belt': 50, 'stone-furnace': 1, 'assembling-machine-1': 1, 'coal': 49, 'iron-plate': 50, 'copper-plate': 50}
Score: 125
[94m# Craft a burner-mining-drill using the available iron plates
craft_item('burner-mining-drill', quantity=1)
[92mScore: 125
[94m# Place the crafted burner-mining-drill at the iron ore deposit
place_entity('burner-mining-drill', direction=RIGHT, position=(iron_position[0]+2, iron_position[1]))
[92mLine 1: (24, -14)
Score: 125
[94m# Move to the stone deposit and place a stone-furnace
stone_position = (-17, 6)
move_to(stone_position)
furnace_position = (stone_position[0]+2, stone_position[1])
place_entity('stone-furnace', position=furnace_position)

[92mLine 1: Error: Could not place stone-furnace. "global.actions.place entity = function(player..."]:14: No stone furnace in inventory.
Score: 125
[94m# Check inventory for stone furnace and stone
inspect_inventory()
[92mLine 1: {'iron-chest': 1, 'transport-belt': 50, 'assembling-machine-1': 1, 'coal': 49, 'iron-plate': 41, 'copper-plate': 50}
Score: 125
[94m# Craft a stone furnace from the available resources
craft_item('stone-furnace', quantity=1)
[92mLine 1: Error: Could not craft a stone-furnace. "global.actions.craft item = function(player i..."]:72: Failed to craft 1x stone-furnace because missing ingredient stone
Score: 125
[94m# Move to the nearest stone resource to mine it
move_to(nearest('stone'))
[92mScore: 125
[94m# Harvest 10 stones from the current location
harvest_resource(nearest('stone'), quantity=10)
[92mScore: 139
[94m# Craft a stone furnace from the stone collected
craft_item('stone-furnace', quantity=1)
[92mScore: 139
[94m# Move to the nearest coal resource to set up the mining drill
move_to(nearest('coal'))
[92mScore: 139
[94m# Place a burner-mining-drill on the nearest coal resource
place_entity('burner-mining-drill', direction=RIGHT, position=nearest('coal'))
[92mLine 1: Error: Could not place burner-mining-drill. "global.actions.place entity = function(player..."]:14: No burner mining drill in inventory.
Score: 139
[94m# Find the nearest iron resource
move_to(nearest('iron-ore'))
[92mScore: 139
[94m# Harvest 5 iron ore from the current location
harvest_resource(nearest('iron-ore'), quantity=5)
[92mScore: 167
[94m# Craft a burner-mining-drill from harvested iron ore
craft_item('burner-mining-drill', quantity=1)
[92mScore: 167
[94m# Move to the nearest coal resource again
move_to(nearest('coal'))
[92mScore: 167
[94m# Place the crafted burner-mining-drill on the nearest coal resource
place_entity('burner-mining-drill', direction=RIGHT, position=nearest('coal'))
[92mLine 1: Error: Could not place burner-mining-drill. "global.actions.place entity = function(player..."]:71: Maybe inspect your surroundings before placing
Score: 167
[94m# Check available resources and entities around me
inspect_resources()
inspect_entities(20)
[92mLine 1: {'water': {'size': 900, 'direction': {'offset': 42, 'named_direction': 'north', 'min_coordinates': (-18, -50), 'max_coordinates': (31, -33)}}, 'coal': {'size': 100, 'direction': {'offset': 10, 'named_direction': 'northwest', 'min_coordinates': (-17, -14), 'max_coordinates': (-8, -5)}}, 'iron_ore': {'size': 100, 'direction': {'offset': 10, 'named_direction': 'east-northeast', 'min_coordinates': (22, -14), 'max_coordinates': (31, -5)}}, 'stone': {'size': 100, 'direction': {'offset': 10, 'named_direction': 'southwest', 'min_coordinates': (-17, 6), 'max_coordinates': (-8, 15)}}, 'copper_ore': {'size': 100, 'direction': {'offset': 10, 'named_direction': 'east-southeast', 'min_coordinates': (22, 6), 'max_coordinates': (31, 15)}}, 'uranium_ore': {'size': 100, 'direction': {'offset': 30, 'named_direction': 'southeast', 'min_coordinates': (22, 26), 'max_coordinates': (31, 35)}}, 'item_on_ground': {'size': 1, 'directions': [{'distance': 15, 'unit': 'metres', 'direction': 'east-northeast'}], 'scattered': True}}
Line 2: {'entities': [{'type': 'burner_mining_drill', 'direction': 'west', 'position': (-2, 0), 'status': 'empty'}, {'type': 'player_character', 'direction': 'north', 'position': (0, 0), 'status': 'empty'}, {'type': 'burner_mining_drill', 'direction': 'east', 'position': (32, -9), 'status': 'empty'}]}
Score: 167
[94m# Move to the second burner-mining-drill to place it correctly
move_to((32, -9))
[92mScore: 167
[94m# Place the crafted burner-mining-drill on the nearest coal resource
place_entity('burner-mining-drill', direction=RIGHT, position=nearest('coal'))
[92mLine 1: (-8, -9)
Score: 167
[94m# Move to the nearest stone resource
move_to(nearest('stone'))
[92mScore: 167
[94m# Mine stone to create stone furnaces later
harvest_resource(nearest('stone'), quantity=10)
[92mScore: 188
[94m# Check inventory for harvested stone
inspect_inventory()
[92mLine 1: {'iron-chest': 1, 'transport-belt': 50, 'assembling-machine-1': 1, 'coal': 49, 'stone': 10, 'iron-ore': 9, 'iron-plate': 32, 'copper-plate': 50}
Score: 188
[94m# Move to the nearest iron ore resource
move_to(nearest('iron-ore'))
[92mScore: 188
[94m# Place a burner-mining-drill on the nearest iron ore resource
place_entity('burner-mining-drill', direction=DOWN, position=nearest('iron-ore'))
[92mLine 1: Error: Could not place burner-mining-drill. "global.actions.place entity = function(player..."]:14: No burner mining drill in inventory.
Score: 188
[94m# Craft a burner-mining-drill
craft_item('burner-mining-drill', quantity=1)
[92mScore: 188
[94m# Place a burner-mining-drill on the nearest iron ore resource
place_entity('burner-mining-drill', direction=DOWN, position=nearest('iron-ore'))
[92mLine 1: (22, -5)
Score: 188
[94m# Insert coal into the burner-mining-drill to fuel it
insert_item('coal', target_position=(22, -5), quantity=1)
[92mScore: 185
[94m# Place a stone furnace near the burner-mining-drill
furnace_position = (22, -3)
place_entity('stone-furnace', position=furnace_position)
[92mLine 1: Error: Could not place stone-furnace. "global.actions.place entity = function(player..."]:14: No stone furnace in inventory.
Score: 192
[94m# Craft a stone furnace
craft_item('stone-furnace', quantity=1)
[92mScore: 192
[94m# Place the stone furnace near the burner-mining-drill
furnace_position = (22, -3)
place_entity('stone-furnace', position=furnace_position)
[92mLine 1: (22, -3)
Score: 192
[94m# Connect the burner-mining-drill's output to the stone-furnace's input using an inserter
connect_entities(source_position=(20, -5), target_position=furnace_position, connection_type='inserter')
[92mLine 1: Error: Could not connect (20, -5) to (22, -3).. "global.actions.connect entities = function(pl..."]:10: Source entity not found.
Score: 210
[94m# Inspect entities to find the correct position of the burner-mining-drill
inspect_entities(5)
[92mLine 1: {'entities': [{'type': 'burner_mining_drill', 'direction': 'west', 'position': (-34.3984375, 0), 'status': 'empty'}, {'type': 'stone_furnace', 'direction': 'north', 'position': (-2.3984375, 2), 'warning': 'Lack of fuel.', 'contents': {'iron-ore': 9}, 'status': 'not empty'}, {'type': 'burner_mining_drill', 'direction': 'east', 'position': (-0.3984375, -9), 'status': 'empty'}, {'type': 'burner_mining_drill', 'direction': 'south', 'position': (-2.3984375, 0), 'status': 'empty'}, {'type': 'burner_mining_drill', 'direction': 'east', 'position': (-32.3984375, -4), 'status': 'empty'}, {'type': 'player_character', 'direction': 'north', 'position': (0, 0), 'status': 'empty'}]}
Score: 216
[94m# Connect the burner-mining-drill's output to the stone-furnace's input using an inserter
connect_entities(source_position=(-2.3984375, 0), target_position=furnace_position, connection_type='inserter')
[92mLine 1: Error: Could not connect (-2.3984375, 0) to (22, -3).. "global.actions.connect entities = function(pl..."]:10: Source entity not found.
Score: 216
[94m# Move to the position of the burner-mining-drill
move_to((-2.3984375, 0))
[92mScore: 216
[94m# Connect the burner-mining-drill's output to the stone-furnace's input using an inserter
connect_entities(source_position=(-2.3984375, 0), target_position=furnace_position, connection_type='inserter')
[92mLine 1: Error: Could not connect (-2.3984375, 0) to (22, -3).. "global.actions.connect entities = function(pl..."]:10: Source entity not found.
Score: 216
[94m# Inspect entities around me to get the furnace's position
inspect_entities(5)
[92mLine 1: {'entities': [{'type': 'burner_mining_drill', 'direction': 'west', 'position': (-7, -5), 'status': 'empty'}, {'type': 'burner_mining_drill', 'direction': 'south', 'position': (25, -5), 'status': 'empty'}, {'type': 'stone_furnace', 'direction': 'north', 'position': (25, -3), 'warning': 'Lack of fuel.', 'contents': {'iron-ore': 9}, 'status': 'not empty'}, {'type': 'player_character', 'direction': 'north', 'position': (0, 0), 'status': 'empty'}, {'type': 'burner_mining_drill', 'direction': 'east', 'position': (-5, -9), 'status': 'empty'}, {'type': 'burner_mining_drill', 'direction': 'east', 'position': (27, -14), 'status': 'empty'}]}
Score: 216
[94m# Update the furnace_position variable
furnace_position = (25, -3)
[92mScore: 216
[94m# Connect the burner-mining-drill's output to the stone-furnace's input using an inserter
connect_entities(source_position=(-2.3984375, 0), target_position=furnace_position, connection_type='inserter')
[92mLine 1: Error: Could not connect (-2.3984375, 0) to (25, -3).. "global.actions.connect entities = function(pl..."]:10: Source entity not found.
Score: 216
[94m# Inspect entities within a 20-meter radius
inspect_entities(20)
[92mLine 1: {'entities': [{'type': 'burner_mining_drill', 'direction': 'west', 'position': (-7, -5), 'status': 'empty'}, {'type': 'burner_mining_drill', 'direction': 'south', 'position': (25, -5), 'status': 'empty'}, {'type': 'stone_furnace', 'direction': 'north', 'position': (25, -3), 'warning': 'Lack of fuel.', 'contents': {'iron-ore': 9}, 'status': 'not empty'}, {'type': 'player_character', 'direction': 'north', 'position': (0, 0), 'status': 'empty'}, {'type': 'burner_mining_drill', 'direction': 'east', 'position': (-5, -9), 'status': 'empty'}, {'type': 'burner_mining_drill', 'direction': 'east', 'position': (27, -14), 'status': 'empty'}]}
Score: 216
[94m# Find the correct position for the source entity (burner mining drill)
burner_drill_position = (-5, -9)
[92mScore: 216
[94m# Connect the burner-mining-drill's output to the stone-furnace's input using an inserter
connect_entities(source_position=burner_drill_position, target_position=furnace_position, connection_type='inserter')
[92mLine 1: Error: Could not connect (-5, -9) to (25, -3).. "global.actions.connect entities = function(pl..."]:10: Source entity not found.
Score: 216
[94m# Inspect entities within a 5-meter radius around the burner-mining-drill
inspect_entities(5)
[92mLine 1: {'entities': [{'type': 'burner_mining_drill', 'direction': 'west', 'position': (-7, -5), 'status': 'empty'}, {'type': 'burner_mining_drill', 'direction': 'south', 'position': (25, -5), 'status': 'empty'}, {'type': 'stone_furnace', 'direction': 'north', 'position': (25, -3), 'warning': 'Lack of fuel.', 'contents': {'iron-ore': 9}, 'status': 'not empty'}, {'type': 'player_character', 'direction': 'north', 'position': (0, 0), 'status': 'empty'}, {'type': 'burner_mining_drill', 'direction': 'east', 'position': (-5, -9), 'status': 'empty'}, {'type': 'burner_mining_drill', 'direction': 'east', 'position': (27, -14), 'status': 'empty'}]}
Score: 216
[94m# Move closer to the burner-mining-drill's position
move_to(burner_drill_position)
[92mScore: 216
[94m# Retry connecting the burner-mining-drill's output to the stone-furnace's input using an inserter
connect_entities(source_position=burner_drill_position, target_position=furnace_position, connection_type='inserter')
[92mLine 1: Error: Could not connect (-5, -9) to (25, -3).. "global.actions.connect entities = function(pl..."]:13: Target entity not found.
Score: 216
[94m# Check if the furnace_position is valid
print(furnace_position)
[92mScore: 216
