[94mcomment("Observe the resources and landscape around me")
resources = inspect_resources()
[92mScore: 227
[94mcomment("Find nearest coal resource")
coal_position = nearest('coal')

comment("Go to the coal position and place the burner drill facing right")
move_to(coal_position)
place_entity('burner-mining-drill', direction=RIGHT, position=(coal_position[0] - 1, coal_position[1]))

comment("Check to ensure that the burner-mining-drill has been placed")
inspect_entities(5)

comment("Find nearest stone resource")
stone_position = nearest('stone')

comment("Place stone furnace near coal position")
furnace_position = (coal_position[0] - 2, coal_position[1])
place_entity('stone-furnace', position=furnace_position)

comment("Connect the burner-mining-drill's output to the stone-furnace's input using an inserter")
connect_entities(
    source_position=(coal_position[0] - 1, coal_position[1]), 
    target_position=furnace_position, 
   
[91mThe provided code is not syntactically valid Python. Only write valid python.
[94mcomment("Find nearest coal resource")
coal_position = nearest('coal')
[92mScore: 227
[94mcomment("Go to the coal position and place the burner drill facing right")
move_to(coal_position)
place_entity('burner-mining-drill', direction=RIGHT, position=(coal_position[0] - 1, coal_position[1]))
[92mLine 1: (-9, -5)
Score: 227
[94mcomment("Check to ensure that the burner-mining-drill has been placed")
entities_around_me = inspect_entities(5)
[92mScore: 227
[94mcomment("Find nearest stone resource")
stone_position = nearest('stone')
[92mScore: 227
[94mcomment("Place stone furnace near coal position")
furnace_position = (coal_position[0] - 2, coal_position[1])
place_entity('stone-furnace', position=furnace_position)
[92mLine 1: Error: Could not place stone-furnace. "global.actions.place entity = function(player..."]:71: Maybe inspect your surroundings before placing
Score: 227
[94mcomment("Inspect surroundings before placing the stone furnace")
inspect_entities(5)
inspect_resources()
[92mLine 1: [{'type': 'burner_mining_drill', 'direction': 'east', 'position': (-1, 0), 'status': 'empty'}, {'type': 'player_character', 'direction': 'north', 'position': (0, 0), 'status': 'empty'}]
Line 2: {'water': {'size': 900, 'direction': {'offset': 42, 'named_direction': 'north', 'min_coordinates': (-18, -50), 'max_coordinates': (31, -33)}}, 'coal': {'size': 100, 'direction': {'offset': 10, 'named_direction': 'northwest', 'min_coordinates': (-17, -14), 'max_coordinates': (-8, -5)}}, 'iron_ore': {'size': 100, 'direction': {'offset': 10, 'named_direction': 'east-northeast', 'min_coordinates': (22, -14), 'max_coordinates': (31, -5)}}, 'stone': {'size': 100, 'direction': {'offset': 10, 'named_direction': 'southwest', 'min_coordinates': (-17, 6), 'max_coordinates': (-8, 15)}}, 'copper_ore': {'size': 100, 'direction': {'offset': 10, 'named_direction': 'east-southeast', 'min_coordinates': (22, 6), 'max_coordinates': (31, 15)}}, 'uranium_ore': {'size': 100, 'direction': {'offset': 30, 'named_direction': 'southeast', 'min_coordinates': (22, 26), 'max_coordinates': (31, 35)}}}
Score: 227
[94mcomment("Move to the stone furnace position and try placing it again")
move_to(furnace_position)
place_entity('stone-furnace', position=furnace_position)
[92mLine 1: Error: Could not place stone-furnace. "global.actions.place entity = function(player..."]:71: Maybe inspect your surroundings before placing
Score: 227
[94mcomment("Check inventory for available stone-furnace")
inventory = inspect_inventory()
[92mScore: 227
[94mcomment("Craft a stone furnace since it is missing from the inventory")
craft_item('stone-furnace', quantity=1)
[92mLine 1: Error: Could not craft a stone-furnace. "global.actions.craft item = function(player i..."]:72: Failed to craft 1x stone-furnace because missing ingredient stone
Score: 227
[94mcomment("Find nearest stone resource and move to its location")
nearest_stone = nearest('stone')
move_to(nearest_stone)
[92mScore: 227
[94mcomment("Harvest 10 stone from the resource")
harvest_resource(nearest_stone, quantity=10)
[92mLine 1: Error: Could not harvest.. "global.actions.harvest resource = function(pl..."]:65: Could only harvest 0
Score: 249
[94mcomment("Find another stone resource")
nearest_stone = nearest('stone', exclude=[nearest_stone])
[92mScore: 249
[94mcomment("Move to the newly found stone resource")
move_to(nearest_stone)
[92mScore: 249
[94mcomment("Harvest 10 stone from the new resource")
harvest_resource(nearest_stone, quantity=10)
[92mLine 1: Error: Could not harvest.. "global.actions.harvest resource = function(pl..."]:65: Could only harvest 0
Score: 275
[94mcomment("Check inventory")
inspect_inventory()
[92mLine 1: {'iron-chest': 1, 'transport-belt': 50, 'stone-furnace': 1, 'assembling-machine-1': 1, 'coal': 50, 'stone': 20, 'iron-plate': 50, 'copper-plate': 50}
Score: 275
[94mcomment("Check surroundings for more stone resources")
inspect_resources()
[92mLine 1: {'water': {'size': 900, 'direction': {'offset': 42, 'named_direction': 'north', 'min_coordinates': (-18, -50), 'max_coordinates': (31, -33)}}, 'coal': {'size': 100, 'direction': {'offset': 10, 'named_direction': 'northwest', 'min_coordinates': (-17, -14), 'max_coordinates': (-8, -5)}}, 'iron_ore': {'size': 100, 'direction': {'offset': 10, 'named_direction': 'east-northeast', 'min_coordinates': (22, -14), 'max_coordinates': (31, -5)}}, 'stone': {'size': 100, 'direction': {'offset': 10, 'named_direction': 'southwest', 'min_coordinates': (-17, 6), 'max_coordinates': (-8, 15)}}, 'copper_ore': {'size': 100, 'direction': {'offset': 10, 'named_direction': 'east-southeast', 'min_coordinates': (22, 6), 'max_coordinates': (31, 15)}}, 'uranium_ore': {'size': 100, 'direction': {'offset': 30, 'named_direction': 'southeast', 'min_coordinates': (22, 26), 'max_coordinates': (31, 35)}}}
Score: 275
[94mcomment("Move to the stone resource found in southwest direction")
move_to((-17, 6))
[92mScore: 275
[94mcomment("Harvest 10 more stone from the southwest resource")
harvest_resource((-17, 6), quantity=10)
[92mLine 1: Error: Could not harvest.. "global.actions.harvest resource = function(pl..."]:65: Could only harvest 0
Score: 290
[94mcomment("Inspect inventory again")
inspect_inventory()
[92mLine 1: {'iron-chest': 1, 'transport-belt': 50, 'stone-furnace': 1, 'assembling-machine-1': 1, 'coal': 50, 'stone': 26, 'iron-plate': 50, 'copper-plate': 50}
Score: 290
