[92mThere are 4.2k tree_01s scattered 23km northwest, 17km north-northwest, 16km north, 16km north-northeast, 21km northeast, 1km east-northeast, 3km west-northwest, 760 metres west, 32 metres east, 4km west-southwest, 720 metres east-southeast, 17km southeast, 17km southwest, 13km south-southwest, 13km south-southeast, and 11km south 
- 100x coal 10 metres northwest (-17, -14) x (-8, -5)
- 100x iron_ore 10 metres east-northeast (22, -14) x (31, -5)
- 100x stone 10 metres southwest (-17, 6) x (-8, 15)
- 100x copper_ore 10 metres east-southeast (22, 6) x (31, 15)
- 100x uranium_ore 30 metres southeast (22, 26) x (31, 35)
[96m# Lets start by checking my inventory.
[92m- 1 iron-chest
- 50 transport-belt
- 1 stone-furnace
- 1 assembling-machine-1
- 50 coal
- 50 iron-plate
- 50 copper-plate
[96m# Set up basic production for iron plates, copper plates, and stone bricks
[94mmove_to(nearest('coal'))
place_entity('burner-drill', direction=2, position=nearest('coal'))
insert_item('coal', target_position=(0, 0), quantity=1)

move_to(nearest('iron_ore'))
place_entity('burner-drill', direction=2, position=nearest('iron_ore'))
insert_item('coal', target_position=(0, 0), quantity=1)

move_to(nearest('copper_ore'))
place_entity('burner-drill', direction=2, position=nearest('copper_ore'))
insert_item('coal', target_position=(0, 0), quantity=1)

move_to(nearest('stone'))
place_entity('burner-drill', direction=2, position=nearest('stone'))
insert_item('coal', target_position=(0, 0), quantity=1)
[91minvalid syntax. ('<string>', 2, 1, "place entity('burner-drill', direction=2, position=nearest('coal'))\n")
[96m# move_to(nearest('coal'))
place_entity('burner-drill', direction=2, position=nearest('coal'))
insert_item('coal', target_position=(0, 0), quantity=1)

move_to(nearest('iron_ore'))
place_entity('burner-drill', direction=2, position=nearest('iron_ore'))
insert_item('coal', target_position=(0, 0), quantity=1)

move_to(nearest('copper_ore'))
place_entity('burner-drill', direction=2, position=nearest('copper_ore'))
insert_item('coal', target_position=(0, 0), quantity=1)

move_to(nearest('stone'))
place_entity('burner-drill', direction=2, position=nearest('stone'))
insert_item('coal', target_position=(0, 0), quantity=1)
[94m# Set up stone furnace to process iron and copper
move_to(nearest('iron_ore'))
place_entity('stone-furnace', direction=2, position=(1, 0))  # Place iron furnace
extract_item('coal', source_position=nearest('burner-drill'), quantity=1)
insert_item('coal', target_position=(0, 0), quantity=1)

move_to(nearest('copper_ore'))
place_entity('stone-furnace', direction=2, position=(1, 0))  # Place copper furnace
extract_item('coal', source_position=nearest('burner-drill'), quantity=1)
insert_item('coal', target_position=(0, 0), quantity=1)
[91minvalid syntax. ('<string>', 3, 1, "place entity('stone-furnace', direction=2, position=(1, 0))  # Place iron furnace\n")
[96m# Set up stone furnace to process iron and copper
move_to(nearest('iron_ore'))
place_entity('stone-furnace', direction=2, position=(1, 0))  # Place iron furnace
extract_item('coal', source_position=nearest('burner-drill'), quantity=1)
insert_item('coal', target_position=(0, 0), quantity=1)

move_to(nearest('copper_ore'))
place_entity('stone-furnace', direction=2, position=(1, 0))  # Place copper furnace
extract_item('coal', source_position=nearest('burner-drill'), quantity=1)
insert_item('coal', target_position=(0, 0), quantity=1)
[96m# My apologies for the confusion. Let's restructure the code to avoid invalid syntax.
