comment("Inspect natural resources and landscape")
resources = inspect_resources()
comment("Find nearest coal resource")
nearest_coal = nearest("coal")
comment("Move to the nearest coal resource and place a burner mining drill")
move_to(nearest_coal)
burner_drill_position = (nearest_coal[0] - 2, nearest_coal[1])
place_entity("burner-mining-drill", direction=LEFT, position=burner_drill_position)
comment("Place a stone furnace to the right of the burner mining drill with a gap of 1 tile")
stone_furnace_position = (burner_drill_position[0] + 4, burner_drill_position[1])
place_entity("stone-furnace", position=stone_furnace_position)
comment("Connect the burner-mining-drill's output to the stone-furnace's input using an inserter")
connect_entities(source_position=(burner_drill_position[0] + 2, burner_drill_position[1]), target_position=stone_furnace_position, connection_type='inserter')
comment("It seems there was an error in the previous command. Let's try connecting the entities again.")
comment("Connect the burner-mining-drill's output to the stone-furnace's input using an inserter")
connect_entities(source_position=(burner_drill_position[0] + 2, burner_drill_position[1]), target_position=stone_furnace_position, connection_type='inserter')

comment("It seems the connect_entities function is not working as intended. Let's manually place an inserter between the burner-mining-drill and the stone-furnace.")
comment("Place an inserter between the burner-mining-drill and the stone-furnace, facing the stone-furnace.")
inserter_position = (burner_drill_position[0] + 2, burner_drill_position[1])
place_entity('inserter', position=inserter_position, direction=RIGHT)
comment("Craft an inserter since there are none in the inventory.")
craft_item('inserter', quantity=1)
comment("Now that the inserter is in the inventory, place it between the burner-mining-drill and the stone-furnace, facing the stone-furnace.")
inserter_position = (burner_drill_position[0] + 2, burner_drill_position[1])
place_entity('inserter', position=inserter_position, direction=RIGHT)
comment("Let's set up a power generation area using steam engines, boilers and water pumps.")
comment("Locate the nearest water source.")
water_position = nearest('water')
move_to(water_position)
comment("Place an offshore pump on the water.")
offshore_pump_position = (water_position[0] + 2, water_position[1])
place_entity('offshore-pump', position=offshore_pump_position, direction=RIGHT)
comment("Craft an offshore pump since there are none in the inventory.")
craft_item('offshore-pump', quantity=1)
comment("Place an offshore pump on the water now that it is in the inventory.")
place_entity('offshore-pump', position=offshore_pump_position, direction=RIGHT)
comment("Check for other entities or obstacles that would prevent placing the offshore pump.")
inspect_entities(5)
comment("Move away from nearby entities to allow for placement of the offshore pump.")
move_to((water_position[0] + 5, water_position[1]))
comment("Attempt to place the offshore pump again.")
place_entity('offshore-pump', position=offshore_pump_position, direction=RIGHT)
comment("Inspect surroundings to find a suitable location for the offshore pump.")
inspect_resources()
comment("Find a different suitable location for the offshore pump.")
new_offshore_pump_position = (water_position[0] + 3, water_position[1])
comment("Move to the new suitable location for the offshore pump.")
move_to(new_offshore_pump_position)
comment("Place the offshore pump at the new suitable location.")
place_entity('offshore-pump', position=new_offshore_pump_position, direction=RIGHT)
comment("Inspect surroundings to ensure the new location is suitable for the offshore pump.")
inspect_resources()
