[92mThere are 4.2k tree_01s scattered 23km northwest, 17km north-northwest, 16km north, 16km north-northeast, 21km northeast, 1km east-northeast, 3km west-northwest, 760 metres west, 32 metres east, 4km west-southwest, 720 metres east-southeast, 17km southeast, 17km southwest, 13km south-southwest, 13km south-southeast, and 11km south 
- 100x coal 10 metres northwest (-17, -14) x (-8, -5)
- 100x iron_ore 10 metres east-northeast (22, -14) x (31, -5)
- 100x stone 10 metres southwest (-17, 6) x (-8, 15)
- 100x copper_ore 10 metres east-southeast (22, 6) x (31, 15)
- 100x uranium_ore 30 metres southeast (22, 26) x (31, 35)
[96m# Lets start by checking my inventory.
[92m- 1 iron-chest
- 50 transport-belt
- 1 stone-furnace
- 1 assembling-machine-1
- 50 coal
- 50 iron-plate
- 50 copper-plate
[91minvalid syntax. ('<string>', 5, 1, "place entity('burner-drill', direction=2, position=nearest('iron ore'))  # Place a burner drill facing north at the iron ore patch\n")
[96m# First, we'll set up the basic production line for iron and copper.
# Move to the iron ore patch and place a burner drill and stone furnace.

move_to(nearest('iron_ore'))  # Move to the iron ore patch
place_entity('burner-drill', direction=2, position=nearest('iron_ore'))  # Place a burner drill facing north at the iron ore patch
move_to((0, 1), laying='transport-belt')  # Move 1 meter north, laying transport belts as we go
place_entity('stone-furnace', position=(0, 0))  # Place a stone furnace at the current position
[91minvalid syntax. ('<string>', 4, 1, "place entity('burner-drill', direction=2, position=nearest('copper ore'))  # Place a burner drill facing north at the copper ore patch\n")
[96m# Now, move to the copper ore patch and place a burner drill and stone furnace.

move_to(nearest('copper_ore'))  # Move to the copper ore patch
place_entity('burner-drill', direction=2, position=nearest('copper_ore'))  # Place a burner drill facing north at the copper ore patch
move_to((0, 1), laying='transport-belt')  # Move 1 meter north, laying transport belts as we go
place_entity('stone-furnace', position=(0, 0))  # Place a stone furnace at the current position
