# Lets start by checking my inventory.
# Begin by setting up resource gathering
# Place burner drills on coal
move_to(nearest('coal'))
place_entity('burner-drill', direction=2, position=nearest('coal'))
# Place burner drills on coal
move_to(nearest('coal'))
place_entity('burner-drill', direction=2, position=nearest('coal'))
# Set up basic coal collection loop
for i in range(5):
    extract_item('coal', source_position=nearest('burner-drill'), quantity=5)
    insert_item('coal', target_position=nearest('iron-chest'), quantity=5)
    wait_duration(5)
# Set up basic coal collection loop
for i in range(5):
    extract_item('coal', source_position=nearest('burner-drill'), quantity=5)
    insert_item('coal', target_position=nearest('iron-chest'), quantity=5)
    wait_duration(5)
# Setup basic iron production
# Place burner drills on iron_ore
move_to(nearest('iron_ore'))
place_entity('burner-drill', direction=2, position=nearest('iron_ore'))
# Setup basic iron production
# Place burner drills on iron_ore
move_to(nearest('iron_ore'))
place_entity('burner-drill', direction=2, position=nearest('iron_ore'))
# Set up a basic smelting system for the collected iron_ore
move_to(nearest('iron_ore'), laying='transport-belt')
craft_item('stone-furnace', quantity=1)
place_entity('stone-furnace', direction=1, position=(1, 1))
