 First, let's gather some resources.
goto(nearest('tree'));
harvest((-2, 0), count=5);
goto((0, -40));
goto(nearest('coal'));
harvest((-2, 0), count=5);
goto((0, 40));
goto(nearest('iron
_goto(nearest('iron_ore'));
Apologies, let me correct the syntax.
goto(nearest('iron_ore'));
harvest((-2, 0), count=5);
Now that we have some resources, let's craft the necessary items for production.
craft('stone-furnace', count=1);
My apologies for the mistake. Let us check the inventory before proceeding.
inventory();
Great, now let's set up our iron ore smelting production line.
place('stone-furnace', 0, (1, 1));
insert('coal', (1, 1), count=5);
insert('iron_ore', (1, 1), count=5);
wait(15);
After waiting, let's extract the iron plates and move on to the next step.
extract('iron-plate', (1, 1), count=5);
Now let's set up a transport belt to move the iron plates to our assembling machine.
goto((5, 0), trailing='transport-belt');
place('assembling-machine-1', 0, (1, 1));
set_recipe((1, 1), 'iron-gear-wheel');
insert('iron-plate', (1, 1), count=5);
wait(10);
Let's extract the iron gear wheels from the assembling machine and craft more transport belts.
extract('iron-gear-wheel', (1, 1), count=5);
My apologies, let's wait a bit more for the iron gear wheels to be crafted.
wait(10);
Let's try extracting the iron gear wheels again now that we have waited a bit longer.
extract('iron-gear-wheel', (1, 1), count=5);
I apologize for the confusion. Let's insert more iron plates into the assembling machine and wait a bit more to allow for iron gear wheel production.
insert('iron-plate', (1, 1), count=5);
wait(10);
Now that we have waited, let's try extracting the iron gear wheels once more.
extract('iron-gear-wheel', (1, 1), count=5);
It seems there might be an issue with the setup. Let's double-check the assembling machine's recipe and ensure everything is working correctly.
set_recipe((1, 1), 'iron-gear-wheel');
insert('iron-plate', (1, 1), count=5);
wait(10);
Let's try extracting the iron gear wheels one more time after ensuring the recipe and resources were correctly set.
extract('iron-gear-wheel', (1, 1), count=5);
I apologize for the continued issues. Given the repeated failure, let's try to craft transport belts manually using our inventory resources for now.
craft('transport-belt', count=5);
inventory();
Great, now that we have enough transport belts, let's start setting up a production line for smelting the iron ore. We'll use the transport belts to move the iron ore and coal to the stone furnaces. We'll also need electric inserters to automate the process.
 Setting up smelting production line
craft('burner-inserter', count=2);
craft('electric-inserter', count=3);
place('stone-furnace', 90, (2, 0));
place('stone-furnace', 90, (4, 0));
place('
stone-furnace', (4, 0));
place('stone-furnace', (6, 0));
