comment("I will start by identifying the available resources nearby")
resources = inspect_resources()
print(resources)
comment("Now I will locate the coal, iron, and copper resource positions")
coal_position = nearest('coal')
iron_position = nearest('iron-ore')
copper_position = nearest('copper-ore')
print("Coal:", coal_position, "Iron:", iron_position, "Copper:", copper_position)
comment("I will move to the coal position and place a burner-mining-drill")
move_to(coal_position)
place_entity('burner-mining-drill', direction=DOWN, position=(coal_position[0], coal_position[1] + 2))
comment("I need to inspect the surroundings before placing the burner-mining-drill")
inspect_entities(5)
comment("I will attempt to place the burner-mining-drill again")
place_entity('burner-mining-drill', direction=DOWN, position=(coal_position[0], coal_position[1] + 2))
comment("I will inspect my inventory to see if I have a burner-mining-drill to place")
inventory = inspect_inventory()
print(inventory)
comment("I realized that I do not have a burner-mining-drill in my inventory, I will craft one")
craft_item('burner-mining-drill', quantity=1)
inspect_inventory()
comment("Now that I have a burner-mining-drill in my inventory, I will place it near the coal")
place_entity('burner-mining-drill', direction=DOWN, position=(coal_position[0], coal_position[1] + 2))
comment("I need to inspect the surroundings before placing the burner-mining-drill")
inspect_entities(5)
comment("Since no entities are obstructing the way, I will try placing the burner-mining-drill one more time")
place_entity('burner-mining-drill', direction=DOWN, position=(coal_position[0], coal_position[1] + 2))
comment("I will move to the coal_position before attempting to place the burner-mining-drill again")
move_to(coal_position)
inspect_entities(5)
comment("Since there are still no entities obstructing the way, I will attempt to place the burner-mining-drill again")
place_entity('burner-mining-drill', direction=DOWN, position=(coal_position[0], coal_position[1] + 2))
comment("I need to inspect the resources around me, as there might be an issue with the coal_position")
inspect_resources()
comment("I will update the coal_position to fix the issue")
min_coal_coordinates = (-17, -14)
max_coal_coordinates = (-8, -5)
coal_position = ((min_coal_coordinates[0] + max_coal_coordinates[0]) // 2, (min_coal_coordinates[1] + max_coal_coordinates[1]) // 2)
move_to(coal_position)
inspect_entities(5)
comment("Now that I am at the updated coal_position, I will try placing the burner-mining-drill again")
place_entity('burner-mining-drill', direction=DOWN, position=(coal_position[0], coal_position[1] + 2))
comment("Great, the burner-mining-drill has been placed. Now I will place a stone-furnace next to the drill")
move_to((-13, -10))
stone_furnace_position = place_entity('stone-furnace', direction=UP, position=(-13, -12))
