[94mcomment("Inspect resources and landscape around me")
resources = inspect_resources()
[92mScore: 307
[94mcomment("Set up a basic mining operation for coal")
coal_position = nearest('coal')
move_to(coal_position)
place_entity('burner-mining-drill', direction=RIGHT, position=(coal_position[0]+2, coal_position[1]))
[92mLine 1: Error: Could not place burner-mining-drill. "global.actions.place entity = function(player..."]:71: Maybe inspect your surroundings before placing
Score: 307
[94mcomment("Inspect surroundings and entities")
entities = inspect_entities(20)
[92mScore: 307
[94mcomment("Set up a basic mining operation for coal")
coal_position = nearest('coal')
move_to(coal_position)
[92mScore: 307
[94mcomment("Place a burner-mining-drill near the coal")
place_entity('burner-mining-drill', direction=RIGHT, position=(coal_position[0]+2, coal_position[1]))
[92mLine 1: (-7, -5)
Score: 307
[94mcomment("Craft an iron-chest")
craft_item('iron-chest', quantity=1)
[92mScore: 307
[94mcomment("Place the iron-chest near the burner-mining-drill for storing the coal")
chest_position = (coal_position[0]+4, coal_position[1])
place_entity('iron-chest', position=chest_position)
[92mLine 1: (-5, -5)
Score: 307
[94mcomment("Create a coal supply chain from the burner-mining-drill to the iron chest")
connect_entities(source_position=(coal_position[0]+2, coal_position[1]), target_position=(chest_position[0], chest_position[1]), connection_type='inserter')
[92mLine 1: Error: Unexpected end of string while parsing Lua string.
Score: 307
[94mcomment("Find the positions of the burner-mining-drill and the iron chest")
entities = inspect_entities(5)
burner_drill_position = None
iron_chest_position = None
[92mScore: 307
[94mfor entity in entities:
    if entity['type'] == 'burner-mining-drill':
        burner_drill_position = entity['position']
    elif entity['type'] == 'iron-chest':
        iron_chest_position = entity['position']
[92mScore: 307
[94mcomment("Connect the burner-mining-drill to the iron chest with an inserter")
connect_entities(source_position=(burner_drill_position[0]+2, burner_drill_position[1]), target_position=iron_chest_position, connection_type='inserter')
[92mLine 1: Error: 'NoneType' object is not subscriptable
Score: 307
[94mcomment("My apologies for the error, let's re-inspect the entities within a larger radius")
entities = inspect_entities(10)
[92mScore: 307
[94mfor entity in entities:
    if entity['type'] == 'burner-mining-drill':
        burner_drill_position = entity['position']
    elif entity['type'] == 'iron-chest':
        iron_chest_position = entity['position']
[92mScore: 307
[94mcomment("Connect the burner-mining-drill to the iron chest with an inserter")
connect_entities(source_position=(burner_drill_position[0]+2, burner_drill_position[1]), target_position=iron_chest_position, connection_type='inserter')
[92mLine 1: Error: 'NoneType' object is not subscriptable
Score: 307
[94mcomment("Apologies for the confusion, let's place a burner-mining-drill and an iron chest")
[92mScore: 307
