[92mThere are 4.2k tree_01s scattered 23km northwest, 17km north-northwest, 16km north, 16km north-northeast, 21km northeast, 1km east-northeast, 3km west-northwest, 760 metres west, 32 metres east, 4km west-southwest, 720 metres east-southeast, 17km southeast, 17km southwest, 13km south-southwest, 13km south-southeast, and 11km south 
- 100x coal 10 metres northwest (-17, -14) x (-8, -5)
- 100x iron_ore 10 metres east-northeast (22, -14) x (31, -5)
- 100x stone 10 metres southwest (-17, 6) x (-8, 15)
- 100x copper_ore 10 metres east-southeast (22, 6) x (31, 15)
- 100x uranium_ore 30 metres southeast (22, 26) x (31, 35)
[96m# Lets start by checking my inventory.
[92m{'iron-chest': 1, 'transport-belt': 50, 'burner-mining-drill': 1, 'stone-furnace': 1, 'assembling-machine-1': 1, 'coal': 50, 'iron-plate': 50, 'copper-plate': 50}
[94m# Place burner-mining-drills on coal, iron_ore, and copper_ore
coal_position = (-12, -9)
iron_position = (26, -9)
copper_position = (26, 10)
[94mplace_entity('burner-mining-drill', direction=RIGHT, position=coal_position)
place_entity('burner-mining-drill', direction=LEFT, position=iron_position)
place_entity('burner-mining-drill', direction=LEFT, position=copper_position)
[92mLine 1: True
Line 2: Error: ('Could not place burner-mining-drill', 'No burner mining drill in inventory')
Line 3: Error: ('Could not place burner-mining-drill', 'No burner mining drill in inventory')
[94m# My apologies for the error. We can only place one burner-mining-drill. Let's just focus on the iron_ore.
pickup_entity(coal_position)
place_entity('burner-mining-drill', direction=LEFT, position=iron_position)
[92mLine 1: True
Line 2: True
[94m# Great, let's place a stone-furnace next to the burner-mining-drill on iron_ore
furnace_position = (iron_position[0] - 1, iron_position[1])
place_entity('stone-furnace', position=furnace_position)
[92mLine 1: Error: ('Could not place stone-furnace', 'Cant build there due to existing burner mining drill at 26,  9 and the size of the entity is 1')
[94m# My apologies for the error. Let's correct the furnace_position and try again.
furnace_position = (iron_position[0] - 2, iron_position[1])
place_entity('stone-furnace', position=furnace_position)
[92mLine 1: True
[96m# Now that we have a stone-furnace in place, let's fuel the burner-mining-drill and stone-furnace with coal.
[94minsert_item('coal', target_position=iron_position, quantity=5)
insert_item('coal', target_position=furnace_position, quantity=5)
[92mLine 1: True
Line 2: True
[94m# Now we'll set up an assembling-machine-1 to automate the production of iron-gear-wheels
assembling_position = (iron_position[0] - 4, iron_position[1])
place_entity('assembling-machine-1', direction=UP, position=assembling_position)
set_entity_recipe(assembling_position, recipe='iron-gear-wheel')
[92mLine 1: Error: ('Could not place assembling-machine-1', 'Cant build there due to existing iron ore at 22')
Line 2: Error: ('Could not set recipe for iron-gear-wheel', 'No_building_found_that_could_have_its_recipe_set')
