[94mcomment("I will start by identifying the available resources nearby")
resources = inspect_resources()
print(resources)
[92mScore: 307
[94mcomment("Now I will locate the coal, iron, and copper resource positions")
coal_position = nearest('coal')
iron_position = nearest('iron-ore')
copper_position = nearest('copper-ore')
print("Coal:", coal_position, "Iron:", iron_position, "Copper:", copper_position)
[92mScore: 307
[94mcomment("I will move to the coal position and place a burner-mining-drill")
move_to(coal_position)
place_entity('burner-mining-drill', direction=DOWN, position=(coal_position[0], coal_position[1] + 2))
[92mLine 1: Error: Could not place burner-mining-drill. "global.actions.place entity = function(player..."]:71: Maybe inspect your surroundings before placing
Score: 307
[94mcomment("I need to inspect the surroundings before placing the burner-mining-drill")
inspect_entities(5)
[92mLine 1: [{'type': 'player_character', 'direction': 'north', 'position': (0, 0), 'status': 'empty'}]
Score: 307
[94mcomment("I will attempt to place the burner-mining-drill again")
place_entity('burner-mining-drill', direction=DOWN, position=(coal_position[0], coal_position[1] + 2))
[92mLine 1: Error: Could not place burner-mining-drill. "global.actions.place entity = function(player..."]:71: Maybe inspect your surroundings before placing
Score: 307
[94mcomment("I will inspect my inventory to see if I have a burner-mining-drill to place")
inventory = inspect_inventory()
print(inventory)
[92mScore: 307
[94mcomment("I realized that I do not have a burner-mining-drill in my inventory, I will craft one")
craft_item('burner-mining-drill', quantity=1)
inspect_inventory()
[92mLine 1: {'iron-chest': 1, 'transport-belt': 50, 'burner-mining-drill': 2, 'assembling-machine-1': 1, 'coal': 50, 'iron-plate': 41, 'copper-plate': 50}
Score: 307
[94mcomment("Now that I have a burner-mining-drill in my inventory, I will place it near the coal")
place_entity('burner-mining-drill', direction=DOWN, position=(coal_position[0], coal_position[1] + 2))
[92mLine 1: Error: Could not place burner-mining-drill. "global.actions.place entity = function(player..."]:71: Maybe inspect your surroundings before placing
Score: 307
[94mcomment("I need to inspect the surroundings before placing the burner-mining-drill")
inspect_entities(5)
[92mLine 1: [{'type': 'player_character', 'direction': 'north', 'position': (0, 0), 'status': 'empty'}]
Score: 307
[94mcomment("Since no entities are obstructing the way, I will try placing the burner-mining-drill one more time")
place_entity('burner-mining-drill', direction=DOWN, position=(coal_position[0], coal_position[1] + 2))
[92mLine 1: Error: Could not place burner-mining-drill. "global.actions.place entity = function(player..."]:71: Maybe inspect your surroundings before placing
Score: 307
[94mcomment("I will move to the coal_position before attempting to place the burner-mining-drill again")
move_to(coal_position)
inspect_entities(5)
[92mLine 1: [{'type': 'player_character', 'direction': 'north', 'position': (0, 0), 'status': 'empty'}]
Score: 307
[94mcomment("Since there are still no entities obstructing the way, I will attempt to place the burner-mining-drill again")
place_entity('burner-mining-drill', direction=DOWN, position=(coal_position[0], coal_position[1] + 2))
[92mLine 1: Error: Could not place burner-mining-drill. "global.actions.place entity = function(player..."]:71: Maybe inspect your surroundings before placing
Score: 307
[94mcomment("I need to inspect the resources around me, as there might be an issue with the coal_position")
inspect_resources()
[92mLine 1: {'water': {'size': 900, 'direction': {'offset': 42, 'named_direction': 'north', 'min_coordinates': (-18, -50), 'max_coordinates': (31, -33)}}, 'coal': {'size': 100, 'direction': {'offset': 10, 'named_direction': 'northwest', 'min_coordinates': (-17, -14), 'max_coordinates': (-8, -5)}}, 'iron_ore': {'size': 100, 'direction': {'offset': 10, 'named_direction': 'east-northeast', 'min_coordinates': (22, -14), 'max_coordinates': (31, -5)}}, 'stone': {'size': 100, 'direction': {'offset': 10, 'named_direction': 'southwest', 'min_coordinates': (-17, 6), 'max_coordinates': (-8, 15)}}, 'copper_ore': {'size': 100, 'direction': {'offset': 10, 'named_direction': 'east-southeast', 'min_coordinates': (22, 6), 'max_coordinates': (31, 15)}}, 'uranium_ore': {'size': 100, 'direction': {'offset': 30, 'named_direction': 'southeast', 'min_coordinates': (22, 26), 'max_coordinates': (31, 35)}}, 'item_on_ground': {'size': 3, 'directions': [{'distance': 15, 'unit': 'metres', 'direction': 'east-northeast'}, {'distance': 4, 'unit': 'metres', 'direction': 'east'}, {'distance': 5, 'unit': 'metres', 'direction': 'southwest'}], 'scattered': True}}
Score: 307
[94mcomment("I will update the coal_position to fix the issue")
min_coal_coordinates = (-17, -14)
max_coal_coordinates = (-8, -5)
coal_position = ((min_coal_coordinates[0] + max_coal_coordinates[0]) // 2, (min_coal_coordinates[1] + max_coal_coordinates[1]) // 2)
move_to(coal_position)
inspect_entities(5)
[92mLine 1: [{'type': 'player_character', 'direction': 'east', 'position': (0, 0), 'status': 'empty'}]
Score: 307
[94mcomment("Now that I am at the updated coal_position, I will try placing the burner-mining-drill again")
place_entity('burner-mining-drill', direction=DOWN, position=(coal_position[0], coal_position[1] + 2))
[92mLine 1: (-13, -8)
Score: 307
[94mcomment("Great, the burner-mining-drill has been placed. Now I will place a stone-furnace next to the drill")
move_to((-13, -10))
stone_furnace_position = place_entity('stone-furnace', direction=UP, position=(-13, -12))
[92mLine 1: Error: Could not place stone-furnace. "global.actions.place entity = function(player..."]:14: No stone furnace in inventory.
Score: 307
