[94m# Observing my surroundings to plan my next move
inspect_resources()
inspect_entities(20)
[92mLine 1: {'water': {'size': 900, 'direction': {'offset': 42, 'named_direction': 'north', 'min_coordinates': (-18, -50), 'max_coordinates': (31, -33)}}, 'coal': {'size': 100, 'direction': {'offset': 10, 'named_direction': 'northwest', 'min_coordinates': (-17, -14), 'max_coordinates': (-8, -5)}}, 'iron_ore': {'size': 100, 'direction': {'offset': 10, 'named_direction': 'east-northeast', 'min_coordinates': (22, -14), 'max_coordinates': (31, -5)}}, 'stone': {'size': 100, 'direction': {'offset': 10, 'named_direction': 'southwest', 'min_coordinates': (-17, 6), 'max_coordinates': (-8, 15)}}, 'copper_ore': {'size': 100, 'direction': {'offset': 10, 'named_direction': 'east-southeast', 'min_coordinates': (22, 6), 'max_coordinates': (31, 15)}}, 'uranium_ore': {'size': 100, 'direction': {'offset': 30, 'named_direction': 'southeast', 'min_coordinates': (22, 26), 'max_coordinates': (31, 35)}}}
Line 2: {'entities': []}
Score: 0
[94m# I need to start producing electricity, so I am going to harvest coal and use steam engine to generate power
coal_position = nearest('coal')
move_to(coal_position)
harvest_resource(coal_position, quantity=5)
stone_furnace_position = nearest('stone-furnace')
move_to(stone_furnace_position)
place_entity('burner-mining-drill', direction=LEFT, position=(stone_furnace_position[0]-2, stone_furnace_position[1]))
connect_entities(source_position=(stone_furnace_position[0]-3, stone_furnace_position[1]), target_position=stone_furnace_position, connection_type='inserter')
[92mLine 1: Executed successfully
Line 2: Error: string indices must be integers
Score: 39
[94m# Sorry there was an error in line 2. Now I am going to inspect entities to check the position of 'stone-furnace'
[92mScore: 39
[94minspect_entities(5)
[92mLine 1: {'entities': []}
Score: 39
[94m# It seems that there are no entities in a 5-meter radius. I will move to the nearest iron-ore, harvest it and place a furnace to smelt it.
[92mScore: 39
[94miron_position = nearest('iron-ore')
move_to(iron_position)
harvest_resource(iron_position, quantity=5)
furnace_position = place_entity_next_to('stone-furnace', reference_position=iron_position, direction='right', gap=1)
[92mLine 1: Executed successfully
Line 2: Error: x
Score: 66
[94m# It seems that the `place_entity_next_to` method raised an error. I will try to place the furnace using `place_entity` instead.
iron_position = nearest('iron-ore')
move_to(iron_position)
harvest_resource(iron_position, quantity=5)
furnace_position = place_entity('stone-furnace', direction=RIGHT, position=(iron_position[0]+2, iron_position[1]))
[92mLine 1: Executed successfully
Score: 94
[94m# I also need to build a burner-mining-drill to extract raw iron from the resource.
coal_position = nearest('coal')
move_to(coal_position)
drill_position = place_entity('burner-mining-drill', direction=LEFT, position=(coal_position[0]-2, coal_position[1]))
[92mLine 1: Executed successfully
Line 2: Executed successfully
Score: 94
[94m# Finally, I need to connect the furnace with the drill using a transport belt.
belt_position = place_entity_next_to('transport-belt', reference_position=drill_position, direction='right', gap=1)
connect_entities(source_position=drill_position, target_position=furnace_position, connection_type='transport-belt')
[92mLine 1: Error: x
Score: 94
[94mMy apologies. I forgot to define `furnace_position` variable. Let's fix that.
```
[91mThe provided code is not syntactically valid Python. Only write valid python.
[91m Too many sequential errors. Flushing memory.
[94m# First, let me observe and describe the natural resources and landscape around me
inspect_resources()
[92mLine 1: {'water': {'size': 900, 'direction': {'offset': 42, 'named_direction': 'north', 'min_coordinates': (-18, -50), 'max_coordinates': (31, -33)}}, 'coal': {'size': 100, 'direction': {'offset': 10, 'named_direction': 'northwest', 'min_coordinates': (-17, -14), 'max_coordinates': (-8, -5)}}, 'iron_ore': {'size': 100, 'direction': {'offset': 10, 'named_direction': 'east-northeast', 'min_coordinates': (22, -14), 'max_coordinates': (31, -5)}}, 'stone': {'size': 100, 'direction': {'offset': 10, 'named_direction': 'southwest', 'min_coordinates': (-17, 6), 'max_coordinates': (-8, 15)}}, 'copper_ore': {'size': 100, 'direction': {'offset': 10, 'named_direction': 'east-southeast', 'min_coordinates': (22, 6), 'max_coordinates': (31, 15)}}, 'uranium_ore': {'size': 100, 'direction': {'offset': 30, 'named_direction': 'southeast', 'min_coordinates': (22, 26), 'max_coordinates': (31, 35)}}}
Score: 94
[94m# Based on the resources available, my next plan is to set up a simple mining outpost at the coal resource and set up a smelting operation to process iron ore to start with.
[92mScore: 94
[94m# First, I need to move to the coal resource and place a burner mining drill 
coal_position = nearest('coal')
move_to(coal_position)
place_entity('burner-mining-drill', direction=LEFT, position=(coal_position[0]-2, coal_position[1]))
[92mLine 1: Executed successfully
Line 2: Error: Could not place burner-mining-drill. "global.actions.place entity = function(player..."]:14: No burner mining drill in inventory.
Score: 94
[94m# I seem to be missing a burner mining drill, so I will craft one first before placing it 
craft_item('burner-mining-drill', quantity=1) 
[92mLine 1: Crafting successful
Score: 94
[94m# Now that I have the burner mining drill, I can place it on the coal resource
coal_position = nearest('coal')
move_to(coal_position)
place_entity('burner-mining-drill', direction=LEFT, position=(coal_position[0]-2, coal_position[1]))
[92mLine 1: Executed successfully
Line 2: Error: Could not place burner-mining-drill. "global.actions.place entity = function(player..."]:14: No burner mining drill in inventory.
Score: 94
[94m# It seems the burner mining drill got used up in my previous command, so I will craft another one before placing it.
craft_item('burner-mining-drill', quantity=1)
[92mLine 1: Crafting successful
Score: 94
[94m# Now, I have the burner mining drill, so I can place it on the coal resource
coal_position = nearest('coal')
move_to(coal_position)
place_entity('burner-mining-drill', direction=LEFT, position=(coal_position[0]-2, coal_position[1]))
[92mLine 1: Executed successfully
Line 2: Error: Could not place burner-mining-drill. "global.actions.place entity = function(player..."]:14: No burner mining drill in inventory.
Score: 94
[94m# Oh, it seems that I forgot to take some coal from my inventory before using it to craft.
[92mScore: 94
[94m# I need to pick some coal to power up the burner mining drill, so I can extract more coal
coal_position = nearest('coal')
move_to(coal_position)
harvest_resource(coal_position, quantity=5)
insert_item('coal', target_position=player_position, quantity=5)
[92mLine 1: Executed successfully
Score: 142
