# Observing my surroundings to plan my next move
inspect_resources()
inspect_entities(20)
# I need to start producing electricity, so I am going to harvest coal and use steam engine to generate power
coal_position = nearest('coal')
move_to(coal_position)
harvest_resource(coal_position, quantity=5)
stone_furnace_position = nearest('stone-furnace')
move_to(stone_furnace_position)
place_entity('burner-mining-drill', direction=LEFT, position=(stone_furnace_position[0]-2, stone_furnace_position[1]))
connect_entities(source_position=(stone_furnace_position[0]-3, stone_furnace_position[1]), target_position=stone_furnace_position, connection_type='inserter')
# Sorry there was an error in line 2. Now I am going to inspect entities to check the position of 'stone-furnace'
inspect_entities(5)
# It seems that there are no entities in a 5-meter radius. I will move to the nearest iron-ore, harvest it and place a furnace to smelt it.
iron_position = nearest('iron-ore')
move_to(iron_position)
harvest_resource(iron_position, quantity=5)
furnace_position = place_entity_next_to('stone-furnace', reference_position=iron_position, direction='right', gap=1)
# It seems that the `place_entity_next_to` method raised an error. I will try to place the furnace using `place_entity` instead.
iron_position = nearest('iron-ore')
move_to(iron_position)
harvest_resource(iron_position, quantity=5)
furnace_position = place_entity('stone-furnace', direction=RIGHT, position=(iron_position[0]+2, iron_position[1]))
# I also need to build a burner-mining-drill to extract raw iron from the resource.
coal_position = nearest('coal')
move_to(coal_position)
drill_position = place_entity('burner-mining-drill', direction=LEFT, position=(coal_position[0]-2, coal_position[1]))
# Finally, I need to connect the furnace with the drill using a transport belt.
belt_position = place_entity_next_to('transport-belt', reference_position=drill_position, direction='right', gap=1)
connect_entities(source_position=drill_position, target_position=furnace_position, connection_type='transport-belt')
My apologies. I forgot to define `furnace_position` variable. Let's fix that.
```
# First, let me observe and describe the natural resources and landscape around me
inspect_resources()
# Based on the resources available, my next plan is to set up a simple mining outpost at the coal resource and set up a smelting operation to process iron ore to start with.
# First, I need to move to the coal resource and place a burner mining drill 
coal_position = nearest('coal')
move_to(coal_position)
place_entity('burner-mining-drill', direction=LEFT, position=(coal_position[0]-2, coal_position[1]))
# I seem to be missing a burner mining drill, so I will craft one first before placing it 
craft_item('burner-mining-drill', quantity=1) 
# Now that I have the burner mining drill, I can place it on the coal resource
coal_position = nearest('coal')
move_to(coal_position)
place_entity('burner-mining-drill', direction=LEFT, position=(coal_position[0]-2, coal_position[1]))
# It seems the burner mining drill got used up in my previous command, so I will craft another one before placing it.
craft_item('burner-mining-drill', quantity=1)
# Now, I have the burner mining drill, so I can place it on the coal resource
coal_position = nearest('coal')
move_to(coal_position)
place_entity('burner-mining-drill', direction=LEFT, position=(coal_position[0]-2, coal_position[1]))
# Oh, it seems that I forgot to take some coal from my inventory before using it to craft.
# I need to pick some coal to power up the burner mining drill, so I can extract more coal
coal_position = nearest('coal')
move_to(coal_position)
harvest_resource(coal_position, quantity=5)
insert_item('coal', target_position=player_position, quantity=5)
