[94mcomment("Check the resources available in the area")
resources = inspect_resources()
print(resources)
[94mcomment("Find nearest coal source and move to it")
coal_position = nearest('coal')
move_to(coal_position)
[94mcomment("Place a burner-mining-drill for coal extraction")
coal_drill_position = place_entity('burner-mining-drill', direction=RIGHT, exact=False, position=coal_position)
[91m1: Error: Could not place burner-mining-drill.  No burner mining drill in inventory.
[94mcomment("Check inventory for available items")
inventory = inspect_inventory()
print(inventory)
[94mcomment("Craft a burner-mining-drill")
craft_item('burner-mining-drill', quantity=1)
[94mcomment("Place the crafted burner-mining-drill for coal extraction")
coal_drill_position = place_entity('burner-mining-drill', direction=RIGHT, exact=False, position=coal_position)
[94mcomment("Fuel the burner-mining-drill with coal from inventory")
insert_item('coal', target_position=coal_drill_position, quantity=1)
[94mcomment("Move to the nearest iron ore deposit")
iron_ore_position = nearest('iron_ore')
move_to(iron_ore_position)
[94mcomment("Place a burner-mining-drill for iron ore extraction")
iron_drill_position = place_entity('burner-mining-drill', direction=LEFT, exact=False, position=iron_ore_position)
[91m1: Error: Could not place burner-mining-drill.  No burner mining drill in inventory.
[94mcomment("Craft another burner-mining-drill for iron ore extraction")
craft_item('burner-mining-drill', quantity=1)
[91m1: Error: Could not craft a burner-mining-drill. "global.actions.craft item = function(player i..."]:73: Failed to craft 1x burner-mining-drill because missing ingredient stone
[94mcomment("Find the nearest stone deposit and mine some stone")
stone_position = nearest('stone')
move_to(stone_position)
harvest_resource(stone_position, quantity=5)
[94mcomment("Now that we have stone, craft another burner-mining-drill for iron ore extraction")
craft_item('burner-mining-drill', quantity=1)
[94mcomment("Place the crafted burner-mining-drill for iron ore extraction")
iron_drill_position = place_entity('burner-mining-drill', direction=LEFT, exact=False, position=iron_ore_position)
[94mcomment("Fuel the iron burner-mining-drill with coal from inventory")
insert_item('coal', target_position=iron_drill_position, quantity=1)
[94mcomment("Set up smelting operation with stone furnace")
furnace_position = (iron_drill_position[0] - 1, iron_drill_position[1])
place_entity('stone-furnace', direction=UP, exact=True, position=furnace_position)
[91m2: Error: Could not place stone-furnace.  No stone furnace in inventory.
[94mcomment("Craft a stone-furnace for iron ore smelting")
craft_item('stone-furnace', quantity=1)
[91m1: Error: Could not craft a stone-furnace. "global.actions.craft item = function(player i..."]:73: Failed to craft 1x stone-furnace because missing ingredient stone
[94mcomment("We need more stone to craft a stone-furnace. Mine more stone")
harvest_resource(stone_position, quantity=5)
[94mcomment("Craft a stone-furnace for iron ore smelting")
craft_item('stone-furnace', quantity=1)
[94mcomment("Set up smelting operation with the crafted stone furnace")
furnace_position = (iron_drill_position[0] - 1, iron_drill_position[1])
place_entity('stone-furnace', direction=UP, exact=True, position=furnace_position)
[91m2: Error: Could not place stone-furnace. Unknown
[94mcomment("Try placing the stone furnace again")
furnace_position = (iron_drill_position[0] - 1, iron_drill_position[1])
place_entity('stone-furnace', direction=UP, exact=True, position=furnace_position)
[91m2: Error: Could not place stone-furnace. Unknown
[94mcomment("Check current position")
current_position = player_character.position
print(current_position)
[91m1: Error: name 'player character' is not defined
[94mcomment("Check current position")
current_position = get_current_position()
[91m1: Error: name 'get current position' is not defined
[94mcomment("Inspect entities around me to look for obstructions")
inspect_entities(10)
[92m1: [{'type': 'burner_mining_drill', 'position': (-9, -6), 'warning': 'The mining drill is waiting for space in destination', 'status': 'empty'}, {'type': 'player_character', 'position': (-8, 6), 'warning': '', 'status': 'empty'}, {'type': 'burner_mining_drill', 'position': (-7, -5), 'warning': 'The entity is out of fuel. The mining drill is waiting for space in destination', 'status': 'empty'}, {'type': 'burner_mining_drill', 'position': (22, -5), 'warning': 'The mining drill is waiting for space in destination', 'status': 'empty'}]
