[94m# First, I need to inspect my resources and surroundings to see what is available to me.
inspect_resources()
inspect_entities()
[92mLine 1: {'water': {'size': 900, 'direction': {'offset': 42, 'named_direction': 'north', 'min_coordinates': (-18, -50), 'max_coordinates': (31, -33)}}, 'coal': {'size': 100, 'direction': {'offset': 10, 'named_direction': 'northwest', 'min_coordinates': (-17, -14), 'max_coordinates': (-8, -5)}}, 'iron_ore': {'size': 100, 'direction': {'offset': 10, 'named_direction': 'east-northeast', 'min_coordinates': (22, -14), 'max_coordinates': (31, -5)}}, 'stone': {'size': 100, 'direction': {'offset': 10, 'named_direction': 'southwest', 'min_coordinates': (-17, 6), 'max_coordinates': (-8, 15)}}, 'copper_ore': {'size': 100, 'direction': {'offset': 10, 'named_direction': 'east-southeast', 'min_coordinates': (22, 6), 'max_coordinates': (31, 15)}}, 'uranium_ore': {'size': 100, 'direction': {'offset': 30, 'named_direction': 'southeast', 'min_coordinates': (22, 26), 'max_coordinates': (31, 35)}}}
Line 2: Error:   call  () missing 1 required positional argument: 'distance'
Score: 142
[94m# I need to inspect entities around me, to see what machines have been built or are available
inspect_entities(distance=10)
[92mLine 1: {'entities': []}
Score: 142
[94m# I need to move to a coal resource, pick it up, and place it in a burner mining drill to extract more coal
move_to(nearest('coal'))
pickup_entity('coal', nearest('coal'))
entity_position = place_entity('burner-mining-drill', direction='down', position=nearest('coal'))
[92mLine 1: Error: Could not pickup, did you intend to harvest?. attempt
Score: 142
[94m# My mistake, I need to harvest the coal resource instead of picking it up
move_to(nearest('coal'))
harvest_resource(nearest('coal'), quantity=1)
entity_position = place_entity('burner-mining-drill', direction='down', position=nearest('coal'))
[92mScore: 190
[94m# I need to automate power generation by building a boiler and a steam engine
[92mScore: 190
[94m# I can build a burner-mining-drill to extract iron and coal, and a stone furnace to smelt the iron ore into iron plates
[92mScore: 190
[94m# I will place a burner-mining-drill on the nearest coal deposit and a stone furnace next to it
[92mScore: 190
[94m# Now, let's set up the power supply by placing coal in the boilers that fuel the steam engines
[92mScore: 190
