comment("Check the resources available in the area")
resources = inspect_resources()
print(resources)
comment("Find nearest coal source and move to it")
coal_position = nearest('coal')
move_to(coal_position)
comment("Place a burner-mining-drill for coal extraction")
coal_drill_position = place_entity('burner-mining-drill', direction=RIGHT, exact=False, position=coal_position)
comment("Check inventory for available items")
inventory = inspect_inventory()
print(inventory)
comment("Craft a burner-mining-drill")
craft_item('burner-mining-drill', quantity=1)
comment("Place the crafted burner-mining-drill for coal extraction")
coal_drill_position = place_entity('burner-mining-drill', direction=RIGHT, exact=False, position=coal_position)
comment("Fuel the burner-mining-drill with coal from inventory")
insert_item('coal', target_position=coal_drill_position, quantity=1)
comment("Move to the nearest iron ore deposit")
iron_ore_position = nearest('iron_ore')
move_to(iron_ore_position)
comment("Place a burner-mining-drill for iron ore extraction")
iron_drill_position = place_entity('burner-mining-drill', direction=LEFT, exact=False, position=iron_ore_position)
comment("Craft another burner-mining-drill for iron ore extraction")
craft_item('burner-mining-drill', quantity=1)
comment("Find the nearest stone deposit and mine some stone")
stone_position = nearest('stone')
move_to(stone_position)
harvest_resource(stone_position, quantity=5)
comment("Now that we have stone, craft another burner-mining-drill for iron ore extraction")
craft_item('burner-mining-drill', quantity=1)
comment("Place the crafted burner-mining-drill for iron ore extraction")
iron_drill_position = place_entity('burner-mining-drill', direction=LEFT, exact=False, position=iron_ore_position)
comment("Fuel the iron burner-mining-drill with coal from inventory")
insert_item('coal', target_position=iron_drill_position, quantity=1)
comment("Set up smelting operation with stone furnace")
furnace_position = (iron_drill_position[0] - 1, iron_drill_position[1])
place_entity('stone-furnace', direction=UP, exact=True, position=furnace_position)
comment("Craft a stone-furnace for iron ore smelting")
craft_item('stone-furnace', quantity=1)
comment("We need more stone to craft a stone-furnace. Mine more stone")
harvest_resource(stone_position, quantity=5)
comment("Craft a stone-furnace for iron ore smelting")
craft_item('stone-furnace', quantity=1)
comment("Set up smelting operation with the crafted stone furnace")
furnace_position = (iron_drill_position[0] - 1, iron_drill_position[1])
place_entity('stone-furnace', direction=UP, exact=True, position=furnace_position)
comment("Try placing the stone furnace again")
furnace_position = (iron_drill_position[0] - 1, iron_drill_position[1])
place_entity('stone-furnace', direction=UP, exact=True, position=furnace_position)
comment("Check current position")
current_position = player_character.position
print(current_position)
comment("Check current position")
current_position = get_current_position()
comment("Inspect entities around me to look for obstructions")
inspect_entities(10)
