# First, I will inspect the resources and entities around me to plan my strategy
inspect_resources()
inspect_entities(20)
# Based on the available resources, I will start by placing a burner mining drill on the nearest coal resource and use the coal to power a steam engine for electricity.
nearest_coal = nearest('coal')
move_to(nearest_coal)
place_entity('burner-mining-drill', direction=DOWN, position=(nearest_coal[0], nearest_coal[1]))
coal_position = nearest('coal')
move_to(coal_position)
place_entity("boiler", direction=DOWN, position=(coal_position[0]+4, coal_position[1]+1))
move_to((coal_position[0]+4, coal_position[1]+1))
place_entity('steam-engine', direction=DOWN, position=(coal_position[0]+8, coal_position[1]+1))
# It seems like I have an error in line 4. I forgot to craft the boiler. I will craft the boiler first and then place it.
check_inventory()
craft_item('boiler', quantity=1)
nearest_coal = nearest('coal')
move_to(nearest_coal)
place_entity('burner-mining-drill', direction=DOWN, position=(nearest_coal[0], nearest_coal[1]))
coal_position = nearest('coal')
move_to(coal_position)
place_entity("boiler", direction=DOWN, position=(coal_position[0]+4, coal_position[1]+1))
move_to((coal_position[0]+4, coal_position[1]+1))
place_entity('steam-engine', direction=DOWN, position=(coal_position[0]+8, coal_position[1]+1))
# It looks like I don't have a burner mining drill in my inventory. I will craft one and try again.
check_inventory()
craft_item('burner-mining-drill', quantity=1)
nearest_coal = nearest('coal')
move_to(nearest_coal)
place_entity('burner-mining-drill', direction=DOWN, position=(nearest_coal[0], nearest_coal[1]))
coal_position = nearest('coal')
move_to(coal_position)
place_entity("boiler", direction=DOWN, position=(coal_position[0]+4, coal_position[1]+1))
move_to((coal_position[0]+4, coal_position[1]+1))
place_entity('steam-engine', direction=DOWN, position=(coal_position[0]+8, coal_position[1]+1))
# Oh, that's odd. It looks like the burner mining drill wasn't placed correctly before. Let me try crafting another one.
check_inventory()
craft_item('burner-mining-drill', quantity=1)
nearest_coal = nearest('coal')
move_to(nearest_coal)
place_entity('burner-mining-drill', direction=DOWN, position=(nearest_coal[0], nearest_coal[1]))
coal_position = nearest('coal')
move_to(coal_position)
place_entity("boiler", direction=DOWN, position=(coal_position[0]+4, coal_position[1]+1))
move_to((coal_position[0]+4, coal_position[1]+1))
place_entity('steam-engine', direction=DOWN, position=(coal_position[0]+8, coal_position[1]+1))
# I see that I am running out of iron plates. I should set up an iron plate production line.
coal_position = nearest('coal')
move_to(coal_position)
place_entity('stone-furnace', direction=DOWN, position=(coal_position[0]-2, coal_position[1]+1))
iron_ore_position = nearest('iron-ore')
move_to(iron_ore_position)
place_entity('burner-mining-drill', direction=DOWN, position=(iron_ore_position[0], iron_ore_position[1]))
move_to(nearest('stone-furnace'))
connect_entities(source_position=nearest('burner-mining-drill'), target_position=nearest('stone-furnace'), connection_type='inserter')
set_entity_recipe(nearest('stone-furnace'), recipe='iron-plate')
# With the iron plates taken care of, now let's work on setting up a conveyor belt for them.
place_entity('transport-belt', direction=DOWN, position=(coal_position[0],coal_position[1]))
place_entity('transport-belt', direction=DOWN, position=(coal_position[0],coal_position[1]+1))
place_entity('transport-belt', direction=DOWN, position=(coal_position[0],coal_position[1]+2))
place_entity('transport-belt', direction=DOWN, position=(coal_position[0],coal_position[1]+3))
place_entity('transport-belt', direction=DOWN, position=(coal_position[0],coal_position[1]+4))
place_entity('transport-belt', direction=RIGHT, position=(coal_position[0]+1,coal_position[1]+4))
place_entity('transport-belt', direction=RIGHT, position=(coal_position[0]+2,coal_position[1]+4))
place_entity('transport-belt', direction=RIGHT, position=(coal_position[0]+3,coal_position[1]+4))
place_entity('transport-belt', direction=RIGHT, position=(coal_position[0]+4,coal_position[1]+4))
place_entity('transport-belt', direction=UP, position=(coal_position[0]+4,coal_position[1]+3))
place_entity('transport-belt', direction=UP, position=(coal_position[0]+4,coal_position[1]+2))
place_entity('transport-belt', direction=UP, position=(coal_position[0]+4,coal_position[1]+1))
place_entity('transport-belt', direction=UP, position=(coal_position[0]+4,coal_position[1]))
place_entity('transport-belt', direction=LEFT, position=(coal_position[0]+3,coal_position[1]))
place_entity('transport-belt', direction=LEFT, position=(coal_position[0]+2,coal_position[1]))
place_entity('transport-belt', direction=LEFT, position=(coal_position[0]+1,coal_position[1]))
place_entity('transport-belt', direction=LEFT, position=(coal_position[0],coal_position[1]))
# It seems like there was already an entity blocking me from placing the transport belts. Let's inspect the surroundings and try again.
inspect_entities(5)
place_entity('transport-belt', direction=DOWN, position=(coal_position[0],coal_position[1]))
place_entity('transport-belt', direction=DOWN, position=(coal_position[0],coal_position[1]+1))
place_entity('transport-belt', direction=DOWN, position=(coal_position[0],coal_position[1]+2))
place_entity('transport-belt', direction=DOWN, position=(coal_position[0],coal_position[1]+3))
place_entity('transport-belt', direction=DOWN, position=(coal_position[0],coal_position[1]+4))
place_entity('transport-belt', direction=RIGHT, position=(coal_position[0]+1,coal_position[1]+4))
place_entity('transport-belt', direction=RIGHT, position=(coal_position[0]+2,coal_position[1]+4))
place_entity('transport-belt', direction=RIGHT, position=(coal_position[0]+3,coal_position[1]+4))
place_entity('transport-belt', direction=RIGHT, position=(coal_position[0]+4,coal_position[1]+4))
place_entity('transport-belt', direction=UP, position=(coal_position[0]+4,coal_position[1]+3))
place_entity('transport-belt', direction=UP, position=(coal_position[0]+4,coal_position[1]+2))
place_entity('transport-belt', direction=UP, position=(coal_position[0]+4,coal_position[1]+1))
place_entity('transport-belt', direction=UP, position=(coal_position[0]+4,coal_position[1]))
place_entity('transport-belt', direction=LEFT, position=(coal_position[0]+3,coal_position[1]))
place_entity('transport-belt', direction=LEFT, position=(coal_position[0]+2,coal_position[1]))
place_entity('transport-belt', direction=LEFT, position=(coal_position[0]+1,coal_position[1]))
place_entity('transport-belt', direction=LEFT, position=(coal_position[0],coal_position[1]))
# It seems like there is still an issue preventing me from placing the transport belts. Let's try moving to a different location and inspecting the surroundings again.
move_to((5,5))
inspect_entities(5)
place_entity('transport-belt', direction=DOWN, position=(coal_position[0],coal_position[1]))
place_entity('transport-belt', direction=DOWN, position=(coal_position[0],coal_position[1]+1))
place_entity('transport-belt', direction=DOWN, position=(coal_position[0],coal_position[1]+2))
place_entity('transport-belt', direction=DOWN, position=(coal_position[0],coal_position[1]+3))
place_entity('transport-belt', direction=DOWN, position=(coal_position[0],coal_position[1]+4))
place_entity('transport-belt', direction=RIGHT, position=(coal_position[0]+1,coal_position[1]+4))
place_entity('transport-belt', direction=RIGHT, position=(coal_position[0]+2,coal_position[1]+4))
place_entity('transport-belt', direction=RIGHT, position=(coal_position[0]+3,coal_position[1]+4))
place_entity('transport-belt', direction=RIGHT, position=(coal_position[0]+4,coal_position[1]+4))
place_entity('transport-belt', direction=UP, position=(coal_position[0]+4,coal_position[1]+3))
place_entity('transport-belt', direction=UP, position=(coal_position[0]+4,coal_position[1]+2))
place_entity('transport-belt', direction=UP, position=(coal_position[0]+4,coal_position[1]+1))
place_entity('transport-belt', direction=UP, position=(coal_position[0]+4,coal_position[1]))
place_entity('transport-belt', direction=LEFT, position=(coal_position[0]+3,coal_position[1]))
place_entity('transport-belt', direction=LEFT, position=(coal_position[0]+2,coal_position[1]))
place_entity('transport-belt', direction=LEFT, position=(coal_position[0]+1,coal_position[1]))
place_entity('transport-belt', direction=LEFT, position=(coal_position[0],coal_position[1]))
# It seems like the issue is not related to the location but rather to the transport belts themselves. Let's check if they are available in my inventory.
check_inventory()
# It looks like I have enough transport belts, so let's review the code and try again.
move_to((5,5))
inspect_entities(5)
place_entity('transport-belt', direction=DOWN, position=(coal_position[0],coal_position[1]))
place_entity('transport-belt', direction=DOWN, position=(coal_position[0],coal_position[1]+1))
place_entity('transport-belt', direction=DOWN, position=(coal_position[0],coal_position[1]+2))
place_entity('transport-belt', direction=DOWN, position=(coal_position[0],coal_position[1]+3))
place_entity('transport-belt', direction=DOWN, position=(coal_position[0],coal_position[1]+4))
place_entity('transport-belt', direction=RIGHT, position=(coal_position[0]+1,coal_position[1]+4))
place_entity('transport-belt', direction=RIGHT, position=(coal_position[0]+2,coal_position[1]+4))
place_entity('transport-belt', direction=RIGHT, position=(coal_position[0]+3,coal_position[1]+4))
place_entity('transport-belt', direction=RIGHT, position=(coal_position[0]+4,coal_position[1]+4))
place_entity('transport-belt', direction=UP, position=(coal_position[0]+4,coal_position[1]+3))
place_entity('transport-belt', direction=UP, position=(coal_position[0]+4,coal_position[1]+2))
place_entity('transport-belt', direction=UP, position=(coal_position[0]+4,coal_position[1]+1))
place_entity('transport-belt', direction=UP, position=(coal_position[0]+4,coal_position[1]))
place_entity('transport-belt', direction=LEFT, position=(coal_position[0]+3,coal_position[1]))
place_entity('transport-belt', direction=LEFT, position=(coal_position[0]+2,coal_position[1]))
place_entity('transport-belt', direction=LEFT, position=(coal_position[0]+1,coal_position[1]))
place_entity('transport-belt', direction=LEFT, position=(coal_position[0],coal_position[1]))
# It seems like the program is not responding as expected. Let's try again by placing a transport belt at a time.
# Let me check my inventory again before moving forward
check_inventory()
# Great! Let's start by automating iron plate smelting
# First, let me find the nearest iron ore deposit
iron_position = nearest('iron-ore')
print(f"The nearest iron position is {iron_position}")
# Next, let's move to the iron position and place a burner-mining-drill
move_to(iron_position)
drill_position = place_entity('burner-mining-drill', direction=DOWN, position=(iron_position[0]+1, iron_position[1]))
print(f"I have placed a burner-mining-drill at {drill_position}")
# Oh, I don't have a burner mining drill in my inventory, I need to craft one.
# First, let's check our inventory to see what resources we have and what we need.
inventory = check_inventory()
print(f"My inventory currently has: {inventory}")
# I need to craft a burner mining drill to extract resources
# To place the burner mining drill, I need to find the nearest iron ore deposit and move to it
iron_ore_position = nearest('iron-ore')
move_to(iron_ore_position)
# Once I'm at the iron ore deposit, I can place the burner mining drill to extract it
place_entity('burner-mining-drill', direction=LEFT, position=(iron_ore_position[0]-2, iron_ore_position[1]))
# Now that the burner mining drill is placed, I need to connect it to a chest to store the extracted iron ore
chest_position = nearest('iron-chest')
connect_entities(source_position=(iron_ore_position[0]-2, iron_ore_position[1]), target_position=chest_position, connection_type='inserter')
# My mistake, I need to first check the resources and use the correct key to find iron ore
resources = inspect_resources()
iron_ore_position = resources['iron-ore'][0]
# Looks like there are no available iron ore resources nearby. I'll move towards nearest resources and search again
move_to(nearest('resource'))
resources = inspect_resources()
iron_ore_position = resources['iron-ore'][0] # Check for iron ore resources again
chest_position = nearest('iron-chest')
connect_entities(source_position=(iron_ore_position[0]-2, iron_ore_position[1]), target_position=chest_position, connection_type='inserter')
# There seems to be an issue with the *resources* variable. Let me print it to check what's going on.
resources = inspect_resources()
print(resources)
iron_ore_position = resources['iron-ore'][0]
chest_position = nearest('iron-chest')
connect_entities(source_position=(iron_ore_position[0]-2, iron_ore_position[1]), target_position=chest_position, connection_type='inserter')
# I think the issue with finding iron-ore resources could be due to me not moving to a new location after the first attempt. I'll move to a different location and search again.
move_to((5,5))
resources = inspect_resources()
iron_ore_position = resources['iron-ore'][0]
chest_position = nearest('iron-chest')
connect_entities(source_position=(iron_ore_position[0]-2, iron_ore_position[1]), target_position=chest_position, connection_type='inserter')
# The error may be due to there being no iron-ore resources left on the map. I'll check again with the inspect_resources() method.
resources = inspect_resources()
print(resources)
# It looks like there is indeed no iron-ore left on the map. I'll move to a new location and search for copper-ore instead.
move_to((10,-10))
resources = inspect_resources()
print(resources)
copper_ore_position = resources['copper-ore'][0]
chest_position = nearest('iron-chest')
connect_entities(source_position=(copper_ore_position[0]-2, copper_ore_position[1]), target_position=chest_position, connection_type='inserter')
# It looks like there's no copper-ore left either. I'll move to another location and search for coal next.
move_to((0,-30))
resources = inspect_resources()
print(resources)
coal_position = resources['coal'][0]
place_entity('burner-mining-drill', direction=LEFT, position=(coal_position[0]-2, coal_position[1]))
# It looks like there are not enough coal deposits at (-2, 0) to produce more than one coal every few seconds. I'll search for a new deposit.
move_to(nearest('coal'))
resources = inspect_resources()
print(resources)
coal_position = resources['coal'][0]
place_entity('burner-mining-drill', direction=LEFT, position=(coal_position[0]-2, coal_position[1]))
# Now that we have a coal operation going, let's build a simple smelting setup.
# First, we need to mine some iron ore, which is located to the north
move_to(nearest('iron-ore'))
harvest_resource(nearest('iron-ore'), quantity=5)
inventory = check_inventory()
print(inventory)
# Now that we have some iron ore, let's smelt it into iron plates
# Let's build a simple furnace set up to smelt the iron ore we collected earlier
# First, let's inspect our inventory to see how much iron ore we have
check_inventory() 
# Great, we have 5 iron ore in our inventory. Let's collect some more.
# I'll move to the nearest iron ore patch and set up a burner mining drill to extract it
iron_ore_position = nearest('iron-ore')
move_to(iron_ore_position)
place_entity('burner-mining-drill', direction=DOWN, position=(iron_ore_position[0], iron_ore_position[1] + 2))
# Oops, I don't have a burner mining drill in my inventory. I need to craft one first.
# I'll check my inventory to see if I have the necessary materials to craft the burner mining drill
inventory = check_inventory()
if inventory.get('iron-plate', 0) >= 3 and inventory.get('stone-furnace', 0) >= 1 and inventory.get('burner-mining-drill', 0) >= 1:
  # I have the necessary materials, I can craft the burner mining drill
  craft_item('burner-mining-drill', quantity=1)
else:
  # I don't have the necessary materials, I need to gather more
  move_to(nearest('iron-ore'))
  harvest_resource(nearest('iron-ore'), quantity=10)
# Now I can place the burner mining drill to start extracting iron ore
iron_ore_position = nearest('iron-ore')
move_to(iron_ore_position)
entity_position = place_entity('burner-mining-drill', direction=DOWN, position=(iron_ore_position[0], iron_ore_position[1]+1))
inspect_entities(radius=5)  # Check if the entity was placed correctly and if there is coal nearby for fuel.
# Let's insert coal into the burner mining drill to start the extraction process
extract_item('coal', source_position=nearest('coal'), quantity=10)
insert_item('coal', target_position=entity_position, quantity=3)  # adding 3 as fuel for the extractor
inspect_entities(radius=5)  # Check the status of the burner mining drill and the inventory obtained. 
# My mistake, the 'extract_item' function is used to remove items from an entity inventory. I'll use 'pickup_entity' and 'insert_item' instead.
iron_ore_position = nearest('iron-ore')
pickup_entity('coal', nearest('coal'))
move_to(iron_ore_position)
place_entity('burner-mining-drill', direction=DOWN, position=(iron_ore_position[0], iron_ore_position[1]+1))
insert_item('coal', target_position=entity_position, quantity=3)
inspect_entities(radius=5)  # Check the status of the burner mining drill and the inventory obtained.
# My mistake, I should have used 'harvest_resource' instead of 'pickup_entity'.
iron_ore_position = nearest('iron-ore')
harvest_resource(iron_ore_position, quantity=5)
move_to(iron_ore_position)
place_entity('stone-furnace', direction=DOWN, position=(iron_ore_position[0], iron_ore_position[1]+1))
set_entity_recipe(position=entity_position, recipe='iron-plate')
inspect_entities(radius=5)  # Check the status of the stone furnace and the burner mining drill.
# My mistake. I need to have the stone furnace in my inventory before placing it. I will craft the stone furnace first.
craft_item('stone-furnace', quantity=1)
iron_ore_position = nearest('iron-ore')
harvest_resource(iron_ore_position, quantity=5)
move_to(iron_ore_position)
place_entity('stone-furnace', direction=DOWN, position=(iron_ore_position[0], iron_ore_position[1]+1))
set_entity_recipe(position=entity_position, recipe='iron-plate')
inspect_entities(radius=5)  # Check the status of the stone furnace and the burner mining drill.
# It looks like the crafting was successful but the inventory check failed. I will double-check my inventory.
check_inventory()
# I found the mistake. I realized that I was trying to place the stone furnace on the wrong tile. I will correct that by moving to the correct tile.
craft_item('stone-furnace', quantity=1)
iron_ore_position = nearest('iron-ore')
harvest_resource(iron_ore_position, quantity=5)
move_to((iron_ore_position[0]+1,iron_ore_position[1]))
place_entity('stone-furnace', direction=DOWN, position=(iron_ore_position[0]+1, iron_ore_position[1]))
set_entity_recipe(position=entity_position, recipe='iron-plate')
inspect_entities(radius=5) # Check the status of the stone furnace and the burner mining drill.
# I think I need to move closer to the  correct tile before placing the stone furnace.
craft_item('stone-furnace', quantity=1)
iron_ore_position = nearest('iron-ore')
harvest_resource(iron_ore_position, quantity=5)
move_to((iron_ore_position[0]+1, iron_ore_position[1]))
place_entity('stone-furnace', direction=DOWN, position=(iron_ore_position[0]+1, iron_ore_position[1]))
set_entity_recipe(position=entity_position, recipe='iron-plate')
inspect_entities(radius=5) # Check the status of the stone furnace and the burner mining drill.
# I see the error now, I didn't consider checking my inventory to see if I had the required items for crafting the stone furnace - which I don't. I will harvest more iron ore, smelt the iron plates and wait for enough items to finish building the stone furnace.
iron_ore_position = nearest('iron-ore')
harvest_resource(iron_ore_position, quantity=10)
move_to((iron_ore_position[0]+1, iron_ore_position[1]))
craft_item('iron-plate', quantity=10)
move_to((iron_ore_position[0]+1, iron_ore_position[1]-1))
place_entity('stone-furnace', direction=DOWN, position=(iron_ore_position[0]+1, iron_ore_position[1]-1))
set_entity_recipe(position=entity_position, recipe='iron-plate')
inspect_entities(radius=5) # Check the status of the stone furnace and the burner mining drill.
# Ok, I think I have enough items now to place and operate the stone furnace. I will try to place it again to see what happens.
place_entity('stone-furnace', direction=DOWN, position=(iron_ore_position[0]+1, iron_ore_position[1]-1))
set_entity_recipe(position=entity_position, recipe='iron-plate')
inspect_entities(radius=5) # Check the status of the stone furnace and the burner mining drill.
# It looks like the stone furnace is now placed successfully. I will add a burner mining drill to automate iron ore extraction and insert the iron ore into the stone furnace to begin smelting.
move_to((iron_ore_position[0], iron_ore_position[1]-2))
place_entity('burner-mining-drill', direction=DOWN, position=(iron_ore_position[0], iron_ore_position[1]-2))
place_entity_next_to('stone-furnace', reference_position=(iron_ore_position[0]+2, iron_ore_position[1]-2), direction='left', gap=1)
set_entity_recipe(position=entity_position, recipe='iron-plate')
connect_entities(source_position=(iron_ore_position[0]-2, iron_ore_position[1]-2), target_position=(iron_ore_position[0]+1, iron_ore_position[1]-2), connection_type='inserter')
inspect_entities(radius=5) # Check the status of the stone furnace and the burner mining drill.
# Oops, I forgot to craft a burner mining drill, I will do that first.
craft_item('burner-mining-drill', quantity=1)
check_inventory()
# Great, now I will proceed with connecting the coal input to the steam engine to generate power and set an assembler machine to make transport belts.
entity_position = place_entity('boiler', direction=RIGHT, position=(0,0))
connect_entities(source_position=(0,1), target_position=(1,1), connection_type='pipe')
place_entity('steam-engine', direction=RIGHT, position=(2,1))
connect_entities(source_position=(0,0), target_position=(0,1), connection_type='inserter')
place_entity('assembling-machine-1', direction=DOWN, position=(5,0))
set_entity_recipe(position=(5,0), recipe='transport-belt')
inspect_entities(radius=5) # Check status of the power and assembly setup.
# I may have tried to do too many things at once. I will proceed with one instruction at a time.
# First, let me check my inventory and surroundings
check_inventory()
inspect_resources()
# I have some coal and iron ore nearby. I will first start by mining some coal.
coal_position = nearest('coal')
# Next, I will move to the coal position and place a burner-mining-drill
move_to(coal_position)
entity_position = place_entity('burner-mining-drill', direction=DOWN, position=(coal_position[0], coal_position[1]+2))
# Oops, it looks like I forgot to craft the burner-mining-drill. Let me craft it first and then place it.
craft_item('burner-mining-drill', 1)
# Good, now that I have crafted burner-mining-drill, let me place it.
entity_position = place_entity('burner-mining-drill', direction=DOWN, position=(coal_position[0], coal_position[1]+2))
# It looks like I ran into an error because I did not pick up the burner-mining-drill from the crafting queue. Let me check my inventory and pick it up.
check_inventory()
pickup_entity('burner-mining-drill', (-2,0)) # I am assuming that the coal resource is at position (-2,0) based on the previous code block. If it is elsewhere then please modify the position as per your world.
entity_position = place_entity('burner-mining-drill', direction=DOWN, position=(coal_position[0], coal_position[1]+2))
# Let me try and understand why the 'pickup_entity' method is not working by inspecting the resources around me
inspect_resources()
# It seems like the 'pickup_entity' method can only be used for resources that can be harvested or mined, and not for items on the ground or in machines. Let me try 'insert_item' to put one coal into the burner-mining-drill
insert_item('coal', target_position=entity_position, quantity=1)
# I have inserted one coal into the burner-mining-drill. Now, let me use the 'rotate_entity' method to ensure that the burner-mining-drill is facing the correct direction
rotate_entity(entity_position, direction=UP)
# It looks like there was an error with the 'rotate_entity' method. Let me try to move to a position to see if the 'move_to' method is working as expected
move_to((5, 5))
# Now that I know that 'move_to' is working correctly, I'll try to fix the 'rotate_entity' method. However, since I am not sure about the cause of the error, I'll try adding a brief script delay before attempting to call the method again
import time
time.sleep(1)
rotate_entity(entity_position, direction=UP)
# Currently, I am aiming to automate resource extraction, processing and manufacturing. I'll start by inspecting my surroundings to understand the natural resources available to me.
inspect_resources()
# From the previous output, I understand that there's Iron Ore and Coal in my vicinity, and I'll focus on automating the extraction of these resources. I'll start by inspecting the entities near me to check if there are any pre-existing entities.
inspect_entities(20)
