comment("Inspect resources around me")
resources = inspect_resources()
comment("Find the nearest coal deposit")
coal_position = nearest("coal")
coal_position
comment("Move to the coal position and place a burner-mining-drill there")
move_to(coal_position)
burner_drill_position = place_entity('burner-mining-drill', direction=DOWN, exact=False, position=coal_position)
comment("Check available crafting recipes")
available_recipes = crafting_recipes()
comment("Check available crafting recipes")
available_recipes = crafting_recipes()
comment("Check available crafting recipes")
available_recipes = crafting_recipes()
comment("Check my inventory")
inventory = inspect_inventory()
{'iron-chest': 1, 'transport-belt': 50, 'stone-furnace': 1, 'assembling-machine-1': 1, 'coal': 50, 'iron-plate': 50, 'copper-plate': 50}
comment("Craft a burner-mining-drill")
craft_item('burner-mining-drill', quantity=1)
comment("Check inventory to confirm the burner-mining-drill was crafted")
inspect_inventory()
{'iron-chest': 1, 'transport-belt': 50, 'stone-furnace': 1, 'assembling-machine-1': 1, 'coal': 50, 'iron-plate': 49, 'copper-plate': 50, 'burner-mining-drill': 1}
comment("Place a burner-mining-drill on coal")
move_to(coal_position)
place_entity('burner-mining-drill', direction=RIGHT, exact=False, position=coal_position)
comment("Insert coal from my inventory into the burner-mining-drill")
insert_item('coal', target_position=nearest('burner-mining-drill'), quantity=1)
comment("Place a stone-furnace next to the burner-mining-drill")
stone_furnace_position = place_entity_next_to('stone-furnace', reference_position=coal_position, direction=RIGHT, gap=1)
comment("Find a suitable location for placing a stone furnace")
nearest_coal = nearest('coal')
move_to(nearest_coal)
stone_furnace_position = place_entity('stone-furnace', direction=RIGHT, exact=False, position=nearest_coal)
comment("Craft a stone furnace")
craft_item('stone-furnace', quantity=1)
comment("Locate the nearest stone patch")
nearest_stone = nearest('stone')
move_to(nearest_stone)
comment("Mine 5 stone resource")
harvest_resource(nearest_stone, quantity=5)
comment("Craft a stone furnace")
craft_item('stone-furnace', quantity=1)
comment("Find a suitable location for placing a stone furnace")
nearest_coal = nearest('coal')
move_to(nearest_coal)
stone_furnace_position = place_entity('stone-furnace', direction=RIGHT, exact=False, position=nearest_coal)
comment("Place a burner-mining-drill facing the stone furnace")
burner_drill_position = place_entity_next_to('burner-mining-drill', reference_position=stone_furnace_position, direction=LEFT, gap=1)
comment("Insert coal into the burner-mining-drill and the stone furnace as fuel")
insert_item('coal', target_position=burner_drill_position, quantity=1)
insert_item('coal', target_position=stone_furnace_position, quantity=1)
comment("Establish a power grid with steam engines and boilers")
nearest_water = nearest('water')
move_to(nearest_water)
comment("Craft a water pump and place it at the nearest water source")
craft_item('offshore-pump', quantity=1)
water_pump_position = place_entity('offshore-pump', direction=UP, exact=False, position=nearest_water)
comment("Craft two boilers")
craft_item('boiler', quantity=2)
comment("Mine more stone to craft boilers")
harvest_resource(nearest_stone, quantity=10)
comment("Move closer to the stone patch and mine more stone to craft boilers")
move_to(nearest_stone)
harvest_resource(nearest_stone, quantity=10)
comment("Craft two boilers again")
craft_item('boiler', quantity=2)
comment("Place the boilers near the water pump")
boiler1_position = place_entity('boiler', direction=RIGHT, exact=False, position=(water_pump_position[0]+1, water_pump_position[1]))
boiler2_position = place_entity('boiler', direction=RIGHT, exact=False, position=(boiler1_position[0]+2, boiler1_position[1]))
comment("Craft and place pipes to connect the offshore pump and boilers")
craft_item('pipe', quantity=2)
place_entity('pipe', direction=UP, exact=False, position=(water_pump_position[0]+1, water_pump_position[1]))
place_entity('pipe', direction=UP, exact=False, position=(boiler1_position[0]+1, boiler1_position[1]))
comment("Craft a steam engine")
craft_item('steam-engine', quantity=1)
comment("Place the steam engine near the boiler")
steam_engine_position = place_entity('steam-engine', direction=UP, exact=False, position=(boiler2_position[0]+3, boiler2_position[1]))
comment("Craft and place electric poles")
craft_item('small-electric-pole', quantity=2)
place_entity('small-electric-pole', direction=UP, exact=False, position=(boiler2_position[0]+4, boiler2_position[1]))
place_entity('small-electric-pole', direction=UP, exact=False, position=(steam_engine_position[0]-1, steam_engine_position[1]))
comment("Harvest wood")
move_to(nearest('tree'))
harvest_resource(nearest('tree'), quantity=10)
comment("Move closer to the tree and harvest wood")
move_to(nearest('tree'), laying='transport-belt')
harvest_resource(nearest('tree'), quantity=10)
comment("Harvest additional wood from another tree")
move_to(nearest('tree', exclude_position=nearest('tree')), laying='transport-belt')
harvest_resource(nearest('tree', exclude=nearest('tree')), quantity=6)
comment("Harvest wood from one more tree")
move_to(nearest('tree', exclude_position=[nearest('tree'), nearest('tree', exclude_position=nearest('tree'))]), laying='transport-belt')
harvest_resource(nearest('tree', exclude_position=[nearest('tree'), nearest('tree', exclude_position=nearest('tree'))]), quantity=3)
comment("Harvest wood from another tree")
move_to(nearest('tree', exclude_position=[nearest('tree'), nearest('tree', exclude_position=nearest('tree')), nearest('tree', exclude_position=[nearest('tree'), nearest('tree', exclude_position=nearest('tree'))])]), laying='transport-belt')
harvest_resource(nearest('tree', exclude_position=[nearest('tree'), nearest('tree', exclude_position=nearest('tree')), nearest('tree', exclude_position=[nearest('tree'), nearest('tree', exclude_position=nearest('tree'))])]), quantity=2)
comment("Harvest wood from another tree")
move_to(nearest('tree', exclude_position=[nearest('tree'), nearest('tree', exclude_position=nearest('tree')), nearest('tree', exclude_position=[nearest('tree'), nearest('tree', exclude_position=nearest('tree'))])]), laying='transport-belt')
harvest_resource(nearest('tree', exclude_position=[nearest('tree'), nearest('tree', exclude_position=nearest('tree')), nearest('tree', exclude_position=[nearest('tree'), nearest('tree', exclude_position=nearest('tree'))])]), quantity=3)
comment("Find three nearest trees to harvest wood")
nearest_trees = [nearest('tree'), nearest('tree', exclude_position=nearest('tree')), nearest('tree', exclude_position=[nearest('tree'), nearest('tree', exclude_position=nearest('tree'))])]
comment("Harvest wood from three nearest trees")
for tree_pos in nearest_trees:
    move_to(tree_pos, laying='transport-belt')
    harvest_resource(tree_pos, quantity=2)
comment("Move to three nearest trees and harvest wood")
for tree_pos in nearest_trees:
    move_to(tree_pos, laying='transport-belt')
    harvest_resource(tree_pos, quantity=3)
comment("Move to three nearest trees and harvest wood")
for tree_pos in nearest_trees:
    move_to(tree_pos)
    harvest_resource(tree_pos, quantity=5)
comment("Move to the nearest tree and harvest wood")
move_to(nearest("tree"))
harvest_resource(nearest('tree'), quantity=5)
comment("Move to the second nearest tree and harvest wood")
move_to(nearest("tree", exclude_position=nearest('tree')))
harvest_resource(nearest("tree", exclude_position=nearest('tree')), quantity=5)
comment("Craft wooden power poles")
craft_item("small-electric-pole", 5)
comment("Move to boiler 1 and boiler 2 positions and place them")
move_to(boiler1_position)
place_entity('boiler', position=boiler1_position)
comment("Craft 2 boilers")
craft_item("boiler", 2)
comment("Find nearest iron ore position and mine 10 iron ores")
iron_ore_position = nearest('iron-ore')
move_to(iron_ore_position)
harvest_resource(iron_ore_position, quantity=10)
comment("Find another iron ore position and mine 3 iron ores")
iron_ore_position2 = nearest('iron-ore', exclude_position=iron_ore_position)
move_to(iron_ore_position2)
harvest_resource(iron_ore_position2, quantity=3)
comment("Craft 2 boilers")
craft_item("boiler", 2)
comment("Find nearest stone position and mine 10 stones")
stone_position = nearest('stone')
move_to(stone_position)
harvest_resource(stone_position, quantity=10)
comment("Craft 2 boilers")
craft_item("boiler", 2)
comment("Place 2 boilers to the left of the existing steam engine with a gap of 1 tile")
steam_engine_position = nearest('steam-engine')
boiler1_position = place_entity_next_to('boiler', reference_position=steam_engine_position, direction=LEFT, gap=1)
boiler2_position = place_entity_next_to('boiler', reference_position=boiler1_position, direction=LEFT, gap=1)
comment("Find a suitable position for placing boilers and steam engines")
inspect_resources()
{
  'player_character_entities': [{'position': (9, 2), 'resource': 'iron_ore'},
                                {'position': (9, 18), 'resource': 'copper_ore'},
                                {'position': (19, 13), 'resource': 'stone'},
                                {'position': (-2, 0), 'resource': 'coal'}]

comment("Choose better position based on available resources")
water_positions = nearest("water")
boiler_positions = (water_positions[0] + 10, water_positions[1])
engine_positions = (boiler_positions[0] + 3, boiler_positions[1])
comment("Place 2 boilers next to chosen water position")
move_to(boiler_positions)
boiler1_position = place_entity("boiler", direction=UP, position=boiler_positions)
boiler2_position = place_entity("boiler", direction=UP, position=(boiler_positions[0] + 1, boiler_positions[1]))
comment("Place 2 steam engines next to chosen engine position")
move_to(engine_positions)
engine1_position = place_entity("steam-engine", direction=UP, position=engine_positions)
engine2_position = place_entity("steam-engine", direction=UP, position=(engine_positions[0] + 1, engine_positions[1]))
comment("Craft 2 steam engines")
craft_item('steam-engine', 2)
comment("Mine iron ore and smelt into iron plates to craft steam engines")
iron_ore_position = nearest("iron-ore")
move_to(iron_ore_position)
harvest_resource(iron_ore_position, quantity=20)
comment("Smelt harvested iron ore into iron plates")
stone_position = nearest("stone")
move_to(stone_position)
stone_furnace_position = place_entity("stone-furnace", direction=UP, exact=False, position=stone_position)
comment("Collect stone to craft stone furnace")
move_to(stone_position)
harvest_resource(stone_position, quantity=10)
comment("Craft stone furnace")
craft_item("stone-furnace", 1)
comment("Smelt harvested iron ore into iron plates")
move_to(stone_position)
stone_furnace_position = place_entity("stone-furnace", direction=UP, exact=False, position=stone_position)
insert_item("iron-ore", target_position=stone_furnace_position, quantity=5)
comment("Wait for iron ore to smelt into iron plates")
import time
time.sleep(25)
time.sleep(15)
comment("Collect smelted iron plates")
extract_item("iron-plate", source_position=stone_furnace_position, quantity=5)
comment("Wait for additional iron plates to smelt")
time.sleep(10)
