[94m# First, I need to find a suitable location for my mining operation. 
[92mScore: 320
[94m# I will use 'inspect_resources' to observe and describe the natural resources and landscape around me
[92mScore: 320
[94m# Based on the information from 'inspect_resources', I will look for a coal deposit in a suitable location to start my mining operation.
[92mScore: 320
[94m# Now that I have found a good location, I will move to it and place a burner-mining-drill to start extracting coal
[92mScore: 320
[94m# The next step is to build a smelting setup to process the extracted coal into fuel for the boilers. I will move to a suitable location and place a stone furnace.
[92mScore: 320
[94m# To power the stone furnace, I will need to connect it to a coal source. I will move to the nearest coal resource and extract 5 coal with a burner-mining-drill. Then I will use an inserter to transfer the coal from the mining drill to the furnace.
[92mScore: 320
[94m# With the coal being produced, I will now place a couple of boilers and a steam engine to generate electricity. I will move to an appropriate location and place the boilers and the steam engine, and connect them with pipes. Once the power grid is set up, I will connect the stone furnace to the grid and start producing fuel.
[92mScore: 320
[94m# The next step is to automate the production of transport belts. I will gather the required resources and then use an assembling machine to craft the belts. Once the belts are produced, I will use inserters to transfer them to a chest for storage.
[92mScore: 320
[94m# Now that I have access to transport belts, I will automate the retrieval of coal from the burner mining drills and insertion into the boilers. I will connect inserters to the burner mining drills and the boilers, and program them to transfer coal. This will free up time for me to focus on other tasks, such as building a conveyor belt system for transporting items to various locations.
[92mScore: 320
[94m# To better manage my inventory, I will build storage chests for storing excess items. Once the chests are placed, I will program inserters to transfer items from the assembler machines and mining drills to the chests. Additionally, I will set up buffer chests near the production lines to ensure a steady supply of materials to the machines without constant supervision.
[92mScore: 320
[94m# I will start automating my research by building a science pack assembler that will produce science packs for research. I will place it near my mining and smelting operation to maximize efficiency. Next, I will build a lab where I can insert the science packs to do research. Once the research is complete, I will receive new technologies that I can use to improve my base.
[92mScore: 320
[94m# I will work on expanding my power generation by adding more steam engines and boilers. To maximize efficiency, I will also connect them with pipes and set up a water pump to supply water to the boilers. I will make sure to regularly check on the power levels and adjust my setup as necessary to avoid power outages.
[92mScore: 320
[94m# I will work on optimizing my iron plate production by setting up an automated iron plate assembler. First, I will place a few more burner drills on my iron ore deposits to increase my mining capacity. Then, I will set up a smelter that converts the iron ore into iron plates, and a machine that combines the iron plates with coal to create steel plates. Finally, I will place an assembling machine that takes the steel plates and assembles them into chests, which I can use for storage. By automating this process, I can increase my iron plate production and streamline my operations.
[92mScore: 320
[94m# I will work on upgrading my transport system from using transport belts to using automated trains. First, I will set up a train station and tracks that connect to my factory. I will then set up a few train stops at key locations, such as my mining outposts and my iron production facility. I will also place a few trains and carriages, and set up routes for them to follow that prioritize moving resources to and from the key locations. By using automated trains, I can improve the efficiency and speed of my transport system, and reduce the amount of time I spend manually moving items around.
[92mScore: 320
[94m# I will focus on increasing my electricity production to support my expanding factory. I will research and build more advanced power generators, such as nuclear reactors or solar panels. I will also set up a more sophisticated power grid, with power switches and accumulators to ensure that my factory always has a consistent and stable supply of electricity. Additionally, I will look into ways to conserve energy, such as by upgrading to more efficient machines, and only running machines when they are in use. This will help me maximize my energy output and minimize waste, allowing me to efficiently power my growing factory.
[92mScore: 320
[94m# I will work on optimizing my production line by using bots to automate certain tasks. This will free up my time and allow me to focus on bigger picture planning and management. I will set up a network of logistic robots, and designate specific items and stations for them to manage. For example, I can set up a system to automatically craft and deliver new machines to where they are needed, or a system to automatically refill depleted resource mines. By delegating these tasks to bots, I can ensure that my production line is running smoothly and efficiently, without having to micromanage every detail myself.
[92mScore: 320
[94m# I will look into expanding my research tree and unlocking new technologies that will help me increase my production efficiency and output. I will prioritize researching technologies that will make my machines more efficient and resource-friendly, such as advanced material processing or logistics technologies. Additionally, I will focus on researching technologies that will allow me to automate more complex production processes, such as circuit board production or oil refining. By constantly expanding my research, I can stay ahead of the curve and build a factory that is always on the cutting edge of technology.
[92mScore: 320
