[94mcomment("Observe and describe the natural resources and landscape around me")
resources = inspect_resources()
[94mcomment("Inspect entities within a 20-meter radius around me")
entities = inspect_entities(20)
[94mcomment("Examine the items currently in my inventory")
inventory = inspect_inventory()
[94mcomment("Set up a coal mining operation")
coal_position = nearest('coal')
move_to(coal_position)
coal_drill_position = place_entity('burner-mining-drill', direction=RIGHT, exact=False, position=coal_position)
coal_ore_extracted = extract_item('coal', source_position=coal_drill_position, quantity=10)
insert_item('coal', target_position=coal_drill_position, quantity=1)
[91m3: Error: Could not place burner-mining-drill.  No burner mining drill in inventory.
[94mcomment("Craft a burner-mining-drill")
craft_item('burner-mining-drill', quantity=1)
[94mcomment("Set up a coal mining operation again")
coal_position = nearest('coal')
move_to(coal_position)
coal_drill_position = place_entity('burner-mining-drill', direction=RIGHT, exact=False, position=coal_position)
[94mcomment("Place a stone furnace for smelting iron")
iron_ore_position = nearest('iron_ore')
move_to(iron_ore_position)
furnace_position = place_entity('stone-furnace', exact=False, position=iron_ore_position)
[91m3: Error: Could not place stone-furnace.  No stone furnace in inventory.
[94mcomment("Craft a stone furnace")
craft_item('stone-furnace', quantity=1)
[91m1: Error: Could not craft a stone-furnace. "global.actions.craft item = function(player i..."]:73: Failed to craft 1x stone-furnace because missing ingredient stone
[94mcomment("Move to the position of the nearest stone")
move_to(nearest('stone'))
[94mcomment("Harvest 5 stones")
harvest_resource(here(), quantity=5)
[91m1: Error: name 'here' is not defined
[94mcomment("Move to stone again")
move_to(nearest('stone'))
[94mcomment("Harvest 5 stones")
current_position = position()
harvest_resource(current_position, quantity=5)
[91m1: Error: name 'position' is not defined
[94mcomment("Harvest 5 stones at current position")
coal_position = nearest('coal')
move_to(coal_position)
harvest_resource(coal_position, quantity=5)
[94mcomment("Craft a stone furnace")
craft_item('stone-furnace', quantity=1)
[91m1: Error: Could not craft a stone-furnace. "global.actions.craft item = function(player i..."]:73: Failed to craft 1x stone-furnace because missing ingredient stone
[94mcomment("Check available inventory")
inspect_inventory()
[92m1: {'iron-chest': 1, 'transport-belt': 50, 'assembling-machine-1': 1, 'coal': 55, 'iron-plate': 41, 'copper-plate': 50}
[94minventory = {'iron-chest': 1, 'transport-belt': 50, 'stone-furnace': 1, 'assembling-machine-1': 1, 'coal': 50, 'iron-plate': 50, 'copper-plate': 50}
[94mcomment("Set up a coal mining drill near the coal")
coal_position = nearest('coal')
move_to(coal_position)
coal_drill_position = place_entity('burner-mining-drill', direction=LEFT, exact=False, position=coal_position)
[91m3: Error: Could not place burner-mining-drill.  No burner mining drill in inventory.
[94mcomment("Craft a burner-mining-drill and place it near the coal")
craft_item('burner-mining-drill', quantity=1)
coal_position = nearest('coal')
move_to(coal_position)
coal_drill_position = place_entity('burner-mining-drill', direction=LEFT, exact=False, position=coal_position)
[91m1: Error: Could not craft a burner-mining-drill. "global.actions.craft item = function(player i..."]:73: Failed to craft 1x burner-mining-drill because missing ingredient stone
[94mcomment("Find the nearest stone position")
stone_position = nearest('stone')
move_to(stone_position)
[94mcomment("Harvest 10 stones at the stone position")
harvest_resource(stone_position, quantity=10)
[94mcomment("Craft a burner-mining-drill now that we have stone")
craft_item('burner-mining-drill', quantity=1)
[94mcomment("Place the burner-mining-drill near the coal")
coal_position = nearest('coal')
move_to(coal_position)
coal_drill_position = place_entity('burner-mining-drill', direction=LEFT, exact=False, position=coal_position)
[94mcomment("Insert coal into the burner-mining-drill for fuel")
insert_item('coal', target_position=coal_drill_position, quantity=1)
[94mcomment("Set up an iron mining drill near the iron ore")
iron_ore_position = nearest('iron-ore')
move_to(iron_ore_position)
iron_drill_position = place_entity('burner-mining-drill', direction=LEFT, exact=False, position=iron_ore_position)
[91m3: Error: Could not place burner-mining-drill.  No burner mining drill in inventory.
[94mcomment("Craft another burner-mining-drill for iron ore")
craft_item('burner-mining-drill', quantity=1)
[94mcomment("Now place the burner-mining-drill near the iron ore")
move_to(iron_ore_position)
iron_drill_position = place_entity('burner-mining-drill', direction=LEFT, exact=False, position=iron_ore_position)
[94mcomment("Insert coal into the iron mining drill for fuel")
insert_item('coal', target_position=iron_drill_position, quantity=1)
[94mcomment("Craft a stone furnace for iron ore smelting")
craft_item('stone-furnace', quantity=1)
[91m1: Error: Could not craft a stone-furnace. "global.actions.craft item = function(player i..."]:73: Failed to craft 1x stone-furnace because missing ingredient stone
[94mcomment("Harvest stone to craft a stone furnace")
harvest_resource(stone_position, quantity=5)
[91m1: Error: Could not harvest.. "global.actions.harvest resource = function(pl..."]:47: Could not harvest at position (-9, 6), possibly out of reach?
