[92mThere are 4.2k tree_01s scattered 23km northwest, 17km north-northwest, 16km north, 16km north-northeast, 21km northeast, 1km east-northeast, 3km west-northwest, 760 metres west, 32 metres east, 4km west-southwest, 720 metres east-southeast, 17km southeast, 17km southwest, 13km south-southwest, 13km south-southeast, and 11km south 
- 100x coal 10 metres northwest (-17, -14) x (-8, -5)
- 100x iron_ore 10 metres east-northeast (22, -14) x (31, -5)
- 100x stone 10 metres southwest (-17, 6) x (-8, 15)
- 100x copper_ore 10 metres east-southeast (22, 6) x (31, 15)
- 100x uranium_ore 30 metres southeast (22, 26) x (31, 35)
- There are 4.2k tree_01_stumps scattered 51 metres west-northwest 
[96m# Lets start by checking my inventory.
[92m- 1 iron-chest
- 50 transport-belt
- 1 stone-furnace
- 1 assembling-machine-1
- 50 coal
- 50 iron-plate
- 50 copper-plate
[96m# First, I will create a basic mining setup for coal, iron, copper, and stone resources.
# Then, I will move to the nearest tree and start placing the production facilities.
[94m# Setting up coal mining
move_to(nearest('coal'))
place_entity('burner-drill', direction=2, position=nearest('coal'))
place_entity('stone-furnace', direction=2, position=(1, 0))
insert_item('coal', target_position=(0, 0), quantity=1)
