[92mThere are 4.2k tree_01s scattered 23km northwest, 17km north-northwest, 16km north, 16km north-northeast, 21km northeast, 1km east-northeast, 3km west-northwest, 760 metres west, 32 metres east, 4km west-southwest, 720 metres east-southeast, 17km southeast, 17km southwest, 13km south-southwest, 13km south-southeast, and 11km south 
- 100x coal 10 metres northwest (-17, -14) x (-8, -5)
- 100x iron_ore 10 metres east-northeast (22, -14) x (31, -5)
- 100x stone 10 metres southwest (-17, 6) x (-8, 15)
- 100x copper_ore 10 metres east-southeast (22, 6) x (31, 15)
- 100x uranium_ore 30 metres southeast (22, 26) x (31, 35)
[96m# Lets start by checking my inventory.
[92m{'iron-chest': 1, 'transport-belt': 50, 'stone-furnace': 1, 'assembling-machine-1': 1, 'coal': 50, 'iron-plate': 50, 'copper-plate': 50}
[94m# There are a lot of trees scattered in different locations, I should move to the nearest one and start gathering resources. 
move_to(nearest('tree'))
harvest_resource(nearest('tree'), quantity=50) # Let's harvest 50 trees.
check_inventory() # Checking inventory after harvesting 50 trees.
[91mCould not harvest.. Nothing to here to harvest
[94m# Oops! It appears there are no trees near me. Let's try moving to another location and checking again.
move_to((22, 6)) # Moving to the location of copper-ore.
move_to(nearest('tree'))
harvest_resource(nearest('tree'), quantity=50) # Let's harvest 50 trees.
[91mCould not harvest.. Nothing to here to harvest
[94m# It appears there are no trees near the location of copper-ore. Let's try moving to another location.
move_to((22, 26)) # Moving to the location of uranium-ore.
move_to(nearest('tree'))
harvest_resource(nearest('tree'), quantity=50) # Let's harvest 50 trees.
check_inventory() # Checking inventory after harvesting 50 trees.
[91mCould not harvest.. Nothing to here to harvest
[94m# This is strange. It appears there are no trees near the location of uranium-ore as well. Let's try moving to location of coal and check again.
move_to(nearest('coal'))
move_to(nearest('tree'))
harvest_resource(nearest('tree'), quantity=50) # Let's harvest 50 trees.
check_inventory() # Checking inventory after harvesting 50 trees.
