[92mThere are 4.2k tree_01s scattered 23km northwest, 17km north-northwest, 16km north, 16km north-northeast, 21km northeast, 1km east-northeast, 3km west-northwest, 760 metres west, 32 metres east, 4km west-southwest, 720 metres east-southeast, 17km southeast, 17km southwest, 13km south-southwest, 13km south-southeast, and 11km south 
- 100x coal 10 metres northwest (-17, -14) x (-8, -5)
- 100x iron_ore 10 metres east-northeast (22, -14) x (31, -5)
- 100x stone 10 metres southwest (-17, 6) x (-8, 15)
- 100x copper_ore 10 metres east-southeast (22, 6) x (31, 15)
- 100x uranium_ore 30 metres southeast (22, 26) x (31, 35)
[96m# Lets start by checking my inventory.
[92m{'iron-chest': 1, 'transport-belt': 50, 'stone-furnace': 1, 'assembling-machine-1': 1, 'coal': 50, 'iron-plate': 50, 'copper-plate': 50}
[94m# Setup mining for each resource, starting with coal
coal_position = nearest('coal')
place_entity('burner-mining-drill', direction=2, position=coal_position)
place_entity('stone-furnace', position=(coal_position[0]-1, coal_position[1]-1))
[91mCould not place burner-mining-drill. No burner mining drill in inventory
[94m# I don't have a burner-mining-drill in my inventory, so let's use an electric-mining-drill instead
coal_position = nearest('coal')
place_entity('electric-mining-drill', direction=2, position=coal_position)
place_entity('stone-furnace', position=(coal_position[0]-1, coal_position[1]-1))
[91mCould not place electric-mining-drill. No electric mining drill in inventory
[94m# Since we don't have any mining drills, let's craft a burner-mining-drill
craft_item('burner-mining-drill', quantity=1)
[92m1
[94m# Now that we have a burner-mining-drill, let's place it for coal mining
coal_position = nearest('coal')
place_entity('burner-mining-drill', direction=2, position=coal_position)
place_entity('stone-furnace', position=(coal_position[0]-1, coal_position[1]-1))
[91mCould not place stone-furnace. No stone furnace in inventory
[94m# Craft a stone-furnace since we don't have it in the inventory
craft_item('stone-furnace', quantity=1)
[91mCould not craft a stone-furnace. {'stone': 5}
[94m# Let's mine some stone to craft a stone-furnace
stone_position = nearest('stone')
move_to(stone_position)
harvest_resource(stone_position, quantity=10)
[92mNone
True
[94m# Now that we have enough stone, let's craft a stone-furnace
craft_item('stone-furnace', quantity=1)
[92m1
[94m# Place the burner-mining-drill and stone-furnace for coal mining
coal_position = nearest('coal')
place_entity('burner-mining-drill', direction=2, position=coal_position)
place_entity('stone-furnace', position=(coal_position[0]-1, coal_position[1]-1))
[91mCould not place burner-mining-drill. No burner mining drill in inventory
[94m# My apologies, let's craft the burner-mining-drill again since it seems we don't have one in the inventory.
craft_item('burner-mining-drill', quantity=1)
[92m1
[94m# Place the burner-mining-drill and stone-furnace for coal mining
coal_position = nearest('coal')
place_entity('burner-mining-drill', direction=2, position=coal_position)
place_entity('stone-furnace', position=(coal_position[0]-1, coal_position[1]-1))
[91mCould not place stone-furnace. No stone furnace in inventory
[94m# I apologize for the confusion. Let's craft the stone-furnace again since we don't have one in the inventory.
craft_item('stone-furnace', quantity=1)
[92m1
[94m# Place the burner-mining-drill and stone-furnace for coal mining
coal_position = nearest('coal')
place_entity('burner-mining-drill', direction=2, position=coal_position)
place_entity('stone-furnace', position=(coal_position[0]-1, coal_position[1]-1))
[91mCould not place burner-mining-drill. No burner mining drill in inventory
[94m# I apologize for the confusion. Let's craft the burner-mining-drill once more since we don't have one in the inventory.
craft_item('burner-mining-drill', quantity=1)
[92m1
[94m# Place the burner-mining-drill and stone-furnace for coal mining
coal_position = nearest('coal')
place_entity('burner-mining-drill', direction=2, position=coal_position)
place_entity('stone-furnace', position=(coal_position[0]-1, coal_position[1]-1))
[91mCould not place burner-mining-drill. Cant build there due to existing burner
[96m# My apologies for the misunderstanding. Since there is already a burner-mining-drill, let's instead set up the iron ore mining.
[94m# Find the nearest iron ore deposit
iron_position = nearest('iron-ore')
[94m# Move to the iron ore deposit
move_to(iron_position)
[92mNone
[94m# Now that we are at the iron ore deposit, let's craft and place another burner-mining-drill to mine the iron ore
craft_item('burner-mining-drill', quantity=1)
place_entity('burner-mining-drill', direction=2, position=nearest('iron-ore'))
[92m1
True
[94m# Now let's craft and place a stone-furnace at the iron ore deposit for smelting
craft_item('stone-furnace', quantity=1)
place_entity('stone-furnace', position=(iron_position[0]-1, iron_position[1]-1))
[92m1
True
