# Lets start by checking my inventory.
# First, we'll move to gather more coal for our factory.
move_to(nearest('coal'))
harvest_resource((0, 0), quantity=50)
# Now that we have gathered more coal, let's move to the iron ore deposit and place a burner drill there.
move_to(nearest('iron_ore'))
place_entity('burner-drill', direction=2, position=nearest('iron_ore'))
# Now that we have gathered more coal, let's move to the iron ore deposit and place a burner drill there.
move_to(nearest('iron_ore'))
place_entity('burner-drill', direction=2, position=nearest('iron_ore'))
# I apologize for the confusion in the previous response. Let's set up electric mining drills instead.

move_to(nearest('iron_ore'))
craft_item('electric-mining-drill', quantity=1)
place_entity('electric-mining-drill', direction=2, position=nearest('iron_ore'))
# I apologize for the confusion in the previous response. Let's set up electric mining drills instead.

move_to(nearest('iron_ore'))
craft_item('electric-mining-drill', quantity=1)
place_entity('electric-mining-drill', direction=2, position=nearest('iron_ore'))
# Let's move to an appropriate location for our factory next to the iron ore deposit.
move_to((10,0))
# Place the iron chest to store our resources
place_entity('iron-chest', position=(0, 1))
# Place a stone furnace to smelt the iron ore
place_entity('stone-furnace', position=(1, 0))
# Let's move to an appropriate location for our factory next to the iron ore deposit.
move_to((10,0))
# Place the iron chest to store our resources
place_entity('iron-chest', position=(0, 1))
# Place a stone furnace to smelt the iron ore
place_entity('stone-furnace', position=(1, 0))
# I apologize for the previous response. Here is the corrected code.
move_to((10,0))
# Place the iron chest to store our resources
place_entity('iron-chest', direction=1, position=(0, 1))
# Place a stone furnace to smelt the iron ore
place_entity('stone-furnace', direction=1, position=(1, 0))
# Now that we have placed the stone furnace and the iron chest, let's start the production chain.
# Insert coal into the stone furnace
insert_item('coal', target_position=(1, 0), quantity=1)
# Insert iron ore into the stone furnace
insert_item('iron_ore', target_position=(1, 0), quantity=1)
# Insert coal into the stone furnace
insert_item('coal', target_position=(1, 0), quantity=1)
# Insert iron ore into the stone furnace
insert_item('iron_ore', target_position=(1, 0), quantity=1)
# I apologize for the confusion in the previous response. Let's extract iron ore from the electric-mining-drill first.

extract_item('iron_ore', source_position=nearest('electric-mining-drill'), quantity=1)
# Insert coal into the stone furnace
insert_item('coal', target_position=(1, 0), quantity=1)
# Insert iron ore into the stone furnace
insert_item('iron_ore', target_position=(1, 0), quantity=1)
# I apologize for the confusion in the previous response. Let's extract iron ore from the electric-mining-drill first.

extract_item('iron_ore', source_position=nearest('electric-mining-drill'), quantity=1)
# Insert coal into the stone furnace
insert_item('coal', target_position=(1, 0), quantity=1)
# Insert iron ore into the stone furnace
insert_item('iron_ore', target_position=(1, 0), quantity=1)
# I apologize for the confusion in the previous response. Let's extract some iron ore manually first and then insert it into the stone furnace.

harvest_resource(nearest('iron_ore'), quantity=1)
# Insert coal into the stone furnace
insert_item('coal', target_position=(1, 0), quantity=1)
# Insert iron ore into the stone furnace
insert_item('iron_ore', target_position=(1, 0), quantity=1)
# I apologize for the confusion in the previous response. Let's extract some iron ore manually first and then insert it into the stone furnace.

harvest_resource(nearest('iron_ore'), quantity=1)
# Insert coal into the stone furnace
insert_item('coal', target_position=(1, 0), quantity=1)
# Insert iron ore into the stone furnace
insert_item('iron_ore', target_position=(1, 0), quantity=1)
