comment("Plan:")
comment("Let's start by moving to the ore patch and placing a burner-mining-drill to extract iron ore.")
comment("Move to the ore patch")
move_to((-8, -5))
comment("Place a burner-mining-drill to extract iron ore")
place_entity('burner-mining-drill', direction=DOWN, exact=False, position=(-8, -5))
comment("Oops! Seems like we need to craft a burner-mining-drill first before we can place it. Let's check our inventory to confirm.") 
inventory = inspect_inventory()
print(inventory) # let's see what's in the inventory. 
comment("We need to craft a burner-mining-drill. Let's craft one.") 
craft_item('burner-mining-drill', quantity=1)
comment("Now, let's place the burner-mining-drill") 
place_entity('burner-mining-drill', direction=DOWN, exact=False, position=(-8, -5))
comment("Great! Now, we need to smelt the iron ore, so let's place a stone-furnace near the mining-drill and connect the two using transport-belts") 
comment("First, let's move to a suitable location") 
move_to((-7, -5))
comment("Now, let's place the stone furnace.") 
place_entity('stone-furnace', direction=UP, position=(-7, -5))
comment("Oops! Seems like we need to craft a stone-furnace first before we can place it. Let's check our inventory to confirm.") 
inventory = inspect_inventory()
print(inventory) # let's see what's in the inventory. 
comment("We need to craft a stone-furnace. Let's craft one.") 
craft_item('stone-furnace', quantity=1)
comment("Oops! We need to mine some stone first to craft a stone-furnace.") 
move_to((-8, -6))
harvest_resource((-8, -6), quantity=20)
inventory = inspect_inventory()
print(inventory) # let's see what's in the inventory. Here we should now have stone in our inventory, we can proceed with crafting the furnace. 
comment("Let's check our inventory to ensure we have enough stone for the furnace") 
inventory = inspect_inventory()
print(inventory)
comment("Great! We have enough stone now. Let's craft a stone-furnace again") 
craft_item('stone-furnace', quantity=1)
comment("We need more stone to craft the furnace. Let's go get some.") 
move_to(nearest('stone'))
harvest_resource(nearest('stone'), quantity=10)
comment("We have enough stone now. Let's craft a stone-furnace.") 
craft_item('stone-furnace', quantity=1)
comment("Great! We have a stone-furnace now. Let's place it near the ore.") 
ore_position = (-8, -5)
place_entity('stone-furnace', position=(ore_position[0],ore_position[1]+1), direction=UP)
comment("Now we will connect the furnace to the ore deposit using an inserter") 
connect_entities(source_position=(ore_position[0],ore_position[1]+1), target_position=(ore_position[0],ore_position[1]), connection_type='inserter')
comment("Oops! The insertion didn't work because the source entity not found. Let's inspect our inventory first") 
inventory = inspect_inventory()
print(inventory)
comment("We are low on inserters. Let's craft some inserters first!") 
craft_item('inserter', quantity=10)
comment("Now let's try to connect the furnace to the ore deposit using the inserter again") 
ore_position = (-8, -5)
connect_entities(source_position=(ore_position[0],ore_position[1]+1), target_position=(ore_position[0],ore_position[1]), connection_type='inserter')
comment("Still no luck with connecting the inserter. Let's inspect the entities around us to see what's going wrong") 
inspect_entities(5)
comment("Looks like the problem is that we placed the inserter too far away from the furnace. Let's adjust the placement of the furnace") 
place_entity('stone-furnace', position=(ore_position[0],ore_position[1]+2), direction=UP)
connect_entities(source_position=(ore_position[0],ore_position[1]+2), target_position=(ore_position[0],ore_position[1]), connection_type='inserter')
comment("Oops, we are out of stone furnaces. Let's inspect the available resources") 
inspect_resources()
comment("Looks like we need more stone. Let's harvest some stone from (-8,-2)") 
harvest_resource((-8,-2), quantity=20)
comment("Looks like we cannot reach the stone at (-8,-2) from where we are currently standing. Let's move closer first") 
move_to((-9,-3))
harvest_resource((-8,-2), quantity=20)
comment("It looks like the stone at (-8, -2) has already run out. Let's inspect the resources around us again") 
inspect_resources()
comment("We can see more stone at (-7,-3). Let's harvest that instead") 
harvest_resource((-7,-3), quantity=20)
comment("Oh no, it seems like the stone resource has run out again. Let's inspect available entities near us.") 
inspect_entities(5)
comment("We can see a stone patch at (-9,2). Let's move there and gather some stone.") 
move_to((-9,2))
harvest_resource((-9,2), quantity=20)
comment("It looks like the stone at (-9,2) is not reachable. Let's inspect the entities and look for closer resources to gather.") 
entities = inspect_entities(10)
for e in entities:
    if e['name'] == 'stone':
        harvest_resource(e['position'], quantity=20)
        break
comment("It looks like the stone at (-9,2) is not reachable. Let's inspect the entities and look for closer resources to gather.") 
entities = inspect_entities(10)
for e in entities:
    if e['type'] == 'stone':
        harvest_resource(e['position'], quantity=20)
        break  # let's gather resources from the closest patch only.
comment("Now that we have some stone, let's build a stone furnace.") 
craft_item('stone-furnace', quantity=1)
comment("Great! Now let's place the stone furnace next to the miner with a gap of 1 tile.") 
furnace_position = place_entity_next_to('stone-furnace', (-7, -5), direction=RIGHT, gap=1)
comment("Let's check the entities after placing the furnace.") 
inspect_entities(10)
comment("Now we can connect the mining drill to the furnace with a burner inserter to smelt the raw iron ore.") 
connect_entities(source_position =(-7, -5), target_position = furnace_position, connection_type = 'inserter')
comment("It looks like the furnace_position is not accurate. Let's check the entities again to get the furnace's actual position") 
entities = inspect_entities(20)
for e in entities:
    if e['type'] == 'stone_furnace':
        furnace_position = e['position']
        break
comment("Now that we have the correct position, let's connect the mining drill to the furnace with a burner inserter to smelt the raw iron ore.") 
connect_entities(source_position=(-7, -5), target_position=furnace_position, connection_type='inserter')
comment("It looks like the position of the mining drill is not accurate. Let's check the entities again.") 
entities = inspect_entities(20)
for e in entities:
    if e['type'] == 'burner-mining-drill':
        ore_position = e['position']
comment("Now that we know the actual position of the mining drill, let's connect it to the furnace.") 
connect_entities(source_position=ore_position, target_position=furnace_position, connection_type='inserter')
