# Lets start by checking my inventory.
# The goal is to set up mining drills on coal, iron, stone, copper, and uranium resources.
resource_positions = {
    "coal": (-17, -14),
    "iron_ore": (22, -14),
    "stone": (-17, 6),
    "copper_ore": (22, 6),
    "uranium_ore": (22, 26)
}
# Next, we will place burner-mining-drills on each of the resources and face them north.
for key, value in resource_positions.items():
    place_entity("burner-mining-drill", direction=2, position=value)
# Sorry, I misunderstood the inventory. Let's craft additional burner-mining-drills.
craft_item("burner-mining-drill", quantity=4)
# Let's harvest some stone and craft the remaining burner-mining-drills.
move_to(nearest("stone"))
harvest_resource("stone", quantity=12)
craft_item("burner-mining-drill", quantity=3)
# My apologies, let's correct the method call to move_to(nearest("stone")).
move_to(nearest("stone")[0], nearest("stone")[1])
harvest_resource("stone", quantity=12)
craft_item("burner-mining-drill", quantity=3)
# I apologize for the mistake. Let's adjust the move_to function call.
stone_position = nearest("stone")
move_to(stone_position)
harvest_resource("stone", quantity=12)
craft_item("burner-mining-drill", quantity=3)
# Apologies again. Let's correct the method call for move_to.
stone_position = nearest("stone")
move_to((stone_position[0], stone_position[1]))
harvest_resource("stone", quantity=12)
craft_item("burner-mining-drill", quantity=3)
# I apologize for the mistake. I must use a different approach.
stone_position = nearest("stone")
move_to((stone_position['x'], stone_position['y']))
harvest_resource("stone", quantity=12)
craft_item("burner-mining-drill", quantity=3)
