[94mcomment("Observe and describe the natural resources around")
resources = inspect_resources()
[92mLine 1: 
Line 2: 
Score: 290
[94mcomment("Inspect the current inventory")
inventory = inspect_inventory()
[92mLine 1: 
Line 2: 
Score: 290
[94mcomment("Create coal fired boilers and steam engines for power generation")
[92mLine 1: 
Score: 290
[94mcomment("Place a burner-mining-drill on coal")
coal_position = nearest('coal')
move_to(coal_position)
place_entity('burner-mining-drill', direction=LEFT, position=(coal_position[0] - 2, coal_position[1]))
[92mLine 1: 
Line 2: 
Line 3: 
Line 4: (-10, -5)
Score: 290
[94mcomment("Find and move to the nearest stone resource")
stone_position = nearest('stone')
move_to(stone_position)
[92mLine 1: 
Line 2: 
Line 3: 
Score: 290
[94mcomment("Place a burner-mining-drill on stone and output into chest")
place_entity('burner-mining-drill', direction=UP, position=(stone_position[0], stone_position[1] - 2))
place_entity('wooden-chest', direction=UP, position=(stone_position[0], stone_position[1] - 1))
[92mLine 1: 
Line 2: Error: Could not place burner-mining-drill. "global.actions.place entity = function(player..."]:14: No burner mining drill in inventory.
Score: 290
[94mcomment("Craft a burner-mining-drill and a wooden chest")
craft_item('burner-mining-drill', quantity=1)
craft_item('wooden-chest', quantity=1)
[92mLine 1: 
Line 2: 
Line 3: Error: Could not craft a wooden-chest. "global.actions.craft item = function(player i..."]:72: Failed to craft 1x wooden-chest because missing ingredient wood
Score: 290
[94mcomment("Find nearest tree, harvest 5 wood, and craft a wooden chest")
tree_position = nearest('tree')
move_to(tree_position)
harvest_resource(tree_position, quantity=5)
craft_item('wooden-chest', quantity=1)
[92mLine 1: 
Line 2: 
Line 3: 
Line 4: Error: Could not harvest.. "global.actions.harvest resource = function(pl..."]:65: Could only harvest 0
Score: 290
[94mcomment("Find another tree, harvest 5 wood, and craft a wooden chest")
tree_position = nearest('tree', exclude_positions=[tree_position])
move_to(tree_position)
harvest_resource(tree_position, quantity=5)
craft_item('wooden-chest', quantity=1)
[92mLine 1: 
Line 2: 
Line 3: 
Line 4: Error: Could not harvest.. "global.actions.harvest resource = function(pl..."]:65: Could only harvest 4
Score: 290
[94mcomment("Find another tree, harvest 1 wood, and craft a wooden chest")
tree_position = nearest('tree', exclude_positions=[tree_position])
move_to(tree_position)
harvest_resource(tree_position, quantity=1)
craft_item('wooden-chest', quantity=1)
[92mLine 1: 
Line 2: 
Line 3: 
Line 4: 
Line 5: 
Score: 290
[94mcomment("Place a burner-mining-drill on stone and output into chest")
place_entity('burner-mining-drill', direction=UP, position=(stone_position[0], stone_position[1] - 2))
place_entity('wooden-chest', direction=UP, position=(stone_position[0], stone_position[1] - 1))
[92mLine 1: 
Line 2: Error: Could not place burner-mining-drill. "global.actions.place entity = function(player..."]:71: Maybe inspect your surroundings before placing
Score: 290
[94mcomment("Inspect surroundings and entities before placing burner-mining-drill and wooden chest")
inspect_resources()
inspect_entities(10)
stone_position = nearest('stone')
move_to(stone_position)
place_entity('burner-mining-drill', direction=UP, position=(stone_position[0], stone_position[1] - 2))
place_entity('wooden-chest', direction=UP, position=(stone_position[0], stone_position[1] -1))
[92mLine 1: 
Line 2: {'water': {'size': 900, 'direction': {'offset': 42, 'named_direction': 'north', 'min_coordinates': (-18, -50), 'max_coordinates': (31, -33)}}, 'coal': {'size': 100, 'direction': {'offset': 10, 'named_direction': 'northwest', 'min_coordinates': (-17, -14), 'max_coordinates': (-8, -5)}}, 'iron_ore': {'size': 100, 'direction': {'offset': 10, 'named_direction': 'east-northeast', 'min_coordinates': (22, -14), 'max_coordinates': (31, -5)}}, 'stone': {'size': 100, 'direction': {'offset': 10, 'named_direction': 'southwest', 'min_coordinates': (-17, 6), 'max_coordinates': (-8, 15)}}, 'copper_ore': {'size': 100, 'direction': {'offset': 10, 'named_direction': 'east-southeast', 'min_coordinates': (22, 6), 'max_coordinates': (31, 15)}}, 'uranium_ore': {'size': 100, 'direction': {'offset': 30, 'named_direction': 'southeast', 'min_coordinates': (22, 26), 'max_coordinates': (31, 35)}}}
Line 3: [{'type': 'player_character', 'direction': 'north', 'position': (-34, 64), 'status': 'empty'}, {'type': 'burner_mining_drill', 'direction': 'west', 'position': (-10, -5), 'status': 'empty'}]
Line 4: 
Line 5: 
Line 6: (-17, 13)
Line 7: (-17, 14)
Score: 290
[94mcomment("Refine positioning of burner-mining-drill and wooden chest output")
stone_position = (-17, 13)
move_to(stone_position)
place_entity('burner-mining-drill', direction=UP, position=(stone_position[0], stone_position[1] - 1))
place_entity('wooden-chest', direction=UP, position=(stone_position[0], stone_position[1] + 1))
[92mLine 1: 
Line 2: 
Line 3: 
Line 4: Error: Could not place burner-mining-drill. "global.actions.place entity = function(player..."]:14: No burner mining drill in inventory.
Score: 290
[94mcomment("Craft a burner-mining-drill and rerun the previous action")
craft_item('burner-mining-drill', quantity=1)
[92mLine 1: 
Line 2: Error: Could not craft a burner-mining-drill. "global.actions.craft item = function(player i..."]:72: Failed to craft 1x burner-mining-drill because missing ingredient stone
Score: 290
[94mcomment("Harvest 5 stone to craft a burner-mining-drill")
harvest_resource(stone_position, quantity=5)
craft_item('burner-mining-drill', quantity=1)
place_entity('burner-mining-drill', direction=UP, position=(stone_position[0], stone_position[1] - 1))
place_entity('wooden-chest', direction=UP, position=(stone_position[0], stone_position[1] + 1))
[92mLine 1: 
Line 2: Error: Could not harvest.. "global.actions.harvest resource = function(pl..."]:65: Could only harvest 0
Score: 319
[94mcomment("Retrieve stone from inventory")
extract_item('stone', source_position=nearest('stone'), quantity=5)
[92mLine 1: 
Line 2: Error: Could not extract.. "global.actions.extract item = function(player..."]:32: No item to extract
Score: 319
[94mcomment("Find nearest coal and setup a burner-drill and wooden chest")
inspect_resources()
inspect_entities(20)
coal_position = nearest('coal')
move_to(coal_position)
place_entity('burner-mining-drill', direction=UP, position=(coal_position[0], coal_position[1] - 2))
place_entity('wooden-chest', direction=UP, position=(coal_position[0], coal_position[1] - 1))
[92mLine 1: 
Line 2: {'water': {'size': 900, 'direction': {'offset': 42, 'named_direction': 'north', 'min_coordinates': (-18, -50), 'max_coordinates': (31, -33)}}, 'coal': {'size': 100, 'direction': {'offset': 10, 'named_direction': 'northwest', 'min_coordinates': (-17, -14), 'max_coordinates': (-8, -5)}}, 'iron_ore': {'size': 100, 'direction': {'offset': 10, 'named_direction': 'east-northeast', 'min_coordinates': (22, -14), 'max_coordinates': (31, -5)}}, 'stone': {'size': 100, 'direction': {'offset': 10, 'named_direction': 'southwest', 'min_coordinates': (-17, 6), 'max_coordinates': (-8, 15)}}, 'copper_ore': {'size': 100, 'direction': {'offset': 10, 'named_direction': 'east-southeast', 'min_coordinates': (22, 6), 'max_coordinates': (31, 15)}}, 'uranium_ore': {'size': 100, 'direction': {'offset': 30, 'named_direction': 'southeast', 'min_coordinates': (22, 26), 'max_coordinates': (31, 35)}}}
Line 3: [{'type': 'burner_mining_drill', 'direction': 'west', 'position': (-10, -5), 'status': 'empty'}, {'type': 'burner_mining_drill', 'direction': 'north', 'position': (-17, 13), 'status': 'empty'}, {'type': 'player_character', 'direction': 'north', 'position': (-17, 13), 'status': 'empty'}, {'type': 'wooden_chest', 'direction': 'north', 'position': (-16.5, 14.5), 'status': 'empty'}]
Line 4: 
Line 5: 
Line 6: Error: Could not place burner-mining-drill. "global.actions.place entity = function(player..."]:14: No burner mining drill in inventory.
Score: 319
[94mcomment("Craft a burner-mining-drill and wooden chest")
craft_item('burner-mining-drill', quantity=1)
craft_item('wooden-chest', quantity=1)
[92mLine 1: 
Line 2: 
Line 3: 
Score: 319
[94mcomment("Place the crafted burner-mining-drill and wooden chest near the coal")
place_entity('burner-mining-drill', direction=UP, position=(coal_position[0], coal_position[1] - 2))
place_entity('wooden-chest', direction=UP, position=(coal_position[0], coal_position[1] - 1))
[92mLine 1: 
Line 2: (-17, -7)
Line 3: Error: Could not place wooden-chest. "global.actions.place entity = function(player..."]:71: Maybe inspect your surroundings before placing
Score: 319
[94mcomment("Inspect surroundings and try placing wooden chest again")
inspect_entities(5)
place_entity('wooden-chest', direction=RIGHT, position=(coal_position[0] + 1, coal_position[1]))
[92mLine 1: 
Line 2: [{'type': 'burner_mining_drill', 'direction': 'north', 'position': (-17, -7), 'status': 'empty'}, {'type': 'burner_mining_drill', 'direction': 'north', 'position': (-17, 13), 'status': 'empty'}, {'type': 'burner_mining_drill', 'direction': 'west', 'position': (-10, -5), 'status': 'empty'}, {'type': 'player_character', 'direction': 'north', 'position': (-17, -5), 'status': 'empty'}, {'type': 'wooden_chest', 'direction': 'north', 'position': (-16.5, 14.5), 'status': 'empty'}]
Line 3: (-16, -5)
Score: 319
[94mcomment("Insert coal into newly placed burner-drill to start mining")
inspect_inventory()
pickup_entity('coal', coal_position)
insert_item('coal', target_position=(-17, -7), quantity=1)
[92mLine 1: 
Line 2: {'iron-chest': 1, 'transport-belt': 50, 'assembling-machine-1': 1, 'wood': 16, 'coal': 50, 'stone': 7, 'iron-plate': 32, 'copper-plate': 50}
Line 3: Error: Could not pickup, did you intend to harvest?. 0
Score: 319
[94mcomment("Harvest coal and insert it into the newly placed burner-drill")
harvest_resource(coal_position, quantity=5)
insert_item('coal', target_position=(-17, -7), quantity=1)
[92mLine 1: 
Line 2: Error: Could not harvest.. "global.actions.harvest resource = function(pl..."]:65: Could only harvest 0
Score: 346
[94mcomment("Move closer to coal, harvest, and insert into the burner-drill")
move_to(coal_position)
harvest_resource(coal_position, quantity=5)
insert_item('coal', target_position=(-17, -7), quantity=1)
[92mLine 1: 
Line 2: 
Line 3: Error: Could not harvest.. "global.actions.harvest resource = function(pl..."]:65: Could only harvest 0
Score: 373
[94mcomment("Extract coal from another mining drill and insert it into the newly placed burner-drill")
extract_item('coal', source_position=(-17, 13), quantity=1)
insert_item('coal', target_position=(-17, -7), quantity=1)
[92mLine 1: 
Line 2: Error: Could not extract.. "global.actions.extract item = function(player..."]:32: No item to extract
Score: 373
[94mcomment("Place a wooden chest next to the coal drill to store output")
place_entity('wooden-chest', direction=RIGHT, position=(coal_position[0] + 2, coal_position[1]))
[92mLine 1: 
Line 2: Error: Could not place wooden-chest. "global.actions.place entity = function(player..."]:14: No wooden chest in inventory.
Score: 373
[94mcomment("Craft a wooden chest")
craft_item('wooden-chest', quantity=1)
[92mLine 1: 
Line 2: 
Score: 373
[94mcomment("Place the crafted wooden chest next to the coal drill to store output")
place_entity('wooden-chest', direction=RIGHT, position=(coal_position[0] + 2, coal_position[1]))
[92mLine 1: 
Line 2: (-15, -5)
Score: 373
