[92mThere are 4.2k tree_01s scattered 23km northwest, 17km north-northwest, 16km north, 16km north-northeast, 21km northeast, 1km east-northeast, 3km west-northwest, 760 metres west, 32 metres east, 4km west-southwest, 720 metres east-southeast, 17km southeast, 17km southwest, 13km south-southwest, 13km south-southeast, and 11km south 
- 100x coal 10 metres northwest (-17, -14) x (-8, -5)
- 100x iron_ore 10 metres east-northeast (22, -14) x (31, -5)
- 100x stone 10 metres southwest (-17, 6) x (-8, 15)
- 100x copper_ore 10 metres east-southeast (22, 6) x (31, 15)
- 100x uranium_ore 30 metres southeast (22, 26) x (31, 35)
[96m# Lets start by checking my inventory.
[92m{'iron-chest': 1, 'transport-belt': 50, 'burner-mining-drill': 1, 'stone-furnace': 1, 'assembling-machine-1': 1, 'coal': 50, 'iron-plate': 50, 'copper-plate': 50}
[96m# Let's start by placing mining drills and furnaces for coal, iron, stone, and copper and set up belt routes
[94mcoal_position = nearest('coal')
iron_position = nearest('iron_ore')
stone_position = nearest('stone')
copper_position = nearest('copper_ore')
[94mplace_entity('burner-mining-drill', direction=2, position=coal_position)
place_entity('stone-furnace', direction=2, position=(coal_position[0]+2, coal_position[1]))
move_to((coal_position[0]-1, coal_position[1]), laying='transport-belt')
move_to((stone_position[0]+1, stone_position[1]), laying='transport-belt')
[92mTrue
True
None
None
[94m# Let's continue with placing mining drills and furnaces for iron, stone, and copper
place_entity('burner-mining-drill', direction=2, position=iron_position)
place_entity('stone-furnace', direction=2, position=(iron_position[0]+2, iron_position[1]))
move_to((iron_position[0]-1, iron_position[1]), laying='transport-belt')
move_to((copper_position[0]+1, copper_position[1]), laying='transport-belts')
[91mCould not place burner-mining-drill. No burner mining drill in inventory
[94m# Craft a burner-mining-drill for iron
craft_item('burner-mining-drill', quantity=1)
place_entity('burner-mining-drill', direction=2, position=iron_position)
[91mCould not craft a burner-mining-drill. {'stone': 5}
[94m# Harvest stone to craft a burner-mining-drill
move_to(stone_position)
harvest_resource(stone_position, quantity=5)
craft_item('burner-mining-drill', quantity=1)
place_entity('burner-mining-drill', direction=2, position=iron_position)
[92mNone
True
1
True
[94m# Now let's place furnaces for iron and copper, and mining drills and furnaces for stone and copper
place_entity('stone-furnace', direction=2, position=(iron_position[0]+2, iron_position[1]))
[91mCould not place stone-furnace. No stone furnace in inventory
[94m# Craft a stone-furnace for iron
craft_item('stone-furnace', quantity=1)
place_entity('stone-furnace', direction=2, position=(iron_position[0]+2, iron_position[1]))
[92m1
True
[94m# Place a mining drill and furnace for stone and copper
move_to(stone_position)
craft_item('burner-mining-drill', quantity=1)
place_entity('burner-mining-drill', direction=2, position=stone_position)
craft_item('stone-furnace', quantity=1)
place_entity('stone-furnace', direction=2, position=(stone_position[0]+2, stone_position[1]))
[91mCould not place burner-mining-drill. Cant build there due to existing transport belt at  0
[94m# Let's remove the transport belt and place the mining drill and furnace for stone and copper
pickup_entity((stone_position[0], stone_position[1]))
place_entity('burner-mining-drill', direction=2, position=stone_position)
craft_item('stone-furnace', quantity=1)
place_entity('stone-furnace', direction=2, position=(stone_position[0]+2, stone_position[1]))
[91mCould not pickup.. Nothing to here to pick up
[94m# My mistake, let's choose a different stone position which is not overlapping with transport belts
stone_positions = [(-17, 6), (-8, 15)]
for pos in stone_positions:
    if pos != stone_position:
        new_stone_position = pos
        break
[94m# Move to the new stone position and place the mining drill and furnace
move_to(new_stone_position)
place_entity('burner-mining-drill', direction=2, position=new_stone_position)
[92mNone
True
[94m# Now, let's place the stone furnace for stone
craft_item('stone-furnace', quantity=1)
place_entity('stone-furnace', direction=2, position=(new_stone_position[0]+2, new_stone_position[1]))
[92m1
True
[94m# Finally, let's place the mining drill and furnace for copper
move_to(copper_position)
craft_item('burner-mining-drill', quantity=1)
place_entity('burner-mining-drill', direction=2, position=copper_position)
craft_item('stone-furnace', quantity=1)
place_entity('stone-furnace', direction=2, position=(copper_position[0]+2, copper_position[1]))
[92mNone
1
True
1
True
[94m# Now that mining drills and furnaces are set up, let's connect them with transport belts.
move_to((iron_position[0]-1, iron_position[1]), laying='transport-belt')
move_to((copper_position[0]+1, copper_position[1]), laying='transport-belts')
move_to((new_stone_position[0]-1, new_stone_position[1]), laying='transport-belt')
[91mCould not goto. string indices must be integers
[94m# My mistake, let's move to each position separately by using tuples as indices
move_to((iron_position[0]-1, iron_position[1]), laying='transport-belt')
move_to((copper_position[0]+1, copper_position[1]), laying='transport-belts')
move_to((new_stone_position[0]-1, new_stone_position[1]), laying='transport-belt')
[91mCould not goto. string indices must be integers
[94m# My apologies, there was an error in my response, let me correct that
move_to((iron_position[0]-1, iron_position[1]), laying='transport-belt')
move_to((copper_position[0]-1, copper_position[1]), laying='transport-belts')
move_to((new_stone_position[0]-1, new_stone_position[1]), laying='transport-belt')
[91mCould not goto. string indices must be integers
