[94m# Initial setup
[94m# Let's begin by inspecting our surroundings
inspect_resources()
inspect_entities(20)
[92mLine 1: Error: name 'count str' is not defined
Line 2: {'entities': [{'type': 'player_character', 'direction': 'west', 'position': (0, 0), 'status': 'empty'}]}
[94m# Sorry about that typo, let's move on. 
[94m# Initial setup
[94m# Let's begin by inspecting our surroundings
inspect_resources()
inspect_entities(20)
[92mLine 1: Error: name 'count str' is not defined
Line 2: {'entities': [{'type': 'player_character', 'direction': 'west', 'position': (0, 0), 'status': 'empty'}]}
[94m# Sorry about that typo, let's move on. 
[94m# We will start by mining coal
[94m# Collect 10 coal
coal_position = nearest('coal')
move_to(coal_position)
harvest_resource(coal_position, 10)
[92mLine 1: Error: Could not harvest.. Nothing within reach to harvest
[94m# My apologies. We seem to not have any coal minable by hand within our reach.
[94m# Let's start by creating a coal mining setup
[94m# Create a coal mining setup
