comment("Plan:")
comment("Our plan is to set up a simple mining operation near the ore deposit at position (-8, -5) and process the ore into useful items. We will start by laying down transport belts to connect the mining drills, furnaces and storage facilities. We will also need to power our setup using coal-fired boilers and steam engines.")
comment("Lay down transport belts")
comment("Move to the ore deposit position")
move_to((-8, -5))
comment("Place a burner-mining-drill on the ore deposit")
place_entity('burner-mining-drill', direction=DOWN, exact=False, position=(-8, -5))
comment("Craft a burner-mining-drill")
craft_item('burner-mining-drill', quantity=1)
comment("Place a burner-mining-drill on the ore deposit")
place_entity('burner-mining-drill', direction=DOWN, exact=False, position=(-8, -5))
comment("Lay down a transport belt that connects the burner-mining-drill to a furnace")
move_to((-8, -4))
laying = 'transport-belt'
place_entity_next_to(laying, (-8, -5), direction=UP) # place at the output of burner mining drill
place_entity_next_to(laying, (-8, -4), direction=UP) # place at the input of the furnace
comment("Move one tile to the right of the mining drill and place a transport belt to direct ores to the furnace")
move_to((-7, -5))
laying = 'transport-belt'
place_entity_next_to(laying, (-8, -5), direction=LEFT) # place at the output of burner mining drill
comment("Craft a stone furnace")
craft_item('stone-furnace', quantity=1)
comment("Craft 10 stone and then craft a stone furnace")
craft_item('stone', quantity=10)
craft_item('stone-furnace', quantity=1)
comment("We need to mine stone first. Moving to the nearest stone"),
move_to(nearest('stone')) 
comment("Placing the burner-mining-drill on the nearest stone.")
place_entity('burner-mining-drill', direction=DOWN, exact=False, position=nearest('stone'))
comment("Let's add the burner-mining-drill to our inventory so that we can place it")
move_to(nearest('coal'))
craft_item('burner-mining-drill', quantity=1)
comment("We need to mine some more stone for the burner-mining-drill. Moving to the nearest stone and mining 10 of them")
move_to(nearest('stone'))
harvest_resource(nearest('stone'), quantity=10)
comment("Let's craft the burner-mining-drill again") 
craft_item('burner-mining-drill', quantity=1)
comment("Placing burner-mining-drill on stone")
place_entity('burner-mining-drill', direction=DOWN, exact=False, position=nearest('stone'))
comment("Let's add some power now by placing a steam engine and boiler")
comment("Moving towards coal to mine for the boiler")
move_to(nearest('coal'))
comment("Placing the boiler on the coal patch")
place_entity('boiler', direction=UP, exact=False, position=nearest('coal'))
comment("Let's craft the boiler first")
craft_item('boiler', quantity=1)
comment("Placing the steam engine next to the boiler")
place_entity_next_to('steam-engine', nearest('boiler'), direction=LEFT, gap=1)
comment("Sorry I got ahead of myself. Let's place the burner-mining-drill for coal first and then we can add power generation")
move_to(nearest('coal'))
place_entity('burner-mining-drill', direction=DOWN, exact=False, position=nearest('coal'))
comment("Whoops, let's craft the burner mining drill")
craft_item('burner-mining-drill', quantity=1)
comment("We are missing an ingredient for crafting a burner mining drill. Let's make a burner furnace to get some iron plates.")
comment("Moving towards the iron ore to mine for the furnace")
move_to(nearest('iron-ore'))
place_entity('stone-furnace', direction=UP, exact=False, position=nearest('iron-ore'))
comment("Oops, let's craft the furnace first")
craft_item('stone-furnace', quantity=1)
comment("Looks like we don't have enough of everything. Let's start by picking up resources in the vicinity")
resources = inspect_resources()
for resource in resources:
    quantity = resources[resource]
    if quantity > 0:
        pickup_entity(resource, resource)
        
comment("Now, let's try crafting the basic items again")
crafted_enough = False
while not crafted_enough:
    inspect_inventory()
    craft_item('stone-furnace', quantity=1)
    inspect_inventory()
    craft_item('burner-mining-drill', quantity=1)
    inspect_inventory()
    crafted_enough = True if 'stone-furnace' in inspect_inventory() and inspect_inventory()['stone-furnace'] > 0 and 'burner-mining-drill' in inspect_inventory() and inspect_inventory()['burner-mining-drill'] > 0 else False
comment("We should inspect and iterate through the resources dictionary instead of iterating through the keys")
resources = inspect_resources()
for resource, details in resources.items():
    comment(f"Found {resource} at {details['min_coordinates']}")
    if resource == 'coal':
        quantity = details['size']
        pickup_entity(resource, details['min_coordinates'])
    elif resource == 'iron_ore':
        ore = details['min_coordinates']
        harvest_resource(ore, quantity=10)
comment("We used the wrong variable name when accessing the resource details. Let's fix it.")
resources = inspect_resources()
for resource, details in resources.items():
    if resource == 'coal':
        pickup_entity(resource, nearest(resource))
    elif resource == 'iron-ore':
        harvest_resource(nearest(resource), quantity=5)
    elif resource == 'stone':
        harvest_resource(nearest(resource), quantity=3)
comment("Let's harvest some coal to power the furnace")
harvest_resource((-17, -14), quantity=5)
insert_item('coal', target_position=nearest('stone-furnace'), quantity=1)
comment("Oops, the position is out of reach. Let's move closer and try again.")
move_to((-17,-14))
harvest_resource((-17, -14), quantity=5)
comment("Now that we have enough coal, let's craft a stone furnace.")
craft_item("stone-furnace", quantity=1)
comment("Looks like we need some stone to craft it. Let's extract some stone from the nearby resource.")
extract_item("stone", source_position=(-16, -14), quantity=5)
comment("I misread the coordinates. Let me check again.")
inspect_resources()
comment("Okay, there's no stone resource nearby. Let's pick up some stone from the ground nearby.")
pickup_entity("stone", (-17, -13))
comment("Oops, looks like there is no stone on the ground. Let's find a resource with stone.")
for resource in inspect_resources():
    if resource == 'stone':
        details = inspect_resources()[resource][0]
        position = ((details['max_coordinates'][0]+details['min_coordinates'][0])/2, (details['max_coordinates'][1]+details['min_coordinates'][1])/2)
        move_to(position)
        harvest_resource(position, quantity=5)
        break
comment("Great. Now that we have stone, let's craft a stone furnace.")
craft_item("stone-furnace", quantity=1)
comment("Now let's place the furnace.")
move_to((-17, -13))
place_entity('stone-furnace', direction=DOWN, position=(-17, -13))
inspect_entities(10)
comment("Okay, let's connect the stone furnace to the burner mining drill.")
entity_ids = inspect_entities(2)
for entity in entity_ids:
    if entity['name'] == 'stone-furnace':
        furnace_id = entity['entity_number']
    elif entity['name'] == 'burner-mining-drill':
        drill_id = entity['entity_number']
connect_entities(source_id=drill_id, target_id=furnace_id, connection_type='inserter')
comment("Looks like I forgot to type the loop statement.")
entity_ids = inspect_entities(2)
for entity in entity_ids:
    if entity['type'] == 'burner_mining_drill':
        source_position = entity['position']
    elif entity['type'] == 'stone_furnace':
        target_position = entity['position']
connect_entities(source_position, target_position, 'inserter')
comment("Now let's connect the stone furnace to the burner mining drill.")
entity_ids = inspect_entities(2)
for entity in entity_ids:
    if entity['type'] == 'burner_mining_drill':
        drill_position = entity['position']
        break
connect_entities(source_position=(-17, -12), target_position=drill_position, connection_type="inserter") #assuming the position of the stone furnace is (-17, -12).
comment("Oops, we need to get the positions of the furnace and drill.")
entity_ids = inspect_entities(2)
for entity in entity_ids:
    if entity['type'] == 'burner_mining_drill':
        drill_position = entity['position']
    elif entity['type'] == 'stone_furnace':
        furnace_position = entity['position']
comment("Now let's connect the stone furnace to the burner mining drill.")
connect_entities(source_position=furnace_position, target_position=drill_position, connection_type='inserter')
comment("Let's try again.")
source_position = drill_position
target_position = furnace_position
connect_entities(source_position, target_position, 'inserter')
comment("It seems that the furnace and the drill are too far apart. Let's move them closer together.")
entity_ids = inspect_entities(20)
for entity in entity_ids:
    if entity['type'] == 'stone_furnace':
        furnace_position = entity['position']
        move_to(furnace_position)
        break
else:
    print("No furnaces found")
comment("Let's move the drill closer to the furnace.")
move_to((furnace_position[0]-2, furnace_position[1]))
place_entity_next_to('burner-mining-drill', reference_position=furnace_position, direction=LEFT, gap=1)
entity_ids = inspect_entities(20)
for entity in entity_ids:
    if entity['type'] == 'burner_mining_drill':
        drill_position = entity['position']
comment("The location is not working. Let's look for another suitable spot for the mining drill.")
entity_ids = inspect_entities(20)
for entity in entity_ids:
    if entity['type'] == 'stone_furnace':
        furnace_position = entity['position']
        break
comment("Let's move the drill to the other side of the furnace.")
move_to((furnace_position[0]+2, furnace_position[1]))
position = place_entity_next_to('burner-mining-drill', reference_position=furnace_position, direction=RIGHT, gap=1)
comment("I think the current location is not appropriate for the mining drill. Let's get closer to the resources.") 
move_to((-2, 0))
position = place_entity('burner-mining-drill', DOWN, position=(-2, 0))
comment("We are missing the necessary resource to place a burner-mining-drill. Let's check the inventory to see if we have enough Stone Furnaces to smelt the ores.")
inventory = inspect_inventory()
if 'stone-furnace' in inventory and inventory['stone-furnace'] >= 3:
    comment("We have sufficient furnaces to smelt the ores.")
else:
    comment("We don't have enough stone furnaces to smelt the ores, we need to craft more.")
comment("Let's craft 2 more stone furnaces")
craft_item('stone-furnace', quantity=2)
comment("It seems like we don't have enough ingredients to craft stone furnaces. Let's check the resources around us.")
resources = inspect_resources()
for resource in resources:
    if resource['name'] == 'stone':
        comment(f"We have found stone near our current location at {resource['position']}. Let's go there to mine it.") 
        move_to(resource['position'])
        harvest_resource(resource['position'], quantity=20)
        break
comment("It seems like there was an error in the code. Let's rewrite the loop for inspecting resources.")
resources = inspect_resources()
stone_count = 0
for resource in resources:
    if resource['name'] == 'stone':
        stone_count = resource['amount']
        break
        
if stone_count > 10:
    comment("We have enough stone to craft the stone furnaces.")
else:
    comment("We need to find more stone to craft the stone furnaces.")
comment("There seems to be a mistake in our code. Let's check the output of inspect resources and make the necessary corrections.")
resources = inspect_resources()
print(resources)
comment("It seems like there are no natural resources near our location. Let's move closer to a resource to start mining.")
move_to(nearest('coal'))
position = place_entity('burner-mining-drill', DOWN)
comment("We do not have any burner mining drills in our inventory. Let's craft one.")
craft_item('burner-mining-drill', quantity=1)
comment("We need stones to craft the burner-mining-drill. Let's find a stone resource nearby.")
stones = nearest('stone')
move_to(stones)
