[94mcomment("Plan:")
[94mcomment("Our plan is to set up a simple mining operation near the ore deposit at position (-8, -5) and process the ore into useful items. We will start by laying down transport belts to connect the mining drills, furnaces and storage facilities. We will also need to power our setup using coal-fired boilers and steam engines.")
[94mcomment("Lay down transport belts")
[94mcomment("Move to the ore deposit position")
move_to((-8, -5))
[94mcomment("Place a burner-mining-drill on the ore deposit")
place_entity('burner-mining-drill', direction=DOWN, exact=False, position=(-8, -5))
[91m1: Error: Could not place burner-mining-drill.  No burner mining drill in inventory.
[94mcomment("Craft a burner-mining-drill")
craft_item('burner-mining-drill', quantity=1)
[94mcomment("Place a burner-mining-drill on the ore deposit")
place_entity('burner-mining-drill', direction=DOWN, exact=False, position=(-8, -5))
[92m1: (-9, -6)
[94mcomment("Lay down a transport belt that connects the burner-mining-drill to a furnace")
move_to((-8, -4))
laying = 'transport-belt'
place_entity_next_to(laying, (-8, -5), direction=UP) # place at the output of burner mining drill
place_entity_next_to(laying, (-8, -4), direction=UP) # place at the input of the furnace
[91m3: (-8, -6.3984375)
4: Error: Could not place transport-belt at (-8, -4).. "global.actions.place entity next to = functio..."]:57: Cannot place here.
[94mcomment("Move one tile to the right of the mining drill and place a transport belt to direct ores to the furnace")
move_to((-7, -5))
laying = 'transport-belt'
place_entity_next_to(laying, (-8, -5), direction=LEFT) # place at the output of burner mining drill
[92m3: (-9.3984375, -5)
[94mcomment("Craft a stone furnace")
craft_item('stone-furnace', quantity=1)
[91m1: Error: Could not craft a stone-furnace. "global.actions.craft item = function(player i..."]:73: Failed to craft 1x stone-furnace because missing ingredient stone
[94mcomment("Craft 10 stone and then craft a stone furnace")
craft_item('stone', quantity=10)
craft_item('stone-furnace', quantity=1)
[91m1: Error: Could not craft a stone. "global.actions.craft item = function(player i..."]:73: Failed to craft 10x stone because recipe doesnt exist
[94mcomment("We need to mine stone first. Moving to the nearest stone"),
move_to(nearest('stone')) 
[92m0: (None,)
[94mcomment("Placing the burner-mining-drill on the nearest stone.")
place_entity('burner-mining-drill', direction=DOWN, exact=False, position=nearest('stone'))
[91m1: Error: Could not place burner-mining-drill.  No burner mining drill in inventory.
[94mcomment("Let's add the burner-mining-drill to our inventory so that we can place it")
move_to(nearest('coal'))
craft_item('burner-mining-drill', quantity=1)
[91m2: Error: Could not craft a burner-mining-drill. "global.actions.craft item = function(player i..."]:73: Failed to craft 1x burner-mining-drill because missing ingredient stone
[94mcomment("We need to mine some more stone for the burner-mining-drill. Moving to the nearest stone and mining 10 of them")
move_to(nearest('stone'))
harvest_resource(nearest('stone'), quantity=10)
[94mcomment("Let's craft the burner-mining-drill again") 
craft_item('burner-mining-drill', quantity=1)
[94mcomment("Placing burner-mining-drill on stone")
place_entity('burner-mining-drill', direction=DOWN, exact=False, position=nearest('stone'))
[92m1: (-9, 6)
[94mcomment("Let's add some power now by placing a steam engine and boiler")
comment("Moving towards coal to mine for the boiler")
move_to(nearest('coal'))
[94mcomment("Placing the boiler on the coal patch")
place_entity('boiler', direction=UP, exact=False, position=nearest('coal'))
[91m1: Error: Could not place boiler.  No boiler in inventory.
[94mcomment("Let's craft the boiler first")
craft_item('boiler', quantity=1)
[94mcomment("Placing the steam engine next to the boiler")
place_entity_next_to('steam-engine', nearest('boiler'), direction=LEFT, gap=1)
[91m1: Error: No boiler found on the map
[94mcomment("Sorry I got ahead of myself. Let's place the burner-mining-drill for coal first and then we can add power generation")
move_to(nearest('coal'))
place_entity('burner-mining-drill', direction=DOWN, exact=False, position=nearest('coal'))
[91m2: Error: Could not place burner-mining-drill.  No burner mining drill in inventory.
[94mcomment("Whoops, let's craft the burner mining drill")
craft_item('burner-mining-drill', quantity=1)
[91m1: Error: Could not craft a burner-mining-drill. "global.actions.craft item = function(player i..."]:73: Failed to craft 1x burner-mining-drill because missing ingredient stone
[94mcomment("We are missing an ingredient for crafting a burner mining drill. Let's make a burner furnace to get some iron plates.")
comment("Moving towards the iron ore to mine for the furnace")
move_to(nearest('iron-ore'))
place_entity('stone-furnace', direction=UP, exact=False, position=nearest('iron-ore'))
[91m3: Error: Could not place stone-furnace.  No stone furnace in inventory.
[94mcomment("Oops, let's craft the furnace first")
craft_item('stone-furnace', quantity=1)
[91m1: Error: Could not craft a stone-furnace. "global.actions.craft item = function(player i..."]:73: Failed to craft 1x stone-furnace because missing ingredient stone
[94mcomment("Looks like we don't have enough of everything. Let's start by picking up resources in the vicinity")
resources = inspect_resources()
for resource in resources:
    quantity = resources[resource]
    if quantity > 0:
        pickup_entity(resource, resource)
        
comment("Now, let's try crafting the basic items again")
crafted_enough = False
while not crafted_enough:
    inspect_inventory()
    craft_item('stone-furnace', quantity=1)
    inspect_inventory()
    craft_item('burner-mining-drill', quantity=1)
    inspect_inventory()
    crafted_enough = True if 'stone-furnace' in inspect_inventory() and inspect_inventory()['stone-furnace'] > 0 and 'burner-mining-drill' in inspect_inventory() and inspect_inventory()['burner-mining-drill'] > 0 else False
[91m2: Error: '>' not supported between instances of 'list' and 'int'
[94mcomment("We should inspect and iterate through the resources dictionary instead of iterating through the keys")
resources = inspect_resources()
for resource, details in resources.items():
    comment(f"Found {resource} at {details['min_coordinates']}")
    if resource == 'coal':
        quantity = details['size']
        pickup_entity(resource, details['min_coordinates'])
    elif resource == 'iron_ore':
        ore = details['min_coordinates']
        harvest_resource(ore, quantity=10)
[91m2: Error: list indices must be integers or slices, not str
[94mcomment("We used the wrong variable name when accessing the resource details. Let's fix it.")
resources = inspect_resources()
for resource, details in resources.items():
    if resource == 'coal':
        pickup_entity(resource, nearest(resource))
    elif resource == 'iron-ore':
        harvest_resource(nearest(resource), quantity=5)
    elif resource == 'stone':
        harvest_resource(nearest(resource), quantity=3)
[91m2: Error: Could not pickup, did you intend to harvest?. 0
[94mcomment("Let's harvest some coal to power the furnace")
harvest_resource((-17, -14), quantity=5)
insert_item('coal', target_position=nearest('stone-furnace'), quantity=1)
[91m1: Error: Could not harvest.. "global.actions.harvest resource = function(pl..."]:47: Could not harvest at position (-17, -14), possibly out of reach?
[94mcomment("Oops, the position is out of reach. Let's move closer and try again.")
move_to((-17,-14))
harvest_resource((-17, -14), quantity=5)
[94mcomment("Now that we have enough coal, let's craft a stone furnace.")
craft_item("stone-furnace", quantity=1)
[91m1: Error: Could not craft a stone-furnace. "global.actions.craft item = function(player i..."]:73: Failed to craft 1x stone-furnace because missing ingredient stone
[94mcomment("Looks like we need some stone to craft it. Let's extract some stone from the nearby resource.")
extract_item("stone", source_position=(-16, -14), quantity=5)
[91m1: Error: Could not extract.. "global.actions.extract item = function(player..."]:32: No item to extract
[94mcomment("I misread the coordinates. Let me check again.")
inspect_resources()
[92m1: {'water': [{'size': 900, 'min_coordinates': (-18, -50), 'max_coordinates': (31, -33)}], 'coal': [{'size': 100, 'min_coordinates': (-17, -14), 'max_coordinates': (-8, -5)}], 'iron_ore': [{'size': 100, 'min_coordinates': (22, -14), 'max_coordinates': (31, -5)}], 'stone': [{'size': 100, 'min_coordinates': (-17, 6), 'max_coordinates': (-8, 15)}], 'copper_ore': [{'size': 100, 'min_coordinates': (22, 6), 'max_coordinates': (31, 15)}], 'uranium_ore': [{'size': 100, 'min_coordinates': (22, 26), 'max_coordinates': (31, 35)}], 'item_on_ground': [{'size': 2, 'scattered': True}], 'stone_furnace': [{'size': 2, 'scattered': True}], 'burner_mining_drill': [{'size': 1, 'scattered': True}], 'iron_chest': [{'size': 1, 'scattered': True}]}
[94mcomment("Okay, there's no stone resource nearby. Let's pick up some stone from the ground nearby.")
pickup_entity("stone", (-17, -13))
[91m1: Error: Could not pickup, did you intend to harvest?. 0
[94mcomment("Oops, looks like there is no stone on the ground. Let's find a resource with stone.")
for resource in inspect_resources():
    if resource == 'stone':
        details = inspect_resources()[resource][0]
        position = ((details['max_coordinates'][0]+details['min_coordinates'][0])/2, (details['max_coordinates'][1]+details['min_coordinates'][1])/2)
        move_to(position)
        harvest_resource(position, quantity=5)
        break
[94mcomment("Great. Now that we have stone, let's craft a stone furnace.")
craft_item("stone-furnace", quantity=1)
[94mcomment("Now let's place the furnace.")
move_to((-17, -13))
place_entity('stone-furnace', direction=DOWN, position=(-17, -13))
inspect_entities(10)
[92m2: (-17, -13)
3: [{'type': 'transport_belt', 'position': (-32.5, 55.5), 'start_position': (-32.5, 55.5), 'end_position': (-17.8984375, 68.5), 'quantity': 6, 'warning': '', 'status': 'empty'}, {'type': 'transport_belt', 'position': (-34.5, 61.5), 'start_position': (-34.5, 61.5), 'end_position': (-19.8984375, 74.5), 'quantity': 3, 'warning': '', 'status': 'empty'}, {'type': 'transport_belt', 'position': (-37.5, 63.5), 'start_position': (-37.5, 63.5), 'end_position': (-22.8984375, 76.5), 'quantity': 2, 'warning': '', 'status': 'empty'}, {'type': 'transport_belt', 'position': (-32.5, 61.5), 'start_position': (-32.5, 61.5), 'end_position': (-17.8984375, 74.5), 'quantity': 2, 'warning': '', 'status': 'empty'}, {'type': 'transport_belt', 'position': (-37.5, 61.5), 'start_position': (-37.5, 61.5), 'end_position': (-22.8984375, 74.5), 'quantity': 2, 'warning': '', 'status': 'empty'}, {'type': 'transport_belt', 'position': (-34.5, 64.5), 'start_position': (-34.5, 64.5), 'end_position': (-19.8984375, 77.5), 'quantity': 2, 'warning': '', 'status': 'empty'}, {'type': 'transport_belt', 'position': (-40.5, 64.5), 'warning': '', 'status': 'empty'}, {'type': 'transport_belt', 'position': (-36.5, 64.5), 'warning': '', 'status': 'empty'}, {'type': 'transport_belt', 'position': (-7.5, -6.5), 'warning': '', 'status': 'empty'}, {'type': 'transport_belt', 'position': (-9.5, -4.5), 'warning': '', 'status': 'empty'}, {'type': 'transport_belt', 'position': (-42.5, 63.5), 'warning': '', 'status': 'empty'}, {'type': 'transport_belt', 'position': (-39.5, 61.5), 'warning': '', 'status': 'empty'}, {'type': 'transport_belt', 'position': (-39.5, 62.5), 'warning': '', 'status': 'empty'}, {'type': 'transport_belt', 'position': (-40.5, 62.5), 'warning': '', 'status': 'empty'}, {'type': 'transport_belt', 'position': (-36.5, 63.5), 'warning': '', 'status': 'empty'}, {'type': 'stone_furnace', 'position': (-1, 2), 'warning': 'The entity is out of fuel. Lack of input material. Lack of fuel', 'status': 'empty'}, {'type': 'burner_mining_drill', 'position': (-9, 8), 'warning': 'The mining drill is waiting for space in destination', 'status': 'empty'}, {'type': 'stone_furnace', 'position': (-17, -13), 'warning': 'The entity is out of fuel. Lack of input material. Lack of fuel', 'status': 'empty'}, {'type': 'stone_furnace', 'position': (20, -5), 'warning': 'The entity is out of fuel. Lack of input material. Lack of fuel', 'status': 'empty'}, {'type': 'burner_mining_drill', 'position': (2, 0), 'warning': 'The entity is out of fuel', 'status': 'empty'}, {'type': 'burner_mining_drill', 'position': (-9, 6), 'warning': 'The entity is out of fuel', 'status': 'empty'}, {'type': 'stone_furnace', 'position': (0, 0), 'warning': 'Lack of input material', 'contents': {'coal': 9}, 'status': 'not empty'}, {'type': 'stone_furnace', 'position': (22, -5), 'warning': 'The entity is out of fuel. Lack of fuel', 'contents': {'iron-ore': 19}, 'status': 'not empty'}, {'type': 'burner_mining_drill', 'position': (-7, -5), 'warning': 'The entity is out of fuel', 'status': 'empty'}, {'type': 'player_character', 'position': (-14.6015625, -13), 'warning': '', 'status': 'empty'}, {'type': 'burner_mining_drill', 'position': (-9, -6), 'warning': 'The entity is out of fuel', 'status': 'empty'}, {'type': 'iron_chest', 'position': (3.5, 0.5), 'warning': '', 'status': 'empty'}]
[94mcomment("Okay, let's connect the stone furnace to the burner mining drill.")
entity_ids = inspect_entities(2)
for entity in entity_ids:
    if entity['name'] == 'stone-furnace':
        furnace_id = entity['entity_number']
    elif entity['name'] == 'burner-mining-drill':
        drill_id = entity['entity_number']
connect_entities(source_id=drill_id, target_id=furnace_id, connection_type='inserter')
[91m2: Error: name
[94mcomment("Looks like I forgot to type the loop statement.")
entity_ids = inspect_entities(2)
for entity in entity_ids:
    if entity['type'] == 'burner_mining_drill':
        source_position = entity['position']
    elif entity['type'] == 'stone_furnace':
        target_position = entity['position']
connect_entities(source_position, target_position, 'inserter')
[91m3: Error: Could not connect (-9, -6) to (22, -5).. "global.actions.connect entities = function(pl..."]:85: Cannot place connector here.
[94mcomment("Now let's connect the stone furnace to the burner mining drill.")
entity_ids = inspect_entities(2)
for entity in entity_ids:
    if entity['type'] == 'burner_mining_drill':
        drill_position = entity['position']
        break
connect_entities(source_position=(-17, -12), target_position=drill_position, connection_type="inserter") #assuming the position of the stone furnace is (-17, -12).
[91m3: Error: Could not connect (-17, -12) to (-9, 8).. "global.actions.connect entities = function(pl..."]:10: Source entity not found.
[94mcomment("Oops, we need to get the positions of the furnace and drill.")
entity_ids = inspect_entities(2)
for entity in entity_ids:
    if entity['type'] == 'burner_mining_drill':
        drill_position = entity['position']
    elif entity['type'] == 'stone_furnace':
        furnace_position = entity['position']
comment("Now let's connect the stone furnace to the burner mining drill.")
connect_entities(source_position=furnace_position, target_position=drill_position, connection_type='inserter')
[91m4: Error: Could not connect (22, -5) to (-9, -6).. "global.actions.connect entities = function(pl..."]:85: Cannot place connector here.
[94mcomment("Let's try again.")
source_position = drill_position
target_position = furnace_position
connect_entities(source_position, target_position, 'inserter')
[91m3: Error: Could not connect (-9, -6) to (22, -5).. "global.actions.connect entities = function(pl..."]:85: Cannot place connector here.
[94mcomment("It seems that the furnace and the drill are too far apart. Let's move them closer together.")
[94mentity_ids = inspect_entities(20)
for entity in entity_ids:
    if entity['type'] == 'stone_furnace':
        furnace_position = entity['position']
        move_to(furnace_position)
        break
else:
    print("No furnaces found")
[94mcomment("Let's move the drill closer to the furnace.")
move_to((furnace_position[0]-2, furnace_position[1]))
place_entity_next_to('burner-mining-drill', reference_position=furnace_position, direction=LEFT, gap=1)
entity_ids = inspect_entities(20)
for entity in entity_ids:
    if entity['type'] == 'burner_mining_drill':
        drill_position = entity['position']
[91m2: Error: Could not place burner-mining-drill at (-1, 2).. "global.actions.place entity next to = functio..."]:57: Cannot place here.
[94mcomment("The location is not working. Let's look for another suitable spot for the mining drill.")
entity_ids = inspect_entities(20)
for entity in entity_ids:
    if entity['type'] == 'stone_furnace':
        furnace_position = entity['position']
        break
[94mcomment("Let's move the drill to the other side of the furnace.")
move_to((furnace_position[0]+2, furnace_position[1]))
position = place_entity_next_to('burner-mining-drill', reference_position=furnace_position, direction=RIGHT, gap=1)
[91m2: Error: Could not place burner-mining-drill at (-1, 2).. "global.actions.place entity next to = functio..."]:57: Cannot place here.
[94mcomment("I think the current location is not appropriate for the mining drill. Let's get closer to the resources.") 
move_to((-2, 0))
position = place_entity('burner-mining-drill', DOWN, position=(-2, 0))
[91m2: Error: Could not place burner-mining-drill.  No burner mining drill in inventory.
[94mcomment("We are missing the necessary resource to place a burner-mining-drill. Let's check the inventory to see if we have enough Stone Furnaces to smelt the ores.")
inventory = inspect_inventory()
if 'stone-furnace' in inventory and inventory['stone-furnace'] >= 3:
    comment("We have sufficient furnaces to smelt the ores.")
else:
    comment("We don't have enough stone furnaces to smelt the ores, we need to craft more.")
[94mcomment("Let's craft 2 more stone furnaces")
craft_item('stone-furnace', quantity=2)
[91m1: Error: Could not craft a stone-furnace. "global.actions.craft item = function(player i..."]:73: Failed to craft 2x stone-furnace because missing ingredient stone
[94mcomment("It seems like we don't have enough ingredients to craft stone furnaces. Let's check the resources around us.")
resources = inspect_resources()
for resource in resources:
    if resource['name'] == 'stone':
        comment(f"We have found stone near our current location at {resource['position']}. Let's go there to mine it.") 
        move_to(resource['position'])
        harvest_resource(resource['position'], quantity=20)
        break
[91m2: Error: string indices must be integers
[94mcomment("It seems like there was an error in the code. Let's rewrite the loop for inspecting resources.")
resources = inspect_resources()
stone_count = 0
for resource in resources:
    if resource['name'] == 'stone':
        stone_count = resource['amount']
        break
        
if stone_count > 10:
    comment("We have enough stone to craft the stone furnaces.")
else:
    comment("We need to find more stone to craft the stone furnaces.")
[91m3: Error: string indices must be integers
[94mcomment("There seems to be a mistake in our code. Let's check the output of inspect resources and make the necessary corrections.")
resources = inspect_resources()
print(resources)
[94mcomment("It seems like there are no natural resources near our location. Let's move closer to a resource to start mining.")
move_to(nearest('coal'))
position = place_entity('burner-mining-drill', DOWN)
[91m2: Error: Could not place burner-mining-drill.  No burner mining drill in inventory.
[94mcomment("We do not have any burner mining drills in our inventory. Let's craft one.")
craft_item('burner-mining-drill', quantity=1)
[91m1: Error: Could not craft a burner-mining-drill. "global.actions.craft item = function(player i..."]:73: Failed to craft 1x burner-mining-drill because missing ingredient stone
[94mcomment("We need stones to craft the burner-mining-drill. Let's find a stone resource nearby.")
stones = nearest('stone')
move_to(stones)
