comment("Start by observing the resources around your player_character")
inspect_resources()
comment("Let's move to the location of the ore and extract it")
move_to(ore)
harvest_resource(ore, quantity=10) # Harvest 10 ore to start with. Adjust quantity as needed.
comment("Now, let's inspect our inventory and see what we have collected")
inventory = inspect_inventory()
print(inventory) # Let's see what we have in our inventory.
comment("Let's use the ore we just gathered to generate some iron plates that we will use for manufacturing")
place_entity('stone-furnace', position=(0,-2))  # Place a stone furnace nearby
comment("Now we'll insert coal into the stone furnace to power it up for smelting")
insert_item('coal', target_position=nearest('stone-furnace'),quantity=5)
comment("We will smelt our iron ore using the stone furnace")
set_entity_recipe(nearest('stone-furnace'),'iron-plate') 
comment("It looks like we do not have enough resources to smelt the iron ore")
comment("We need to gather more resources and increase manufacturing capacity")
comment("Let's start by placing a burner mining drill in front of the ore and set it to extract ore")
ore_position = nearest('coal')
move_to(ore_position)
place_entity('burner-mining-drill', direction=DOWN, exact=False, position=ore_position) 
extract_item('coal',source_position=ore_position,quantity=10)
comment("It looks like we are out of burner mining drills. Let's craft one!")
craft_item('burner-mining-drill',quantity=1)
comment("Oh no! We don't have enough stone to craft a burner mining drill. Let's go find some stone") 
stone_position = nearest('stone')
move_to(stone_position)
harvest_resource(stone_position,quantity=10) # Harvest 10 stone
inventory = inspect_inventory()
print(inventory) # Check what's in our inventory now
comment("Great, now let's try crafting a burner mining drill again") 
craft_item('burner-mining-drill',quantity=1)
comment("Now that we have a burner mining drill, let's extract the ore and smelt it") 
ore_position = nearest('coal')
move_to(ore_position)
place_entity('burner-mining-drill', direction=DOWN, exact=False, position=ore_position)
set_entity_recipe(nearest('stone-furnace'),'iron-plate')
insert_item('coal', target_position=nearest('burner-mining-drill'),quantity=5)
insert_item('iron-ore', target_position=nearest('stone-furnace'),quantity=5) # Insert 5 iron ore into the stone furnace to make 5 iron plates
inventory = inspect_inventory()
print(inventory) # Check what's in our inventory now
comment("Let's now place a furnace to smelt the ore once it's been extracted")
stone_furnace_position = nearest('stone-furnace')
rotate_entity(stone_furnace_position,LEFT)
inventory = inspect_inventory()
if 'stone-furnace' in inventory:
    place_entity_next_to('stone-furnace', direction=LEFT, reference_position=stone_furnace_position,gap=2)
else:
    craft_item('stone-furnace',quantity=1)
    place_entity_next_to('stone-furnace', direction=LEFT, reference_position=stone_furnace_position,gap=2)
    
comment("Great, now let's connect the burner mining drill to the furnace using a transport belt")
inventory = inspect_inventory()
if inventory['transport-belt'] > 1:
    connect_entities(source_position=(ore_position),'burner-inserter',target_position=stone_furnace_position,'stone-furnace-inserter',connection_type='transport-belt')
else:
    comment("We do not have enough transport belts. Let's go get some")
    stone_position = nearest('stone')
    move_to(stone_position)
    harvest_resource(stone_position,quantity=5) # Harvest 5 stone
    inventory = inspect_inventory()
    if inventory['transport-belt'] > 1:
        connect_entities(source_position=(ore_position),'burner-inserter',target_position=stone_furnace_position,'stone-furnace-inserter',connection_type='transport-belt')
    else:
        comment("We need more resources to make transport belts. Let's get back to work
comment("Sorry about that. Let's get started by inspecting the inventory and checking if there are burner mining drills and stones present")
inventory = inspect_inventory()
print(inventory)
comment("It looks like we have enough resources to start with, let's craft a burner mining drill")
craft_item('burner-mining-drill', quantity=1)
comment("Oh right, we need some stone to craft the burner mining drill. Let's find some stone and harvest it")
stone_position = nearest('stone')
move_to(stone_position)
harvest_resource(stone_position, quantity=5)  # We only need 5 stone
inventory = inspect_inventory()
print(inventory)
comment("Great, now that we have enough stone, let's craft the burner mining drill again")
craft_item('burner-mining-drill', quantity=1)
comment("Now that we have a burner mining drill, let's extract the ore and smelt it")
ore_position = nearest('iron-ore')
move_to(ore_position)
place_entity('burner-mining-drill', direction=DOWN, exact=False, position=ore_position)
stone_furnace_position = nearest('stone-furnace')
rotate_entity(stone_furnace_position,LEFT)
inventory = inspect_inventory()
if 'stone-furnace' in inventory:
    place_entity_next_to('stone-furnace', direction=LEFT, reference_position=stone_furnace_position,gap=2)
else:
    craft_item('stone-furnace',quantity=1)
    place_entity_next_to('stone-furnace', direction=LEFT, reference_position=stone_furnace_position,gap=2)
    
inventory = inspect_inventory()
if inventory['transport-belt'] >= 1 and inventory['coal'] >= 1:
    connect_entities(source_position=ore
comment("Let's start by finding the nearest ore")
ore_position = nearest('iron-ore')
print(f"The nearest iron ore position is {ore_position}")
comment("Now let's place the burner mining drill at the ore's location")
place_entity('burner-mining-drill', direction=DOWN, position=ore_position)
comment("Now we need to smelt this iron ore. For that, we need to find coal and place a stone furnace to smelt.")
coal_position = nearest('coal')
print(f"The nearest coal position is {coal_position}")
place_entity('stone-furnace', direction=LEFT, position=ore_position)
comment("Oh right, we need a stone furnace. Let's craft one.")
craft_item('stone-furnace', quantity=1)
comment("Looks like we're out of stone again. Let's go and get some more.")
stone_position = nearest('stone')
move_to(stone_position)
harvest_resource(stone_position, quantity=5)
inventory = inspect_inventory()
print(inventory)
comment("Great, now that we have enough stone, let's craft the stone furnace again")
craft_item('stone-furnace', quantity=1)
comment("Now let's place the furnace next to the mining drill and connect them using an inserter")
place_entity_next_to('stone-furnace', direction=LEFT, gap=1, reference_position=ore_position)
connect_entities(source_position=nearest('burner-mining-drill'), target_position=stone_furnace_position, connection_type='inserter')
comment("It seems we cannot place the furnace next to the drill. Let's move down a bit and try again.")
ore_position = (ore_position[0], ore_position[1]+3)
place_entity_next_to('stone-furnace', direction=LEFT, gap=1, reference_position=ore_position)
comment("Now we need to add fuel to the drill and furnace. Let's go to the coal position and get some coal.")
move_to(coal_position)
pickup_entity('coal', coal_position, quantity=20)
move_to(ore_position)
insert_item('coal', nearest('burner-mining-drill'), quantity=5)
connect_entities((ore_position[0]-2, ore_position[1]), nearest('stone-furnace'), 'inserter')
comment("My mistake, pickup_entity doesn't take a quantity argument. Let's just pickup as much coal as we can.")
pickup_entity('coal', coal_position)
comment("It looks like there is no coal left at the coal position. Let's go and find some more coal.")
coal_position = nearest('coal')
move_to(coal_position)
harvest_resource(coal_position, quantity=10)
comment("Now let's add the coal to the drill and furnace.")
inventory = inspect_inventory()
comment("We have the following items in our inventory:")
print(inventory)
comment("Let's insert 5 coal into the burner mining drill.")
insert_item('coal', target_position=nearest('burner-mining-drill'), quantity=5)
comment("Now let's insert 5 coal into the stone furnace.")
insert_item('coal', target_position=nearest('stone-furnace'), quantity=5)
comment("Time to smelt some ore.")
ore_quantity = 10
harvest_resource(ore_position, quantity=ore_quantity)
inventory = inspect_inventory()
if 'iron-ore' in inventory:
    comment("We have the ore. Adding it to the furnace.")    
    furnace_position = nearest('stone-furnace')
    insert_item('iron-ore', target_position=furnace_position, quantity=ore_quantity)
    set_entity_recipe(furnace_position, recipe='iron-plate')
else:
    comment("No ore found at the ore position.")
comment("Oops! It looks like the ore is a bit far away. Let's move closer.")
move_to(ore_position)
comment("Now let's try to harvest the ore again.")
harvest_resource(ore_position, quantity=ore_quantity)
comment("It looks like we could only mine 1 ore at a time. Let's continue mining until we have 10 ores.")
while ore_quantity > 0:
    harvest_resource(ore_position, quantity=1)
    ore_quantity -= 1
inventory = inspect_inventory()
print(inventory)
comment("Now that we have ore, let's smelt it. First, let's move to the stone furnace.")
move_to(stone_furnace_position)
comment("Next, let's place the ore in the stone furnace.")
insert_item('iron-ore', target_position=nearest('stone-furnace'), quantity=10)
comment("Let's make sure the stone furnace is working.")
inspect_entities(5)
comment("Let's make sure the stone furnace is working.")
inspect_entities(5)
