comment("First, let's observe the resources and landscape around us")
inspect_resources()
comment("Now, let's inspect the entities around us")
entities = inspect_entities()
entity_positions = [entity['position'] for entity in entities]
entity_types = [entity['type'] for entity in entities]
print(f"Entities: {entity_types} \nPositions: {entity_positions}")
Apologies, it should be 'name' instead of 'type', let me correct that:
```
entities = inspect_entities()
entity_positions = [entity['position'] for entity in entities]
entity_types = [entity['name'] for entity in entities]
```

comment("Now, let's inspect the entities around us")
entities = inspect_entities()
entity_positions = [entity['position'] for entity in entities]
entity_types = [entity['name'] for entity in entities]
comment("Let's check our inventory") 
inventory = inspect_inventory()
comment(f"Our inventory: {inventory}")
comment("Let's move to the ore and place a mining drill") 
ore = (-8, -6)
move_to(ore)
entity_position = place_entity('burner-mining-drill', direction=DOWN, exact=False, position=ore) 
inspect_entities()
comment("We need the recipe for a burner-mining-drill to place it. Let's check if we have it.")
if 'burner-mining-drill' not in inventory:
    comment("We don't have the recipe for a burner-mining-drill, let's craft it.") 
    craft_item('burner-mining-drill', quantity=1)
else:
    comment("We have the recipe for a burner-mining-drill, let's place it.") 
    entity_position = place_entity('burner-mining-drill', direction=DOWN, exact=False, position=ore)
comment("Sorry I made a mistake earlier. We need to move closer to the ore patch before building the mining drill.")
comment("Let's move closer to the ore patch and place a mining drill to extract iron ore") 
ore = (-8, -6)
move_to(ore)
craft_item('burner-mining-drill')
entity_position = place_entity('burner-mining-drill', direction=DOWN, exact=False, position=ore)
comment("We require stone also to craft a burner-mining-drill. Let's check if we have stone in our inventory") 
inventory = inspect_inventory()
if 'stone' in inventory:
    comment("We have stone, let's craft a burner-mining-drill")
    craft_item('burner-mining-drill', quantity=1)
else:
    comment("We need to gather some stone to craft a burner-mining-drill. Let's mine some stone") 
    stone = nearest('stone')
    move_to(stone)
    harvest_resource(stone, quantity=10)  # We harvest 10 stones for now.
    inventory = inspect_inventory()
    if 'stone' not in inventory:
        comment("Error: Could not collect any stone. Check for any entities at the given location") # This would occur if the resource patch has been harvested already
comment("The entity at (-6, -7) has run out of fuel. Let's insert some coal to get it working again.") 
target_position = nearest('burner-mining-drill')
insert_item('coal', target_position, quantity=5)
comment("Let's check if we have stone in our inventory..")
if 'stone' in inventory and inventory['stone'] >= 1:
    # We have stone, let's craft a burner mining drill
    craft_item('burner-mining-drill')
else:
    # We don't have stone, let's mine some
    stone_position = inspect_resources()['stone'][0]
    move_to(stone_position)
    harvest_resource(stone_position, quantity=10)
    craft_item('burner-mining-drill')
inspect_inventory()
comment("We need more stone. Let's go to the stone deposit at (-9, 6).") 
move_to(stone)
comment("We will mine 10 stone") 
harvest_resource(stone, quantity=10)
comment("Now that we have enough stone, let's go back to the mining drill at (-6,-7) and add more fuel.") 
move_to((entity_positions[0]))
target_position = nearest('burner-mining-drill')
insert_item('coal', target_position, quantity=10)
comment("We will now process the resources we collected.") 
comment("Let's check if we have enough resources to craft an iron chest..")
inspect_inventory()
comment("It looks like the output of the mining drill at (-6, -7) is full. Let's place a transport belt to move items to the output box.") 
move_to((entity_positions[0]))
place_entity('transport-belt', direction=UP, position=(entity_positions[0][0]-1, entity_positions[0][1]))
connect_entities(source_position=entity_positions[0], target_position=(entity_positions[0][0]-1, entity_positions[0][1]))
comment("Now let's create an iron plate! We need iron ore, coal and a stone furnace.")
comment("First let's go to the coal deposit and collect some coal") 
move_to((-2, 0))
harvest_resource((-2,0), quantity=10)
comment("It looks like our character cannot reach the coal deposit directly. Let's use a transport belt instead.") 
move_to((0, 0))
entity_position = place_entity_next_to('transport-belt', reference_position=(0, 0), direction=DOWN, gap=1)
entity_position = place_entity_next_to('transport-belt', reference_position=entity_position, direction=LEFT, gap=1)
entity_position = place_entity_next_to('transport-belt', reference_position=entity_position, direction=LEFT, gap=1)
connect_entities(source_position=(0,0), target_position=entity_position)
move_to((-2,0))
pickup_entity('coal', (-2, 0), quantity=10)
