###NEW EPISODE###
[92mThere are 4.1k tree_01s scattered 23km northwest, 17km north-northwest, 15km north, 16km north-northeast, 21km northeast, 1km east-northeast, 3km west-northwest, 760 metres west, 32 metres east, 4km west-southwest, 720 metres east-southeast, 17km southeast, 17km southwest, 13km south-southwest, 13km south-southeast, and 11km south 
- 100x uranium_ore 30 metres southeast (22, 26) x (31, 35)
- 84x copper_ore 11 metres east-southeast (22, 6) x (31, 15)
- 82x coal 10 metres northwest (-17, -14) x (-8, -5)
- 81x stone 10 metres southwest (-17, 6) x (-8, 15)
- 75x iron_ore 10 metres east-northeast (22, -14) x (31, -5)
- There are 4.1k item_on_grounds scattered 16 metres northeast 
[96m# First, let's gather some resources.
[94mnature();
[92mThere are 4.1k tree_01s scattered 23km northwest, 17km north-northwest, 15km north, 16km north-northeast, 21km northeast, 1km east-northeast, 3km west-northwest, 760 metres west, 32 metres east, 4km west-southwest, 720 metres east-southeast, 17km southeast, 17km southwest, 13km south-southwest, 13km south-southeast, and 11km south 
- 100x uranium_ore 30 metres southeast (22, 26) x (31, 35)
- 84x copper_ore 11 metres east-southeast (22, 6) x (31, 15)
- 82x coal 10 metres northwest (-17, -14) x (-8, -5)
- 81x stone 10 metres southwest (-17, 6) x (-8, 15)
- 75x iron_ore 10 metres east-northeast (22, -14) x (31, -5)
- There are 4.1k item_on_grounds scattered 16 metres northeast 
[94mgoto(nearest('tree'));
[94mharvest((-2, 0), count=5);
[94mgoto(nearest('iron_ore'));
[94mharvest((-2, 0), count=5);
[94mgoto(nearest('copper_ore'));
[96m# harvest((-2, 
