[94mcomment("First, let's start by inspecting our surroundings and available resources")
inspect_resources()
[92m1: {'water': [{'size': 900, 'min_coordinates': (-18, -50), 'max_coordinates': (31, -33)}], 'coal': [{'size': 100, 'min_coordinates': (-17, -14), 'max_coordinates': (-8, -5)}], 'iron_ore': [{'size': 100, 'min_coordinates': (22, -14), 'max_coordinates': (31, -5)}], 'stone': [{'size': 100, 'min_coordinates': (-17, 6), 'max_coordinates': (-8, 15)}], 'copper_ore': [{'size': 100, 'min_coordinates': (22, 6), 'max_coordinates': (31, 15)}], 'uranium_ore': [{'size': 100, 'min_coordinates': (22, 26), 'max_coordinates': (31, 35)}]}
[94mcomment("Now let's place a burner-mining-drill on the nearest coal deposit and start mining coal")
coal_position = nearest('coal')
move_to(coal_position)
entity_position = place_entity('burner-mining-drill', direction=DOWN, position=nearest_buildable('burner-mining-drill'))
harvest_resource(coal_position, quantity=20)
comment("Great, we have coal mining automated. Let's move to the nearest iron deposit now.")
iron_position = nearest('iron-ore')
move_to(iron_position)
comment("Let's place another burner-mining-drill for iron")
entity_position = place_entity('burner-mining-drill', direction=DOWN, position=nearest_buildable('burner-mining-drill'))
harvest_resource(iron_position, quantity=20)
comment("Now that we have some resources, let's work on power generation")
comment("First, we'll need to craft some boilers and steam engines")
[91m4: Error: Could not harvest.. "global.actions.harvest resource = function(pl..."]:47: Could only harvest 13 at position (-8, -5)
[94mcomment("First, let's start by inspecting our surroundings and available resources")
inspect_resources()
[92m1: {'water': [{'size': 900, 'min_coordinates': (-18, -50), 'max_coordinates': (31, -33)}], 'coal': [{'size': 100, 'min_coordinates': (-17, -14), 'max_coordinates': (-8, -5)}], 'iron_ore': [{'size': 100, 'min_coordinates': (22, -14), 'max_coordinates': (31, -5)}], 'stone': [{'size': 100, 'min_coordinates': (-17, 6), 'max_coordinates': (-8, 15)}], 'copper_ore': [{'size': 100, 'min_coordinates': (22, 6), 'max_coordinates': (31, 15)}], 'uranium_ore': [{'size': 100, 'min_coordinates': (22, 26), 'max_coordinates': (31, 35)}]}
[94mcomment("Now let's place a burner-mining-drill on the nearest coal deposit and start mining coal")
coal_position = nearest('coal')
move_to(coal_position)
entity_position = place_entity('burner-mining-drill', direction=DOWN, position=nearest_buildable('burner-mining-drill'))
harvest_resource(coal_position, quantity=13)
comment("Great, we have coal mining automated. Let's move to the nearest iron deposit now.")
iron_position = nearest('iron-ore')
move_to(iron_position)
comment("Let's place another burner-mining-drill for iron")
entity_position = place_entity('burner-mining-drill', direction=DOWN, position=nearest_buildable('burner-mining-drill'))
harvest_resource(iron_position, quantity=13)
comment("Now that we have some resources, let's work on power generation")
comment("First, we'll need to craft some boilers and steam engines")
[91m3: Error: Could not place burner-mining-drill.  No burner mining drill in inventory.
[94mcomment("We need to craft some burner mining drills first")
craft_item('burner-mining-drill', quantity=2)
comment("Now that we have the drills, let's try setting up our mining operations")
comment("First, let's place a burner-mining-drill on the nearest coal deposit and start mining coal")
coal_position = nearest('coal')
move_to(coal_position)
entity_position = place_entity('burner-mining-drill', direction=DOWN, position=nearest_buildable('burner-mining-drill'))
harvest_resource(coal_position, quantity=13)
comment("Great, we have coal mining automated. Let's move to the nearest iron deposit now.")
iron_position = nearest('iron-ore')
move_to(iron_position)
comment("Let's place another burner-mining-drill for iron")
entity_position = place_entity('burner-mining-drill', direction=DOWN, position=nearest_buildable('burner-mining-drill'))

[91m1: Error: Could not craft a burner-mining-drill. "global.actions.craft item = function(player i..."]:70: Successfully crafted 1x but failed to craft 1x burner-mining-drill because missing ingredient stone
