###NEW EPISODE###
[92mThere are 4.1k tree_01s scattered 23km northwest, 17km north-northwest, 15km north, 16km north-northeast, 21km northeast, 1km east-northeast, 3km west-northwest, 760 metres west, 32 metres east, 4km west-southwest, 720 metres east-southeast, 17km southeast, 17km southwest, 13km south-southwest, 13km south-southeast, and 11km south 
- 100x uranium_ore 30 metres southeast (22, 26) x (31, 35)
- 84x copper_ore 11 metres east-southeast (22, 6) x (31, 15)
- 82x coal 10 metres northwest (-17, -14) x (-8, -5)
- 81x stone 10 metres southwest (-17, 6) x (-8, 15)
- 73x iron_ore 10 metres east-northeast (22, -14) x (31, -5)
- There are 4.1k item_on_grounds scattered 16 metres northeast 
[96m# Collect resources, setup and start production
[94minventory();
[92m- 1 iron-chest
- 50 transport-belt
- 1 stone-furnace
- 1 assembling-machine-1
- 50 coal
- 50 iron-plate
- 50 copper-plate
[96m# Move to the nearest resource
[94mgoto(nearest('iron_ore'));
[96m# Harvest iron ore
[94mharvest((-2, 0), count=10);
[96m# Move to a location with at least 2 meters distance from the resource to place the stone-furnace
[94mgoto((1, 1));
[94mplace('stone-furnace', 0, (0, 0));
[91mCould not place stone-furnace. Cant build there due to existing character at 0, 0
[94minsert('coal', (0, 0), count=1);
[91mCould not insert.. Could not find a nearby entity to insert into
[96m# insert('iron
