[94mcomment("Initial setup - Mining operation and smelting setup")
[94mcomment("I'll start by creating a burner mining drill on the nearest ore (~([-8, -5]))")
ore_position = nearest('stone')
move_to(ore_position)
burner_drill_position = place_entity('burner-mining-drill', direction=LEFT, exact=False, position=ore_position)
[91m3: Error: Could not place burner-mining-drill.  No burner mining drill in inventory.
[94mcomment("I don't have a burner mining drill in my inventory. I need to craft one")
craft_item('burner-mining-drill', quantity=1)
[94mcomment("Now that I have a burner mining drill in my inventory, I'll place it on the nearest stone")
ore_position = nearest('stone')
move_to(ore_position)
burner_drill_position = place_entity('burner-mining-drill', direction=LEFT, exact=False, position=ore_position)
[94mcomment("Now that I have a burner mining drill set up, I'll connect its output to a nearby furnace with an inserter")
furnace_position = nearest('stone-furnace')
connect_entities(source_position=burner_drill_position, target_position=furnace_position, connection_type='inserter')
[91m1: Error: No stone-furnace found on the map
[94mcomment("Oops, I don't have any furnace set up. I'll need to craft some")
craft_item('stone-furnace', quantity=1)
[91m1: Error: Could not craft a stone-furnace. "global.actions.craft item = function(player i..."]:73: Failed to craft 1x stone-furnace because missing ingredient stone
[94mcomment("Looks like I need more resources to craft a stone furnace, I'll go and harvest some stones.")
stone_position = nearest('stone')
move_to(stone_position)
harvest_resource(stone_position,quantity=10)
[91m3: Error: Could not harvest.. "global.actions.harvest resource = function(pl..."]:49: Could only harvest 9 at position (-8, 6)
[94mcomment("I was able to harvest just 9 stones from the stone ore. I'll go and get more.")
stone_position = nearest('stone')
move_to(stone_position)
harvest_resource(stone_position,quantity=20)
[91m3: Error: Could not harvest.. "global.actions.harvest resource = function(pl..."]:49: Could only harvest 11 at position (-9, 6)
[94mcomment("I was able to harvest 11 stones from the stone ore. I'll go and get more.")
stone_position = nearest('stone')
move_to(stone_position)
harvest_resource(stone_position,quantity=20)
[91m3: Error: Could not harvest.. "global.actions.harvest resource = function(pl..."]:49: Could only harvest 11 at position (-9, 6)
[94mcomment("I was only able to harvest 11 stones again. With 20 stones, I can craft two stone furnaces which should be enough for the time being.")
craft_item('stone-furnace', quantity=2)
[94mcomment("Place the burners facing downwards to the nearest ore")
ore_position = nearest('iron-ore')
move_to(ore_position)
burner_drill_position = place_entity('burner-mining-drill', direction=DOWN, position=ore_position)
[91m3: Error: Could not place burner-mining-drill.  No burner mining drill in inventory.
[94mcomment("Oh sorry, I forgot to craft a burner mining drill. I'll craft one now.")
craft_item('burner-mining-drill', quantity=1)
[94mcomment("Place the burners facing downwards to the nearest ore")
ore_position = nearest('iron-ore')
move_to(ore_position)
burner_drill_position = place_entity('burner-mining-drill', direction=DOWN, position=ore_position)
[94mcomment("Great! Now, let's connect the burner mining drill to the furnace.")
stone_furnace_position = entity_position
gap = 1
inserter_position = None
[91m1: Error: name 'entity position' is not defined
[94mcomment("I'm sorry I was referencing an undefined variable there. First, I'll place the furnace near the burner mining drill.")
stone_furnace_position = place_entity_next_to('stone-furnace', burner_drill_position, RIGHT, gap=1)
comment("Now that the furnace is in place. Let's connect it to the burner mining drill.")
connect_entities(source_position=burner_drill_position, target_position=stone_furnace_position, connection_type='inserter')
[91m1: Error: Could not place stone-furnace at (22, -5).. "global.actions.place entity next to = functio..."]:57: Cannot place here.
[94mcomment("I see that I can't place the furnace there because there is not enough space. I'll move up a bit and try again.")
move_to((burner_drill_position[0], burner_drill_position[1] - 2))
stone_furnace_position = place_entity_next_to('stone-furnace', burner_drill_position, RIGHT, gap=1)
[94mcomment("Now I'll connect the two entities using an inserter.")
connect_entities(source_position=burner_drill_position, target_position=stone_furnace_position, connection_type='inserter')
[91m1: Error: Could not connect (22, -5) to (24.3984375, -5).. "global.actions.connect entities = function(pl..."]:85: Cannot place connector here.
[94mcomment("Oh, it seems that the furnace must be moved slightly up in order to connect. ")
move_to((stone_furnace_position[0], stone_furnace_position[1] - 1))
connect_entities(source_position=burner_drill_position, target_position=stone_furnace_position, connection_type='inserter')
[91m2: Error: Could not connect (22, -5) to (24.3984375, -5).. "global.actions.connect entities = function(pl..."]:85: Cannot place connector here.
[94mcomment("I see. In that case, let's rotate the furnace to face downwards and try again.")
rotate_entity(stone_furnace_position, direction=DOWN)
connect_entities(source_position=burner_drill_position, target_position=stone_furnace_position, connection_type='inserter')
[91m2: Error: Could not connect (22, -5) to (24.3984375, -5).. "global.actions.connect entities = function(pl..."]:85: Cannot place connector here.
[94mcomment("I see. In that case, let's rotate the furnace to face left and try again.")
rotate_entity(stone_furnace_position, direction=LEFT)
connect_entities(source_position=burner_drill_position, target_position=stone_furnace_position, connection_type='inserter')
[91m2: Error: Could not connect (22, -5) to (24.3984375, -5).. "global.actions.connect entities = function(pl..."]:85: Cannot place connector here.
[94mcomment("I am facing trouble connecting the entities. I will check their positions to make sure they are facing each other.")
inspect_entities(5)
[92m1: [{'type': 'burner_mining_drill', 'position': (-7, -5), 'warning': 'The entity is out of fuel. The mining drill is waiting for space in destination', 'status': 'empty'}, {'type': 'player_character', 'position': (24, -6), 'warning': '', 'status': 'empty'}, {'type': 'burner_mining_drill', 'position': (22, -5), 'warning': 'The entity is out of fuel', 'status': 'empty'}, {'type': 'burner_mining_drill', 'position': (-9, 6), 'warning': 'The mining drill is waiting for space in destination', 'contents': {'coal': 49}, 'status': 'not empty'}, {'type': 'stone_furnace', 'position': (24, -5), 'warning': 'The entity is out of fuel. Lack of input material. Lack of fuel', 'status': 'empty'}]
[94mcomment("From the output, I realize that the furnace is slightly off. I will pick it up and then next to the drill again.")
pickup_entity('stone-furnace', stone_furnace_position)
stone_furnace_position = place_entity_next_to('stone-furnace', burner_drill_position, RIGHT, gap=1)
connect_entities(source_position=burner_drill_position, target_position=stone_furnace_position, connection_type='inserter')
[91m3: Error: Could not connect (22, -5) to (24.3984375, -5).. "global.actions.connect entities = function(pl..."]:85: Cannot place connector here.
[94mcomment("Let's move the furnace slightly to face the drill.")
stone_furnace_position = place_entity_next_to('stone-furnace', burner_drill_position, RIGHT, gap=2)
connect_entities(source_position=burner_drill_position, target_position=stone_furnace_position, connection_type='inserter')
[91m1: Error: Could not place stone-furnace at (22, -5).. "global.actions.place entity next to = functio..."]:57: Cannot place here.
[94mcomment("I see, the furnace can not be placed there. Let's find another spot to place it.")
stone_position = nearest('stone')
move_to(stone_position)
