[92mThere are 4.2k tree_01s scattered 23km northwest, 17km north-northwest, 16km north, 16km north-northeast, 21km northeast, 1km east-northeast, 3km west-northwest, 760 metres west, 32 metres east, 4km west-southwest, 720 metres east-southeast, 17km southeast, 17km southwest, 13km south-southwest, 13km south-southeast, and 11km south 
- 100x copper_ore 10 metres east-southeast (22, 6) x (31, 15)
- 100x uranium_ore 30 metres southeast (22, 26) x (31, 35)
- 94x coal 10 metres northwest (-17, -14) x (-8, -5)
- There are 4.2k iron_ores scattered 12 metres east-northeast 
- There are 4.2k stones scattered 24 metres west-southwest, and 14 metres southwest 
- There are 4.2k item_on_grounds scattered 4 metres west-northwest 
[96m# Lets start by checking my inventory.
[92m{'iron-chest': 1, 'transport-belt': 50, 'burner-mining-drill': 1, 'stone-furnace': 1, 'assembling-machine-1': 1, 'coal': 50, 'iron-plate': 50, 'copper-plate': 50}
[96m# I have some resources to get started, but I need more iron for making gears. 
[94m# Let's check out the resources around us
observe_nature()
# There are a lot of trees, copper ore to the east, uranium ore to the southeast, coal to the northwest, iron ore to the east-northeast, and stone to the southwest. We can use the nearest() function to locate these resources. 
[92mLine 1: There are 2.3k tree_01s scattered 5km northwest, 4km north-northwest, 4km north, 5km north-northeast, 8km northeast, 5km east-northeast, 23 metres west-northwest, 21 metres east, 24km southeast, 5km east-southeast, 18km south-southwest, 6km southwest, 16km south-southeast, and 15km south 
- 1104x water 44 metres north (-48, -88) x (1, -63)
- There are 2.3k waters scattered 502 metres north-northwest, 1km north, and 1km north-northeast 
- 100x copper_ore 10 metres east-southeast (-8, -24) x (1, -15)
- 100x uranium_ore 30 metres southeast (-8, -4) x (1, 5)
- 94x coal 10 metres northwest (-47, -44) x (-38, -35)
- There are 2.3k iron_ores scattered 12 metres east-northeast 
- There are 2.3k stones scattered 24 metres west-southwest, and 14 metres southwest 
- There are 2.3k item_on_grounds scattered 4 metres west-northwest 
[96m# First, let's move to some iron ore.
[94miron_position = nearest('iron-ore')
move_to(iron_position)
# Now that we are here, let's mine the iron ore
harvest_resource(iron_position, quantity = 50)
# We should now have 50 iron ore in our inventory. We can check this with check_inventory().
[92mLine 1: None
Line 2: True
[94m# Let's check our inventory to see if we have 50 iron ore.
check_inventory()
# If we have 50 iron ore, we can craft 50 iron plates in the stone furnace. 
# Once we have the iron plates, we can use them to make gears in the assembling machine.
craft_item('iron-plate', quantity=50)
# Check our inventory again to see the iron plates
check_inventory()
[92mLine 1: {'iron-chest': 1, 'transport-belt': 50, 'burner-mining-drill': 1, 'stone-furnace': 1, 'assembling-machine-1': 1, 'coal': 50, 'iron-ore': 80, 'iron-plate': 50, 'copper-plate': 50}
Line 2: Crafting successful
Line 3: {'iron-chest': 1, 'transport-belt': 50, 'burner-mining-drill': 1, 'stone-furnace': 1, 'assembling-machine-1': 1, 'coal': 50, 'iron-ore': 30, 'iron-plate': 100, 'copper-plate': 50}
[94m# Now we can make 50 gears from the iron plates.
set_entity_recipe(nearest('assembling-machine-1'), recipe='iron-gear-wheel')
insert_item('iron-plate', target_position=(0, 0), quantity=50)
extract_item('iron-gear-wheel', source_position=(0, 1), quantity=50)
# Check to see if we have 50 gears in the inventory.
check_inventory()
# Great! We have 50 gears now. Let's craft chests to use them.
craft_item('iron-chest', quantity=5)
# Check our inventory again to see the chests.
check_inventory()
[92mError: 'frame' object has no attribute 'stack'
[96m# I think I made a mistake earlier. I should have used place_entity instead of set_entity_recipe. Let's fix it.
[94m# We can make 50 gears from the iron plates.
place_entity('assembling-machine-1', direction=UP, position=(0, -1))
craft_item('iron-gear-wheel', quantity=50)
# Check to see if we have 50 gears in the inventory.
check_inventory()
# Great! We have 50 gears now. Let's craft chests to use them.
craft_item('iron-chest', quantity=5)
# Check our inventory again to see the chests.
check_inventory()
