[94mcomment("First, let's inspect our surroundings and inventory")
inspect_resources()
inspect_inventory()
[92m1: {'water': [{'size': 900, 'min_coordinates': (-18, -50), 'max_coordinates': (31, -33)}], 'coal': [{'size': 100, 'min_coordinates': (-17, -14), 'max_coordinates': (-8, -5)}], 'iron_ore': [{'size': 100, 'min_coordinates': (22, -14), 'max_coordinates': (31, -5)}], 'stone': [{'size': 100, 'min_coordinates': (-17, 6), 'max_coordinates': (-8, 15)}], 'copper_ore': [{'size': 100, 'min_coordinates': (22, 6), 'max_coordinates': (31, 15)}], 'uranium_ore': [{'size': 100, 'min_coordinates': (22, 26), 'max_coordinates': (31, 35)}]}
2: {'iron-chest': 1, 'transport-belt': 50, 'burner-mining-drill': 1, 'stone-furnace': 1, 'assembling-machine-1': 1, 'coal': 50, 'iron-plate': 50, 'copper-plate': 50}
[94mcomment("Now let's start our mining operation. We'll begin by placing a burner mining drill on top of a coal resource.")
coal_position = nearest('coal')
move_to(coal_position)
place_entity('burner-mining-drill', direction=DOWN, position=nearest_buildable('burner-mining-drill'))
[92m3: (-9, -6)
[94mcomment("Next, we will set up a simple smelting setup near our coal deposit using two stone furnaces.")
iron_position = nearest('iron-ore')
move_to(iron_position)
place_entity('stone-furnace', direction=RIGHT, position=nearest_buildable('stone-furnace'))
stone_furnace_position = entity_position
place_entity_next_to('stone-furnace', reference_position=stone_furnace_position, direction=RIGHT, gap=1)
move_item('stone', source_position=iron_position, target_position=stone_furnace_position, quantity=5)
set_entity_recipe(stone_furnace_position, recipe='iron-plate')
[91m3: (21, -6)
4: Error: name 'entity position' is not defined
