[92mThere are 4.2k tree_01s scattered 23km northwest, 17km north-northwest, 16km north, 16km north-northeast, 21km northeast, 1km east-northeast, 3km west-northwest, 760 metres west, 32 metres east, 4km west-southwest, 720 metres east-southeast, 17km southeast, 17km southwest, 13km south-southwest, 13km south-southeast, and 11km south 
- 100x copper_ore 10 metres east-southeast (22, 6) x (31, 15)
- 100x uranium_ore 30 metres southeast (22, 26) x (31, 35)
- 94x coal 10 metres northwest (-17, -14) x (-8, -5)
- There are 4.2k iron_ores scattered 12 metres east-northeast 
- There are 4.2k stones scattered 24 metres west-southwest, and 14 metres southwest 
- There are 4.2k item_on_grounds scattered 4 metres west-northwest 
[96m# Lets start by checking my inventory.
[92m{'iron-chest': 1, 'transport-belt': 50, 'burner-mining-drill': 1, 'stone-furnace': 1, 'assembling-machine-1': 1, 'coal': 50, 'iron-plate': 50, 'copper-plate': 50}
[96m# I want to automate the process of mining iron ores, smelting them into iron plates, and crafting them into iron gears. 
# For that, I need to find a good spot to set up my base. 
[94m# I think I will head 21km northeast to check out the iron ores there. 
move_to((21000, -21000))
[92mError: Evaluation timed out
[94m# I'll break the command into smaller steps to avoid timeout errors
move_to((10000, -10000))
move_to((20000, -20000))
[92mError: Evaluation timed out
[94m# If that's the case, I'll try finding iron and coal resources at the current location.
# First, let me check if there is any iron_ore or coal that I can harvest 
iron_ore_position = nearest('iron-ore')
coal_position = nearest('coal')
[94m# Now that I have found the nearest iron and coal, I will place a burner-mining-drill on them and create a trail of transport-belts leading to the nearest stone-furnace.
place_entity('burner-mining-drill', direction=LEFT, position=iron_ore_position)
move_to((iron_ore_position[0]-1, iron_ore_position[1]))
move_to((coal_position[0]-1, coal_position[1]), laying='transport-belt')
move_to(nearest('stone-furnace'), laying='transport-belt')
inspect_radius(20) # Check to ensure that the entity placement and belts have been laid properly.
[91mYou can't do that action. 'frame' object has no attribute 'stack'
