[94mcomment("First, let's inspect the resources and entities around us")
inspect_resources()
inspect_entities(20)
[92m1: {'water': [{'size': 900, 'min_coordinates': (-18, -50), 'max_coordinates': (31, -33)}], 'coal': [{'size': 100, 'min_coordinates': (-17, -14), 'max_coordinates': (-8, -5)}], 'iron_ore': [{'size': 100, 'min_coordinates': (22, -14), 'max_coordinates': (31, -5)}], 'stone': [{'size': 100, 'min_coordinates': (-17, 6), 'max_coordinates': (-8, 15)}], 'copper_ore': [{'size': 100, 'min_coordinates': (22, 6), 'max_coordinates': (31, 15)}], 'uranium_ore': [{'size': 100, 'min_coordinates': (22, 26), 'max_coordinates': (31, 35)}]}
2: [{'type': 'player_character', 'position': (0, 0), 'warning': '', 'status': 'empty'}]
[94mcomment("Now let's start with a simple mining operation")
coal_position = nearest('coal')
iron_ore_position = nearest('iron-ore')
[94mcomment("Let's move to the nearest coal position and place a burner mining drill facing downwards")
coal_position = nearest('coal')
move_to(coal_position)
place_entity('burner-mining-drill', direction=DOWN, position=nearest_buildable('burner-mining-drill'))
[92m3: (-9, -6)
[94mcomment("Next we will place a furnace near the coal deposit and smelt the coal")
furnace_position = place_entity_next_to('stone-furnace', reference_position=coal_position, direction=DOWN, gap=1)
[94mcomment("Now, let's add coal to the burner mining drill for fuel using the insert_item() method")
insert_item('coal', target_position=nearest('burner-mining-drill'), quantity=1)
[94mcomment("We will now extract coal from the burner mining drill and insert it into the furnace for smelting using the connect_entities() method")
connect_entities(source_position=(coal_position[0]-2, coal_position[1]), target_position=furnace_position, connection_type='inserter')
[91m1: Error: Could not connect (-10, -5) to (-8, -3.1015625).. "global.actions.connect entities = function(pl..."]:10: Source entity not found.
