[94mcomment("Plan:")
[94mcomment("Plan:")
[94mcomment("Plan:")
[94mcomment("Plan:")
[94mcomment("Plan:")
[94mcomment("Plan:")
[94mcomment("Plan:")
[94mcomment("Start by inspecting the resources and landscape")
inspect_resources()
[92m1: {'water': [{'size': 900, 'min_coordinates': (-18, -50), 'max_coordinates': (31, -33)}], 'coal': [{'size': 100, 'min_coordinates': (-17, -14), 'max_coordinates': (-8, -5)}], 'iron_ore': [{'size': 100, 'min_coordinates': (22, -14), 'max_coordinates': (31, -5)}], 'stone': [{'size': 100, 'min_coordinates': (-17, 6), 'max_coordinates': (-8, 15)}], 'copper_ore': [{'size': 100, 'min_coordinates': (22, 6), 'max_coordinates': (31, 15)}], 'uranium_ore': [{'size': 100, 'min_coordinates': (22, 26), 'max_coordinates': (31, 35)}]}
[94mcomment("Looks like we have some iron and coal nearby. We should start mining those resources")
iron_position = nearest('iron-ore')
coal_position = nearest('coal')
comment("Let's move to the position of the nearest coal")
move_to(coal_position)
comment("Now let's place a burner-mining-drill to start mining coal")
place_entity('burner-mining-drill', direction=LEFT, position=nearest_buildable('burner-mining-drill'))
comment("Great, now let's move to the position of the nearest iron")
move_to(iron_position)
comment("And place a burner-mining-drill to start mining iron")
place_entity('burner-mining-drill', direction=LEFT, position=nearest_buildable('burner-mining-drill'))
[91m6: (-9, -6)
10: Error: Could not place burner-mining-drill.  No burner mining drill in inventory.
