###NEW EPISODE###
[92mThere are 4.1k tree_01s scattered 23km northwest, 17km north-northwest, 15km north, 16km north-northeast, 21km northeast, 1km east-northeast, 3km west-northwest, 760 metres west, 32 metres east, 4km west-southwest, 720 metres east-southeast, 17km southeast, 17km southwest, 13km south-southwest, 13km south-southeast, and 11km south 
- 100x uranium_ore 30 metres southeast (22, 26) x (31, 35)
- 84x copper_ore 11 metres east-southeast (22, 6) x (31, 15)
- 82x coal 10 metres northwest (-17, -14) x (-8, -5)
- 81x stone 10 metres southwest (-17, 6) x (-8, 15)
- 73x iron_ore 10 metres east-northeast (22, -14) x (31, -5)
- There are 4.1k item_on_grounds scattered 16 metres northeast 
[96m# Start by collecting nearby resources
[94mgoto(nearest('coal'));
[94mharvest((-2, 0), count=5);
[94mgoto(nearest('iron_ore'));
[94mharvest((-2, 0), count=5);
[94mgoto(nearest('copper_ore'));
[96m# harvest((-2, 0), count=
[96m# 5);
[94mgoto(nearest('stone'));
[94mharvest((-2, 0), count=5);
[96m# Move to the nearest tree
[94mgoto(nearest('tree'));
[94mharvest((-2, 0), count=5);
[96m# Set up initial infrastructure
[96m# Create a furnace to smelt ores
[94mcraft('stone-furnace', count=1);
[94mplace('stone-furnace', 0, (1, 1));
[91mCould not place stone-furnace. Cant build there due to existing tree 01 at 1
[94minsert('coal', (0, 1), count=1);
[91mCould not insert.. Could not find a nearby entity to insert into
[96m# Remove the tree in the way
[94mharvest((1, 1), count=1);
[96m# Place the stone-furnace again
[94mplace('stone-furnace', 0, (1, 1));
[96m# Insert coal into the furnace
insert('coal', (0, 1), count=
[96m# 1);
[94minsert('iron_ore', (0, 1), count=5);
[94mwait(20);
[92mWhile you wait, you look around. 
You see:
- An stone_furnace facing north at (1, 1) containing 5x iron-ore. Lack of fuel.
[96m# Wait for the iron to smelt
[94mextract('iron-plate', (0, 1), count=5);
[91mCould not extract.. No item to extract
[96m# Insert coal into the furnace
[94minsert('coal', (0, 1), count=1);
[96m# Wait for the iron to smelt
[94mwait(20);
[92mWhile you wait, you look around. 
You see:
- An stone_furnace facing north at (1, 1) containing 5x iron-plate. Lack of input material. Lack of fuel.
[94mextract('iron-plate', (0, 1), count=5);
[96m# Craft a transport-belt to move resources
[94mcraft('transport-belt', count=5);
[96m# Craft inserters to automate resource moving
[94mcraft('inserter', count=2);
[91mCould not craft a inserter. Ingredients cannot be crafted by hand.
[96m# Let's make an assembling-machine-1 to craft some inserters
[94mcraft('assembling-machine-1', count=1);
[91mCould not craft a assembling-machine-1. Ingredients cannot be crafted by hand.
[94mplace('assembling-machine-1', 0, (-1, 0));
[91mCould not place assembling-machine-1. Cant build there due to existing tree 01 stump at 
[94mset_recipe((-1, 0), 'inserter');
[91mCould not set recipe for inserter. No building found that could have its recipe set
[96m# Remove the tree stump in the way
[94mharvest((-1, 0), count=1);
[91mCould not harvest.. Nothing to here to harvest
[96m# Place the assembling-machine-1
[94mplace('assembling-machine-1', 0, (-1, 0));
[91mCould not place assembling-machine-1. Cant build there due to existing tree 01 stump at 
[96m# Set the recipe for the assembling-machine-1 to inserter
set_recipe((-1
[96m# ), 'inserter');
[94mharvest((-1, 0), count=1);
[91mCould not harvest.. Nothing to here to harvest
[96m# Could not harvest.. Nothing to here to harvest
goto((0, -1))
harvest((
[96m# 1, 0), count=1);
[94mcraft('steam-engine', count=1);
[94mcraft('boiler', count=1);
[94mcraft('offshore-pump', count=1);
[91mCould not craft a offshore-pump. Ingredients cannot be crafted by hand.
[96m# craft('small-electric-pole',
[96m# count=4);
[94mcraft('transport-belt', count=10);
[91mCould not craft a transport-belt. It requires iron plate which cannot be crafted by hand
[94mcraft('pipe', count=5);
[91mCould not craft a pipe. It requires iron plate which cannot be crafted by hand
