comment("Start by inspecting the resources and entities around the player_character")
inspect_resources()
inspect_entities(20)
comment("Based on the inspection, I can see that ore is available at (-8, -5). I'll move there and place a mining drill to extract ore.")
move_to(ore) 
entity_position = place_entity('burner-mining-drill', direction=DOWN, exact=False, position=ore)
comment("Checking the placed mining drill")
inspect_entities(5)
comment("I received an error, which means I do not have the required resources to place a burner-mining-drill at this time. I will need to gather the required resources first.")
comment("Based on the inspection, I see that there is coal available at (-2,0). I will move there to pick up the coal for fuel.")
move_to((-2,0))
pickup_entity('coal', (-2,0))
comment("Received another error, so I was not able to pick up the coal. It looks like I need to harvest it instead. I will try to harvest it now.")
harvest_resource((-2,0))
comment("Another error. It seems that the resource may be out of reach of the player_character. I will try to move closer and then harvest it again.")
move_to((-3,0))
harvest_resource((-2,0))
comment("Still an error. It seems that the resource is still out of reach. I will try to place it on the existing coal spot.")
entity_position = place_entity('burner-mining-drill', direction=LEFT, exact=False, position=(-2,0))
comment("Ok, I need to craft a burner mining drill first. I will check my inventory to see if I have enough resources to make one.")
inspect_inventory() 
comment("It seems like I have enough resources (5 iron plates, 2 gears, and 1 stone furnace) to craft the burner mining drill. I will craft it now.")
craft_item('burner-mining-drill', quantity=1)
comment("Now that I have a burner mining drill, I will try to place it on the coal spot again.")
entity_position = place_entity('burner-mining-drill', direction=LEFT, exact=False, position=(-2,0))
comment("Now, I will move to the entity_position and insert the coal into the mining drill as fuel.")
move_to(entity_position)
insert_item('coal', target_position=entity_position, quantity=1)
