[94mcomment("Starting with mining, move to the nearest iron ore deposit")
iron_ore_position = nearest('iron-ore')
move_to(iron_ore_position)
[94mcomment("Inspecting the resources near the iron ore deposit")
inspect_resources()
[92m1: {'water': [{'size': 900, 'min_coordinates': (-18, -50), 'max_coordinates': (31, -33)}], 'coal': [{'size': 100, 'min_coordinates': (-17, -14), 'max_coordinates': (-8, -5)}], 'iron_ore': [{'size': 100, 'min_coordinates': (22, -14), 'max_coordinates': (31, -5)}], 'stone': [{'size': 100, 'min_coordinates': (-17, 6), 'max_coordinates': (-8, 15)}], 'copper_ore': [{'size': 100, 'min_coordinates': (22, 6), 'max_coordinates': (31, 15)}], 'uranium_ore': [{'size': 100, 'min_coordinates': (22, 26), 'max_coordinates': (31, 35)}]}
[94mcomment("Placing a burner mining drill to extract iron ore")
place_entity('burner-mining-drill', position=nearest_buildable('burner-mining-drill'), direction=DOWN)
[91m1: Error: Could not place burner-mining-drill.  Cannot place burner-mining-drill due to missing minable resource on the tile.
[94mcomment("Inspecting the resources around the character")
inspect_entities(20)
[92m1: [{'type': 'player_character', 'position': (22, -5), 'warning': '', 'status': 'empty'}]
[94mcomment("Placing a stone furnace to process iron ore near mining area and smelting iron ore")
iron_ore_position = nearest('iron-ore')
move_to(iron_ore_position)
place_entity('stone-furnace', direction=UP, position=nearest_buildable('stone-furnace'))
iron_ore_position = nearest('iron-ore')
move_to(iron_ore_position)
harvest_resource(iron_ore_position, quantity=5)
move_to(entity_position('stone-furnace'))
insert_item('iron-ore', target_position=entity_position('stone-furnace'), quantity=5)
set_entity_recipe(entity_position('stone-furnace'), 'iron-plate')
wait(5) comment("wait for smelting to finish")
pickup_entity('iron-plate', entity_position('stone-furnace'))
