[94mcomment("First, let's inspect our starting resources and entities")
inspect_resources()
inspect_entities(20)
[92m1: {'water': [{'size': 900, 'min_coordinates': (-18, -50), 'max_coordinates': (31, -33)}], 'coal': [{'size': 100, 'min_coordinates': (-17, -14), 'max_coordinates': (-8, -5)}], 'iron_ore': [{'size': 100, 'min_coordinates': (22, -14), 'max_coordinates': (31, -5)}], 'stone': [{'size': 100, 'min_coordinates': (-17, 6), 'max_coordinates': (-8, 15)}], 'copper_ore': [{'size': 100, 'min_coordinates': (22, 6), 'max_coordinates': (31, 15)}], 'uranium_ore': [{'size': 100, 'min_coordinates': (22, 26), 'max_coordinates': (31, 35)}], 'item_on_ground': [{'size': 1, 'scattered': True}]}
2: [{'type': 'player_character', 'position': (0, 0), 'warning': '', 'status': 'empty'}]
[94mcomment("Next, let's set up a basic mining operation to extract iron and coal resources.")
[94mcomment("We'll move to the nearest iron resource and place a burner mining drill to extract it.")
iron_position = nearest('iron-ore')
move_to(iron_position)
burner_drill_pos = place_entity('burner-mining-drill', direction=DOWN, position=nearest_buildable('burner-mining-drill'))
[91m3: Error: Could not place burner-mining-drill.  Cannot place burner-mining-drill due to missing minable resource on the tile.
[94mcomment("I see, we don't have any iron ore within range of the burner mining drill, let me look for another resource node.")
iron_position = nearest('iron-ore', radius=50)
move_to(iron_position)
burner_drill_pos = place_entity('burner-mining-drill', direction=DOWN, position=nearest_buildable('burner-mining-drill'))
comment(f"Position of the mining drill is {burner_drill_pos}")
[91m3: Error: Could not place burner-mining-drill.  Cannot place burner-mining-drill due to missing minable resource on the tile.
[94mcomment("It seems we don't have any iron ore nearby. Let's move to the starting area which has some basic resources.")
move_to((0, 0))
inspect_resources()
[92m2: {'water': [{'size': 900, 'min_coordinates': (-18, -50), 'max_coordinates': (31, -33)}], 'coal': [{'size': 100, 'min_coordinates': (-17, -14), 'max_coordinates': (-8, -5)}], 'iron_ore': [{'size': 100, 'min_coordinates': (22, -14), 'max_coordinates': (31, -5)}], 'stone': [{'size': 100, 'min_coordinates': (-17, 6), 'max_coordinates': (-8, 15)}], 'copper_ore': [{'size': 100, 'min_coordinates': (22, 6), 'max_coordinates': (31, 15)}], 'uranium_ore': [{'size': 100, 'min_coordinates': (22, 26), 'max_coordinates': (31, 35)}], 'item_on_ground': [{'size': 1, 'scattered': True}]}
[94mcomment("We can see that there's some iron ore, stone and coal nearby. Let's go to the iron ore deposit and start building our mining operation.")
iron_position = nearest('iron-ore', radius=50)
move_to(iron_position)
burner_drill_pos = place_entity('burner-mining-drill', direction=DOWN, position=nearest_buildable('burner-mining-drill'))
inventory = inspect_inventory()
while inventory['iron-ore'] < 10:
    harvest_resource(iron_position, quantity=5)
    inventory = inspect_inventory()
[91m3: Error: Could not place burner-mining-drill.  Cannot place burner-mining-drill due to missing minable resource on the tile.
[94mcomment("It seems that there is no iron ore in the vicinity. Let's try finding a copper ore deposit.")
copper_position = nearest('copper-ore', radius=50)
move_to(copper_position)
burner_drill_pos = place_entity('burner-mining-drill', direction=DOWN, position=nearest_buildable('burner-mining-drill'))
[91m3: Error: Could not place burner-mining-drill.  Cannot place burner-mining-drill due to missing minable resource on the tile.
[94mcomment("It looks like we don't have any copper ore nearby either. Let's search for another resource.")
coal_pos = nearest('coal', radius=50)
move_to(coal_pos)
burner_drill_pos = place_entity('burner-mining-drill', direction=DOWN, position=nearest_buildable('burner-mining-drill'))
