###NEW EPISODE###
[92mThere are 4.1k tree_01s scattered 23km northwest, 17km north-northwest, 15km north, 16km north-northeast, 21km northeast, 1km east-northeast, 3km west-northwest, 760 metres west, 32 metres east, 4km west-southwest, 720 metres east-southeast, 17km southeast, 17km southwest, 13km south-southwest, 13km south-southeast, and 11km south 
- 100x uranium_ore 30 metres southeast (22, 26) x (31, 35)
- 81x stone 10 metres southwest (-17, 6) x (-8, 15)
- 76x coal 11 metres northwest (-17, -14) x (-8, -5)
- 76x copper_ore 11 metres east-southeast (22, 6) x (31, 15)
- 62x iron_ore 10 metres east-northeast (24, -14) x (31, -5)
- There are 4.1k tree_01_stumps scattered 118 metres north, and 55 metres north-northwest 
- There are 4.1k item_on_grounds scattered 16 metres northeast 
[96m# First, let's craft some basic items and collect resources needed to start our factory.
[94minventory();
[92m- 1 iron-chest
- 50 transport-belt
- 1 stone-furnace
- 1 assembling-machine-1
- 50 coal
- 50 iron-plate
- 50 copper-plate
[96m# check current inventory
[94mgoto(nearest('stone'));
[94mharvest((-2, 0), count=10);
[96m# harvest 10 stone
[94mgoto(nearest('coal'));
[94mharvest((-2, 0), count=20);
[96m# harvest 20 coal
[94mgoto(nearest('iron_ore'));
[94mharvest((-2, 0), count=30);
[96m# harvest 30 iron ore
[94mgoto(nearest('copper_ore'));
[94mharvest((-2, 0), count=20);
[96m# harvest 20 copper ore


[96m# Let's use the harvested resources to craft some useful items and set up our factory.
[94mcraft('stone-furnace', count=1);
[94mcraft('burner-mining-drill', count=1);
[94mplace('stone-furnace', 0, (1, 1));
[96m# place a stone furnace
[94mplace('burner-mining-drill', 0, (-1, 1));
[91mCould not place burner-mining-drill. Cant build there due to existing 
[96m# place a burner mining drill 
[94minsert('coal', (1, 1), count=5);
[96m# insert coal into the stone furnace
[94minsert('coal', (-1, 1), count=5);
[96m# insert coal
[96m# into the burner mining drill
[94mharvest((-2, 1), count=10);
[96m# harvest 10 iron ore from the burner mining drill
[94mwait(10);
[92mWhile you wait, you look around. 
You see:
- An stone_furnace facing north at (1, 1) containing 10x coal. Lack of input material.
[96m# wait for the furnace to smelt the harvested iron ores
[94mextract('iron-plate', (1,1), count=10);
[91mCould not extract.. No item to extract
[96m# collect iron plates from the stone furnace
[94mcraft('burner-mining-drill', count=1);
[96m# craft another burner mining drill
[94mplace('burner-mining-drill', 0, (1, -1));
[96m# place the second burner mining drill
insert('coal', (1, -1), count
[96m# =5);
[94minsert('iron-ore', (1,1), count=10);
[96m# insert the harvested iron ores into the stone furnace
[94mwait(15);
[92mWhile you wait, you look around. 
No entities nearby.
[94mextract('iron-plate', (1,1), count=10);
[96m# extract iron plates from the stone furnace
[94mcraft('assembling-machine-1', count=1);
[91mCould not craft a assembling-machine-1. Ingredients cannot be crafted by hand.
[96m# craft an assembling machine
[94mplace('assembling-machine-1', 0, (3, 3));
[96m# places assembling-machine-1 at 3 meters north and east of the player
[94mrotate((3, 3), 1);
[96m# rotate the assembling-machine-1 to face east
[94mset_recipe((3, 3), 'transport-belt');
[91mCould not set recipe for transport-belt. No building found that could have its recipe set
[96m# set the recipe to craft transport-belt
[94mcraft('transport-belt', count=50);
[91mCould not craft a transport-belt. It requires iron plate which cannot be crafted by hand
[96m# craft 50 more transport belts
[94minventory();
[92m- 1 iron-chest
- 50 transport-belt
- 1 burner-mining-drill
- 160 coal
- 90 stone
- 80 iron-ore
- 80 copper-ore
- 28 iron-plate
- 50 copper-plate
- 5 iron-gear-wheel
[96m# check current inventory
[94mgoto((10, 5), trailing='transport-belt');
[96m# move 10m east, 5 south creating transport as you go
[94mplace('iron-chest', 0, (1, -1));
[96m# place iron-chest at 1 meter north and 1 meter west of the player
[94minsert('copper-plate', (1, -1), count=25);
[96m# insert 25 copper plates into the iron chest
insert('iron-plate', (1, -1),
[96m# count=25);
# insert 25 iron plates into the iron chest
[94mcraft('electric-mining-drill', count=2);
[91mCould not craft a electric-mining-drill. Ingredients cannot be crafted by hand.
[96m# craft 2 electric mining drills
[94mgoto(nearest('coal'));
[94mplace('burner-mining-drill', 0, (-1, 1));
[94minsert('coal', (-1, 1), count=10);
[96m# place coal in the burner mining drill near the coal deposit
[94mwait(20);
[92mWhile you wait, you look around. 
No entities nearby.
[94mgoto(nearest('iron_ore'));
[94mplace('burner-mining-drill', 0, (-1, 1));
[91mCould not place burner-mining-drill. No burner mining drill in inventory
[94minsert('coal', (-1, 1), count=10);
[91mCould not insert.. Could not find a nearby entity to insert into
[96m# place coal in the burner mining drill near the iron ore deposit
[94mwait(20);
[92mWhile you wait, you look around. 
No entities nearby.
[94mgoto(nearest('copper_ore'));
[96m# place('burner-mining
[96m# -drill', 0, (-1, 1));
[94minsert('coal', (-1, 1), count=10);
[96m# place coal in the burner mining drill near the copper ore deposit
[94mwait(20);
[92mWhile you wait, you look around. 
No entities nearby.
[96m# collect the mined ore from the mining operations
[94mextract('coal', (-1, 1), count=25);
[96m# extract 25 mined coal from the coal deposit area
[94mextract('iron-ore', (-1, 1), count=25);
[91mCould not extract.. No item to extract
[96m# extract 25 mined iron ore from the iron ore deposit area
[94mextract('copper-ore', (-1, 1), count=25);
[91mCould not extract.. No item to extract
[96m# extract 25 mined copper ore from the copper ore deposit area
[96m# check inventory once again
[94minventory();
[92m- 40 transport-belt
- 159 coal
- 90 stone
- 80 iron-ore
- 80 copper-ore
- 18 iron-plate
- 25 copper-plate
- 10 iron-gear-wheel
[96m# craft stone furnace
[94mcraft('stone-furnace', count=2);
[96m# place stone furnaces next to iron ore and copper ore deposits
[94mgoto(nearest('iron_ore'));
[94mplace('stone-furnace', 0, (-1, 1));
[94mgoto(nearest('copper_ore'));
[94mplace('stone-furnace', 0, (-1, 1));
[91mCould not place stone-furnace. Cant build there due to existing stone furnace at 
[96m# We already have stone furnaces at both the iron and copper ore deposits
[94minsert('coal', (-1, 1), count=10);
[96m# insert 10 coal into the stone furnace at the iron ore deposit
[94mgoto(nearest('copper_ore'));
[94minsert('coal', (-1, 1), count=10);
[96m# insert 10 coal into the stone furnace at the copper ore deposit
[94mwait(20);
[92mWhile you wait, you look around. 
No entities nearby.
[96m# extract smelted plates from the furnaces
[94mgoto(nearest('iron_ore'));
[94mextract('iron-plate', (-1, 1), count=25);
[91mCould not extract.. No item to extract
[94mgoto(nearest('copper_ore'));
[94mextract('copper-plate', (-1, 1), count=25);
[91mCould not extract.. No item to extract
[96m# check inventory for the updated resources
[94minventory();
[92m- 40 transport-belt
- 1 stone-furnace
- 139 coal
- 80 stone
- 80 iron-ore
- 80 copper-ore
- 18 iron-plate
- 25 copper-plate
- 10 iron-gear-wheel
[96m# Let's try inserting more coal into the furnaces
[94mgoto(nearest('iron_ore'));
[94minsert('coal', (-1, 1), count=10);
[96m# insert 10 coal into the stone furnace at the iron ore deposit
[94mgoto(nearest('copper_ore'));
[94minsert('coal', (-1, 1), count=10);
[96m# insert 10 coal into the stone furnace at the copper ore deposit
[94mwait(20);
[92mWhile you wait, you look around. 
No entities nearby.
[96m# extract smelted plates from the furnaces again
[94mgoto(nearest('iron_ore'));
[94mextract('iron-plate', (-1, 1), count=25);
[91mCould not extract.. No item to extract
[94mgoto(nearest('copper_ore'));
[94mextract('copper-plate', (-1, 1), count=25);
[91mCould not extract.. No item to extract
[96m# There might be a problem with the extraction process. Let's insert more coal and wait for some more time
[94mgoto(nearest('iron_ore'));
[94minsert('coal', (-1, 1), count=10);
[94mgoto(nearest('copper_ore'));
[94minsert('coal', (-1, 1), count=10);
[94mwait(40);
[92mWhile you wait, you look around. 
No entities nearby.
[96m# extract smelted plates from the furnaces once more
[94mgoto(nearest('iron_ore'));
[94mextract('iron-plate', (-1, 1), count=25);
[91mCould not extract.. No item to extract
[94mgoto(nearest('copper_ore'));
[94mextract('copper-plate', (-1, 1), count=25);
[91mCould not extract.. No item to extract
[96m# There appears to be an issue with the furnaces or extraction process. Let's craft new electric furnaces for the iron and copper ore deposits.
[94mcraft('electric-furnace', count=2);
[91mCould not craft a electric-furnace. It requires stone brick which cannot be crafted by hand
[96m# place electric furnaces next to iron ore and copper ore deposits
[94mgoto(nearest('iron_ore'));
[94mplace('electric-furnace', 0, (-2, 1));
[91mCould not place electric-furnace. No electric furnace in inventory
[94mgoto(nearest('copper_ore'));
[94mplace('electric-furnace', 0, (-2, 1));
[91mCould not place electric-furnace. No electric furnace in inventory
[96m# let's insert more coal and try the extraction again
[94mgoto(nearest('iron_ore'));
[96m# insert('coal',
[96m# (-1, 1), count=10);
[94mgoto(nearest('copper_ore'));
[94minsert('coal', (-1, 1), count=10);
[94mwait(20);
[92mWhile you wait, you look around. 
No entities nearby.
[96m# attempt extraction after waiting
[94mgoto(nearest('iron_ore'));
[94mextract('iron-plate', (-1, 1), count=25);
[91mCould not extract.. No item to extract
[94mgoto(nearest('copper_ore'));
[94mextract('copper-plate', (-1, 1), count=25);
[91mCould not extract.. No item to extract
[96m# It seems that there is an issue with the extraction process or the furnaces. We need to try a different approach.
[96m# Let's check our inventory and inspect the furnaces
[94mgoto(nearest('iron_ore'));
[94minspect((-1, 1));
[91mYou can't do that action. Incorrect syntax.
[94minventory();
[92m- 40 transport-belt
- 1 stone-furnace
- 89 coal
- 80 stone
- 80 iron-ore
- 80 copper-ore
- 18 iron-plate
- 25 copper-plate
- 10 iron-gear-wheel
[96m# Now that we know our inventory, let's place another stone furnace for the iron ore deposit and copper ore deposit
[94mgoto(nearest('iron_ore'));
[94mplace('stone-furnace', 0, (-1, 1));
[91mCould not place stone-furnace. Cant build there due to existing stone furnace at 
[94minsert('coal', (-1, 1), count=10);
[94minsert('iron-ore', (-1, 1), count=20);
[94mwait(20);
[92mWhile you wait, you look around. 
No entities nearby.
[94mgoto(nearest('copper_ore'));
[94mplace('stone-furnace', 0, (-1, 1));
[91mCould not place stone-furnace. Cant build there due to existing stone furnace at 
[94minsert('coal', (-1, 1), count=10);
[91mCould not insert.. None
[96m# insert('copper-ore',
[94minsert('copper-ore', (-1, 1), count=20);
[94mwait(20);
[92mWhile you wait, you look around. 
No entities nearby.
[96m# Let's attempt extraction again.
[94mgoto(nearest('iron_ore'));
[94mextract('iron-plate', (-1, 1), count=40);
[94mgoto(nearest('copper_ore'));
[94mextract('copper-plate', (-1, 1), count=40);
[91mCould not extract.. No item to extract
[96m# We might need to reassess the strategy. Let's check the inventory and move to another location.
[94minventory();
[92m- 40 transport-belt
- 1 stone-furnace
- 69 coal
- 80 stone
- 60 iron-ore
- 60 copper-ore
- 34 iron-plate
- 25 copper-plate
- 10 iron-gear-wheel
[94mgoto((10, 20));
[96m# Now that we have moved to another location, let's try to set up a new stone furnace for iron and copper
[94mplace('stone-furnace', 0, (1, 1));
[94minsert('coal', (1, 1), count=10);
[94minsert('iron-ore', (1, 1), count=20);
[94mwait(20);
[92mWhile you wait, you look around. 
No entities nearby.
[94mgoto((20, 30));
[94mplace('stone-furnace', 0, (1, 1));
[91mCould not place stone-furnace. No stone furnace in inventory
[94minsert('coal', (1, 1), count=10);
[96m# insert('copper-ore', (1, 1), count=20
[96m# My apologies, let's try to craft a new stone-furnace
[94mcraft('stone-furnace', count=1);
[94mwait(5);
[92mWhile you wait, you look around. 
No entities nearby.
[96m# Now that we have crafted a new stone furnace, let's try placing it again
[94mgoto((20, 30));
[94mplace('stone-furnace', 0, (1, 1));
[94minsert('coal', (1, 1), count=10);
[94minsert('copper-ore', (1, 1), count=20);
[94mwait(20);
[92mWhile you wait, you look around. 
No entities nearby.
[96m# Let's extract the resources from the two stone furnaces.
[94mgoto((10, 20));
[94mextract('iron-plate', (1, 1), count=20);
[94mgoto((20, 30));
[94mextract('copper-plate', (1, 1), count=20);
[94mdeposit_all();
[91mYou can't do that action. Incorrect syntax.
[96m# My apologies, let's deposit the resources into a new chest instead.
[94mcraft('iron-chest', count=1);
[94mwait(5);
[92mWhile you wait, you look around. 
No entities nearby.
[94mplace('iron-chest', 0, (0, 1));
[91mCould not place iron-chest. Cant build there due to existing stone furnace at 1, 1
[94minsert('iron-plate', (0, 1), count=20);
[91mCould not insert.. None
[94minsert('copper-plate', (0, 1), count=20);
[91mCould not insert.. None
[96m# Let's try placing the iron-chest in a different location.
[94mplace('iron-chest', 0, (1, 2));
[94minsert('iron-plate', (1, 2), count=20);
[94minsert('copper-plate', (1, 2), count=20);
[96m# Let's extract the resources from the two stone furnaces one last time.
[94mgoto((10, 20));
[94mextract('iron-plate', (1, 1), count=20);
[91mCould not extract.. No item to extract
[94mgoto((20, 30));
[94mextract('copper-plate', (1, 1), count=20);
[96m# Let's deposit the resources into the iron-chest.
[94mgoto((10, 20));
[94minsert('iron-plate', (1, 2), count=20);
[94mgoto((20, 30));
[94minsert('copper-plate', (1, 2), count=20);
[96m# With resources deposited in the iron-chest, let's create some transport belts and assembling machines.
[94mcraft('transport-belt', count=20);
[91mCould not craft a transport-belt. It requires iron plate which cannot be crafted by hand
[94mcraft('assembling-machine-1', count=2);
[91mCould not craft a assembling-machine-1. It requires iron plate which cannot be crafted by hand
[94mwait(10);
[92mWhile you wait, you look around. 
No entities nearby.
[96m# My apologies for the confusion earlier, let's attempt to use the correct commands.
[94mgoto((10, 20));
[94mextract('iron-plate', (1, 1), count=20);
[94mgoto((20, 30));
[94mextract('copper-plate', (1, 1), count=20);
[91mCould not extract.. No item to extract
[96m# It seems we cannot extract items directly, let me try to workaround using the pickup command
[94mpickup((1, 1));
[96m# Pick up stone furnace containing iron plates
[94mgoto((20, 30));
[94mpickup((1, 1));
[91mCould not pickup.. Nothing to here to pick up
[96m# Pick up stone furnace containing copper plates
[94minventory();
[92m- 40 transport-belt
- 2 stone-furnace
- 47 coal
- 75 stone
- 40 iron-ore
- 40 copper-ore
- 1 iron-plate
- 10 iron-gear-wheel
[96m# Now that we know the inventory, let's set up the assembling machines.
[94mplace('stone-furnace', 0, (1, 2));
[91mCould not place stone-furnace. Cant build there due to existing iron chest at 1
[94minsert('iron-ore', (1, 2), count=20);
[94mrotate((1, 2), 1);
[94mwait(30);
[92mWhile you wait, you look around. 
No entities nearby.
[94mextract('iron-plate', (1, 2), count=20);
[96m# Let's check our inventory now
[94minventory();
[92m- 40 transport-belt
- 2 stone-furnace
- 47 coal
- 75 stone
- 20 iron-ore
- 40 copper-ore
- 21 iron-plate
- 10 iron-gear-wheel
[96m# Now we have 21 iron-plates in the inventory. Let's set up a copper smelting furnace next.
[94mplace('stone-furnace', 0, (1, 3));
[91mCould not place stone-furnace. Cant build there due to existing iron chest at 1
[94minsert('copper-ore', (1, 3), count=20);
[94mrotate((1, 3), 1);
[94mwait(30);
[92mWhile you wait, you look around. 
No entities nearby.
[94mextract('copper-plate', (1, 3), count=20);
[96m# Let's check our inventory again.
[94minventory();
[92m- 40 transport-belt
- 2 stone-furnace
- 47 coal
- 75 stone
- 20 iron-ore
- 20 copper-ore
- 21 iron-plate
- 20 copper-plate
- 10 iron-gear-wheel
