comment("Check the natural resources and landscape around me")
resources = inspect_resources()
comment("Find the nearest coal deposit")
coal_position = nearest('coal')
comment("Move to coal_position")
move_to(coal_position)
comment("Place a burner-mining-drill at the coal deposit")
place_entity('burner-mining-drill', direction=RIGHT, position=(coal_position[0]+2, coal_position[1]))
comment("Find the nearest iron ore deposit")
iron_position = nearest('iron-ore')
comment("Move to iron_position")
move_to(iron_position)
comment("Place a burner-mining-drill at the iron ore deposit")
place_entity('burner-mining-drill', direction=RIGHT, position=(iron_position[0]+2, iron_position[1]))
comment("Place a stone furnace to the right of the burner-mining-drill with a gap of one tile")
stone_furnace_position = place_entity_next_to('stone-furnace', reference_position=(iron_position[0]+2, iron_position[1]), direction=RIGHT, gap=1)
comment("Connect the burner-mining-drill's output to the stone-furnace's input using an inserter")
connect_entities(source_position=(iron_position[0]+2, iron_position[1]), target_position=stone_furnace_position, connection_type='inserter')
comment("Find the nearest coal deposit")
coal_position = nearest('coal')

comment("Move to coal_position")
move_to(coal_position)

comment("Place a burner-mining-drill at the coal deposit")
place_entity('burner-mining-drill', direction=LEFT, position=(coal_position[0]-2, coal_position[1]))

comment("Pick up coal nearby")
pickup_entity('coal', (coal_position[0]-2, coal_position[1]))

comment("Fuel the iron ore mining drill and furnace")
insert_item('coal', target_position=(iron_position[0]+2, iron_position[1]), quantity=1)
insert_item('coal', target_position=stone_furnace_position, quantity=1)
comment("Craft a burner-mining-drill and a stone furnace")
craft_item('burner-mining-drill', quantity=1)
craft_item('stone-furnace', quantity=1)

comment("Place a burner-mining-drill at the coal deposit")
place_entity('burner-mining-drill', direction=LEFT, position=(coal_position[0] - 2, coal_position[1]))

comment("Pick up 1 coal nearby")
pickup_entity('coal', (coal_position[0] - 2, coal_position[1]))

comment("Fuel the iron ore mining drill and furnace")
insert_item('coal', target_position=(iron_position[0] + 2, iron_position[1]), quantity=1)
insert_item('coal', target_position=stone_furnace_position, quantity=1)
comment("Find the nearest stone deposit")
stone_position = nearest('stone')

comment("Move to stone_position")
move_to(stone_position)

comment("Harvest 8 pieces of stone from the stone deposit")
harvest_resource(stone_position, quantity=8)

comment("Craft a burner-mining-drill and a stone furnace")
craft_item('burner-mining-drill', quantity=1)
craft_item('stone-furnace', quantity=1)

comment("Place a burner-mining-drill at the coal deposit")
place_entity('burner-mining-drill', direction=LEFT, position=(coal_position[0] - 2, coal_position[1]))

comment("Pick up 1 piece of coal nearby")
pickup_entity('coal', (coal_position[0] - 2, coal_position[1]))

comment("Fuel the iron ore mining drill and furnace")
insert_item('coal', target_position=(iron_position[0] + 2, iron_position
comment("Check available resources around me")
resources = inspect_resources()
comment("Locate the nearest coal resource")
coal_position = nearest('coal')
comment("Move to the coal resource and place a burner-mining-drill facing left")
move_to(coal_position)
place_entity('burner-mining-drill', direction=LEFT, position=(coal_position[0]-2, coal_position[1]))
comment("Check my current inventory")
inventory = inspect_inventory()
comment("Craft a burner-mining-drill since it's not available in my inventory")
craft_item('burner-mining-drill', quantity=1)
comment("Locate the nearest stone resource and move to it")
stone_position = nearest('stone')
move_to(stone_position)
comment("Mine 5 stone to craft the burner-mining-drill")
harvest_resource(stone_position, quantity=5)
comment("Craft a burner-mining-drill with the harvested stone")
craft_item('burner-mining-drill', quantity=1)
comment("Locate the nearest coal resource and move to it")
coal_position = nearest('coal')
move_to(coal_position)
comment("Place the burner mining drill facing LEFT to mine the coal")
place_entity('burner-mining-drill', direction=LEFT, position=(coal_position[0]-2, coal_position[1]))
comment("Mine 1 coal manually to fuel the mining drill")
harvest_resource(coal_position, quantity=1)
comment("Insert the mined coal into the burner-mining-drill for fuel")
insert_item('coal', target_position=(-11, -5), quantity=1)
comment("Craft a stone furnace")
craft_item('stone-furnace', quantity=1)
comment("Find a nearby stone resource")
stone_position = nearest('stone')
move_to(stone_position)
comment("Mine 5 stones to craft a stone furnace")
harvest_resource(stone_position, quantity=5)
comment("Craft a stone furnace")
craft_item('stone-furnace', quantity=1)
comment("Place the stone furnace near the mining drill")
stone_furnace_position = place_entity('stone-furnace', direction=LEFT, position=(coal_position[0]-3, coal_position[1]))
comment("Inspect surroundings and nearby entities")
inspect_entities(20)
comment("Place stone furnace near coal mining drill")
stone_furnace_position = place_entity('stone-furnace', direction=LEFT, position=(coal_position[0]-3, coal_position[1]-1))
comment("Move to the coal mining drill and retry placing the stone furnace")
move_to((coal_position[0]-2, coal_position[1]))
stone_furnace_position = place_entity('stone-furnace', direction=LEFT, position=(coal_position[0]-3, coal_position[1]-1))
comment("Inspect surroundings and resources")
inspect_resources()
comment("Move to a valid location and place the stone furnace next to the coal mining drill")
move_to((coal_position[0]+1, coal_position[1]))
stone_furnace_position = place_entity('stone-furnace', direction=LEFT, position=(coal_position[0]+1, coal_position[1]-1))
comment("Place a burner-mining-drill next to the stone furnace")
burner_drill_position = place_entity_next_to('burner-mining-drill', reference_position=stone_furnace_position, direction=LEFT, gap=1)
comment("Find the nearest iron ore deposit and move to it")
iron_ore_position = nearest('iron_ore')
move_to(iron_ore_position)
comment("Place a burner-mining-drill next to the iron ore deposit")
iron_drill_position = place_entity('burner-mining-drill', direction=RIGHT, position=(iron_ore_position[0]+2, iron_ore_position[1]))
comment("Craft a burner-mining-drill")
craft_item('burner-mining-drill', quantity=1)
comment("Find the nearest stone deposit and move to it")
stone_position = nearest('stone')
move_to(stone_position)
comment("Harvest 5 stone from the stone deposit")
harvest_resource(stone_position, quantity=5)
comment("Craft a burner-mining-drill now that we have enough stone")
craft_item('burner-mining-drill', quantity=1)
comment("Place the burner-mining-drill near the iron ore deposit again")
iron_drill_position = place_entity('burner-mining-drill', direction=RIGHT, position=(iron_ore_position[0]+2, iron_ore_position[1]))
comment("Find the nearest iron ore deposit and move to it")
iron_position = nearest('iron')
move_to(iron_position)
comment("Find the nearest copper ore deposit and move to it")
copper_position = nearest('copper')
move_to(copper_position)
comment("Assess landscape and resources")
resources = inspect_resources()
entities = inspect_entities(20)
inventory = inspect_inventory()
comment("Searching for iron ore in landscape")
iron_resources = [resource for resource in resources.values() if resource['name'] == 'iron']
comment("Searching for iron ore in resources dictionary")
iron_resources = [resource for resource in resources if resource['name'] == 'iron']
comment("Searching for iron ore in resources list")
iron_resources = [resource for resource in resources if resources[resource]['name'] == 'iron']
comment("Check resources and re-attempt extraction")
resources = inspect_resources()
comment("Searching for iron ore in resources list")
iron_resources = [resource for resource in resources if resources[resource]['name'] == 'iron']
comment("Inspecting resources and searching for iron ore")
resources = inspect_resources()
iron_resources = [resource for resource in resources if resource['name'] == 'iron']
comment("Inspecting resources and updating the value check for iron ore")
resources = inspect_resources()
iron_resources = [resource for resource in resources if resources[resource]['name'] == 'iron']
comment("Re-inspecting resources and searching for iron ore")
resources = inspect_resources()
iron_resources = [resource for resource in resources.items() if resource[1]['name'] == 'iron']
comment("Try again to re-inspect resources and search for iron ore")
resources = inspect_resources()
iron_resources = [resource for resource in resources.items() if resource[1]['name'] == 'iron']
comment("Modify approach for inspecting resources, search for iron ore")
resources = inspect_resources()
iron_resources = [resource_position for (resource_position, resource_info) in resources.items() if resource_info['name'] == 'iron']
comment("Let's try this again - modifying approach for inspecting resources and searching for iron ore")
resource_data = inspect_resources()
iron_resources = [resource_position for (resource_position, resource_info) in resource_data.items() if resource_info['name'] == 'iron']
comment("Checking the nearest iron ore patch")
nearest_iron = nearest('iron')
move_to(nearest_iron)
comment("Find the closest coal patch")
nearest_coal = nearest('coal')
move_to(nearest_coal)

comment("Place a burner-mining-drill on the coal patch, facing LEFT")
place_entity('burner-mining-drill', direction=LEFT, position=(nearest_coal[0]-2, nearest_coal[1]))

comment("Verify the presence of the burner-mining-drill")
inspect_entities(5)
comment("Adjusting the placement of the burner-mining-drill correctly on the coal patch")
place_entity('burner-mining-drill', direction=LEFT, position=nearest_coal)
comment("Inspect and store the resources and landscape around you")
resource_data = inspect_resources()

comment("Looking for coal resources")
coal_resources = [resource_position for (resource_position, resource_info) in resource_data.items() if resource_info['name'] == 'coal']
comment("Checking the nearest coal patch")
nearest_coal = nearest('coal')
move_to(nearest_coal)
comment("Place a burner-mining-drill on the coal patch, facing LEFT")
place_entity('burner-mining-drill', direction=LEFT, position=(nearest_coal[0], nearest_coal[1]))
