[92mThere are 4.2k tree_01s scattered 23km northwest, 17km north-northwest, 16km north, 16km north-northeast, 21km northeast, 1km east-northeast, 3km west-northwest, 760 metres west, 32 metres east, 4km west-southwest, 720 metres east-southeast, 17km southeast, 17km southwest, 13km south-southwest, 13km south-southeast, and 11km south 
- 100x coal 10 metres northwest (-17, -14) x (-8, -5)
- 100x iron_ore 10 metres east-northeast (22, -14) x (31, -5)
- 100x stone 10 metres southwest (-17, 6) x (-8, 15)
- 100x copper_ore 10 metres east-southeast (22, 6) x (31, 15)
- 100x uranium_ore 30 metres southeast (22, 26) x (31, 35)
[96m# Lets start by checking my inventory.
[92m- 1 iron-chest
- 50 transport-belt
- 1 stone-furnace
- 1 assembling-machine-1
- 50 coal
- 50 iron-plate
- 50 copper-plate
[96m# Let's begin by building the factory layout
[94m# First, move to the iron_ore location and place a burner-drill
move_to((26, -9))
place_entity('burner-drill', direction=1, position=(26, -8))
[91mCould not place burner-drill. burner drill isnt something that exists
[94m# Apologies for the mistake, let's use electric-mining-drill instead.
craft_item('electric-mining-drill', quantity=1)
move_to((26, -9))
place_entity('electric-mining-drill', direction=1, position=(26, -8))
[91mCould not place electric-mining-drill. Cant build there
[94m# I see, let's try placing it on the iron_ore itself.
move_to((23, -14))
place_entity('electric-mining-drill', direction=1, position=(23, -13))
[91mCould not place electric-mining-drill. Cant build there
[94m# Let's try another approach to place the electric-mining-drill
move_to((27, -9))
place_entity('electric-mining-drill', direction=1, position=(26, -10))
[91mCould not place electric-mining-drill. Cant build there
[94m# Let's inspect the area within a 20-meter radius to find a suitable location to place the electric-mining-drill
inspect_radius(20)
[92mentities: []

[94m# It seems there are no entities in the inspected radius. Let's try placing the electric-mining-drill on the closest iron ore location.
move_to((23, -14))
place_entity('electric-mining-drill', direction=1, position=(23, -14))
[91mCould not place electric-mining-drill. Cant build there
[94m# Let's move to the center of the iron_ore patch and try again.
move_to((26, -9))
place_entity('electric-mining-drill', direction=1, position=(26, -9))
[91mCould not place electric-mining-drill. Cant build there
[96m# Let's try to place the electric-mining-drill at different positions around the iron_ore patch.
[94mmove_to((22, -14))
place_entity('electric-mining-drill', direction=1, position=(22, -13))
[91mCould not place electric-mining-drill. Cant build there
[96m# It appears that placing the electric-mining-drill is not possible for now. Instead, let's focus on building other parts of the factory.
