[94mcomment("Inspect available resources on the map")
resources = inspect_resources()
[92m1: 
2: 
Score: 844
[94mcomment("Find the nearest coal and iron ore deposits")
coal_position = nearest("coal")
iron_position = nearest("iron-ore")
[92m1: 
2: 
3: 
Score: 844
[94mcomment("Move to the coal deposit")
move_to(coal_position)
[92m1: 
2: 
Score: 844
[94mcomment("Place a burner-mining-drill on the coal deposit to extract coal, facing down")
place_entity("burner-mining-drill", direction=DOWN, position=(coal_position[0], coal_position[1]-2))
[92m1: 
2: (-8, -7)
Score: 844
[94mcomment("Check to ensure that the burner-mining-drill has been placed")
entities = inspect_entities(5)
[92m1: 
2: 
Score: 844
[94mcomment("Insert one unit of coal from the burner-mining-drill into the player's inventory")
extract_item("coal", source_position=(-8, -7), quantity=1)
[92m1: 
2: Error: Could not extract.. "global.actions.extract item = function(player..."]:32: No item to extract
Score: 844
[94mcomment("Manually pick up coal to use as fuel for the burner-mining-drill")
pickup_entity("coal", (coal_position[0]-1, coal_position[1]))
[92m1: 
2: Error: Could not pickup, did you intend to harvest?. 0
Score: 844
[94mcomment("Harvest 1 coal from the coal deposit to use as fuel")
harvest_resource((coal_position[0]-1, coal_position[1]), quantity=1)
[92m1: 
2: 
Score: 847
[94mcomment("Insert 1 coal from player's inventory into the burner-mining-drill to fuel it")
insert_item("coal", target_position=(-8, -7), quantity=1)
[92m1: 
2: 
Score: 844
[94mcomment("Find the nearest iron deposit")
iron_position = nearest("iron-ore")
[92m1: 
2: 
Score: 850
[94mcomment("Move to the nearest iron deposit")
move_to(iron_position)
[92m1: 
2: 
Score: 850
[94mcomment("Place a burner-mining-drill at the iron deposit")
place_entity("burner-mining-drill", direction=RIGHT, position=(iron_position[0]+2, iron_position[1]))
[92m1: 
2: Error: Could not place burner-mining-drill. "global.actions.place entity = function(player..."]:42: No burner mining drill in inventory.
Score: 850
[94mcomment("Find the nearest stone deposit")
stone_position = nearest("stone")
[92m1: 
2: 
Score: 850
[94mcomment("Move to the nearest stone deposit")
move_to(stone_position)
[92m1: 
2: 
Score: 850
[94mcomment("Place a burner-mining-drill at the stone deposit")
place_entity("burner-mining-drill", direction=RIGHT, position=(stone_position[0]+2, stone_position[1]))
[92m1: 
2: Error: Could not place burner-mining-drill. "global.actions.place entity = function(player..."]:42: No burner mining drill in inventory.
Score: 850
[94mcomment("Harvest 5 stone resources from the stone deposit")
harvest_resource(stone_position, quantity=5)
[92m1: 
2: 
Score: 862
[94mcomment("Craft a burner-mining-drill using harvested stone")
craft_item("burner-mining-drill", quantity=1)
[92m1: 
2: 
Score: 862
[94mcomment("Place the crafted burner-mining-drill at the stone deposit")
place_entity("burner-mining-drill", direction=RIGHT, position=(stone_position[0]+2, stone_position[1]))
[92m1: 
2: Error: Could not place burner-mining-drill. "global.actions.place entity = function(player..."]:97: Cannot place burner-mining-drill due to missing minable resource on the tile.
Score: 862
[94mcomment("Find a new valid stone deposit")
stone_position = nearest("stone")
move_to(stone_position)
[92m1: 
2: 
3: 
Score: 862
[94mcomment("Place the burner-mining-drill at the new stone deposit")
place_entity("burner-mining-drill", direction=RIGHT, position=(stone_position[0]+2, stone_position[1]))
[92m1: 
2: (-7, 6)
Score: 862
[94mcomment("Harvest some coal to fuel the burner-mining-drill at the stone deposit")
coal_position = nearest("coal")
move_to(coal_position)
harvest_resource(coal_position, quantity=5)
[92m1: 
2: 
3: 
4: 
Score: 877
[94mcomment("Insert coal into the burner-mining-drill at the stone deposit")
insert_item("coal", target_position=(stone_position[0]+2, stone_position[1]), quantity=1)
[92m1: 
2: 
Score: 874
[94mcomment("Find a new valid iron deposit")
iron_position = nearest("iron")
move_to(iron_position)
[92m1: 
2: 
3: 
Score: 879
[94mcomment("Place the burner-mining-drill at the new iron deposit")
place_entity("burner-mining-drill", direction=DOWN, position=(iron_position[0], iron_position[1]-2))
[92m1: 
2: Error: Could not place burner-mining-drill. "global.actions.place entity = function(player..."]:42: No burner mining drill in inventory.
Score: 879
[94mcomment("Craft a burner-mining-drill to place at the new iron deposit")
craft_item("burner-mining-drill", quantity=1)
[92m1: 
2: 
Score: 879
[94mcomment("Place the new burner-mining-drill at the iron deposit")
place_entity("burner-mining-drill", direction=DOWN, position=(iron_position[0], iron_position[1]-2))
[92m1: 
2: (22, -7)
Score: 879
[94mcomment("Insert coal into the burner-mining-drill at the iron deposit")
insert_item("coal", target_position=(iron_position[0], iron_position[1]-2), quantity=1)
[92m1: 
2: 
Score: 876
[94mcomment("Find a new valid stone deposit")
stone_position = nearest("stone")
move_to(stone_position)
[92m1: 
2: 
3: 
Score: 882
[94mcomment("Place the burner-mining-drill at the new stone deposit")
craft_item("burner-mining-drill", quantity=1)
place_entity("burner-mining-drill", direction=LEFT, position=(stone_position[0]-2, stone_position[1]))
[92m1: 
2: Error: Could not craft a burner-mining-drill. "global.actions.craft item = function(player i..."]:72: Failed to craft 1x burner-mining-drill because missing ingredient stone
Score: 882
[94mcomment("Harvest 5 of the stone resource at the new stone deposit")
harvest_resource(stone_position, quantity=5)
[92m1: 
2: 
Score: 894
[94mcomment("Craft and place the burner-mining-drill at the new stone deposit")
craft_item("burner-mining-drill", quantity=1)
place_entity("burner-mining-drill", direction=LEFT, position=(stone_position[0]-2, stone_position[1]))
[92m1: 
2: 
3: (-10, 6)
Score: 894
[94mcomment("Insert coal into the burner-mining-drill at the new stone deposit")
insert_item("coal", target_position=(stone_position[0]-2, stone_position[1]), quantity=1)
[92m1: 
2: 
Score: 891
[94mcomment("Find a valid iron deposit")
iron_position = nearest('iron-ore')
move_to(iron_position)
[92m1: 
2: 
3: 
Score: 896
[94mcomment("Place a burner-mining-drill at the iron deposit")
craft_item("burner-mining-drill", quantity=1)
place_entity('burner-mining-drill', direction=LEFT, position=(iron_position[0]-2, iron_position[1]))
[92m1: 
2: Error: Could not craft a burner-mining-drill. "global.actions.craft item = function(player i..."]:72: Failed to craft 1x burner-mining-drill because missing ingredient stone
Score: 896
[94mcomment("We need more stone to craft another burner-mining-drill. Mine 5 more stone")
harvest_resource(stone_position, quantity=5)
[92m1: 
2: Error: Could not harvest.. "global.actions.harvest resource = function(pl..."]:54: Could only harvest 0 at position (-8, 6)
Score: 896
[94mcomment("Extract stone from the placed burner-mining-drill")
extract_item("stone", source_position=(stone_position[0]-2, stone_position[1]), quantity=5)
[92m1: 
2: Error: Could not extract.. "global.actions.extract item = function(player..."]:32: No item to extract
Score: 896
[94mcomment("Pick up more coal to fuel the burner-mining-drill at the stone deposit")
move_to(coal_position)
harvest_resource(coal_position, quantity=5)
[92m1: 
2: 
3: 
Score: 911
[94mcomment("Insert coal into the burner-mining-drill at the stone deposit")
move_to((stone_position[0]-2, stone_position[1]))
insert_item("coal", target_position=(stone_position[0]-2, stone_position[1]), quantity=2)
[92m1: 
2: 
3: 
Score: 911
[94mcomment("Wait for the burner-mining-drill to output stone")
wait(5)
[92m1: 
2: Error: name 'wait' is not defined
Score: 911
[94mcomment("My bad, there is no 'wait' function. Extract stone from the burner-mining-drill")
move_to((stone_position[0]-2, stone_position[1]))
extract_item("stone", source_position=(stone_position[0]-2, stone_position[1]), quantity=5)
[92m1: 
2: 
3: Error: Could not extract.. "global.actions.extract item = function(player..."]:32: No item to extract
Score: 911
[94mcomment("Inspect the burner-mining-drill to determine how many stones it has produced")
inspect_entities(2)
[92m1: 
2: [{'type': 'burner_mining_drill', 'direction': 'south', 'position': (-8, -7), 'status': 'empty'}, {'type': 'burner_mining_drill', 'direction': 'east', 'position': (-7, 6), 'status': 'empty'}, {'type': 'burner_mining_drill', 'direction': 'west', 'position': (-10, 6), 'contents': {'coal': 2}, 'status': 'not empty'}, {'type': 'player_character', 'direction': 'north', 'position': (-10, 6), 'status': 'empty'}, {'type': 'burner_mining_drill', 'direction': 'south', 'position': (22, -7), 'status': 'empty'}]
Score: 911
[94mcomment("The 'status' field is still empty. Let's harvest the coal deposit for more coal to fuel the mining drill at the stone deposit")
move_to(coal_position)
harvest_resource(coal_position, quantity=5)
[92m1: 
2: 
3: 
Score: 926
[94mcomment("Insert additional coal into the burner-mining-drill at the stone deposit")
move_to((stone_position[0]-2, stone_position[1]))
insert_item("coal", target_position=(stone_position[0]-2, stone_position[1]), quantity=5)
[92m1: 
2: 
3: 
Score: 926
[94mcomment("Wait a while for the stone to accumulate and then harvest it")
stone_output_position = (stone_position[0]-2, stone_position[1])
move_to(stone_output_position)
inspect_entities(2)
extract_item("stone", source_position=stone_output_position, quantity=5)
[92m1: 
2: 
3: 
4: [{'type': 'burner_mining_drill', 'direction': 'south', 'position': (-8, -7), 'status': 'empty'}, {'type': 'burner_mining_drill', 'direction': 'east', 'position': (-7, 6), 'status': 'empty'}, {'type': 'burner_mining_drill', 'direction': 'west', 'position': (-10, 6), 'contents': {'coal': 7}, 'status': 'not empty'}, {'type': 'player_character', 'direction': 'north', 'position': (-10, 6), 'status': 'empty'}, {'type': 'burner_mining_drill', 'direction': 'south', 'position': (22, -7), 'status': 'empty'}]
5: Error: Could not extract.. "global.actions.extract item = function(player..."]:32: No item to extract
Score: 926
[94mcomment("Inspect the stone burner-mining-drill again")
wait_until_status_not_empty = True
while wait_until_status_not_empty:
    move_to(stone_output_position)
    entity_data = inspect_entities(2)
    for entity in entity_data:
        if entity["type"] == "burner_mining_drill" and entity["position"] == stone_output_position:
            if "stone" in entity["contents"]:
                wait_until_status_not_empty = False
            else:
                move_to(coal_position)
                harvest_resource(coal_position, quantity=5)
                move_to(stone_output_position)
                insert_item("coal", target_position=stone_output_position, quantity=5)
[92m1: 
2: 
3: Error: Could not insert. "global.actions.insert item = function(player ..."]:49: Transaction not executed
Score: 1061
