comment("Plan:")
comment("Plan:")
comment("Task 1: Extract Resources")
comment("Task 1: Extract Resources")
move_to(ore)
harvest_resource(ore, quantity=5)
comment("Task 2: Smelt processed resources")
move_to((1, -4))
place_entity_next_to('stone-furnace', reference_position=(1, -4), direction=RIGHT, gap=1)
iron_ore_position = nearest('iron-ore')
move_to(iron_ore_position)
harvest_resource(iron_ore_position, quantity=5)
move_to((2, -4))
place_entity_next_to('burner-mining-drill', reference_position=(2, -4), direction=DOWN, gap=1)
move_to(iron_ore_position)
insert_item('iron-ore', nearest('stone-furnace'), quantity=5)
time.sleep(5)  # Wait for items to smelt
output = inspect_entities(2)[0]["output_inventory"]
if "iron-plate" in output.keys():
    print("Iron Ore has been mined and Smelted.")
else:
    print("Something went wrong while mining and (
import time
comment("Plan:")
comment("Task 1: Extract Resources")
move_to(ore)
harvest_resource(ore, quantity=5)
comment("Task 2: Smelt processed resources")
smelter_position = (3,-3)
stone_furnace_position = (3,-1)
comment("Task 2: Smelt processed resources")
move_to(smelter_position)
comment("Task 2: Smelt processed resources")
insert_item('iron-ore', target_position=nearest('stone-furnace'), quantity=5)
comment("Task 2: Smelt processed resources")
stone_furnace_position = (3,-1)
comment("Task 2: Smelt processed resources")
move_to(stone_furnace_position)
comment("Task 2: Smelt processed resources")
insert_item('iron-ore', target_position=stone_furnace_position, quantity=5)
