[94mcomment("Plan:")
[94m
# I will move to the location of the ore.
[94mmove_to(ore)
[94mcomment("Inspect the resources to see what kind of ore it is.")
[94mresources = inspect_resources()
print(resources)
[94mcomment("The type of ore is coal. I will place a burner-mining-drill over the coal and connect it to a furnace.")
[91mWarning: burner-mining-drill at (-6, -7): out of fuel
[94mcomment("To prevent the mining drill from stopping because it ran out of fuel, I'll insert 20 coal.")
[94minsert_item('coal', target_position=nearest('burner-mining-drill'), quantity=20)
[94mcomment("I'll check my inventory to confirm that I have enough coal.")
[94minventory = inspect_inventory()
print(inventory)
[94mcomment("I'll now place a burner-mining-drill on the coal.")
[94mmove_to(ore)
place_entity('burner-mining-drill', direction=DOWN, exact=False, position=ore)
[91mError line 1: Could not place burner-mining-drill at (-8, -6). No burner mining drill in inventory.
[91mWarning: burner-mining-drill at (-6, -7): out of fuel
[94mcomment("I apologize about that. It appears that I don't have any burner-mining-drills in my inventory. I will craft one.")
[94mcraft_item('burner-mining-drill', quantity=1)
[94mcomment("Now that I have a mining-drill, I will place it on the coal.")
[94mmove_to(ore)
place_entity('burner-mining-drill', direction=DOWN, exact=False, position=ore)
[92m1: (-9, -7)
[94mcomment("I will now insert coal into the burner mining drill.")
[94minsert_item('coal', target_position=nearest('burner-mining-drill'), quantity=10)
[91mWarning: burner-mining-drill at (-6, -7): waiting for space in destination as the output is full. Place a transport-belt or furnace at (-8.5, -5.5) to unblock.
[94mcomment("It looks like the burner mining drill output is full. I will place a stone furnace beside it so that the output can be used.")
[94mfurnace_position = (ore[0], ore[1] + 2)
place_entity('stone-furnace', direction=DOWN, position=furnace_position)
[91mError line 1: Could not place stone-furnace at (-8, -4). No stone furnace in inventory.
[94mcomment("I don't have any stone furnace in my inventory. I will craft one.")
[91mWarning: burner-mining-drill at (-7, -9): out of fuel, waiting for space in destination as the output is full. Place a transport-belt or furnace at (-8.5, -5.5) to unblock.
[94mcomment("The Burner Mining Drill ran out of fuel, so inserting some more coal.")
[94minsert_item('coal', target_position=nearest('burner-mining-drill'), quantity=10)
[91mWarning: burner-mining-drill at (-6, -7): waiting for space in destination as the output is full. Place a transport-belt or furnace at (-8.5, -5.5) to unblock.
[94mcomment("The Burner Mining Drill output is still full. I will place a transport-belt from the mining drill output to the furnace input so that the output can be used.")
[94mcomment("Place transporter belt from Burner Mining Drill output to the furnace")
transport_belt_pos = (furnace_position[0] - 1, furnace_position[1])
move_to(transport_belt_pos, laying='transport-belt')
rotate_entity(transport_belt_pos, direction=RIGHT)
connect_entities(source_position=(ore[0], ore[1] - 2), target_position=furnace_position, connection_type='transport-belt')
[91mError line 4: Source entity not found.
[91mWarning: burner-mining-drill at (-7, -9): out of fuel, waiting for space in destination as the output is full. Place a transport-belt or furnace at (-8.5, -5.5) to unblock.
[94mcomment("I will insert some coal to the Burner Mining Drill to continue the extraction process.")
insert_item('coal', target_position=nearest('burner-mining-drill'), quantity=10)
[91mWarning: burner-mining-drill at (-6, -7): waiting for space in destination as the output is full. Place a transport-belt or furnace at (-8.5, -5.5) to unblock.
[94mcomment("As the output is still full, I will place a Stone Furnace to smelt ore.")
[94mcomment("Place a furnace to smelt the iron ore")
furnace_pos = (ore[0], ore[1] - 2)
move_to(furnace_pos, laying='stone-furnace')
rotate_entity(furnace_pos, direction=UP)
[91mError line 2: Could not move to. string indices must be integers
[94m
comment("I will pick up the coal to the nearest mining drill for fuel.")
[91mWarning: burner-mining-drill at (-7, -9): out of fuel
Warning: transport-belt at (-4.5, -8.5): transport belt blocked
[94mcomment("I will insert more coal into the Burner Mining Drill and connect the output to the furnace's input using a transport belt")
[94minventory = inspect_inventory()
if inventory.get('coal', 0) < 10:
    move_to(nearest('coal'))
    pickup_entity('coal')
    craft_item('coal', quantity=10)
move_to(furnace_pos, laying='transport-belt')
connect_entities(source_position=(ore[0], ore[1] + 2), target_position=furnace_pos, connection_type='transport-belt')
[91mError line 1: 'position'
[94mcomment("I will insert more coal into the Burner Mining Drill and connect the output to the furnace's input using a transport belt")
[91mWarning: burner-mining-drill at (-7, -9): out of fuel
Warning: transport-belt at (-4.5, -8.5): transport belt blocked
[94minventory = inspect_inventory()
if inventory.get('coal', 0) < 10:
    move_to(nearest('coal'))
    pickup_entity('coal', nearest('coal'))
    insert_item('coal', target_position=nearest('burner-mining-drill'), quantity=50)
    
while True:
	entities = inspect_entities(radius=2)
	stone_furnace = None
	for e in entities:
		if e['name'] == 'stone-furnace':
			stone_furnace = e
			break
			
	if not stone_furnace:
		place_entity('stone-furnace', position=furnace_pos, direction=UP)
	else:
		connect_entities(source_position=nearest('burner-mining-drill'), 
                    target_position=stone_furnace['position'], 
                    connection_type='transport-belt', 
                    transfer_direction=DOWN)
		break
[91mError line 1: Could not pickup, did you intend to harvest?. 0
[91mWarning: burner-mining-drill at (-7, -9): out of fuel
Warning: transport-belt at (-4.5, -8.5): transport belt blocked
[94mcomment("I will insert more coal into the Burner Mining Drill")
coal_pos = nearest('coal')
move_to(coal_pos)
pickup_entity('coal', coal_pos)
insert_item('coal', target_position=nearest('burner-mining-drill'), quantity=10)
[91mError line 3: Could not pickup, did you intend to harvest?. 0
[94mcomment("I will place the coal into the Burner Mining Drill")
nearest_drill_pos = nearest('burner-mining-drill')
move_to(nearest_drill_pos)
insert_item('coal', target_position=nearest_drill_pos, quantity=5)
[91mError line 3: No coal to place
[94mcomment("Creating a Mine of Coal")
coal_pos = inspect_resources()['coal'][0]['position']
furnace_position = (-8, -4)
transport_belt_pos = (-9, -4)
furnace_pos = (-8,-8)
[91mError line 1: position
[91mWarning: burner-mining-drill at (-7, -9): out of fuel
Warning: transport-belt at (-4.5, -8.5): transport belt blocked
[94mcomment("I will create a mining drill to mine iron ore")
[94mcomment("Create mining drill to mine Iron Ore")
nearest_iron_ore = nearest('iron-ore')
move_to(nearest_iron_ore)
place_entity('burner-mining-drill', direction=LEFT, exact=False, position=nearest_iron_ore)
drill_pos = inspect_entities(5)[-1]['position']
[91mError line 3: Could not place burner-mining-drill at (22, -7). No burner mining drill in inventory.
[94mcomment("I will craft a Burner Mining Drill and place it to mine Iron Ore")
craft_item('burner-mining-drill', quantity=1)
nearest_iron_ore = nearest('iron-ore')
move_to(nearest_iron_ore)
place_entity('burner-mining-drill', direction=LEFT, exact=False, position=nearest_iron_ore)
[91mError line 1: Failed to craft 1x burner-mining-drill because missing ingredient stone
[91mWarning: burner-mining-drill at (-7, -9): out of fuel
Warning: transport-belt at (-4.5, -8.5): transport belt blocked
[94mcomment("I will check my inventory and see what I have")
inspect_inventory()
[92m1: {'iron-chest': 1, 'transport-belt': 48, 'assembling-machine-1': 1, 'iron-plate': 35, 'copper-plate': 50, 'iron-gear-wheel': 3}
[94mcomment("I see that I am missing stone for crafting the Burner Mining Drill")
comment("I will create a mining drill to mine coal")
coal_pos = inspect_resources()['coal'][0]['position']
move_to(coal_pos)
place_entity('burner-mining-drill', direction=LEFT, exact=False, position=coal_pos)
[91mError line 2: position
[94mcomment("I will create a mining drill to mine coal")
coal_pos, _ = inspect_resources()['coal'][0]
move_to(coal_pos)
place_entity('burner-mining-drill', direction=LEFT, exact=False, position=coal_pos)
[91mError line 1: too many values to unpack (expected 2)
[91mWarning: burner-mining-drill at (-7, -9): out of fuel
Warning: transport-belt at (-4.5, -8.5): transport belt blocked
[94mcomment("I will create a mining drill to mine coal")
coal_pos = inspect_resources()['coal'][0]['position']
move_to(coal_pos)
place_entity('burner-mining-drill', direction=LEFT, exact=False, position=coal_pos)
[91mError line 1: position
[94mcomment("I will create a mining drill to mine coal")
coal_pos = inspect_resources()['coal'][0]
[94mcomment("I will move to the nearest drill and insert coal into it if it is empty")
nearest_drill_pos = nearest('burner-mining-drill')
move_to(nearest_drill_pos)
if inspect_entities()['burner-mining-drill'][0]['energy'] == 0:
    coal_in_inventory = inspect_inventory()['coal']
    coal_count = coal_in_inventory['count'] if 'coal' in coal_in_inventory.keys() else 0
    if coal_count > 0:
        insert_item('coal', target_position=nearest_drill_pos, quantity=coal_count)
[91mError line 3: list indices must be integers or slices, not str
[91mWarning: burner-mining-drill at (-7, -9): out of fuel
Warning: transport-belt at (-4.5, -8.5): transport belt blocked
[94mcomment("I will move to the nearest drill and insert coal into it if it is empty")
nearest_drill_pos = nearest('burner-mining-drill')
move_to(nearest_drill_pos)
if inspect_entities()[0]['burner-mining-drill']['energy'] == 0:
    inventory = inspect_inventory()
    if inventory.get('coal', 0) > 0:
        insert_item('coal', target_position=nearest_drill_pos)
    else:
        coal_pos=nearest('coal')
        move_to(coal_pos)
        pickup_entity('coal',coal_pos)
        insert_item('coal', target_position=nearest_drill_pos)init_position = (0,0)
furnace_recipe = 'iron-plate'
while True:
    comment("I will check if the player has enough iron ore in their inventory")
    inventory = inspect_inventory()
    if inventory.get('iron-ore',0) > 4:         
        comment("I have enough
[91mThe provided code is not syntactically valid Python. Only write valid python.
[94m
[91mWarning: burner-mining-drill at (-7, -9): out of fuel
Warning: transport-belt at (-4.5, -8.5): transport belt blocked
[94mcomment("I will move to the nearest drill and insert coal into it if it is empty")
nearest_drill_pos = nearest('burner-mining-drill')
move_to(nearest_drill_pos)
if inspect_entities(1)['burner-mining-drill'][0]['energy'] == 0:
    insert_item('coal', nearest_drill_pos, 1)
[91mError line 3: list indices must be integers or slices, not str
[94m
comment("I will move to the nearest drill and insert coal into it if it is empty")
nearest_drill_pos = nearest('burner-mining-drill')
move_to(nearest_drill_pos)
if inspect_entities(radius=1)[0]['burner-mining-drill'][0]['energy'] == 0:
    insert_item('coal', nearest_drill_pos, 1)
[91mError line 3: burner-mining-drill
[91mWarning: burner-mining-drill at (-7, -9): out of fuel
Warning: transport-belt at (-4.5, -8.5): transport belt blocked
[94mcomment("I will move to the nearest drill and insert coal into it if it is empty")
nearest_drill_pos = nearest('burner-mining-drill')
move_to(nearest_drill_pos)
if inspect_entities(1)['burner-mining-drill'][0]['energy'] == 0:
    inventory = inspect_inventory()
    if inventory['coal'] > 0:
        insert_item('coal', target_position=nearest_drill_pos, quantity=1)
[91mError line 3: list indices must be integers or slices, not str
[94m
comment("I will move to the nearest drill and insert coal into it if it is empty")
nearest_drill_pos = nearest('burner-mining-drill')
move_to(nearest_drill_pos)
if inspect_entities(1)[0]['burner-mining-drill'][0]['energy'] == 0:
    nearby_coal = nearest('coal')
    move_to(nearby_coal)
    pickup_entity('coal', nearby_coal)
    insert_item('coal', target_position=nearest_drill_pos, quantity=1)
[91mError line 3: burner-mining-drill
[91mWarning: burner-mining-drill at (-7, -9): out of fuel
Warning: transport-belt at (-4.5, -8.5): transport belt blocked
[94mcomment("I will move to the nearest drill and insert coal into it if it is empty")
nearest_drill_pos = nearest('burner-mining-drill')
move_to(nearest_drill_pos)
if inspect_entities(1)['burner-mining-drill'][0]['energy'] == 0:
    coal_pos = nearest('coal')
    move_to(coal_pos)
    pickup_entity('coal', coal_pos)
    insert_item('coal', target_position=nearest_drill_pos, quantity=1)
[91mError line 3: list indices must be integers or slices, not str
[94mcomment("I will move to the nearest drill and insert coal into it if it is empty")
nearest_drill_pos = nearest('burner-mining-drill')
move_to(nearest_drill_pos)
if inspect_entities(1)[0]['energy'] == 0:
    coal_pos = nearest('coal')
    move_to(coal_pos)
    pickup_entity('coal', pos=coal_pos)
    insert_item('coal', target_position=nearest_drill_pos, quantity=1)
[91mError line 3: energy
[91mWarning: burner-mining-drill at (-7, -9): out of fuel
Warning: transport-belt at (-4.5, -8.5): transport belt blocked
[94mcomment("I will take coal from my inventory and insert it into the drill")
inventory = inspect_inventory()
if 'coal' in inventory.keys():
    insert_item('coal', target_position=nearest_drill_pos, quantity=1) 
else:
    closest_coal = nearest('coal')
    move_to(closest_coal)
    pickup_entity('coal', closest_coal)
    move_to(nearest_drill_pos)
    insert_item('coal', target_position=nearest_drill_pos, quantity=1)
[91mError line 2: Could not pickup, did you intend to harvest?. 0
[94mcomment("I will take coal from a nearby coal deposit and insert it into the drill")
coal_pos = nearest('coal')
harvest_resource(coal_pos, quantity=1)
nearest_drill_pos = nearest('burner-mining-drill')
insert_item('coal', target_position=nearest_drill_pos, quantity=1)
[91mWarning: burner-mining-drill at (-7, -9): out of fuel
Warning: transport-belt at (-4.5, -8.5): transport belt blocked
[94mcomment("I will check the inventory again to see if I have picked up any coal")
inventory = inspect_inventory()
if 'coal' in inventory.keys():
    comment("I have coal in my inventory")
[94mcomment("I will get coal from the nearby coal deposit and insert it into the drill")
move_to(closest_coal)
harvest_resource(closest_coal, 1)
nearest_drill_pos = nearest('burner-mining-drill')
if 'coal' in inventory.keys() and inspect_entities()[0]['energy'] == 0:
    insert_item('coal', target_position=nearest_drill_pos, quantity=5)
[94mcomment("I will set up a basic smelting operation")
furnace_pos = (-8, -8)
nearest_iron_ore = nearest('iron-ore')
move_to(nearest_iron_ore)
harvest_resource(nearest_iron_ore, 5)
move_to(furnace_pos)
place_entity('stone-furnace', direction=UP, position=furnace_pos)
rotate_entity(furnace_pos, LEFT)
set_entity_recipe(furnace_pos, recipe='iron-plate')
move_to(nearest('transport-belt'))
place_entity('transport-belt', position=nearest('transport-belt'))
rotate_entity(nearest('transport-belt'), LEFT)
connect_entities(source_position=(furnace_pos[0], furnace_pos[1]-1), target_position=nearest('transport-belt'), connection_type='inserter')
[91mError line 6: Could not place stone-furnace at (-8, -8). No stone furnace in inventory.
[91mWarning: transport-belt at (-4.5, -8.5): transport belt blocked
[94mcomment("I will craft a stone furnace and place it close to the drill")
inventory = inspect_inventory()
if 'stone-furnace' not in inventory:
    craft_item('stone-furnace', quantity=1)
nearest_drill_pos = nearest('burner-mining-drill')
place_entity_next_to('stone-furnace', nearest_drill_pos, direction=UP, gap=1)
[91mError line 2: Failed to craft 1x stone-furnace because missing ingredient stone
[94mcomment("I will get some more stone to craft the stone furnace")
nearest_stone = nearest('stone')
move_to(nearest_stone)
harvest_resource(nearest_stone, 5)
inventory = inspect_inventory()
if 'stone' in inventory.keys():
    craft_item('stone-furnace', quantity=1)
[91mError: 'NoneType' object is not subscriptable
