[94mcomment("Plan:")
[94mcomment("Plan:")
[94mcomment("Task 1: Extract Resources")
[94mcomment("Task 1: Extract Resources")
move_to(ore)
harvest_resource(ore, quantity=5)
[94mcomment("Task 2: Smelt processed resources")
move_to((1, -4))
place_entity_next_to('stone-furnace', reference_position=(1, -4), direction=RIGHT, gap=1)
iron_ore_position = nearest('iron-ore')
move_to(iron_ore_position)
harvest_resource(iron_ore_position, quantity=5)
move_to((2, -4))
place_entity_next_to('burner-mining-drill', reference_position=(2, -4), direction=DOWN, gap=1)
move_to(iron_ore_position)
insert_item('iron-ore', nearest('stone-furnace'), quantity=5)
time.sleep(5)  # Wait for items to smelt
output = inspect_entities(2)[0]["output_inventory"]
if "iron-plate" in output.keys():
    print("Iron Ore has been mined and Smelted.")
else:
    print("Something went wrong while mining and (
[91mThe provided code is not syntactically valid Python. Only write valid python.
[94mimport time
[94mcomment("Plan:")
[94mcomment("Task 1: Extract Resources")
move_to(ore)
harvest_resource(ore, quantity=5)
[94mcomment("Task 2: Smelt processed resources")
smelter_position = (3,-3)
stone_furnace_position = (3,-1)
[94mcomment("Task 2: Smelt processed resources")
move_to(smelter_position)
[94mcomment("Task 2: Smelt processed resources")
insert_item('iron-ore', target_position=nearest('stone-furnace'), quantity=5)
[91m: No stone-furnace found on the map
[94mcomment("Task 2: Smelt processed resources")
stone_furnace_position = (3,-1)
[94mcomment("Task 2: Smelt processed resources")
move_to(stone_furnace_position)
[94mcomment("Task 2: Smelt processed resources")
insert_item('iron-ore', target_position=stone_furnace_position, quantity=5)
[91m1: Error: Could not insert. "global.actions.insert item = function(player ..."]:12: No iron-ore to place
