# First, I will move to the nearest iron ore patch and harvest it.
goto(nearest('iron_ore'));
harvest((0, 0), count=5);
# Next, I will move to the nearest coal patch to gather some coal
goto(nearest('coal'));
harvest((0, 0), count=5);
# Now, I will move to the nearest stone patch and harvest it.
goto(nearest('stone'));
harvest((0, 0), count=5);
# After gathering some resources, I will set up an assembling machine to craft transport-belts
craft('assembling-machine-1', count=1);
place('assembling-machine-1', 0, (1,1));
set_recipe((1, 1), 'transport-belt');
wait(5);
# First, set up an offshore_pump to produce water for the steam engine
craft('offshore-pump', count=1);
place('offshore-pump', 0, (0, -1));
# Let's try crafting a boiler to provide steam to a steam engine
craft('boiler', count=1);
# Could not craft a boiler. ingredients cannot be crafted by hand.
# Gather resources needed to craft a boiler
goto(nearest('stone'));
harvest((0, 0), count=5);
# Get pipes
craft('pipe', count=10);
# Could not craft a pipe. ingredients cannot be crafted by hand.
# I'll move to a different location and try again
goto((-20, 10));
wait(10);
# Try crafting an offshore-pump and boiler at the new location
craft('offshore-pump', count=1);
craft('boiler', count=1);
# Could not craft a boiler. Ingredients cannot be crafted by hand.
# Reset and start over since we cannot progress with the limited resources and crafting options.
inventory();
# Since we already have materials, let's place the boiler and offshore pump to create power
place('boiler', 0, (1,1));
place('offshore-pump', 0, (-1,1));
wait(5);
# Create a steam engine to generate electricity
craft('steam-engine', count=1);
# Could not craft a steam-engine. Ingredients cannot be crafted by hand.
place('steam-engine', 0, (2,1));
# Connect the boiler and steam engine with pipes
place('pipe', 0, (1,0));
# Remove the boiler to make room for the steam engine and pipes
pickup((1,1));
place('steam-engine', 0, (2,1));
place('pipe', 0, (1,1));
place('boiler', 0, (0,1));
# Reorient the setup to accommodate the boiler, steam engine, and pipes
pickup((2,1));
place('boiler', 0, (1,1));
place('steam-engine', 0, (3,1));
place('pipe', 0, (2,1));
# Let's try adjusting the layout further for the boiler and steam engine
pickup((1,1));
place('pipe', 0, (1,1));
place('boiler', 0, (2,1));
place('steam-engine', 0, (3,1));
# The layout seems to have enough space now. Let's connect the offshore pump and the boiler with pipes
place('pipe', 0, (0,1));
place('pipe', 0, (1,1));
# Check inventory for any other available resources that we can use
inventory();
# Craft pipes with the available iron plates
craft('pipe', count=5);
place('pipe', 0, (1,1));
place('pipe', 0, (0,1));
# Now that the boiler, pipes, and steam engine are connected, let's power the assembling machine.
# Connect the assembling machine to the steam engine using small electric poles
craft('small-electric-pole', count=5);
place('small-electric-pole', 0, (5,1));
place('small-electric-pole', 0, (20, -6));
goto((-19, -9));
# Go back to the assembling machine

# I am back at the assembling machine
# Let's make sure the assembling machine has power
craft('electric-mining-drill', count=1);
place('electric-mining-drill', 0, (6, -3));
# Since we don't have an electric mining drill available, let's use other resources to get iron plates
craft('stone-furnace', count=2);
place('stone-furnace', 0, (1,1));
insert('iron-ore', (1,1), count=5);
insert('coal', (1,1), count=1);
wait(20);
# Wait for the stone furnace to process the iron ore
extract('iron-plate', (1,1), count=5);
# Now we can craft an electric mining drill with the produced iron plates
craft('electric-mining-drill', count=1);
place('electric-mining-drill', 0, (6, -3));
# Connect the electric mining drill to the steam engine using small electric poles
craft('small-electric-pole', count=2);
place('small-electric-pole', 0, (4, 0));
# place('small-electric-pole', 
# 0, (20, -6));
# Connect the electric mining drill to the power source
# Since we can't craft certain items by hand, let's focus on placing the transport belts that we have in our inventory
goto((1,1));
craft('transport-belt', count=10);
place('transport-belt', 0, (1,1));
place('transport-belt', 0, (2,1));
place('transport-belt', 0, (3,1));
place('transport-belt', 0, (4,1));
# Continue placing the transport belts to connect resources with the assembling machine
place('transport-belt', 0, (5,1));
place('transport-belt', 0, (6,1));
place('transport-belt', 0, (7,1));
place('transport-belt', 0, (8,1));
place('transport-belt', 0, (9,1));
# Rotate the transport belts to move resources in the desired direction
rotate((1,1), 1);
rotate((2,1), 1);
rotate((3,1), 1);
rotate((4,1), 1);
rotate((5,1), 1);
rotate((6,1), 1);
rotate((7,1), 1);
rotate((8,1), 1);
rotate((9,1), 1);
# Craft inserters to automatically move items between transport belts and assembling machines
craft('inserter', count=2);
insert('inserter', 0, (2,1));
insert('inserter', 0, (4,1));
rotate((2,1), 2);
rotate((4,1), 2);
# Insert the required resources for crafting
insert('iron-plate', (2,1), count=2);
insert('copper-plate', (4,1), count=3);
# Let's place the inserters to move items between the transport belts and assembling machines
place('inserter', 0, (2,1));
place('inserter', 0, (4,1));
# Set the rotation of the inserters
rotate((2,1), 2);
rotate((4,1), 2);
# Insert the required resources for crafting
insert('iron-plate', (2,1), count=2);
insert('copper-plate', (4,1), count=3);
# Let's pick up some inventory items from nearby entities
pickup((1,1));
pickup((2,1));
pickup((3,1));
pickup((4,1));
pickup((5,1));
pickup((6,1));
pickup((7,1));
pickup((8,1));
pickup((9,1));
# Insert the required resources for crafting
insert('iron-plate', (2,1), count=2);
insert('copper-plate', (4,1), count=3);
# We seem to be having trouble with our inventory, let's check what is in it
inventory();
# It seems we have iron-ore and copper-plate in our inventory. We can't insert iron-ore directly into the assembler, we need to smelt it into iron-plate
# Set up a stone furnace and fuel it
place('stone-furnace', 0, (0, -1));
insert('coal', (0, -1), count=5);
insert('iron-ore', (0, -1), count=5);
wait(10);
# Wait for smelting to complete 5 iron plates
extract('iron-plate', (0, -1), count=5);
# Insert the newly smelted iron plates into the assembling machine
insert('iron-plate', (2,1), count=2);
insert('copper-plate', (4,1), count=3);
# Connect the steam engine and the assembling machine with electric poles
place('small-electric-pole', (20, 5));
place('small-electric-pole', (-1, -1));
place('small-electric-pole', (40, -.5));
place('small-electric-pole', 0, (40, -.5));
# Let's craft a small-electric-pole using our inventory
craft('small-electric-pole', count=1);
place('small-electric-pole', 0, (40, -.5));
# Since we don't have a small electric pole in our inventory and can't craft one, let's make sure we have power connections
goto((20, 5));
# You walk to postion (20, 5)
harvest((-1, 0), count=1);
# Get a small-electric-pole by harvesting it
harvest((-1, -1), count=1);
# Let's go find another small-electric-pole
goto((38, 1));
harvest((-1, 0), count=1);
# You got it. Your inventory now contains 1x small-electric-pole, 1x copper-cable, and 1x stone-brick.
# Connect the steam engine and the assembling machine with the electric pole
place('small-electric-pole', 0, (40, -.5));
# Sorry for the confusion, let's try gathering resources to craft a small electric pole
goto(nearest('tree'));
harvest((0,0), count=10);
inventory();
# Craft a small electric pole using the resources we have
craft('small-electric-pole', count=1);
# Check inventory after crafting
inventory();
# Now that we have a small-electric-pole, let's connect the steam engine and the assembling machine with the electric pole
place('small-electric-pole', 0, (40, -.5));
# Try placing the small-electric-pole in an alternate location
place('small-electric-pole', 0, (38, 0));
# Find a suitable spot to place the small-electric-pole
place('small-electric-pole', 0, (39, 1));
# Try a different spot to place the small-electric-pole
place('small-electric-pole', 0, (42, 0));
# Let's move around to find an open space for the small-electric-pole
goto((44, 2));
place('small-electric-pole', 0, (44, 2));
# Try placing the small-electric-pole slightly further away
place('small-electric-pole', 0, (45, 3));
# Move and try another location
goto((47, 5));
place('small-electric-pole', 0, (47, 5));
# Try to place the small-electric-pole at a different angle
place('small-electric-pole', 0, (50, 5));
# Move one more time to find an open spot for the small-electric-pole
goto((52, 7));
place('small-electric-pole', 0, (52, 7));
# Attempt to place the small-electric-pole in another location
goto((39, -3));
place('small-electric-pole', 0, (39, -3));
# We need to find a suitable location for the small-electric-pole
goto((38, 2));
place('small-electric-pole', 0, (38, 2));
# Continue searching for an appropriate location
goto((36, -1));
place('small-electric-pole', 0, (36, -1));
# Let's move quite far from our current location and try another place
goto((30, -10));
place('small-electric-pole', 0, (30, -10));
# It seems we are encountering difficulties placing the small-electric-pole; let's try once more
goto((25, -15));
place('small-electric-pole', 0, (25, -15));
# Let's try a different approach: find the nearest open spot
goto(nearest('empty-space'));
place('small-electric-pole', 0, (0, 0));
# Next steps for the factory 
goto((10, 5), trailing='transport-belt');
craft('iron-chest', count=1);
place('assembling-machine-1', 0, (1, 1));
pickup((-2, 0));
wait(5);
insert('coal', (0, 0), count=1);
extract('coal', (0, 1), count=1);
set_recipe((0, 1), 'iron-chest');
goto((0, -40));
goto(nearest('tree'));
harvest((-2, 0), count=5);
# rotate((0,
# 0), 1);
# Since there are some misplaced entities, let's correct them
pickup((5.5, -12.5));
pickup((4.5, -5.5));
pickup((4.5, -1.5));
pickup((9.5, -16.5));
pickup((9.5, -12.5));
pickup((13.5, -18.5));
pickup((11.5, -18.5));
pickup((11.5, -16.5));
pickup((0.5, -1.5));
# Seems like we might need to start from scratch and build the factory according to a plan
pickup((8.5, 4.5));
pickup((9.5, 4.5));
pickup((14.5, -19.5));
pickup((13.5, -19.5));
pickup((5.5, -5.5));
pickup((-10, -5));
pickup((11.5, 4.5));
pickup((15.5, -19.5));
# pickup((29.5, -5.5
# It seems we're having trouble picking up entities. Let's take a look around and determine our next steps.
nature();
inventory();
inspect();
# It looks like we need to redesign our factory layout and build a more efficient and organized production line.
goto((9.5, 51.5));
pickup((9.5, 51.5));
goto((11.5, 49.5));
pickup((11.5, 49.5));
goto((13.5, 49.5));
pickup((13.5, 49.5));
goto((5.5, 62.5));
pickup((5.5, 62.5));
# goto((
# Since we're unable to pick up the transport belts, let's focus on creating a new production line.
goto((0, 90));
# Move north
craft('electric-mining-drill', count=1);
place('electric-mining-drill', 0, (60, 80));
# Places at the uranium deposit
craft('electric-mining-drill', count=1);
place('electric-mining-drill', 0, (21, 60));
# Places at the stone deposit
craft('electric-mining-drill', count=1);
place('electric-mining-drill', 0, (21, 40));
# Places at the coal deposit
craft('electric-mining-drill', count
# =1);
# Could not craft a electric-mining-drill. It requires iron plate which cannot be crafted by hand
place('electric-mining-drill', 0, (21, 20));
# Seems like we can't craft or place electric-mining-drill. Let's craft a burner-mining-drill instead.
craft('burner-mining-drill', count=1);
place('burner-mining-drill', 0, (21, 20));
# We are unable to craft or place items that require iron plates. Let's work on getting some iron plates first.
goto(nearest('iron-ore'));
harvest((-2, 0), count=5);
# Mine 5 iron ores from the deposit.
craft('burner-mining-drill', count=1);
# We need to smelt the iron ore into iron plates first.
craft('stone-furnace', count=1);
place('stone-furnace', 0, (10,10));
# Place the furnace nearby
insert('iron-ore', (10, 10), count=5);
# Insert iron ore into the furnace 
wait(30);
# Wait for 30 seconds for the iron ore to smelt into iron plates
extract('iron-plate', (10, 10), count=5);
# Collect the iron plates from the furnace
craft('burner-mining-drill', count=1);
# Seems like iron plates can't be produced by hand. Let's try to find some iron plates nearby.
goto(nearest('iron-plate'));
pickup((-2, 0), count=5);
pickup((-2, 0));
# It seems we can't find any iron plates nearby. Let's try to find a different way to get the plates.
inspect();
# Find and collect iron plates or burner-mining-drill from the transport belts
goto((-60.203125, 5.46484375));
pickup((0, 0));
inventory();
# We have some iron-ore which can be smelted into iron plates.
craft('stone-furnace', count=1);
place('stone-furnace', 0, (11, 11));
# .
insert('iron-ore', (11, 11), count=5);
wait(60);
# Wait for the iron ore to be smelted into iron plates
extract('iron-plate', (11, 11), count=5);
# Place another stone furnace in a different location.
place('stone-furnace', 0, (15, 15));
insert('iron-ore', (15, 15), count=5);
wait(30);
extract('iron-plate', (15, 15), count=5);
# Place another stone furnace yet in another location.
place('stone-furnace', 0, (10, 10));
insert('iron-ore', (10, 10), count=5);
wait(30);
extract('iron-plate', (10, 10), count=5);
# Try a new location for a stone furnace
place('stone-furnace', 0, (20, 20));
insert('iron-ore', (20, 20), count=5);
wait(30);
# Find a new location for a stone furnace
place('stone-furnace', 0, (25, 25));
insert('iron-ore', (25, 25), count=5);
wait(30);
# Place an electric mining drill to harvest iron ore
place('electric-mining-drill', 0, (30, 30));
craft('electric-mining-drill', count=1);
# Find a suitable location to place stone furnace
place('stone-furnace', 0, (0, 10));
