# Lets start by checking my inventory.
# I have some basic materials, but not enough to start producing a significant amount of iron-gear-wheels.
# First, I need to find a spot with iron-ore to set up my mining operation
iron_ore_position = nearest('iron-ore')
# Now that I have found the nearest iron-ore, I will go there and place a burner-mining-drill
place_entity('burner-mining-drill', position=iron_ore_position)
# I don't have any inserters, so I will manually pick up the mined iron-ore
move_to(iron_ore_position) # Move to the iron-ore location
harvest_resource(iron_ore_position, quantity=10) # Mine 10 iron-ore
move_to(nearest('stone-furnace')) # Move to the nearest stone-furnace
extract_item('iron-ore', quantity=10) # Extract 10 iron-ore from my inventory
insert_item('stone-furnace', 'iron-ore', quantity=10) # Insert 10 iron-ore into the stone-furnace
set_entity_recipe(nearest('stone-furnace'), recipe='iron-plate') # Set the recipe for the nearest stone-furnace to make iron-plate
move_to(nearest('coal')) # Move to the closest coal
pickup_entity('coal', nearest('coal')) # Pick up the closest coal
insert_item(nearest('stone-furnace'), 'coal', 5) # Place 5 coal in the nearest stone-furnace's fuel slot
extract_item('iron-plate', nearest('stone-furnace')) # Extract 1 iron-plate from the furnace
move_to(nearest('assembling-machine-1')) # Move to the nearest assembling machine
set_entity_recipe(nearest('assembling-machine-1'), recipe='iron-gear-wheel') # Set the recipe for the nearest assembling machine to make iron-gear-wheel
while True:
    extract_item('iron-plate', nearest('stone-furnace'), 2) # Extract 2 iron-plates from the furnace
    insert_item(nearest('assembling-machine-1'), 'iron-plate', 2) # Insert 2 iron-plates into the assembler
    extract_item('iron-gear-wheel', nearest('assembling-machine-1'), 1) # Extract 1 iron-gear-wheel from the assembler
    insert_item('iron-chest', 'iron-gear-wheel', 1) # Store 1 iron-gear-wheel in the iron chest
    if check_inventory().get('iron-plate', 0) < 2 and check_inventory().get('coal', 0) > 0:
        insert_item(nearest('stone-furnace'), 'coal', 5) # Place 5 coal in the nearest stone-furnace's fuel slot
    if check_inventory().get('iron-plate', 0) <
# I apologize for the error. Here is the corrected version:
# I don't have any inserters, so I will manually pick up the mined iron-ore
iron_ore_position = nearest('iron-ore')
move_to(iron_ore_position)  # Move to the iron-ore location
harvest_resource(iron_ore_position, quantity=10)  # Mine 10 iron-ore
move_to(nearest('stone-furnace'))  # Move to the nearest stone-furnace
extract_item('iron-ore', source_position='player', quantity=10)  # Extract 10 iron-ore from my inventory
insert_item('stone-furnace', 'iron-ore', quantity=10)  # Insert 10 iron-ore into the stone-furnace
set_entity_recipe(nearest('stone-furnace'), recipe='iron-plate')  # Set the recipe for the nearest stone-furnace to make iron-plate
move_to(nearest('coal'))  # Move to the closest coal
pickup_entity('coal', source_position='player', quantity=50)  # Pick up some coal
insert_item(nearest('stone-furnace'), 'coal', quantity=5)  # Place 5 coal in the nearest stone-furnace's fuel slot
# I apologize for the error. Here is the corrected version:
