[92mThere are 4.2k tree_01s scattered 23km northwest, 17km north-northwest, 16km north, 16km north-northeast, 21km northeast, 1km east-northeast, 3km west-northwest, 760 metres west, 32 metres east, 4km west-southwest, 720 metres east-southeast, 17km southeast, 17km southwest, 13km south-southwest, 13km south-southeast, and 11km south 
- 100x coal 10 metres northwest (-17, -14) x (-8, -5)
- 100x iron_ore 10 metres east-northeast (22, -14) x (31, -5)
- 100x stone 10 metres southwest (-17, 6) x (-8, 15)
- 100x copper_ore 10 metres east-southeast (22, 6) x (31, 15)
- 100x uranium_ore 30 metres southeast (22, 26) x (31, 35)
[96m# Lets start by checking my inventory.
[92m{'iron-chest': 1, 'transport-belt': 50, 'stone-furnace': 1, 'assembling-machine-1': 1, 'coal': 50, 'iron-plate': 50, 'copper-plate': 50}
[94m# Move to the coal resource
coal_position = nearest('coal')
move_to(coal_position)
[92mNone
[94m# Place a burner drill and a stone furnace
place_entity('burner-drill', direction=2, position=nearest('coal'))
place_entity('stone-furnace', direction=2, position=(coal_position[0], coal_position[1] + 1))
[91mCould not place burner-drill. burner drill isnt something that exists
[94m# My apologies, let's place a burner-mining-drill instead
place_entity('burner-mining-drill', direction=2, position=nearest('coal'))
place_entity('stone-furnace', direction=2, position=(coal_position[0], coal_position[1] + 1))
[91mCould not place burner-mining-drill. No burner mining drill in inventory
[94m# Craft a burner mining drill before placing it
craft_item('burner-mining-drill', quantity=1)
place_entity('burner-mining-drill', direction=2, position=nearest('coal'))
[91mCould not place burner-mining-drill. Cant build there due to existing burner
[94m# Remove the existing burner before placing the new one
pickup_entity(nearest('burner-mining-drill'))
place_entity('burner-mining-drill', direction=2, position=nearest('coal'))
place_entity('stone-furnace', direction=2, position=(coal_position[0], coal_position[1] + 1))
[91mYou can't do that action. 'NoneType' object is not subscriptable
[96m# It seems there's an issue with the logic. Let's try again with a different approach.
[94m# Move to nearest coal
coal_position = nearest('coal')
move_to(coal_position)
[92mNone
[94m# Check if there is a burner-mining-drill in the inventory
inventory = check_inventory()
[94m# Since there is no mining drill, craft one
if 'burner-mining-drill' not in inventory:
    craft_item('burner-mining-drill', quantity=1)
[94m# Place a burner-mining-drill next to the nearest coal
place_entity('burner-mining-drill', direction=2, position=nearest('coal'))
[91mCould not place burner-mining-drill. Cant build there due to existing burner
[94m# Pick up the existing burner-mining-drill, then place a new one next to the coal
pickup_entity(nearest('burner-mining-drill'))
place_entity('burner-mining-drill', direction=2, position=nearest('coal'))
[91mYou can't do that action. 'NoneType' object is not subscriptable
[94m# It seems there is a recurring issue. Let's try a new approach.
# Move away from the current position and find the nearest coal again
move_to((-coal_position[0], -coal_position[1]))
coal_position = nearest('coal')
move_to(coal_position)
[92mNone
None
[94m# Check if there is a burner-mining-drill in the inventory
inventory = check_inventory()
# Since there is no mining drill, craft one
if 'burner-mining-drill' not in inventory:
    craft_item('burner-mining-drill', quantity=1)
# Place a burner-mining-drill next to the nearest coal
place_entity('burner-mining-drill', direction=2, position=(coal_position[0], coal_position[1] - 1))
[91mCould not place burner-mining-drill. Cant build there due to existing burner
[94m# My apologies for the confusion. Let's make sure to pick up the existing burner-mining-drill before placing a new one.
# Pick up the existing burner-mining-drill
pickup_entity((coal_position[0], coal_position[1] - 1))
# Place a new burner-mining-drill next to the coal
place_entity('burner-mining-drill', direction=2, position=(coal_position[0], coal_position[1] - 1))
[92mTrue
True
[94m# Place a stone furnace next to the burner-mining-drill
place_entity('stone-furnace', direction=2, position=(coal_position[0] + 1, coal_position[1] - 1))
[91mCould not place stone-furnace. No stone furnace in inventory
[94m# Craft a stone furnace and then place it next to the burner-mining-drill
craft_item('stone-furnace', quantity=1)
place_entity('stone-furnace', direction=2, position=(coal_position[0] + 1, coal_position[1] - 1))
[91mCould not craft a stone-furnace. {'stone': 5}
[94m# Gather more stone before crafting the stone furnace
stone_position = nearest('stone')
move_to(stone_position)
harvest_resource((-1, 0), quantity=10)
[92mNone
True
[94m# Now that we have enough stone, let's craft and place the stone furnace
craft_item('stone-furnace', quantity=1)
place_entity('stone-furnace', direction=2, position=(coal_position[0] + 1, coal_position[1] - 1))
[92m1
True
[94m# Great, now that the stone furnace is placed, let's set up a transport belt to move the coal from the burner-mining-drill to the stone furnace
move_to((coal_position[0], coal_position[1] - 1))
craft_item('transport-belt', quantity=1)
place_entity('transport-belt', direction=0, position=(coal_position[0] + 1, coal_position[1] - 1))
[92mNone
1
True
[94m# Insert coal into the burner-mining-drill to start the production
insert_item('coal', target_position=(coal_position[0], coal_position[1] - 1), quantity=1)
[92mTrue
[94m# With the coal inserted into the burner-mining-drill, production has started. Now, let's wait for a while to allow the coal to be produced and transported to the stone furnace
wait_duration(30)
[92mWhile you wait, you look around. 
entities:
- direction: north
  position: !!python/tuple
  - -5.5
  - -4.5
  status: empty
  type: transport_belt
- direction: north
  position: !!python/tuple
  - -7
  - -4
  status: empty
  type: burner_mining_drill
- direction: north
  position: !!python/tuple
  - -6
  - 7
  status: empty
  type: stone_furnace
  warning: Lack of input material. Lack of fuel.

[94m# It appears the coal mining and transport process is not working as expected. Let's investigate and resolve the issue.
observe_nature()
inspect_radius(20)
[92mThere are 4.3k tree_01s scattered 21km northwest, 15km north-northwest, 13km north, 15km north-northeast, 20km northeast, 5km west-northwest, 2km east-northeast, 1km west, 32 metres east, 5km west-southwest, 479 metres east-southeast, 17km southwest, 14km southeast, 13km south-southwest, 12km south-southeast, and 10km south 
- 100x coal 5 metres northwest (-10, -9) x (-1, 0)
- 100x iron_ore 5 metres east (29, -9) x (38, 0)
- 100x stone 15 metres south-southwest (-10, 11) x (-1, 20)
- 100x copper_ore 15 metres east-southeast (29, 11) x (38, 20)
- 100x uranium_ore 35 metres southeast (29, 31) x (38, 40)
- There are 4.3k stone_furnaces scattered 7 metres southwest 
entities:
- direction: north
  position: !!python/tuple
  - -5.5
  - -4.5
  status: empty
  type: transport_belt
- direction: north
  position: !!python/tuple
  - -7
  - -4
  status: empty
  type: burner_mining_drill
- direction: north
  position: !!python/tuple
  - -6
  - 7
  status: empty
  type: stone_furnace
  warning: Lack of input material. Lack of fuel.

[94m# It appears that the transport belt and furnace positions might be incorrect. Let's fix that.
# Pick up the old transport belt and furnace
pickup_entity((-5.5, -4.5))
pickup_entity((-6, 7))
[92mTrue
True
[94m# Place the transport belt and furnace in the correct positions adjacent to the burner-mining-drill
place_entity('transport-belt', direction=0, position=(-6, -4.5))
place_entity('stone-furnace', direction=2, position=(-6, 0))
[92mTrue
True
[94m# Now that the transport belt and furnace are in the correct positions, wait for a while to allow the coal to be produced and transported to the stone furnace
wait_duration(30)
[92mWhile you wait, you look around. 
entities:
- direction: north
  position: !!python/tuple
  - -5.5
  - -4.5
  status: empty
  type: transport_belt
- direction: north
  position: !!python/tuple
  - -7
  - -4
  status: empty
  type: burner_mining_drill
- direction: north
  position: !!python/tuple
  - -6
  - 0
  status: empty
  type: stone_furnace
  warning: Lack of input material. Lack of fuel.

[94m# There seems to be still an issue with the production process. Let's check the status of the burner-mining-drill and transport belt again to diagnose the problem.
inspect_radius(10)
[92mentities:
- direction: north
  position: !!python/tuple
  - -5.5
  - -4.5
  status: empty
  type: transport_belt
- direction: north
  position: !!python/tuple
  - -7
  - -4
  status: empty
  type: burner_mining_drill
- direction: north
  position: !!python/tuple
  - -6
  - 0
  status: empty
  type: stone_furnace
  warning: Lack of input material. Lack of fuel.

[94m# It seems the transport belt's direction is incorrect. Let's pick up the transport belt and place it again with the correct direction
pickup_entity((-5.5, -4.5))
place_entity('transport-belt', direction=2, position=(-6, -4.5))
[92mTrue
True
[94m# Wait again for the coal to be produced and transported to the stone furnace
wait_duration(30)
[92mWhile you wait, you look around. 
entities:
- direction: north
  position: !!python/tuple
  - -5.5
  - -4.5
  status: empty
  type: transport_belt
- direction: north
  position: !!python/tuple
  - -7
  - -4
  status: empty
  type: burner_mining_drill
- direction: north
  position: !!python/tuple
  - -6
  - 0
  status: empty
  type: stone_furnace
  warning: Lack of input material. Lack of fuel.

[96m# It seems the layout of the factory is incorrect. Let's start again, picking up the entities and placing them in the correct positions.
[94mpickup_entity((-5.5, -4.5))
pickup_entity((-7, -4))
pickup_entity((-6, 0))
[92mTrue
True
True
[94m# Place the burner-mining-drill adjacent to the coal resource
place_entity('burner-mining-drill', direction=2, position=(-10, -5))
[91mCould not place burner-mining-drill. Cant build there due to existing coal at 
[94m# It seems we can't place the burner-mining-drill due to the existing coal resource. Let's try placing it at a different position
place_entity('burner-mining-drill', direction=2, position=(-9, -5))
[92mTrue
[94m# Place the transport belt in the correct position and direction to move coal from the burner-mining-drill
place_entity('transport-belt', direction=2, position=(-8, -5))
[92mTrue
[94m# Place the stone furnace in the correct position to receive coal from the transport belt
place_entity('stone-furnace', direction=2, position=(-7, -5))
[91mCould not place stone-furnace. Cant build there due to existing item
