# Lets start by checking my inventory.
# Let's move to the coal, then place a burner-drill on the coal node and a stone-furnace for smelting.
# After that, insert coal as fuel for both entities.
coal_position = nearest('coal')
move_to(coal_position)
place_entity('burner-drill', direction=2, position=coal_position)
place_entity('stone-furnace', direction=0, position=(coal_position[0]+2, coal_position[1]))
# It seems I made a mistake in the entity's name, lets try with "burner-mining-drill" instead.
place_entity('burner-mining-drill', direction=2, position=coal_position)
place_entity('stone-furnace', direction=0, position=(coal_position[0]+2, coal_position[1]))
# It appears I don't have a burner-mining-drill in my inventory.
# Let's start by setting up some smelting operations for the iron_ore using the inventory I have.
iron_position = nearest('iron_ore')
move_to(iron_position)
place_entity('stone-furnace', direction=0, position=iron_position)
insert_item('coal', target_position=iron_position, quantity=1)
# It looks like there's an issue with the placement. I'll try placing it adjacent to the iron_ore.
place_entity('stone-furnace', direction=0, position=(iron_position[0]-1, iron_position[1]))
# It seems there is another placement issue. Let's try placing the stone-furnace north of the iron_ore.
place_entity('stone-furnace', direction=0, position=(iron_position[0], iron_position[1]-1))
# I'll keep adjusting the position until I find a suitable spot.
# Trying to place south of the iron_ore.
place_entity('stone-furnace', direction=0, position=(iron_position[0], iron_position[1]+1))
# Let's try placing the stone-furnace to the east of the iron_ore.
place_entity('stone-furnace', direction=0, position=(iron_position[0]+1, iron_position[1]))
# I've exhausted all adjacent positions. Let's check the nearby area with inspect_radius to find a suitable location.
inspect_radius(20)
# Given there are no entities nearby, I'll retry the initial placement near the iron_ore.
move_to(iron_position)
place_entity('stone-furnace', direction=0, position=(iron_position[0]+1, iron_position[1]))
# It seems that finding a suitable location for the stone-furnace is challenging. Let's try searching for another iron_ore deposit and checking its surroundings.
iron_position2 = nearest('iron_ore', ignore=[iron_position])
move_to(iron_position2)
# It seems the 'ignore' parameter is not allowed. I will place a temporary entity on the first iron_ore deposit to avoid selecting it again.
place_entity('wooden-chest', direction=0, position=iron_position)
iron_position2 = nearest('iron_ore')
pickup_entity(iron_position)
move_to(iron_position2)
# It appears I don't have a wooden-chest in my inventory. Let's change the strategy and check for any other resources nearby.
nearest_resources = observe_nature()
move_to(nearest_resources['copper_ore'])
copper_position = nearest_resources['copper_ore']
place_entity('stone-furnace', direction=0, position=(copper_position[0]+1, copper_position[1]))
# I made a mistake in accessing the nearest_resources dictionary. The correct syntax should be as follows.
nearest_resources = observe_nature()
_move_to(nearest_resources['copper_ore'])
copper_position = nearest_resources['copper_ore']
place_entity('stone-furnace', direction=0, position=(copper_position[0]+1, copper_position[1]))
# I apologize for the mistake. Let's fix the syntax and directly move to the nearest copper_ore.
move_to(nearest('copper_ore'))
copper_position = nearest('copper_ore')
place_entity('stone-furnace', direction=0, position=(copper_position[0]+1, copper_position[1]))
# Let's try placing the stone-furnace adjacent to the copper_ore in various directions.
place_entity('stone-furnace', direction=0, position=(copper_position[0]-1, copper_position[1]))
# Attempting to place the stone-furnace north of the copper_ore.
place_entity('stone-furnace', direction=0, position=(copper_position[0], copper_position[1]-1))
