# Lets start by checking my inventory.
# Move to the coal resource
coal_position = nearest('coal')
move_to(coal_position)
# Place a burner drill and a stone furnace
place_entity('burner-drill', direction=2, position=nearest('coal'))
place_entity('stone-furnace', direction=2, position=(coal_position[0], coal_position[1] + 1))
# My apologies, let's place a burner-mining-drill instead
place_entity('burner-mining-drill', direction=2, position=nearest('coal'))
place_entity('stone-furnace', direction=2, position=(coal_position[0], coal_position[1] + 1))
# Craft a burner mining drill before placing it
craft_item('burner-mining-drill', quantity=1)
place_entity('burner-mining-drill', direction=2, position=nearest('coal'))
# Remove the existing burner before placing the new one
pickup_entity(nearest('burner-mining-drill'))
place_entity('burner-mining-drill', direction=2, position=nearest('coal'))
place_entity('stone-furnace', direction=2, position=(coal_position[0], coal_position[1] + 1))
# It seems there's an issue with the logic. Let's try again with a different approach.
# Move to nearest coal
coal_position = nearest('coal')
move_to(coal_position)
# Check if there is a burner-mining-drill in the inventory
inventory = check_inventory()
# Since there is no mining drill, craft one
if 'burner-mining-drill' not in inventory:
    craft_item('burner-mining-drill', quantity=1)
# Place a burner-mining-drill next to the nearest coal
place_entity('burner-mining-drill', direction=2, position=nearest('coal'))
# Pick up the existing burner-mining-drill, then place a new one next to the coal
pickup_entity(nearest('burner-mining-drill'))
place_entity('burner-mining-drill', direction=2, position=nearest('coal'))
# It seems there is a recurring issue. Let's try a new approach.
# Move away from the current position and find the nearest coal again
move_to((-coal_position[0], -coal_position[1]))
coal_position = nearest('coal')
move_to(coal_position)
# Check if there is a burner-mining-drill in the inventory
inventory = check_inventory()
# Since there is no mining drill, craft one
if 'burner-mining-drill' not in inventory:
    craft_item('burner-mining-drill', quantity=1)
# Place a burner-mining-drill next to the nearest coal
place_entity('burner-mining-drill', direction=2, position=(coal_position[0], coal_position[1] - 1))
# My apologies for the confusion. Let's make sure to pick up the existing burner-mining-drill before placing a new one.
# Pick up the existing burner-mining-drill
pickup_entity((coal_position[0], coal_position[1] - 1))
# Place a new burner-mining-drill next to the coal
place_entity('burner-mining-drill', direction=2, position=(coal_position[0], coal_position[1] - 1))
# Place a stone furnace next to the burner-mining-drill
place_entity('stone-furnace', direction=2, position=(coal_position[0] + 1, coal_position[1] - 1))
# Craft a stone furnace and then place it next to the burner-mining-drill
craft_item('stone-furnace', quantity=1)
place_entity('stone-furnace', direction=2, position=(coal_position[0] + 1, coal_position[1] - 1))
# Gather more stone before crafting the stone furnace
stone_position = nearest('stone')
move_to(stone_position)
harvest_resource((-1, 0), quantity=10)
# Now that we have enough stone, let's craft and place the stone furnace
craft_item('stone-furnace', quantity=1)
place_entity('stone-furnace', direction=2, position=(coal_position[0] + 1, coal_position[1] - 1))
# Great, now that the stone furnace is placed, let's set up a transport belt to move the coal from the burner-mining-drill to the stone furnace
move_to((coal_position[0], coal_position[1] - 1))
craft_item('transport-belt', quantity=1)
place_entity('transport-belt', direction=0, position=(coal_position[0] + 1, coal_position[1] - 1))
# Insert coal into the burner-mining-drill to start the production
insert_item('coal', target_position=(coal_position[0], coal_position[1] - 1), quantity=1)
# With the coal inserted into the burner-mining-drill, production has started. Now, let's wait for a while to allow the coal to be produced and transported to the stone furnace
wait_duration(30)
# It appears the coal mining and transport process is not working as expected. Let's investigate and resolve the issue.
observe_nature()
inspect_radius(20)
# It appears that the transport belt and furnace positions might be incorrect. Let's fix that.
# Pick up the old transport belt and furnace
pickup_entity((-5.5, -4.5))
pickup_entity((-6, 7))
# Place the transport belt and furnace in the correct positions adjacent to the burner-mining-drill
place_entity('transport-belt', direction=0, position=(-6, -4.5))
place_entity('stone-furnace', direction=2, position=(-6, 0))
# Now that the transport belt and furnace are in the correct positions, wait for a while to allow the coal to be produced and transported to the stone furnace
wait_duration(30)
# There seems to be still an issue with the production process. Let's check the status of the burner-mining-drill and transport belt again to diagnose the problem.
inspect_radius(10)
# It seems the transport belt's direction is incorrect. Let's pick up the transport belt and place it again with the correct direction
pickup_entity((-5.5, -4.5))
place_entity('transport-belt', direction=2, position=(-6, -4.5))
# Wait again for the coal to be produced and transported to the stone furnace
wait_duration(30)
# It seems the layout of the factory is incorrect. Let's start again, picking up the entities and placing them in the correct positions.
pickup_entity((-5.5, -4.5))
pickup_entity((-7, -4))
pickup_entity((-6, 0))
# Place the burner-mining-drill adjacent to the coal resource
place_entity('burner-mining-drill', direction=2, position=(-10, -5))
# It seems we can't place the burner-mining-drill due to the existing coal resource. Let's try placing it at a different position
place_entity('burner-mining-drill', direction=2, position=(-9, -5))
# Place the transport belt in the correct position and direction to move coal from the burner-mining-drill
place_entity('transport-belt', direction=2, position=(-8, -5))
# Place the stone furnace in the correct position to receive coal from the transport belt
place_entity('stone-furnace', direction=2, position=(-7, -5))
