# Lets start by checking my inventory.
# Great, so I have some basic equipment to start working. Now let's start with the main goal, producing iron-gear-wheels.
# First, I need to harvest some iron ore. Let's move to the nearest source of iron and mine it.
iron_position = nearest('iron-ore')
move_to(iron_position)
harvest_resource(iron_position)
# Excuse me, let me adjust the code a bit.
# Great, so I have some basic equipment to start working. Now let's start with the main goal, producing iron-gear-wheels.
# First, I need to harvest some iron ore. Let's move to the nearest source of iron and mine it.
iron_position = nearest('iron-ore')
move_to(iron_position)
harvest_resource(iron_position)
# Now, I should move back to the iron chest to store the collected iron ore.
iron_chest_position = nearest('iron-chest')
move_to(iron_chest_position)
insert_item('iron-ore', quantity=50)  # I assume 50 ore has been harvested. 
# Oh, it seems there is no iron chest available yet. Let's craft and place one first.
# Craft and place an iron chest
craft_item('iron-chest', 1)
# Now that the iron chest is crafted, let's place it and store the collected iron ore.
iron_chest_position = nearest('iron-ore')
place_entity('iron-chest', position=iron_chest_position)
move_to(iron_chest_position)
insert_item('iron-ore', quantity=50)  # I assume 50 ore has been harvested.
# Right, my bad. I forgot that I cannot place an entity on top of my character 🤦. Let's try again.
# First, I need to craft and place a burner mining drill to extract more iron ore from the source.
# Check whether I have any burner mining drill in my inventory.
mining_drill_count = check_inventory()['burner-mining-drill']
if mining_drill_count > 0:
    # Move to the iron ore position and place the mining drill.
    iron_position = nearest('iron-ore')
    place_entity('burner-mining-drill', position=iron_position)
# Oops, I see that there's some obstacle ahead of me which is blocking the path. Maybe I should craft and place a transport belt to remove the obstacle.
# Check whether I have any transport belt in my inventory.
belt_count = check_inventory()['transport-belt']
if belt_count > 0:
    # Move to the position of the obstacle and lay the transport belt.
    obstacle_position = nearest('rocky') # Assuming the obstacle is a rocky area.
    move_to(obstacle_position, laying='transport-belt')
# My bad, I should have observed the environment before trying to lay a transport belt. Let me check what are the available resources and obstacles.
observe_nature()
# Oh, there are no rocky obstacles on this map. I seems like the nearest obstacle is a tree cluster. Let's harvest it to get some wood and clear the path.
# Move to the nearest tree cluster and harvest it.
tree_position = nearest('tree')
move_to(tree_position)
harvest_resource(tree_position, quantity=50)  # Assuming 50 wood harvested.
# Great, now that path is clear. Let me place the mining drill to extract the iron ore and store in a chest.
if mining_drill_count > 0:
    # Move to the iron ore position and place the mining drill.
    iron_position = nearest('iron-ore')
    place_entity('burner-mining-drill', position=iron_position)
    # Move to the chest position and insert the iron ore.
    chest_position = nearest('iron-chest')
    move_to(chest_position)
    extract_item('iron-ore', source_position=iron_position, quantity=20)
    insert_item('iron-ore', target_position=chest_position, quantity=20)  # I assume the mining drill has extracted 20 iron ore.
# Oops, I need to craft a iron chest first to store the iron ore. 
# Check if I have enough items to craft an iron chest
iron_count = check_inventory()['iron-plate']
if iron_count > 4:
    # Craft an iron chest
    craft_item('iron-chest', quantity=1)
    # Check its recipe
    set_entity_recipe(nearest('assembling-machine-1'), recipe='iron-chest')
    # Move to the position where I want to put the chest
    chest_position = nearest('iron-ore')
    move_to(chest_position)
    # Place the chest and insert the iron ore.
    place_entity('iron-chest', chest_position)
    extract_item('iron-ore', source_position=nearest('burner-mining-drill'), quantity=20)
    insert_item('iron-ore', target_position=chest_position, quantity=20)  # I assume the mining drill has extracted 20 iron ore.
# Oops, I should have checked if the assembling machine was available before attempting to craft an iron chest. Let me check if it is available.
inspect_radius(5)
# It seems that there is no assembling machine-1 nearby, but there is an available burner mining drill. So I will craft an iron chest by hand, move to the chest position, and store the iron ore.
# Check if I have enough items to craft an iron chest
iron_count = check_inventory()['iron-plate']
if iron_count > 4:
    # Craft an iron chest
    craft_item('iron-chest', quantity=1)
    # Move to the position where I want to put the chest
    chest_position = nearest('iron-ore')
    move_to(chest_position)
    # Place the chest and insert the iron ore.
    place_entity('iron-chest', chest_position)
    extract_item('iron-ore', source_position=nearest('burner-mining-drill'), quantity=20)
    insert_item('iron-ore', target_position=chest_position, quantity=20)  # I assume the mining drill has extracted 20 iron ore.
# My apologies, I made a mistake. When I used "nearest('iron-ore')" it returned a tuple which I didn't unpack. I should only pass the target position to functions that expect coordinates, and unpack the coordinates of the target positions using x,y = target_position when necessary.
# Let me re-run the code to craft an iron chest and store the iron ore.
# Check if I have enough items to craft an iron chest
iron_count = check_inventory()['iron-plate']
if iron_count > 4:
    # Craft an iron chest
    craft_item('iron-chest', quantity=1)
    # Move to the position where I want to put the chest
    chest_position = nearest('iron-ore')
    move_to(chest_position)
    # Place the chest and insert the iron ore.
    place_entity('iron-chest', chest_position)
    extract_item('iron-ore', source_position=nearest('burner-mining-drill'), quantity=20)
    insert_item('iron-ore', target_position=chest_position, quantity=20)  # I assume the mining drill has extracted 20 iron ore.
# My apologies, I made another mistake. I should have accessed the 'iron-chest' using the string key rather than a tuple, and then I can pass the position of the chest to functions.
# Let me re-run the code to craft an iron chest and store the iron ore.
# Check if I have enough items to craft an iron chest
iron_count = check_inventory()['iron-plate']
if iron_count > 4:
    # Craft an iron chest
    craft_item('iron-chest', quantity=1)
    # Move to the position where I want to put the chest
    chest_position = nearest('iron-ore')
    move_to(chest_position)
    # Place the chest and insert the iron ore.
    place_entity('iron-chest', direction=UP, position=chest_position)
    extract_item('iron-ore', source_position=nearest('burner-mining-drill'), quantity=20)
    insert_item('iron-ore', target_position=chest_position, quantity=20)  # I assume the mining drill has extracted 20 iron ore.
    # Check the chest's inventory
    chest_inventory = check_inventory()[('iron-chest', chest_position)]
    # Craft iron gear wheels using the iron ore in the chest
    gear_wheels_count = craft_item('iron-gear-wheel', quantity=chest_inventory['iron-ore']//2)
    # Move to the nearest assembling machine
    assembling_machine_position = nearest('assembling-machine-1')
    move_to(assembling_machine_position)
    # Place the iron gear wheels into the assembling machine
    insert_item('iron-gear-wheel', target_position=assembling_machine_position, quantity=gear_wheels_count)
# Oops, I accidentally tried to place the chest on top of a tree. I will move to the position adjacent to the tree and try again.
# Check if I have enough items to craft an iron chest
iron_count = check_inventory()['iron-plate']
if iron_count > 4:
    # Craft an iron chest
    craft_item('iron-chest', quantity=1)
    # Move to the position where I want to put the chest
    chest_position = nearest('iron-ore')
    while not place_entity('iron-chest', direction=UP, position=chest_position):
        # If the chest can't be placed, move adjacent to the position and try again.
        if chest_position[0] < 0:
            chest_position = chest_position[0]+1, chest_position[1]
        else:
            chest_position = chest_position[0]-1, chest_position[1]
    extract_item('iron-ore', source_position=nearest('burner-mining-drill'), quantity=20)
    insert_item('iron-ore', target_position=chest_position, quantity=20)  # I assume the mining drill has extracted 20 iron ore.
    # Check the chest's inventory
    chest_inventory = check_inventory()[('iron-chest', chest_position)]
    # Craft iron gear wheels using the iron ore in the chest
    gear_wheels_count = craft_item('iron-gear-wheel', quantity=chest_inventory['iron-ore']//2)
    # Move to the nearest assembling machine
    assembling_machine_position = nearest('assembling-machine-1')
    move_to(assembling_machine_position)
    # Place the iron gear wheels into the assembling machine
    insert_item('iron-gear-wheel', target_position=assembling_machine_position, quantity=gear_wheels_count)
# I seem to have made the same mistake again. Instead, let me move to a nearby location where the chest can be placed.
