[92mThere are 4.2k tree_01s scattered 23km northwest, 17km north-northwest, 16km north, 16km north-northeast, 21km northeast, 1km east-northeast, 3km west-northwest, 760 metres west, 32 metres east, 4km west-southwest, 720 metres east-southeast, 17km southeast, 17km southwest, 13km south-southwest, 13km south-southeast, and 11km south 
- 100x coal 10 metres northwest (-17, -14) x (-8, -5)
- 100x iron_ore 10 metres east-northeast (22, -14) x (31, -5)
- 100x stone 10 metres southwest (-17, 6) x (-8, 15)
- 100x copper_ore 10 metres east-southeast (22, 6) x (31, 15)
- 100x uranium_ore 30 metres southeast (22, 26) x (31, 35)
[96m# Lets start by checking my inventory.
[92m{'iron-chest': 1, 'transport-belt': 50, 'stone-furnace': 1, 'assembling-machine-1': 1, 'coal': 50, 'iron-plate': 50, 'copper-plate': 50}
[96m# Let's move to the coal, then place a burner-drill on the coal node and a stone-furnace for smelting.
# After that, insert coal as fuel for both entities.
[94mcoal_position = nearest('coal')
move_to(coal_position)
[92mNone
[94mplace_entity('burner-drill', direction=2, position=coal_position)
place_entity('stone-furnace', direction=0, position=(coal_position[0]+2, coal_position[1]))
[91mCould not place burner-drill. burner drill isnt something that exists
[94m# It seems I made a mistake in the entity's name, lets try with "burner-mining-drill" instead.
place_entity('burner-mining-drill', direction=2, position=coal_position)
place_entity('stone-furnace', direction=0, position=(coal_position[0]+2, coal_position[1]))
[91mCould not place burner-mining-drill. No burner mining drill in inventory
[96m# It appears I don't have a burner-mining-drill in my inventory.
# Let's start by setting up some smelting operations for the iron_ore using the inventory I have.
[94miron_position = nearest('iron_ore')
move_to(iron_position)
[92mNone
[94mplace_entity('stone-furnace', direction=0, position=iron_position)
insert_item('coal', target_position=iron_position, quantity=1)
[91mCould not place stone-furnace. Cant build there
[94m# It looks like there's an issue with the placement. I'll try placing it adjacent to the iron_ore.
place_entity('stone-furnace', direction=0, position=(iron_position[0]-1, iron_position[1]))
[91mCould not place stone-furnace. Cant build there
[94m# It seems there is another placement issue. Let's try placing the stone-furnace north of the iron_ore.
place_entity('stone-furnace', direction=0, position=(iron_position[0], iron_position[1]-1))
[91mCould not place stone-furnace. Cant build there
[94m# I'll keep adjusting the position until I find a suitable spot.
# Trying to place south of the iron_ore.
place_entity('stone-furnace', direction=0, position=(iron_position[0], iron_position[1]+1))
[91mCould not place stone-furnace. Cant build there
[94m# Let's try placing the stone-furnace to the east of the iron_ore.
place_entity('stone-furnace', direction=0, position=(iron_position[0]+1, iron_position[1]))
[91mCould not place stone-furnace. Cant build there
[94m# I've exhausted all adjacent positions. Let's check the nearby area with inspect_radius to find a suitable location.
inspect_radius(20)
[92mentities: []

[94m# Given there are no entities nearby, I'll retry the initial placement near the iron_ore.
move_to(iron_position)
[92mNone
[94mplace_entity('stone-furnace', direction=0, position=(iron_position[0]+1, iron_position[1]))
[91mCould not place stone-furnace. Cant build there
[94m# It seems that finding a suitable location for the stone-furnace is challenging. Let's try searching for another iron_ore deposit and checking its surroundings.
iron_position2 = nearest('iron_ore', ignore=[iron_position])
move_to(iron_position2)
[91mYou can't do that action. nearest() got an unexpected keyword argument 'ignore'
[96m# It seems the 'ignore' parameter is not allowed. I will place a temporary entity on the first iron_ore deposit to avoid selecting it again.
[94mplace_entity('wooden-chest', direction=0, position=iron_position)
iron_position2 = nearest('iron_ore')
pickup_entity(iron_position)
move_to(iron_position2)
[91mCould not place wooden-chest. No wooden chest in inventory
[96m# It appears I don't have a wooden-chest in my inventory. Let's change the strategy and check for any other resources nearby.
[94mnearest_resources = observe_nature()
[94mmove_to(nearest_resources['copper_ore'])
copper_position = nearest_resources['copper_ore']
place_entity('stone-furnace', direction=0, position=(copper_position[0]+1, copper_position[1]))
[91mYou can't do that action. string indices must be integers
[94m# I made a mistake in accessing the nearest_resources dictionary. The correct syntax should be as follows.
nearest_resources = observe_nature()
_move_to(nearest_resources['copper_ore'])
copper_position = nearest_resources['copper_ore']
place_entity('stone-furnace', direction=0, position=(copper_position[0]+1, copper_position[1]))
[91mYou can't do that action. string indices must be integers
[94m# I apologize for the mistake. Let's fix the syntax and directly move to the nearest copper_ore.
move_to(nearest('copper_ore'))
copper_position = nearest('copper_ore')
place_entity('stone-furnace', direction=0, position=(copper_position[0]+1, copper_position[1]))
[91mCould not place stone-furnace. Cant build there
[96m# Let's try placing the stone-furnace adjacent to the copper_ore in various directions.
[94mplace_entity('stone-furnace', direction=0, position=(copper_position[0]-1, copper_position[1]))
[91mCould not place stone-furnace. Cant build there
[94m# Attempting to place the stone-furnace north of the copper_ore.
place_entity('stone-furnace', direction=0, position=(copper_position[0], copper_position[1]-1))
[91mCould not place stone-furnace. Cant build there
