# Lets start by checking my inventory.
# Setting up coal production
# Lets start by checking my inventory.
# Place burner mining drills for coal, iron, stone, and copper resources.
resources_positions = {
    'coal': nearest('coal'),
    'iron_ore': nearest('iron_ore'),
    'stone': nearest('stone'),
    'copper_ore': nearest('copper_ore')
}
for resource, position in resources_positions.items():
    place_entity('burner-mining-drill', direction=2, position=position)
# Craft burner mining drills for each resource.
craft_item('burner-mining-drill', quantity=len(resources_positions))
# Move to the nearest stone resource and mine enough stone to craft 3 more burner mining drills.
move_to(nearest('stone'))
harvest_resource((0,0), quantity=27)
# Craft the remaining 3 burner mining drills now that we have enough stone.
craft_item('burner-mining-drill', quantity=3)
# Now place the burner mining drills for each resource.
for resource, position in resources_positions.items():
    place_entity('burner-mining-drill', direction=2, position=position)
# Place burner mining drills one tile away from the resources to avoid overlaps.
resource_drill_offsets = {
    'coal': (1, 0),
    'iron_ore': (1, 0),
    'stone': (1, 0),
    'copper_ore': (1, 0)
}
for resource, position_offset in resource_drill_offsets.items():
    resource_position = resources_positions[resource]
    drill_position = (resource_position[0] + position_offset[0], resource_position[1] + position_offset[1])
    place_entity('burner-mining-drill', direction=2, position=drill_position)
# It seems there is an issue with the position calculation. Let's try placing the drills manually.
place_entity('burner-mining-drill', direction=2, position=(-16, -14))
place_entity('burner-mining-drill', direction=2, position=(23, -14))
place_entity('burner-mining-drill', direction=2, position=(-16, 6))
place_entity('burner-mining-drill', direction=2, position=(23, 6))
# It appears we are still unable to place the mining drills in those positions. I'll try adjusting the positions again.
place_entity('burner-mining-drill', direction=2, position=(-15, -13)) # Coal
place_entity('burner-mining-drill', direction=2, position=(22, -13)) # Iron Ore
place_entity('burner-mining-drill', direction=2, position=(-15, 7)) # Stone
place_entity('burner-mining-drill', direction=2, position=(22, 7)) # Copper Ore
# Let's try moving incrementally and placing the mining drills. This should help determine the issue.
move_to((-15, -13))
place_entity('burner-mining-drill', direction=2, position=(0, 0))
move_to((22, -13))
place_entity('burner-mining-drill', direction=2, position=(0, 0))
move_to((-15, 7))
place_entity('burner-mining-drill', direction=2, position=(0, 0))
move_to((22, 7))
place_entity('burner-mining-drill', direction=2, position=(0, 0))
# It seems like the problem was the character in the way when placing the drills. We can move one tile away and try again.
move_to((-14, -12))
place_entity('burner-mining-drill', direction=2, position=(-15, -13))
move_to((23, -12))
place_entity('burner-mining-drill', direction=2, position=(22, -13))
move_to((-14, 8))
place_entity('burner-mining-drill', direction=2, position=(-15, 7))
move_to((23, 8))
place_entity('burner-mining-drill', direction=2, position=(22, 7))
# My apologies, let's try moving further away from the resource tiles and place the mining drills.
move_to((-13, -12))
place_entity('burner-mining-drill', direction=2, position=(-15, -13))
move_to((24, -12))
place_entity('burner-mining-drill', direction=2, position=(22, -13))
move_to((-13, 8))
place_entity('burner-mining-drill', direction=2, position=(-15, 7))
move_to((24, 8))
place_entity('burner-mining-drill', direction=2, position=(22, 7))
# Let's attempt a different approach. Starting by placing the drills near the resources and then adjusting their positions.
# Place the drills near the resources first
for resource, position in resources_positions.items():
    place_entity('burner-mining-drill', direction=2, position=position)
# It seems we're still unable to place the mining drills in those positions. I'll try another approach.
move_to(resources_positions['coal'], distance_offset=2)
place_entity('burner-mining-drill', direction=2, position=(0, 0))
# My apologies for the mistake in the move_to() function. Let's adjust our approach.
# First, let's calculate the position offsets for placing the drills.
coal_position = resources_positions['coal']
iron_position = resources_positions['iron_ore']
stone_position = resources_positions['stone']
copper_position = resources_positions['copper_ore']
# Now, let's move to each resource's calculated position and place the mining drills.
updated_coal_position = (coal_position[0] + 2, coal_position[1])
move_to(updated_coal_position)
place_entity('burner-mining-drill', direction=2, position=(0, 0))
# Let's move away from the coal resource and then place the mining drill.
move_to((updated_coal_position[0] + 1, updated_coal_position[1]))
place_entity('burner-mining-drill', direction=2, position=updated_coal_position)
# Now that we've successfully placed the coal drill, let's place the mining drills for the remaining resources.
# Calculate updated positions for each resource
updated_iron_position = (iron_position[0] + 2, iron_position[1])
updated_stone_position = (stone_position[0] + 2, stone_position[1])
updated_copper_position = (copper_position[0] + 2, copper_position[1])
# Moving to updated iron ore position and placing the mining drill
move_to((updated_iron_position[0] + 1, updated_iron_position[1]))
place_entity('burner-mining-drill', direction=2, position=updated_iron_position)
# Let's try to move further away from the resource and place the mining drill for iron ore.
updated_iron_position = (iron_position[0] + 3, iron_position[1])
move_to((updated_iron_position[0] + 1, updated_iron_position[1]))
place_entity('burner-mining-drill', direction=2, position=updated_iron_position)
# Let's observe the nature to get more information about the resources and their surroundings.
observe_nature()
# Let's try moving far enough away from the resources before placing the mining drills.
updated_iron_position = (iron_position[0], iron_position[1] - 5)
move_to(updated_iron_position)
place_entity('burner-mining-drill', direction=2, position=iron_position)
# Let's move further away and try again.
updated_iron_position = (iron_position[0], iron_position[1] - 6)
move_to(updated_iron_position)
place_entity('burner-mining-drill', direction=2, position=iron_position)
