comment("First, inspect the resources around me")
resources = inspect_resources()
comment("Find the nearest coal resource")
coal_position = nearest('coal')
comment("Move to the coal position")
move_to(coal_position)
comment("Place a burner-mining-drill facing LEFT and feed it to a stone-furnace")
burner_drill_position =  place_entity('burner-mining-drill', direction=LEFT, position=(coal_position[0]-2, coal_position[1]))
stone_furnace_position = place_entity('stone-furnace', direction=DOWN, position=(burner_drill_position[0]+1, burner_drill_position[1]))
inserter_position = (burner_drill_position[0]+1, burner_drill_position[1])
connect_entities(source_position=burner_drill_position, target_position=stone_furnace_position, connection_type='inserter')
comment("It appears there was an error while trying to place the stone furnace. Let's try again by moving down to ensure there's enough space")
comment("Move down 2 squares")
move_to((coal_position[0], coal_position[1]-2))
comment("Place a burner-mining-drill facing LEFT and feed it to a stone-furnace")
burner_drill_position =  place_entity('burner-mining-drill', direction=LEFT, position=(coal_position[0]-2, coal_position[1]-2))
stone_furnace_position = place_entity('stone-furnace', direction=DOWN, position=(burner_drill_position[0]+1, burner_drill_position[1]))
inserter_position = (burner_drill_position[0]+1, burner_drill_position[1])
connect_entities(source_position=burner_drill_position, target_position=stone_furnace_position, connection_type='inserter')
comment("It seems we don't have a burner-mining-drill in inventory. Let's craft one and try again.")
comment("Craft a burner-mining-drill")
craft_item('burner-mining-drill', quantity=1)
comment("Now that we have crafted a burner-mining-drill, let's try placing it again along with the stone-furnace and inserter connection")
burner_drill_position = place_entity('burner-mining-drill', direction=LEFT, position=(coal_position[0]-2, coal_position[1]-2))
stone_furnace_position = place_entity('stone-furnace', direction=DOWN, position=(burner_drill_position[0]+1, burner_drill_position[1]))
inserter_position = (burner_drill_position[0]+1, burner_drill_position[1])
connect_entities(source_position=burner_drill_position, target_position=stone_furnace_position, connection_type='inserter')
comment("It seems we don't have a stone-furnace in inventory. Let's craft one and try again.")
comment("Craft a stone-furnace")
craft_item('stone-furnace', quantity=1)
comment("It seems we don't have enough stone to craft a stone furnace. Let's find and mine some stone")
comment("Find and mine stone")
stone_position = nearest('stone')
move_to(stone_position)
harvest_resource(stone_position, quantity=10)
comment("Now we have enough stone, let's craft a stone-furnace and place it again.")
craft_item('stone-furnace', quantity=1)
burner_drill_position = place_entity('burner-mining-drill', direction=LEFT, position=(coal_position[0]-2, coal_position[1]-2))
stone_furnace_position = place_entity('stone-furnace', direction=DOWN, position=(burner_drill_position[0]+1, burner_drill_position[1]))
inserter_position = (burner_drill_position[0]+1, burner_drill_position[1])
connect_entities(source_position=burner_drill_position, target_position=stone_furnace_position, connection_type='inserter')
comment("We need to craft a burner-mining-drill and then place it")
craft_item('burner-mining-drill', quantity=1)
burner_drill_position = place_entity('burner-mining-drill', direction=LEFT, position=(coal_position[0]-2, coal_position[1]-2))
stone_furnace_position = place_entity('stone-furnace', direction=DOWN, position=(burner_drill_position[0]+1, burner_drill_position[1]))
inserter_position = (burner_drill_position[0]+1, burner_drill_position[1])
connect_entities(source_position=burner_drill_position, target_position=stone_furnace_position, connection_type='inserter')
comment("Let's move to a valid position for placing the burner-mining-drill")
move_to((coal_position[0], coal_position[1] - 2))
burner_drill_position = place_entity('burner-mining-drill', direction=LEFT, position=(coal_position[0], coal_position[1] - 2))
stone_furnace_position = place_entity('stone-furnace', direction=DOWN, position=(burner_drill_position[0] + 1, burner_drill_position[1]))
inserter_position = (burner_drill_position[0] + 1, burner_drill_position[1])
connect_entities(source_position=burner_drill_position, target_position=stone_furnace_position, connection_type='inserter')
comment("It appears our stone furnace is missing. Let's craft another one and place it again.")
craft_item('stone-furnace', quantity=1)
stone_furnace_position = place_entity('stone-furnace', direction=DOWN, position=(burner_drill_position[0] + 1, burner_drill_position[1]))
inserter_position = (burner_drill_position[0] + 1, burner_drill_position[1])
connect_entities(source_position=burner_drill_position, target_position=stone_furnace_position, connection_type='inserter')
comment("It appears there is an issue with placing the stone-furnace. We'll try a different position.")
move_to((burner_drill_position[0] + 3, burner_drill_position[1] - 1))
stone_furnace_position = place_entity('stone-furnace', direction=DOWN, position=(burner_drill_position[0] + 3, burner_drill_position[1] - 1))
inserter_position = (burner_drill_position[0] + 1, burner_drill_position[1])
connect_entities(source_position=burner_drill_position, target_position=stone_furnace_position, connection_type='inserter')
comment("It appears there is an issue placing the stone-furnace. Let's try moving to a different location and attempt again.")
move_to((burner_drill_position[0] + 3, burner_drill_position[1]))
stone_furnace_position = place_entity('stone-furnace', direction=DOWN, position=(burner_drill_position[0] + 3, burner_drill_position[1]))
inserter_position = (burner_drill_position[0] + 1, burner_drill_position[1])
connect_entities(source_position=burner_drill_position, target_position=stone_furnace_position, connection_type='inserter')
comment("There seems to be an issue with evaluating the desired stone-furnace position. Let's try placing it near the burner-mining-drill.")
move_to((burner_drill_position[0] + 1, burner_drill_position[1] + 1))
stone_furnace_position = place_entity('stone-furnace', direction=DOWN, position=(burner_drill_position[0] + 1, burner_drill_position[1] + 1))
inserter_position = (burner_drill_position[0] + 1, burner_drill_position[1])
connect_entities(source_position=burner_drill_position, target_position=stone_furnace_position, connection_type='inserter')
comment("It appears we do not have a stone furnace in our inventory. Let's craft one and try placing it again.")
craft_item('stone-furnace', quantity=1)
stone_furnace_position = place_entity('stone-furnace', direction=DOWN, position=(burner_drill_position[0] + 1, burner_drill_position[1] + 1))
inserter_position = (burner_drill_position[0] + 1, burner_drill_position[1])
connect_entities(source_position=burner_drill_position, target_position=stone_furnace_position, connection_type='inserter')
comment("It seems we don't have enough stone to craft a stone furnace. Let's harvest some stone first.")
stone_position = nearest('stone')
move_to(stone_position)
harvest_resource(stone_position, quantity=5)
craft_item('stone-furnace', quantity=1)
stone_furnace_position = place_entity('stone-furnace', direction=DOWN, position=(burner_drill_position[0] + 1, burner_drill_position[1] + 1))
inserter_position = (burner_drill_position[0] + 1, burner_drill_position[1])
connect_entities(source_position=burner_drill_position, target_position=stone_furnace_position, connection_type='inserter')
comment("There seems to be a problem placing the stone-furnace. Let's retry with an alternative position.")
move_to((burner_drill_position[0] + 2, burner_drill_position[1] + 1))
stone_furnace_position = place_entity('stone-furnace', direction=DOWN, position=(burner_drill_position[0] + 2, burner_drill_position[1] + 1))
inserter_position = (burner_drill_position[0] + 1, burner_drill_position[1])
connect_entities(source_position=burner_drill_position, target_position=stone_furnace_position, connection_type='inserter')
comment("It seems like we encountered an unexpected error. Let's try a different approach by placing the stone-furnace next to the burner-mining-drill.")
move_to((burner_drill_position[0] + 1, burner_drill_position[1]))
stone_furnace_position = place_entity('stone-furnace', direction=DOWN, position=(burner_drill_position[0] + 1, burner_drill_position[1]))
inserter_position = (burner_drill_position[0], burner_drill_position[1] - 1)
connect_entities(source_position=burner_drill_position, target_position=stone_furnace_position, connection_type='inserter')
comment("It appears that we lost the stone furnace from our inventory. Let's check our inventory and craft another stone furnace if needed.")
inspect_inventory()
comment("We don't have a stone furnace in our inventory. Let's harvest some stone and craft one.")
move_to(stone_position)
harvest_resource(stone_position, quantity=5)
craft_item('stone-furnace', quantity=1)
move_to((burner_drill_position[0] + 1, burner_drill_position[1]))
stone_furnace_position = place_entity('stone-furnace', direction=DOWN, position=(burner_drill_position[0] + 1, burner_drill_position[1]))
inserter_position = (burner_drill_position[0], burner_drill_position[1] - 1)
connect_entities(source_position=burner_drill_position, target_position=stone_furnace_position, connection_type='inserter')
comment("There seems to be a persistent issue placing the stone-furnace. Let's try placing the stone-furnace a little further away from the burner-mining-drill and connect them with transport belts.")
move_to((burner_drill_position[0] + 3, burner_drill_position[1]))
stone_furnace_position = place_entity('stone-furnace', direction=DOWN, position=(burner_drill_position[0] + 3, burner_drill_position[1]))
place_entity('transport-belt', direction=RIGHT, position=(burner_drill_position[0] + 1, burner_drill_position[1]))
place_entity('transport-belt', direction=RIGHT, position=(burner_drill_position[0] + 2, burner_drill_position[1]))
