[92mThere are 4.2k tree_01s scattered 23km northwest, 17km north-northwest, 16km north, 16km north-northeast, 21km northeast, 1km east-northeast, 3km west-northwest, 760 metres west, 32 metres east, 4km west-southwest, 720 metres east-southeast, 17km southeast, 17km southwest, 13km south-southwest, 13km south-southeast, and 11km south 
- 100x coal 10 metres northwest (-17, -14) x (-8, -5)
- 100x iron_ore 10 metres east-northeast (22, -14) x (31, -5)
- 100x stone 10 metres southwest (-17, 6) x (-8, 15)
- 100x copper_ore 10 metres east-southeast (22, 6) x (31, 15)
- 100x uranium_ore 30 metres southeast (22, 26) x (31, 35)
[96m# Lets start by checking my inventory.
[92m{'iron-chest': 1, 'transport-belt': 50, 'stone-furnace': 1, 'assembling-machine-1': 1, 'coal': 50, 'iron-plate': 50, 'copper-plate': 50}
[96m# Setting up coal production
[92mThere are 4.2k tree_01s scattered 23km northwest, 17km north-northwest, 16km north, 16km north-northeast, 21km northeast, 1km east-northeast, 3km west-northwest, 760 metres west, 32 metres east, 4km west-southwest, 720 metres east-southeast, 17km southeast, 17km southwest, 13km south-southwest, 13km south-southeast, and 11km south 
- 100x coal 10 metres northwest (-17, -14) x (-8, -5)
- 100x iron_ore 10 metres east-northeast (22, -14) x (31, -5)
- 100x stone 10 metres southwest (-17, 6) x (-8, 15)
- 100x copper_ore 10 metres east-southeast (22, 6) x (31, 15)
- 100x uranium_ore 30 metres southeast (22, 26) x (31, 35)
[96m# Lets start by checking my inventory.
[92m{'iron-chest': 1, 'transport-belt': 50, 'stone-furnace': 1, 'assembling-machine-1': 1, 'coal': 50, 'iron-plate': 50, 'copper-plate': 50}
[94m# Place burner mining drills for coal, iron, stone, and copper resources.
resources_positions = {
    'coal': nearest('coal'),
    'iron_ore': nearest('iron_ore'),
    'stone': nearest('stone'),
    'copper_ore': nearest('copper_ore')
}
[94mfor resource, position in resources_positions.items():
    place_entity('burner-mining-drill', direction=2, position=position)
[91mCould not place burner-mining-drill. No burner mining drill in inventory
[94m# Craft burner mining drills for each resource.
craft_item('burner-mining-drill', quantity=len(resources_positions))
[91mCould not craft a burner-mining-drill. Successfully crafted 1x but failed to craft 3x burner mining drill because missing ingredient stone
[94m# Move to the nearest stone resource and mine enough stone to craft 3 more burner mining drills.
move_to(nearest('stone'))
harvest_resource((0,0), quantity=27)
[92mNone
True
[94m# Craft the remaining 3 burner mining drills now that we have enough stone.
craft_item('burner-mining-drill', quantity=3)
[92m1
[94m# Now place the burner mining drills for each resource.
for resource, position in resources_positions.items():
    place_entity('burner-mining-drill', direction=2, position=position)
[91mCould not place burner-mining-drill. Cant build there
[94m# Place burner mining drills one tile away from the resources to avoid overlaps.
resource_drill_offsets = {
    'coal': (1, 0),
    'iron_ore': (1, 0),
    'stone': (1, 0),
    'copper_ore': (1, 0)
}
[94mfor resource, position_offset in resource_drill_offsets.items():
    resource_position = resources_positions[resource]
    drill_position = (resource_position[0] + position_offset[0], resource_position[1] + position_offset[1])
    place_entity('burner-mining-drill', direction=2, position=drill_position)
[91mCould not place burner-mining-drill. Cant build there
[96m# It seems there is an issue with the position calculation. Let's try placing the drills manually.
[94mplace_entity('burner-mining-drill', direction=2, position=(-16, -14))
place_entity('burner-mining-drill', direction=2, position=(23, -14))
place_entity('burner-mining-drill', direction=2, position=(-16, 6))
place_entity('burner-mining-drill', direction=2, position=(23, 6))
[91mCould not place burner-mining-drill. Cant build there
[94m# It appears we are still unable to place the mining drills in those positions. I'll try adjusting the positions again.
place_entity('burner-mining-drill', direction=2, position=(-15, -13)) # Coal
place_entity('burner-mining-drill', direction=2, position=(22, -13)) # Iron Ore
place_entity('burner-mining-drill', direction=2, position=(-15, 7)) # Stone
place_entity('burner-mining-drill', direction=2, position=(22, 7)) # Copper Ore
[91mCould not place burner-mining-drill. Cant build there
[96m# Let's try moving incrementally and placing the mining drills. This should help determine the issue.
[94mmove_to((-15, -13))
place_entity('burner-mining-drill', direction=2, position=(0, 0))
move_to((22, -13))
place_entity('burner-mining-drill', direction=2, position=(0, 0))
move_to((-15, 7))
place_entity('burner-mining-drill', direction=2, position=(0, 0))
move_to((22, 7))
place_entity('burner-mining-drill', direction=2, position=(0, 0))
[91mCould not place burner-mining-drill. Cant build there due to existing character at 0, 0 and the size of the entity is 1
[94m# It seems like the problem was the character in the way when placing the drills. We can move one tile away and try again.
move_to((-14, -12))
place_entity('burner-mining-drill', direction=2, position=(-15, -13))
move_to((23, -12))
place_entity('burner-mining-drill', direction=2, position=(22, -13))
move_to((-14, 8))
place_entity('burner-mining-drill', direction=2, position=(-15, 7))
move_to((23, 8))
place_entity('burner-mining-drill', direction=2, position=(22, 7))
[91mCould not place burner-mining-drill. Cant build there
[94m# My apologies, let's try moving further away from the resource tiles and place the mining drills.
move_to((-13, -12))
place_entity('burner-mining-drill', direction=2, position=(-15, -13))
move_to((24, -12))
place_entity('burner-mining-drill', direction=2, position=(22, -13))
move_to((-13, 8))
place_entity('burner-mining-drill', direction=2, position=(-15, 7))
move_to((24, 8))
place_entity('burner-mining-drill', direction=2, position=(22, 7))
[91mCould not place burner-mining-drill. Cant build there
[96m# Let's attempt a different approach. Starting by placing the drills near the resources and then adjusting their positions.
[94m# Place the drills near the resources first
for resource, position in resources_positions.items():
    place_entity('burner-mining-drill', direction=2, position=position)
[91mCould not place burner-mining-drill. Cant build there
[94m# It seems we're still unable to place the mining drills in those positions. I'll try another approach.
move_to(resources_positions['coal'], distance_offset=2)
place_entity('burner-mining-drill', direction=2, position=(0, 0))
[91mYou can't do that action. move_to() got an unexpected keyword argument 'distance_offset'
[96m# My apologies for the mistake in the move_to() function. Let's adjust our approach.
[94m# First, let's calculate the position offsets for placing the drills.
coal_position = resources_positions['coal']
iron_position = resources_positions['iron_ore']
stone_position = resources_positions['stone']
copper_position = resources_positions['copper_ore']
[94m# Now, let's move to each resource's calculated position and place the mining drills.
updated_coal_position = (coal_position[0] + 2, coal_position[1])
move_to(updated_coal_position)
place_entity('burner-mining-drill', direction=2, position=(0, 0))
[91mCould not place burner-mining-drill. Cant build there due to existing character at 0, 0 and the size of the entity is 1
[94m# Let's move away from the coal resource and then place the mining drill.
move_to((updated_coal_position[0] + 1, updated_coal_position[1]))
place_entity('burner-mining-drill', direction=2, position=updated_coal_position)
[92mNone
True
[94m# Now that we've successfully placed the coal drill, let's place the mining drills for the remaining resources.
# Calculate updated positions for each resource
updated_iron_position = (iron_position[0] + 2, iron_position[1])
updated_stone_position = (stone_position[0] + 2, stone_position[1])
updated_copper_position = (copper_position[0] + 2, copper_position[1])
[94m# Moving to updated iron ore position and placing the mining drill
move_to((updated_iron_position[0] + 1, updated_iron_position[1]))
place_entity('burner-mining-drill', direction=2, position=updated_iron_position)
[91mCould not place burner-mining-drill. Cant build there
[94m# Let's try to move further away from the resource and place the mining drill for iron ore.
updated_iron_position = (iron_position[0] + 3, iron_position[1])
move_to((updated_iron_position[0] + 1, updated_iron_position[1]))
place_entity('burner-mining-drill', direction=2, position=updated_iron_position)
[91mCould not place burner-mining-drill. Cant build there
[94m# Let's observe the nature to get more information about the resources and their surroundings.
observe_nature()
[92mThere are 3.3k tree_01s scattered 22km northwest, 16km north-northwest, 13km north, 14km north-northeast, 22km northeast, 1km west-northwest, 1km east-northeast, 17km southeast, 256 metres east-southeast, 12km south-southeast, 65 metres west-southwest, 15km southwest, 10km south, and 11km south-southwest 
- 100x coal 6 metres west (-44, -10) x (-35, -1)
- 100x iron_ore 6 metres north (-5, -10) x (4, -1)
- 100x stone 14 metres west-southwest (-44, 10) x (-35, 19)
- 100x copper_ore 14 metres south (-5, 10) x (4, 19)
- 100x uranium_ore 34 metres south (-5, 30) x (4, 39)
[94m# Let's try moving far enough away from the resources before placing the mining drills.
updated_iron_position = (iron_position[0], iron_position[1] - 5)
move_to(updated_iron_position)
place_entity('burner-mining-drill', direction=2, position=iron_position)
[91mCould not place burner-mining-drill. Cant build there
[96m# Let's move further away and try again.
[94mupdated_iron_position = (iron_position[0], iron_position[1] - 6)
move_to(updated_iron_position)
place_entity('burner-mining-drill', direction=2, position=iron_position)
