# Lets start by checking my inventory.
# First, set up mining drills for coal, iron_ore, stone, and copper_ore
coal_position = (-17, -14)
iron_ore_position = (22, -14)
stone_position = (-17, 6)
copper_ore_position = (22, 6)
place_entity("burner-mining-drill", direction=RIGHT, position=coal_position)
place_entity("burner-mining-drill", direction=LEFT, position=iron_ore_position)
place_entity("burner-mining-drill", direction=RIGHT, position=stone_position)
place_entity("burner-mining-drill", direction=LEFT, position=copper_ore_position)
# Craft burner-mining-drills for coal, iron_ore, stone, and copper_ore
craft_item('burner-mining-drill', quantity=4)
# Mine stone to craft remaining burner-mining-drills
harvest_resource(stone_position, quantity=9)
# My bad, I should have used the middle of the stone field coordinates
middle_stone_position = ((-8 + -17) // 2, (6 + 15) // 2)
harvest_resource(middle_stone_position, quantity=9)
# I'll try a different approach, by moving to the stone_position first and then harvesting
move_to(stone_position)
harvest_resource(nearest("stone"), quantity=9)
# Apologies, I need to make sure the stone_position is inside the stone field.
middle_stone_position = (-12, 10)
move_to(middle_stone_position)
harvest_resource(middle_stone_position, quantity=9)
# Now, craft the remaining burner-mining-drills
craft_item('burner-mining-drill', quantity=3)
# Set up mining drills for coal, iron_ore, stone, and copper_ore
place_entity("burner-mining-drill", direction=RIGHT, position=coal_position)
place_entity("burner-mining-drill", direction=LEFT, position=iron_ore_position)
place_entity("burner-mining-drill", direction=RIGHT, position=stone_position)
place_entity("burner-mining-drill", direction=LEFT, position=copper_ore_position)
# My apologies. We need to make sure about the correct placement.
# Proper position for mining drills
adjusted_coal_position = (-8, -9)
adjusted_iron_ore_position = (25, -9)
adjusted_stone_position = (-12, 11)
adjusted_copper_ore_position = (25, 11)
# Set up mining drills for coal, iron_ore, stone, and copper_ore
place_entity("burner-mining-drill", direction=RIGHT, position=adjusted_coal_position)
place_entity("burner-mining-drill", direction=LEFT, position=adjusted_iron_ore_position)
place_entity("burner-mining-drill", direction=RIGHT, position=adjusted_stone_position)
place_entity("burner-mining-drill", direction=LEFT, position=adjusted_copper_ore_position)
# Great, now set up stone furnaces for iron_ore and copper_ore
iron_furnace_position = (28, -9)
copper_furnace_position = (28, 11)
place_entity("stone-furnace", position=iron_furnace_position)
place_entity("stone-furnace", position=copper_furnace_position)
# We need to craft stone furnaces
craft_item('stone-furnace', quantity=2)
# Place the crafted stone furnaces for iron_ore and copper_ore
place_entity("stone-furnace", position=iron_furnace_position)
place_entity("stone-furnace", position=copper_furnace_position)
# Now, insert coal into the mining drills and furnaces
# First, extract necessary amount of coal
for i in range(6):
    extract_item('coal', source_position=adjusted_coal_position, quantity=1)
    wait_duration(1)
# I apologize for that, I overlooked the need to fuel the coal mining drill.
# Insert coal into the coal mining drill
insert_item('coal', target_position=adjusted_coal_position, quantity=1)
# Now extract the necessary amount of coal for the mining drills and furnaces
for i in range(6):
    extract_item('coal', source_position=adjusted_coal_position, quantity=1)
    wait_duration(1)
# Wait for the coal mining drill to produce more coal
wait_duration(5)
# Extract coal again
for i in range(6):
    extract_item('coal', source_position=adjusted_coal_position, quantity=1)
    wait_duration(1)
# Wait for the coal mining drill to produce more coal
wait_duration(10)
# Let's check if there's enough coal now
extract_item('coal', source_position=adjusted_coal_position, quantity=1)
# Wait even longer for the coal mining drill to produce more coal
wait_duration(20)
# Let's try extracting coal again
extract_item('coal', source_position=adjusted_coal_position, quantity=1)
# I apologize for the confusion. It seems we are having trouble extracting coal.
# Let's move to the coal drill and manually fuel it with wood.
# Move to the nearest tree to harvest wood
move_to(nearest('tree'))
harvest_resource(nearest('tree'), quantity=5)
# It seems there are no trees nearby. Let's attempt to extract coal again.
wait_duration(30)
# Let's try extracting coal again
extract_item('coal', source_position=adjusted_coal_position, quantity=1)
