comment("Start by inspecting the resources in the area")
resources = inspect_resources()
comment("Find resources and move to them")
move_to(nearest('coal'))
move_to(nearest('stone'))
move_to(nearest('iron-ore'))
move_to(nearest('copper-ore'))
move_to(nearest('water'))
comment("Setup a coal mining operation")
coal_position = nearest('coal')
move_to(coal_position)
place_entity('burner-mining-drill', direction=DOWN, position=(coal_position[0], coal_position[1] - 2))
place_entity('wooden-chest', position=(coal_position[0], coal_position[1] + 1))
comment("Correct the coal mining operation setup")
coal_position = nearest('coal')
move_to(coal_position)
place_entity('burner-mining-drill', direction=DOWN, position=coal_position)
place_entity('wooden-chest', position=(coal_position[0], coal_position[1]+1))
comment("Collect wood necessary for crafting wooden chest and crafting of more items")
move_to(nearest('tree'))
harvest_resource(nearest('tree'), quantity=10)
inventory = inspect_inventory()
comment("Move to another tree and try to collect wood again")
move_to(nearest('tree', exclude_positions=[nearest('tree')]))
harvest_resource(nearest('tree', exclude_positions=[nearest('tree')]), quantity=10)
inventory = inspect_inventory()
comment("Move to another tree and try to collect more wood")
move_to(nearest('tree', exclude_positions=[nearest('tree'), (7, -52)]))
harvest_resource(nearest('tree', exclude_positions=[nearest('tree'), (7, -52)]), quantity=10)
inventory = inspect_inventory()
comment("Craft a wooden chest")
craft_item('wooden-chest', quantity=1)
comment("Complete the coal mining operation setup")
move_to(coal_position)
place_entity('burner-mining-drill', direction=DOWN, position=coal_position)
place_entity('wooden-chest', position=(coal_position[0], coal_position[1]+1))
comment("Find iron patches")
iron_position = nearest('iron')
move_to(iron_position)
harvest_resource(iron_position, quantity=10)
inventory = inspect_inventory()
comment("Move to another iron patch and harvest more iron")
move_to(nearest('iron', exclude_positions=[iron_position]))
harvest_resource(nearest('iron', exclude_positions=[iron_position]), quantity=10)
inventory = inspect_inventory()
comment("Craft two burner-mining-drills and two stone-furnaces")
craft_item('burner-mining-drill', quantity=2)
craft_item('stone-furnace', quantity=2)
comment("Find stone patch and harvest some stones")
stone_position = nearest('stone')
move_to(stone_position)
harvest_resource(stone_position, quantity=10)
inventory = inspect_inventory()
comment("Craft one more burner-mining-drill and a stone-furnace")
craft_item('burner-mining-drill', quantity=1)
craft_item('stone-furnace', quantity=1)
comment("Harvest more stone")
move_to(nearest('stone', exclude_positions=[stone_position]))
harvest_resource(nearest('stone', exclude_positions=[stone_position]), quantity=10)
inventory = inspect_inventory()
comment("Craft one more stone-furnace")
craft_item('stone-furnace', quantity=1)
comment("Place a burner-mining-drill on the coal patch")
coal_position = nearest('coal')
move_to(coal_position)
burner_drill_position = place_entity('burner-mining-drill', direction=LEFT, position=(coal_position[0]-2, coal_position[1]))
comment("Place a burner-mining-drill on the iron ore patch")
iron_ore_position = nearest('iron-ore')
move_to(iron_ore_position)
burner_drill_iron_position = place_entity('burner-mining-drill', direction=LEFT, position=(iron_ore_position[0]-2, iron_ore_position[1]))
comment("Find the correct position adjacent to iron ore")
iron_ore_position = nearest('iron-ore')
move_to(iron_ore_position)
correct_iron_ore_position = (iron_ore_position[0]-1, iron_ore_position[1])
comment("Place a burner-mining-drill on the iron ore patch")
move_to(correct_iron_ore_position)
burner_drill_iron_position = place_entity('burner-mining-drill', direction=LEFT, position=(correct_iron_ore_position[0]-2, correct_iron_ore_position[1]))
comment("Find another position adjacent to iron ore")
iron_ore_position = nearest('iron-ore')
move_to(iron_ore_position)
correct_iron_ore_position = (iron_ore_position[0]+1, iron_ore_position[1])

comment("Place a burner-mining-drill on the iron ore patch")
move_to(correct_iron_ore_position)
burner_drill_iron_position = place_entity('burner-mining-drill', direction=RIGHT, position=(correct_iron_ore_position[0]+2, correct_iron_ore_position[1]))
comment("Check if there's fuel in the inventory to insert into the mining drills")
inventory = inspect_inventory()
comment("If there's no coal in the inventory, move to the nearest coal resource and harvest some")
if inventory.get('coal', 0) < 5:
    coal_position = nearest('coal')
    move_to(coal_position)
    harvest_resource(coal_position, quantity=5)

comment("Refuel the burner-mining-drill for iron ore")
inventory = inspect_inventory()
if inventory.get('coal', 0) >= 1:
    insert_item('coal', target_position=burner_drill_iron_position, quantity=1)
comment("If there's no coal in the inventory, move to the nearest coal resource and harvest some")
if 'coal' not in inventory or inventory['coal'] < 5:
    coal_position = nearest('coal')
    move_to(coal_position)
    harvest_resource(coal_position, quantity=5)

comment("Refuel the burner-mining-drill for iron ore")
inventory = inspect_inventory()
if 'coal' in inventory and inventory['coal'] >= 1:
    insert_item('coal', target_position=burner_drill_iron_position, quantity=1)
comment("Place a stone furnace next to the iron-ore burner-mining-drill to smelt the iron ore")
furnace_position = place_entity_next_to('stone-furnace', reference_position=burner_drill_iron_position, direction=RIGHT, gap=1)
comment("Move to a suitable position and place the stone furnace")
move_to((burner_drill_iron_position[0] + 4, burner_drill_iron_position[1]))
furnace_position = place_entity('stone-furnace', direction=None, position=(burner_drill_iron_position[0] + 4, burner_drill_iron_position[1]))
comment("Check burner mining drill position again and move to a suitable position")
burner_drill_iron_position = nearest("burner-mining-drill")
move_to((burner_drill_iron_position[0] + 4, burner_drill_iron_position[1]))

comment("Place the stone furnace next to the iron-ore burner-mining-drill")
furnace_position = place_entity('stone-furnace', direction=None, position=(burner_drill_iron_position[0] + 4, burner_drill_iron_position[1]))
comment("Find coordinates for burner-mining-drill for iron ore")
entities = inspect_entities(20)
for entity in entities:
    if entity['name'] == "burner-mining-drill" and entity['resource_name'] == "iron-ore":
        burner_drill_iron_position = (entity['position'][0], entity['position'][1])

comment("Move to a suitable position and place the stone furnace")
move_to((burner_drill_iron_position[0] + 4, burner_drill_iron_position[1]))
furnace_position = place_entity('stone-furnace', direction=None, position=(burner_drill_iron_position[0] + 4, burner_drill_iron_position[1]))
comment("Find coordinates for burner-mining-drill for iron ore")
entities = inspect_entities(20)
for entity in entities:
    if entity['name'] == "burner-mining-drill" and 'resource_name' in entity and entity['resource_name'] == "iron-ore":
        burner_drill_iron_position = (entity['position'][0], entity['position'][1])
comment("Inspect entities and find coordinates for burner-mining-drill for iron ore")
entities = inspect_entities(20)
burner_drill_iron_position = None
for entity in entities:
    if entity['name'] == "burner-mining-drill" and 'resource_name' in entity and entity['resource_name'] == "iron-ore":
        burner_drill_iron_position = (entity['position'][0], entity['position'][1])

comment("Move to a suitable position and place the stone furnace")
if burner_drill_iron_position is not None:
    move_to((burner_drill_iron_position[0] + 4, burner_drill_iron_position[1]))
    furnace_position = place_entity('stone-furnace', direction=None, position=(burner_drill_iron_position[0] + 4, burner_drill_iron_position[1]))
comment("Find coordinates for burner-mining-drill for iron ore again if it doesn't exist")
entities = inspect_entities(20)
if burner_drill_iron_position is None:
    for entity in entities:
        if entity['name'] == "burner-mining-drill" and 'resource_name' in entity and entity['resource_name'] == "iron-ore":
            burner_drill_iron_position = (entity['position'][0], entity['position'][1])
comment("Inspect entities and find coordinates for burner-mining-drill for iron ore")
entities = inspect_entities(20)
for entity in entities:
    if entity['name'] == "burner-mining-drill" and 'resource_name' in entity and entity['resource_name'] == "iron-ore":
        burner_drill_iron_position = (entity['position'][0], entity['position'][1])
        break
comment("Create a function to find coordinates for burner-mining-drill for iron ore")
def find_burner_drill_iron_position():
    entities = inspect_entities(20)
    for entity in entities:
        if entity['name'] == "burner-mining-drill" and 'resource_name' in entity and entity['resource_name'] == "iron-ore":
            return (entity['position'][0], entity['position'][1])
