[92mThere are 4.2k tree_01s scattered 23km northwest, 17km north-northwest, 16km north, 16km north-northeast, 21km northeast, 1km east-northeast, 3km west-northwest, 760 metres west, 32 metres east, 4km west-southwest, 720 metres east-southeast, 17km southeast, 17km southwest, 13km south-southwest, 13km south-southeast, and 11km south 
- 100x coal 10 metres northwest (-17, -14) x (-8, -5)
- 100x iron_ore 10 metres east-northeast (22, -14) x (31, -5)
- 100x stone 10 metres southwest (-17, 6) x (-8, 15)
- 100x copper_ore 10 metres east-southeast (22, 6) x (31, 15)
- 100x uranium_ore 30 metres southeast (22, 26) x (31, 35)
[96m# Lets start by checking my inventory.
[92m{'iron-chest': 1, 'transport-belt': 50, 'burner-mining-drill': 1, 'stone-furnace': 1, 'assembling-machine-1': 1, 'coal': 50, 'iron-plate': 50, 'copper-plate': 50}
[94m# First, set up mining drills for coal, iron_ore, stone, and copper_ore
coal_position = (-17, -14)
iron_ore_position = (22, -14)
stone_position = (-17, 6)
copper_ore_position = (22, 6)
[94mplace_entity("burner-mining-drill", direction=RIGHT, position=coal_position)
place_entity("burner-mining-drill", direction=LEFT, position=iron_ore_position)
place_entity("burner-mining-drill", direction=RIGHT, position=stone_position)
place_entity("burner-mining-drill", direction=LEFT, position=copper_ore_position)
[91mCould not place burner-mining-drill. No burner mining drill in inventory
[94m# Craft burner-mining-drills for coal, iron_ore, stone, and copper_ore
craft_item('burner-mining-drill', quantity=4)
[91mCould not craft a burner-mining-drill. Successfully crafted 1x but failed to craft 3x burner mining drill because missing ingredient stone
[94m# Mine stone to craft remaining burner-mining-drills
harvest_resource(stone_position, quantity=9)
[91mCould not harvest.. Nothing to here to harvest
[94m# My bad, I should have used the middle of the stone field coordinates
middle_stone_position = ((-8 + -17) // 2, (6 + 15) // 2)
harvest_resource(middle_stone_position, quantity=9)
[91mCould not harvest.. Nothing to here to harvest
[94m# I'll try a different approach, by moving to the stone_position first and then harvesting
move_to(stone_position)
harvest_resource(nearest("stone"), quantity=9)
[91mCould not harvest.. Nothing to here to harvest
[94m# Apologies, I need to make sure the stone_position is inside the stone field.
middle_stone_position = (-12, 10)
move_to(middle_stone_position)
harvest_resource(middle_stone_position, quantity=9)
[92mNone
True
[94m# Now, craft the remaining burner-mining-drills
craft_item('burner-mining-drill', quantity=3)
[92m1
[94m# Set up mining drills for coal, iron_ore, stone, and copper_ore
place_entity("burner-mining-drill", direction=RIGHT, position=coal_position)
place_entity("burner-mining-drill", direction=LEFT, position=iron_ore_position)
place_entity("burner-mining-drill", direction=RIGHT, position=stone_position)
place_entity("burner-mining-drill", direction=LEFT, position=copper_ore_position)
[91mCould not place burner-mining-drill. Cant build there due to existing burner mining drill at  5,  24 and the size of the entity is 1
[96m# My apologies. We need to make sure about the correct placement.
[94m# Proper position for mining drills
adjusted_coal_position = (-8, -9)
adjusted_iron_ore_position = (25, -9)
adjusted_stone_position = (-12, 11)
adjusted_copper_ore_position = (25, 11)
[94m# Set up mining drills for coal, iron_ore, stone, and copper_ore
place_entity("burner-mining-drill", direction=RIGHT, position=adjusted_coal_position)
place_entity("burner-mining-drill", direction=LEFT, position=adjusted_iron_ore_position)
place_entity("burner-mining-drill", direction=RIGHT, position=adjusted_stone_position)
place_entity("burner-mining-drill", direction=LEFT, position=adjusted_copper_ore_position)
[92mTrue
True
True
True
[94m# Great, now set up stone furnaces for iron_ore and copper_ore
iron_furnace_position = (28, -9)
copper_furnace_position = (28, 11)
place_entity("stone-furnace", position=iron_furnace_position)
place_entity("stone-furnace", position=copper_furnace_position)
[91mCould not place stone-furnace. No stone furnace in inventory
[94m# We need to craft stone furnaces
craft_item('stone-furnace', quantity=2)
[92m1
[94m# Place the crafted stone furnaces for iron_ore and copper_ore
place_entity("stone-furnace", position=iron_furnace_position)
place_entity("stone-furnace", position=copper_furnace_position)
[92mTrue
True
[96m# Now, insert coal into the mining drills and furnaces
[94m# First, extract necessary amount of coal
for i in range(6):
    extract_item('coal', source_position=adjusted_coal_position, quantity=1)
    wait_duration(1)
[91mCould not extract.. No item to extract
[94m# I apologize for that, I overlooked the need to fuel the coal mining drill.
# Insert coal into the coal mining drill
insert_item('coal', target_position=adjusted_coal_position, quantity=1)
[92mTrue
[94m# Now extract the necessary amount of coal for the mining drills and furnaces
for i in range(6):
    extract_item('coal', source_position=adjusted_coal_position, quantity=1)
    wait_duration(1)
[91mCould not extract.. No item to extract
[94m# Wait for the coal mining drill to produce more coal
wait_duration(5)
[92mWhile you wait, you look around. 
entities:
- direction: east
  position: !!python/tuple
  - -5
  - -24
  status: empty
  type: burner_mining_drill
- direction: north
  position: !!python/tuple
  - 40
  - -19
  status: empty
  type: stone_furnace
  warning: Lack of input material. Lack of fuel.
- direction: west
  position: !!python/tuple
  - 37
  - 1
  status: empty
  type: burner_mining_drill
- direction: west
  position: !!python/tuple
  - 37
  - -19
  status: empty
  type: burner_mining_drill
- direction: east
  position: !!python/tuple
  - 4
  - -19
  status: empty
  type: burner_mining_drill
- direction: east
  position: !!python/tuple
  - 0
  - 1
  status: empty
  type: burner_mining_drill
- direction: north
  position: !!python/tuple
  - 40
  - 1
  status: empty
  type: stone_furnace
  warning: Lack of input material. Lack of fuel.

[94m# Extract coal again
for i in range(6):
    extract_item('coal', source_position=adjusted_coal_position, quantity=1)
    wait_duration(1)
[91mCould not extract.. No item to extract
[94m# Wait for the coal mining drill to produce more coal
wait_duration(10)
[92mWhile you wait, you look around. 
entities:
- direction: east
  position: !!python/tuple
  - -5
  - -24
  status: empty
  type: burner_mining_drill
- direction: north
  position: !!python/tuple
  - 40
  - -19
  status: empty
  type: stone_furnace
  warning: Lack of input material. Lack of fuel.
- direction: west
  position: !!python/tuple
  - 37
  - 1
  status: empty
  type: burner_mining_drill
- direction: west
  position: !!python/tuple
  - 37
  - -19
  status: empty
  type: burner_mining_drill
- direction: east
  position: !!python/tuple
  - 4
  - -19
  status: empty
  type: burner_mining_drill
- direction: east
  position: !!python/tuple
  - 0
  - 1
  status: empty
  type: burner_mining_drill
- direction: north
  position: !!python/tuple
  - 40
  - 1
  status: empty
  type: stone_furnace
  warning: Lack of input material. Lack of fuel.

[94m# Let's check if there's enough coal now
extract_item('coal', source_position=adjusted_coal_position, quantity=1)
[91mCould not extract.. No item to extract
[94m# Wait even longer for the coal mining drill to produce more coal
wait_duration(20)
[92mWhile you wait, you look around. 
entities:
- direction: east
  position: !!python/tuple
  - -5
  - -24
  status: empty
  type: burner_mining_drill
- direction: north
  position: !!python/tuple
  - 40
  - -19
  status: empty
  type: stone_furnace
  warning: Lack of input material. Lack of fuel.
- direction: west
  position: !!python/tuple
  - 37
  - 1
  status: empty
  type: burner_mining_drill
- direction: west
  position: !!python/tuple
  - 37
  - -19
  status: empty
  type: burner_mining_drill
- direction: east
  position: !!python/tuple
  - 4
  - -19
  status: empty
  type: burner_mining_drill
- direction: east
  position: !!python/tuple
  - 0
  - 1
  status: empty
  type: burner_mining_drill
- direction: north
  position: !!python/tuple
  - 40
  - 1
  status: empty
  type: stone_furnace
  warning: Lack of input material. Lack of fuel.

[94m# Let's try extracting coal again
extract_item('coal', source_position=adjusted_coal_position, quantity=1)
[91mCould not extract.. No item to extract
[96m# I apologize for the confusion. It seems we are having trouble extracting coal.
# Let's move to the coal drill and manually fuel it with wood.
[94m# Move to the nearest tree to harvest wood
move_to(nearest('tree'))
harvest_resource(nearest('tree'), quantity=5)
[91mCould not harvest.. Nothing to here to harvest
[94m# It seems there are no trees nearby. Let's attempt to extract coal again.
wait_duration(30)
[92mWhile you wait, you look around. 
entities:
- direction: east
  position: !!python/tuple
  - 2
  - -66
  status: empty
  type: burner_mining_drill
- direction: north
  position: !!python/tuple
  - 47
  - -61
  status: empty
  type: stone_furnace
  warning: Lack of input material. Lack of fuel.
- direction: west
  position: !!python/tuple
  - 44
  - -41
  status: empty
  type: burner_mining_drill
- direction: west
  position: !!python/tuple
  - 44
  - -61
  status: empty
  type: burner_mining_drill
- direction: east
  position: !!python/tuple
  - 11
  - -61
  status: empty
  type: burner_mining_drill
- direction: east
  position: !!python/tuple
  - 7
  - -41
  status: empty
  type: burner_mining_drill
- direction: north
  position: !!python/tuple
  - 47
  - -41
  status: empty
  type: stone_furnace
  warning: Lack of input material. Lack of fuel.

[94m# Let's try extracting coal again
extract_item('coal', source_position=adjusted_coal_position, quantity=1)
[91mCould not extract.. Could not find a nearby entity to extract from
