# Check the natural resources and landscape around me
observe_nature()
# The closest resources are coal to the northwest and iron ore to the east-northeast
# Move to nearest coal resource and place a drill to extract coal
move_to(nearest('coal'))
place_entity('burner-drill', direction=DOWN, position=nearest('coal'))
# I made a mistake with the entity name, it should be "burner-mining-drill" instead of "burner-drill"
move_to(nearest('coal'))
place_entity('burner-mining-drill', direction=DOWN, position=nearest('coal'))
# I will move away from the coal resource before placing the burner-mining-drill
# First, I will need to find the location of the coal resource
coal_location = nearest('coal')
# Let's move 1 unit up from the coal_location to avoid the build error
move_up_location = (coal_location[0], coal_location[1] - 1)
move_to(move_up_location)
# Now that I have moved away from the coal resource, I can place the burner-mining-drill to extract coal
place_entity('burner-mining-drill', direction=DOWN, position=nearest('coal'))
# Now that the burner-mining-drill is placed, let's move to the nearest iron_ore resource and place another burner-mining-drill there
move_to(nearest('iron_ore'))
place_entity('burner-mining-drill', direction=DOWN, position=nearest('iron_ore'))
# Check the inventory to see if there are resources to craft more burner-mining-drills
inventory_items = check_inventory()
# Seeing as there might not be any burner-mining-drills in the inventory, I will craft one assuming there are enough resources
craft_item('burner-mining-drill', quantity=1)
# Now that we have crafted another burner-mining-drill, let's try placing it near the iron_ore resource again
move_to(nearest('iron_ore'))
place_entity('burner-mining-drill', direction=DOWN, position=nearest('iron_ore'))
# To avoid building error, I will move 1 unit to the left of the iron_ore resource before trying to place the burner-mining-drill again
iron_location = nearest('iron_ore')
move_left_location = (iron_location[0] - 1, iron_location[1])
move_to(move_left_location)
# Now that we have moved 1 unit to the left of the iron_ore resource, let's try placing the burner-mining-drill again
place_entity('burner-mining-drill', direction=DOWN, position=nearest('iron_ore'))
# Great, now let's collect some coal to fuel the burner-mining-drills we've placed
move_to(nearest('coal'))
harvest_resource(nearest('coal'), quantity=10)
# Now that we have collected coal, let's fuel the burner-mining-drills we've placed
drills_positions = [nearest('iron_ore'), coal_location]
inventory_items = check_inventory()
coal_quantity = inventory_items['coal']
for drill_position in drills_positions:
    if coal_quantity > 0:
        insert_item('coal', target_position=drill_position, quantity=1)
        coal_quantity -= 1
# My apologies, let's try to find the exact position of each burner-mining-drill and insert coal into them
iron_drill_position = (iron_location[0], iron_location[1] - 1)
coal_drill_position = (coal_location[0], coal_location[1] + 1)
# Now that we have the exact positions, let's fuel the burner-mining-drills with coal
drills_positions = [iron_drill_position, coal_drill_position]
inventory_items = check_inventory()
coal_quantity = inventory_items['coal']
for drill_position in drills_positions:
    if coal_quantity > 0:
        insert_item('coal', target_position=drill_position, quantity=1)
        coal_quantity -= 1
# My apologies again, let's move close to the burner-mining-drills before trying to insert coal
move_to(iron_drill_position)
insert_item('coal', target_position=iron_drill_position, quantity=1)
# I apologize for the oversight; let's try moving directly onto the iron_drill_position and then attempt to insert coal
move_to((iron_drill_position[0], iron_drill_position[1] + 1))
insert_item('coal', target_position=iron_drill_position, quantity=1)
# I apologize for the confusion. Let's place a burner-mining-drill on iron ore with the correct position and then insert coal
place_entity('burner-mining-drill', direction=LEFT, position=iron_location)
move_to((iron_location[0], iron_location[1] - 1))
insert_item('coal', target_position=iron_location, quantity=1)
# I see that I lack a burner-mining-drill in my inventory. Let's craft one and repeat the process
inventory_items = check_inventory()
if 'stone' in inventory_items and inventory_items['stone'] >= 5 and 'iron_gear_wheel' in inventory_items and inventory_items['iron_gear_wheel'] >= 3:
    craft_item('burner-mining-drill', quantity=1)
else:
    print("Insufficient resources to craft burner-mining-drill")
# Now let's place the burner-mining-drill on iron ore and insert coal into it
place_entity('burner-mining-drill', direction=LEFT, position=iron_location)
move_to((iron_location[0], iron_location[1] - 1))
insert_item('coal', target_position=iron_location, quantity=1)
# It seems we have encountered another error. Let's assess the situation and adjust our approach accordingly
observe_nature()
check_inventory()
inspect_radius(20)
# It appears our crafted burner-mining-drill could not be placed due to an inventory error. Let's check our inventory again
inventory_items = check_inventory()
print(inventory_items)
# I apologize for not being able to see the inventory. Let's craft another burner-mining-drill and place it on iron ore
craft_item('burner-mining-drill', quantity=1)
place_entity('burner-mining-drill', direction=LEFT, position=iron_location)
move_to((iron_location[0], iron_location[1] - 1))
insert_item('coal', target_position=iron_location, quantity=1)
# It seems that we do not have the necessary stone to craft the burner-mining-drill. Let's harvest some stone
stone_location = nearest('stone')
move_to(stone_location)
harvest_resource(stone_location, quantity=10)
# It seems we are unable to harvest stone directly, so let's craft another burner-mining-drill using the additional iron plate in inventory
if 'iron_plate' in inventory_items and inventory_items['iron_plate'] >= 9 and 'iron_gear_wheel' in inventory_items and inventory_items['iron_gear_wheel'] >= 5:
    craft_item('burner-mining-drill', quantity=1)
else:
    print("Insufficient resources to craft burner-mining-drill")
# It seems we are unable to craft a burner-mining-drill due to insufficient resources. Let's try to collect more iron plates to craft iron-gear-wheels.
iron_location = nearest('iron_ore')
move_to(iron_location)
harvest_resource(iron_location, quantity=10)
# Let's try placing the assembling-machine-1 and produce iron-gear-wheels
iron_location = nearest('iron_ore')
move_to((iron_location[0], iron_location[1] - 1))
place_entity('assembling-machine-1', direction=UP, position=(iron_location[0], iron_location[1] - 2))
set_entity_recipe((iron_location[0], iron_location[1] - 2), recipe='iron-gear-wheel')
# We couldn't set the recipe of the current assembling machine. Let's create a new crafting station
move_to((iron_location[0] + 3, iron_location[1]))
place_entity('assembling-machine-1', direction=UP, position=(iron_location[0] + 3, iron_location[1] - 1))
set_entity_recipe((iron_location[0] + 3, iron_location[1] - 1), recipe='iron-gear-wheel')
# We need to craft an assembling-machine-1
if 'iron_plate' in inventory_items and inventory_items['iron_plate'] >= 9 and 'iron_gear_wheel' in inventory_items and inventory_items['iron_gear_wheel'] >= 3:
    craft_item('assembling-machine-1', quantity=1)
else:
    print("Insufficient resources to craft assembling-machine-1")
# Let's try placing the assembling-machine-1 and producing iron-gear-wheels again
if 'assembling-machine-1' in inventory_items and inventory_items['assembling-machine-1'] > 0:
    move_to((iron_location[0] + 3, iron_location[1]))
    place_entity('assembling-machine-1', direction=UP, position=(iron_location[0] + 3, iron_location[1] - 1))
    set_entity_recipe((iron_location[0] + 3, iron_location[1] - 1), recipe='iron-gear-wheel')
else:
    print("No assembling-machine-1 in inventory")
# It seems we still lack sufficient resources to create and place an assembling-machine-1. Let's check our inventory first
inventory_items = check_inventory()
print(inventory_items)
# It appears that the inventory check was unsuccessful. Let's try harvesting more resources from the environment.
# Observe surrounding natural resources to find iron and coal
nature_description = observe_nature()
# Let's move to the nearest iron and coal resource
iron_location = nearest('iron_ore'),
move_to(iron_location)
coal_location = nearest('coal')
move_to(coal_location)
# Since the evaluation timed out, let's try moving to the nearest resources using their actual coordinates
iron_location = (5, 5)  # Replace with actual coordinates from observing nature
coal_location = (10, 2)  # Replace with actual coordinates from observing nature
move_to(iron_location)
move_to(coal_location)
# Now that we're at the resources location, let's harvest iron and coal
harvest_resource(iron_location, quantity=50)
harvest_resource(coal_location, quantity=20)
# It seems we are unable to harvest the resources directly. Let's place burner-mining-drills on the iron and coal resources and ensure they have fuel.
# Check if we have burner-mining-drills in our inventory
inventory_items = check_inventory()
count_drills = inventory_items.get('burner-mining-drill', 0)
# If there's at least one burner-mining-drill available, place it on the iron and coal resources
if count_drills > 0:
    place_entity('burner-mining-drill', direction=LEFT, position=iron_location)
    place_entity('burner-mining-drill', direction=LEFT, position=coal_location)
# Now let's fuel the drills with coal and mine some resources
if inventory_items.get('coal', 0) > 0:
    insert_item('coal', target_position=iron_location, quantity=5)
    insert_item('coal', target_position=coal_location, quantity=5)
    for i in range(5):
        extract_item('iron_ore', source_position=iron_location, quantity=1)
        extract_item('coal', source_position=coal_location, quantity=1)
# It appears we're having trouble inserting coal into the burners. Let's adjust their positions and try again.
adjusted_iron_location = (5, 6)  # Replace with their actual position, one tile away from resource
adjusted_coal_location = (10, 3)  # Replace with their actual position, one tile away from resource
place_entity('burner-mining-drill', direction=LEFT, position=adjusted_iron_location)
place_entity('burner-mining-drill', direction=LEFT, position=adjusted_coal_location)
# It seems we have no burner-mining-drills in our inventory. Let's craft them and try placing them again.
# Craft burner-mining-drills
craft_item('burner-mining-drill', quantity=2)
# It seems we lack the required resources to craft burner-mining-drills. Let's find the nearest stone resource and mine some stone.
# Find the nearest stone resource and move to its location
stone_location = nearest('stone')
move_to(stone_location)
# Now that we're at the stone resource location, let's mine some stone.
harvest_resource(stone_location, quantity=20)
# We cannot harvest the resource directly. Let's place a burner-mining-drill to mine the stone.
# Check if we have a burner-mining-drill in inventory
count_drills = check_inventory()['burner-mining-drill']
# If we have a drill, place it near the stone resource
if count_drills > 0:
    adjusted_stone_location = (stone_location[0] + 1, stone_location[1])
    place_entity('burner-mining-drill', direction=LEFT, position=adjusted_stone_location)
    move_to(adjusted_stone_location)
# Check to see if the drill is working
check_drill_location = inspect_radius(5)
Line 1: None
In reply to: check_drill_location
Error: ('Could not inspect a radius of 5', 'No entity is in the inspection area')
# My apologies. The previous response contained errors. Let me fix that for you.
# Check if we have a burner-mining-drill in inventory
count_drills = check_inventory()['burner-mining-drill']
