[92mThere are 4.2k tree_01s scattered 23km northwest, 17km north-northwest, 16km north, 16km north-northeast, 21km northeast, 1km east-northeast, 3km west-northwest, 760 metres west, 32 metres east, 4km west-southwest, 720 metres east-southeast, 17km southeast, 17km southwest, 13km south-southwest, 13km south-southeast, and 11km south 
- 100x coal 10 metres northwest (-17, -14) x (-8, -5)
- 100x iron_ore 10 metres east-northeast (22, -14) x (31, -5)
- 100x stone 10 metres southwest (-17, 6) x (-8, 15)
- 100x copper_ore 10 metres east-southeast (22, 6) x (31, 15)
- 100x uranium_ore 30 metres southeast (22, 26) x (31, 35)
[96m# Lets start by checking my inventory.
[92m{'iron-chest': 1, 'transport-belt': 50, 'burner-mining-drill': 1, 'stone-furnace': 1, 'assembling-machine-1': 1, 'coal': 50, 'iron-plate': 50, 'copper-plate': 50}
[96m# Now, let's set up a basic mining and smelting setup for coal, iron, stone, and copper
# Starting with coal
[94mcoal_position = nearest('coal')
place_entity('burner-mining-drill', direction=RIGHT, position=coal_position)
place_entity('stone-furnace', position=(coal_position[0] + 2, coal_position[1]))
insert_item('coal', target_position=(coal_position[0] + 2, coal_position[1]), quantity=5)
wait_duration(10)
[91mCould not insert.. Could not find a nearby entity to insert into
[96m# My apologies, seems like I made a mistake placing the stone furnace. Let's place an iron chest instead.
[94mcoal_position = nearest('coal')
place_entity('burner-mining-drill', direction=RIGHT, position=coal_position)
place_entity('iron-chest', position=(coal_position[0] + 2, coal_position[1]))
insert_item('coal', target_position=(coal_position[0] + 2, coal_position[1]), quantity=5)
wait_duration(10)
[91mCould not place burner-mining-drill. No burner mining drill in inventory
