[94mcomment("Inspect natural resources around")
resources = inspect_resources()
print(resources)
[92m1: 
2: 
3: 
Score: 0
[94mcomment("Locate the nearest 'coal' resource")
coal_position = nearest('coal')
print(coal_position)
[92m1: 
2: 
3: 
Score: 0
[94mcomment("Move to the coal position and place a burner-mining-drill directed to the left")
move_to(coal_position)
place_entity('burner-mining-drill', direction=LEFT, position=(coal_position[0]-2, coal_position[1]))
[92m1: 
2: 
3: Error: Could not place burner-mining-drill.  No burner mining drill in inventory.
Score: 0
[94mcomment("Check the inventory for available items")
inventory = inspect_inventory()
print(inventory)
[92m1: 
2: 
3: 
Score: 0
[94mcomment("Craft a burner-mining-drill")
craft_item('burner-mining-drill', quantity=1)
[92m1: 
2: 
Score: 0
[94mcomment("Place the crafted burner-mining-drill at the coal position")
move_to(coal_position)
place_entity('burner-mining-drill', direction=LEFT, position=(coal_position[0]-2, coal_position[1]))
[92m1: 
2: 
3: (-10, -5)
Score: 0
[94mcomment("Locate the nearest wood resource")
wood_position = nearest('wood')
print(wood_position)
[92m1: 
2: Error: No wood found on the map
Score: 0
[94mcomment("Locate the nearest tree resource")
tree_position = nearest('tree')
print(tree_position)
[92m1: 
2: 
3: 
Score: 0
[94mcomment("Move to the tree and harvest 5 wood")
move_to(tree_position)
harvest_resource(tree_position, quantity=5)
inventory = inspect_inventory()
print(inventory)
[92m1: 
2: 
3: Error: Could not harvest.. "global.actions.harvest resource = function(pl..."]:54: Could only harvest 0 at position (-11, -55)
Score: 0
[94mcomment("Find another tree and try harvesting wood again")
tree_position = nearest('tree', exclude=tree_position)
move_to(tree_position)
harvest_resource(tree_position, quantity=5)
inventory = inspect_inventory()
print(inventory)
[92m1: 
2: 
3: 
4: 
5: 
6: 
Score: 0
[94mcomment("I will now set up a basic power generating system using coal-fired boilers and steam engines.")
[92m1: 
Score: 0
[94mcomment("Locate the nearest coal resource")
coal_position = nearest('coal')
print(coal_position)
[92m1: 
2: 
3: 
Score: 0
[94mcomment("Move to the coal resource and place a burner-mining-drill facing down")
move_to(coal_position)
burner_drill_position = place_entity('burner-mining-drill', direction=DOWN, position=(coal_position[0], coal_position[1]))
print(burner_drill_position)
[92m1: 
2: 
3: Error: Could not place burner-mining-drill.  No burner mining drill in inventory.
Score: 0
[94mcomment("Craft 1 burner-mining-drill and place it on the coal resource")
craft_item('burner-mining-drill', quantity=1)
move_to(coal_position)
burner_drill_position = place_entity('burner-mining-drill', direction=DOWN, position=(coal_position[0], coal_position[1]))
print(burner_drill_position)
[92m1: 
2: Error: Could not craft a burner-mining-drill. "global.actions.craft item = function(player i..."]:72: Failed to craft 1x burner-mining-drill because missing ingredient stone
Score: 0
[94mcomment("Find nearest stone resource and mine 5 stones")
stone_position = nearest('stone')
move_to(stone_position)
harvest_resource(stone_position, quantity=5)
[92m1: 
2: 
3: 
4: 
Score: 12
[94mcomment("Craft 1 burner-mining-drill and place it on the coal resource now that we have enough stones")
craft_item('burner-mining-drill', quantity=1)
move_to(coal_position)
burner_drill_position = place_entity('burner-mining-drill', direction=DOWN, position=(coal_position[0], coal_position[1]))
print(burner_drill_position)
[92m1: 
2: 
3: 
4: 
5: 
Score: 12
[94mcomment("Pick up 2 coals to fuel the burner-mining-drill")
harvest_resource(coal_position, quantity=2)
[92m1: 
2: 
Score: 18
[94mcomment("Insert 1 coal into the burner-mining-drill")
insert_item('coal', target_position=burner_drill_position, quantity=1)
[92m1: 
2: 
Score: 15
[94mcomment("Find nearest iron resource and mine 15 iron")
iron_position = nearest('iron')
move_to(iron_position)
harvest_resource(iron_position, quantity=15)
[92m1: 
2: 
3: 
4: Error: Could not harvest.. "global.actions.harvest resource = function(pl..."]:54: Could only harvest 6 at position (22, -14)
Score: 39
[94mcomment("Craft a stone furnace and place it near iron resource to process the smelting")
craft_item('stone-furnace', quantity=1)
stone_furnace_position = place_entity('stone-furnace', direction=LEFT, position=(iron_position[0] - 2, iron_position[1]))
[92m1: 
2: Error: Could not craft a stone-furnace. "global.actions.craft item = function(player i..."]:72: Failed to craft 1x stone-furnace because missing ingredient stone
Score: 39
[94mcomment("Find nearest stone resource and mine 10 stones")
stone_position = nearest('stone')
move_to(stone_position)
harvest_resource(stone_position, quantity=10)
[92m1: 
2: 
3: 
4: Error: Could not harvest.. "global.actions.harvest resource = function(pl..."]:54: Could only harvest 9 at position (-8, 6)
Score: 61
[94mcomment("Craft a stone furnace with the harvested stone")
craft_item('stone-furnace', quantity=1)

comment("Place stone furnace near the iron resource to process the smelting")
stone_furnace_position = place_entity('stone-furnace', direction=LEFT, position=(iron_position[0] - 2, iron_position[1]))
[92m1: 
2: 
3: 
4: 
Score: 61
[94mcomment("Place a burner-mining-drill next to the stone furnace to extract from the iron resource and insert into the furnace")
burner_drill_position = place_entity_next_to("burner-mining-drill", reference_position=stone_furnace_position, direction=LEFT, gap=1)
[92m1: 
2: 
Score: 61
[94mcomment("Connect the burner-mining-drill's output to the stone-furnace's input using an inserter")
connect_entities(source_position=(burner_drill_position[0]-1, burner_drill_position[1]), target_position=stone_furnace_position, connection_type='inserter')

[92mError: Evaluation timed out
[94mcomment("Connect the burner-mining-drill's output to the stone-furnace's input using an inserter")
connect_entities(source_position=(burner_drill_position[0]-1, burner_drill_position[1]), target_position=stone_furnace_position, connection_type='inserter')
[92mError: Evaluation timed out
[94mcomment("Retry connecting the burner-mining-drill's output to the stone-furnace's input using an inserter")
connect_entities(source_position=(burner_drill_position[0]-1, burner_drill_position[1]), target_position=stone_furnace_position, connection_type='inserter')
[92mError: Evaluation timed out
[94mcomment("Assuming the inserter connection was successful, let's build a basic power setup.")
[92m1: 
Score: 61
[94mcomment("Find the nearest water source")
water_position = nearest('water')
[92m1: 
2: 
Score: 61
[94mcomment("Move to the water source and place an offshore pump")
move_to(water_position)
offshore_pump_position = place_entity("offshore-pump", direction=UP, position=(water_position[0], water_position[1]))
[92m1: 
2: 
3: Error: Could not place offshore-pump.  No offshore pump in inventory.
Score: 61
[94mcomment("Craft an offshore pump")
craft_item("offshore-pump", quantity=1)
[92m1: 
2: 
Score: 61
[94mcomment("Place the crafted offshore pump near water")
move_to(water_position)
offshore_pump_position = place_entity("offshore-pump", direction=UP, position=(water_position[0], water_position[1]))
[92m1: 
2: 
3: Error: Could not place offshore-pump.  Maybe inspect your surroundings before placing
Score: 61
[94mcomment("Inspect surroundings near water source")
water_surroundings = inspect_resources()
water_surroundings
[92m1: 
2: 
3: {'water': {'size': 900, 'direction': {'offset': 42, 'named_direction': 'north', 'min_coordinates': (-18, -50), 'max_coordinates': (31, -33)}}, 'coal': {'size': 100, 'direction': {'offset': 10, 'named_direction': 'northwest', 'min_coordinates': (-17, -14), 'max_coordinates': (-8, -5)}}, 'iron_ore': {'size': 99, 'direction': {'offset': 10, 'named_direction': 'east-northeast', 'min_coordinates': (22, -14), 'max_coordinates': (31, -5)}}, 'stone': {'size': 100, 'direction': {'offset': 10, 'named_direction': 'southwest', 'min_coordinates': (-17, 6), 'max_coordinates': (-8, 15)}}, 'copper_ore': {'size': 100, 'direction': {'offset': 10, 'named_direction': 'east-southeast', 'min_coordinates': (22, 6), 'max_coordinates': (31, 15)}}, 'uranium_ore': {'size': 100, 'direction': {'offset': 30, 'named_direction': 'southeast', 'min_coordinates': (22, 26), 'max_coordinates': (31, 35)}}, 'item_on_ground': {'size': 4, 'directions': [{'distance': 15, 'unit': 'metres', 'direction': 'northeast'}, {'distance': 6, 'unit': 'metres', 'direction': 'northwest'}, {'distance': 4, 'unit': 'metres', 'direction': 'east'}, {'distance': 5, 'unit': 'metres', 'direction': 'southwest'}], 'scattered': True}}
Score: 61
[94mcomment("Find a suitable position near the water source to place offshore pump")
suitable_position = (water_position[0] + 2, water_position[1])
[92m1: 
2: 
Score: 61
[94mcomment("Place the offshore pump at the suitable position")
move_to(suitable_position)
offshore_pump_position = place_entity("offshore-pump", direction=UP, position=(suitable_position[0], suitable_position[1]))
[92m1: 
2: 
3: Error: Could not place offshore-pump.  Maybe inspect your surroundings before placing
Score: 61
[94mcomment("Inspect nearby entities before placing offshore pump")
nearby_entities = inspect_entities(5)
nearby_entities
[92m1: 
2: 
3: [{'type': 'player_character', 'direction': 'north', 'position': (-3.8046875, -33), 'warning': '.', 'status': 'empty'}, {'type': 'burner_mining_drill', 'direction': 'east', 'position': (18, -14), 'warning': '..', 'status': 'empty'}, {'type': 'stone_furnace', 'direction': 'north', 'position': (20, -14), 'warning': '.. Lack. Lack. fuel.', 'status': 'empty'}, {'type': 'burner_mining_drill', 'direction': 'west', 'position': (-10, -5), 'warning': '..', 'status': 'empty'}, {'type': 'burner_mining_drill', 'direction': 'south', 'position': (-17, -14), 'warning': '..', 'status': 'empty'}, {'type': 'burner_mining_drill', 'direction': 'south', 'position': (24, -5), 'warning': '.. The. ..', 'status': 'empty'}]
Score: 61
[94mcomment("Move closer to the water and try placing the offshore pump again")
closer_position = (suitable_position[0], suitable_position[1] - 1)
move_to(closer_position)
offshore_pump_position = place_entity("offshore-pump", direction=UP, position=(closer_position[0], closer_position[1]))
[92m1: 
2: 
3: 
4: Error: Could not place offshore-pump.  Maybe inspect your surroundings before placing
Score: 61
