comment("Start by inspecting the resources and landscape")
inspect_resources()
comment("Next, let's inspect the entities around us")
inspect_entities(20)
comment("It seems that there's a burner-mining-drill near us that's run out of fuel and has no space to output. Let's go check it out and fix the issue.")
move_to((-5, -7))
entity_list = inspect_entities(3)
for entity in entity_list:
    if entity['name'] == 'burner-mining-drill' and entity['position'] == (-5, -7):
        insert_item('coal', target_position=entity['position'], quantity=1)
        break
comment("We have now refueled the burner-mining-drill. Let's also clear up space to allow for it to output.")
direction = RIGHT
for i in range(4):
    position = (entity['position'][0]+i, entity['position'][1])
    if set(['transport-belt', 'underground-belt']).intersection(set([e['name'] for e in inspect_entities(0, position)])):
        direction =
comment("First, let's define the position of the malfunctioning burner-mining-drill")
burner_drill_position = (-5, -7)
ore = (-8, -5)
burner_drill_position = (-5, -7)
burner_drill_position = (-5, -7)
comment("Let's move to the position of the burner drill and refuel it")
move_to(burner_drill_position)
insert_item('coal', target_position=nearest('burner-mining-drill'), quantity=1)
comment("Ok, now let's refuel the burner-mining-drill with coal from our inventory.") 
inventory = inspect_inventory()
if inventory["coal"] > 0:
    insert_item("coal", target_position=burner_drill_position, quantity=1)
    comment("Successfully inserted 1 coal into the burner-mining-drill")
else:
    comment("No coal in inventory to refuel the burner-mining-drill")
comment("It looks like the burner mining drill is full of resources. Let's check our inventory to see if we have any free space.") 
inventory = inspect_inventory()
if inventory['iron-chest'] > 0:
    comment("We have at least a free iron chest to store the resources. Let's insert the extracted resources into our inventory starting by the coal.")
comment("Our inventory is currently full. We will need to make space by crafting more iron chests to store our resources.") 
comment("Let's craft 2 more iron chests and then move them to our inventory.")  
craft_item('iron-chest', quantity=2)
comment("We still can't place the items we just crafted in our inventory. We need to create space in our inventory by moving some items to the iron chests.")
chest_position = nearest('iron-chest')
move_to(chest_position)
for item, quantity in inventory.items():
    if item != 'iron-chest' and quantity > 0:
        insert_item(item, target_position=chest_position, quantity=quantity)
        inventory[item] = 0
move_to((0, 0)) # moving back to the center of the map.
comment("It seems we don't have any iron chests in our inventory or on the map. We need to craft a few more iron chests and then try again.") 
craft_item('iron-chest', quantity=5)
comment("We ran out of iron ore. Let's check our inventory and map for more resources.") 
inspect_inventory()
inspect_resources()
comment("It seems we have some iron ore nearby. Let's go there and mine some ore.") 
ore = nearest('iron-ore')
move_to(ore)
ore_position = nearest('iron-ore')
move_to(ore_position)
entity_position = place_entity('burner-mining-drill', direction=LEFT, exact=False, position=ore_position)
comment("Oops, we don't have enough resources to create a burner mining drill.")
comment("It seems the mining drill we placed earlier is not working because there is no space to output the resources it is mining.") 
inspect_entities(5)
comment("Let's clear some space by removing the trees and rocks around the mining drill.")
entities = inspect_entities(5)
for entity in entities:
    if entity['type'] in ['tree', 'rock']:
        move_to(entity['position'])
        harvest_resource(entity['position'], quantity=1)
        comment(f"Harvested {entity['type']} at {entity['position']}.")
    elif entity['type'] == 'iron-ore':
        move_to(entity['position'])
        harvest_resource(entity['position'], quantity=5)
        comment(f"Harvested 5 {entity['type']} at {entity['position']}.")
comment("Let's clear some space by removing the trees and rocks around the mining drill.")  
entities = inspect_entities(5)
comment("First, let's check our resources, and craft a couple of burner mining drills to increase our resources collection efficiency.") 
