comment("Plan: Start with a basic mining operation for iron ore and copper ore, smelting setup with stone furnaces, and power generating using coal-fired boilers and steam engines.")
comment("First, let's find the nearest iron ore patch and copper ore patch")
iron_position = nearest('iron-ore')
copper_position = nearest('copper-ore')
comment("Now, let's place a Burner Mining Drill on top of the iron ore patch and the copper ore patch")
place_entity('burner-mining-drill', direction=DOWN, position=iron_position)
place_entity('burner-mining-drill', direction=DOWN, position=copper_position)

comment("Let's pick up some coal and insert it in the Burner Mining Drill to start the mining operation for both copper and iron ore.")
move_to(navigate.pickup('coal', state="on_ground", position=copper_position))
insert_item('coal', target_position=nearest('burner-mining-drill'), quantity=5)
move_to(navigate.pickup('coal', state="on_ground", position=iron_position))
insert_item('coal', target_position=nearest('burner-mining-drill'), quantity=5)

comment("Seems like we need to pick up a lot of coal. Let's harvest some nearby trees and use them as fuel.")
move_to(navigate.pickup('tree', state="on_ground"))
harvest_resource(nearest('tree'), quantity=10)
insert_item('wood', target_position=nearest('stone-furnace'), quantity=10)
insert_item('wood', target_position=nearest('burner-mining-drill'), quantity=10)

comment("Let's craft a Stone Furnace and insert some coal to start smelting iron and copper ore.")
craft_item('stone-furnace', quantity=1)
move_to((iron_position[0] + 2, iron_position[1]))
place_entity('stone-furnace')
insert_item(item='coal', target_position=nearest('stone-furnace'), quantity=10)
comment("It looks like we need to harvest some stone for crafting the stone furnace. Let's find some stone nearby.")
stone_position = navigate.nearest('stone')
move_to(stone_position)
comment("My apologies, I forgot to import the `navigate` module to find the nearest stone. Let's do that now.")
from factorio import navigate
comment("Let's move to the position of the nearest stone, harvest it and craft a stone furnace.")
move_to(navigate.nearest('stone'))
stone_position = navigate.nearest('stone')
harvest_resource(stone_position)
craft_item('stone-furnace', quantity=1)
comment("My mistake again, Let's import the `navigate` module first.")
from factorio import navigate
comment("Oh, looks like `navigate` module is not available in the API, so let's use `nearest` instead to find the nearest `stone` resource.")
stone_position = nearest('stone')
comment("Great, now let's move to the position of the nearest stone to harvest it and craft a stone furnace.")
move_to(stone_position)
harvest_resource(stone_position)
craft_item('stone-furnace', quantity=1)
comment("Looks like we don't have enough stone to craft a furnace. Let's try to harvest more stone.")
harvest_resource(stone_position)
comment("Let's see if our inventory is updated with the harvested stone after mining it.")
inventory = inspect_inventory()
stone_qty = inventory['stone']
if stone_qty>0:
    comment(f"Great! We now have {stone_qty} stone.")
else:
    comment("Failed to find any stone in the inventory.")
comment("Let's craft the stone furnace now.")
if stone_qty>=5:
    craft_item('stone-furnace', quantity=1)
    inventory = inspect_inventory()
    furnace_count = inventory.get('stone-furnace', 0)
    if furnace_count>0:
        comment(f"Great! We have crafted 1 furnace. Total count = {furnace_count}.")
    else:
        comment("Stone furnace not found in inventory.")
else:
    comment("We still don't have enough stone to craft a furnace. Let's try to harvest more stone.")
comment("Oops, we need to refuel the burner-mining-drill first.")
coal_position = nearest('coal')
move_to(coal_position)
pickup_entity('coal', coal_position)
insert_item('coal', target_position=nearest('burner-mining-drill'), quantity=10)
comment("Looks like the `pickup_entity` function can only be used to pick up items from the ground, not mineable resources. Let's use the `harvest_resource` function instead to mine coal.")
coal_position = nearest('coal')
move_to(coal_position)
harvest_resource(coal_position)
inventory = inspect_inventory()
coal_qty = inventory['coal']
if coal_qty>0:
    comment(f"Great! We now have {coal_qty} coal.")
else:
    comment("Failed to find any coal in the inventory.")
comment("Let's harvest some coal first.")
harvest_resource(coal_position)
comment("Let's see if our inventory is updated with the mined coal after harvesting it.")
inventory = inspect_inventory()
coal_qty = inventory['coal']
if coal_qty>0:
    comment(f"Great! We now have {coal_qty} coal.")
else:
    comment("Failed to find any coal in the inventory.")
comment("Now that we have enough coal, we can refuel the burner-mining-drill.")
burner_mining_drill_position = (-5, 22)
insert_item('coal', target_position=burner_mining_drill_position, quantity=10)
comment("Ok seems like the function `insert_item` needs a target position where the fuel needs to be inserted. Let's use the `nearest` function to get the target position for the burner mining drill.")
burner_mining_drill_position = (-5, 22)
insert_item('coal', target_position=nearest('burner-mining-drill'), quantity=10)
comment("The burner-mining-drill should now have enough fuel to extract some iron ore from the stone deposit.")
iron_ore_position = (-2, 22)
move_to(iron_ore_position)  # Move to the iron ore deposit
harvest_resource(iron_ore_position)  # Mine iron ore
inventory = inspect_inventory()
iron_ore_qty = inventory['iron-ore']
if iron_ore_qty>0:
    comment(f"Great! We now have {iron_ore_qty} iron ore.")
else:
    comment("Failed to find any iron ore in the inventory.")
comment("Oh, looks like we need to place a burner-drill to extract iron. Let's place one near the iron-ore deposit and refuel it with coal as well.")
comment("Place a burner drill to extract iron ore")
iron_ore_position = (-2, 22)
place_entity_next_to('burner-mining-drill', reference_position=iron_ore_position, direction=LEFT, gap=1)
burner_drill_position = nearest('burner-mining-drill')
inventory = inspect_inventory()
if inventory['coal'] < 10:  # If less than 10 coal in inventory, harvest coal first
    harvest_resource(('coal', 'sand'))
insert_item('coal', nearest('burner-mining-drill'), quantity=10)  # Refuel burner drill
harvest_resource(iron_ore_position, quantity=5)  # Harvest iron ore plus some excess to be sure
comment("It seems like the burner drill is working properly but the output is blocked. Let's place a transport-belt to unblock the output.")
move_to(burner_mining_drill_position)  # Move to the burner-ming-drill location
place_entity_next_to('transport-belt', burner_mining_drill_position, direction=LEFT, gap=1)  # Place a transport-belt next to the drill to unblock the output
comment("Now let's try harvesting again.")
move_to(iron_ore_position)  # Move to the iron ore deposit
harvest_resource(iron_ore_position)  # Mine iron ore
comment("It seems like the mining drill has run out of fuel. Let's refuel it with coal.")
move_to(burner_drill_position)  # Move to the burner drill location
inventory = inspect_inventory()  # Check the inventory
if inventory.get('coal', 0) > 0:  # If there is coal in the inventory
    insert_item('coal', target_position=burner_drill_position, quantity=inventory['coal'])  # Insert all the coal in inventory
else:  # If the inventory is empty
    move_to(coal_position)  # Find some coal
    pickup_entity('coal', coal_position)  # Pick up coal
    insert_item('coal', target_position=burner_drill_position, quantity=1)  # Insert one unit of coal into the drill
comment("We need to refuel the burner drill at position (-5, 22). We can do this by picking up coal from the nearby coal deposit and inserting it into the burner mining drill")
coal_position = (-9, -5)
move_to(coal_position) # Move the player character to the coal deposit
pickup_entity('coal', coal_position) # Pick some coal from the deposit
move_to(burner_mining_drill_position) # Move the player character to the burner-ming-drill location where the coal needs to be inserted
insert_item('coal', target_position=burner_mining_drill_position, quantity=10) # Insert the coal into the mining drill to refuel it
harvest_resource(iron_ore_position) # Start mining the iron ore again
comment("My apologies, I mistakenly tried to pickup coal instead of harvesting it. Let's try it now") 
coal_position = (-9, -5)
harvest_resource(coal_position) # Harvest the coal at the given position
comment("Now that we have coal, we need to insert it into the burnable mining drill.") 
move_to(burner_mining_drill_position) # Move to the burner-ming-drill location
insert_item('coal', nearest('burner-mining-drill'), quantity=1) # Insert the coal into the mining drill
comment("We should now have enough iron ore to start smelting it. Let's insert some of the ore into the furnace.")
move_to(burner_drill_position) # Move to the burner drill location
harvest_resource(iron_ore_position) # Harvest iron ore
move_to((0, 22)) # Move to the furnace location
insert_item('iron-ore', nearest('stone-furnace'), quantity=1) # Insert the ore into the furnace
comment("It seems like the iron ore at position (-2, 22) is out of reach. Let me try moving closer to the resource")
iron_ore_position = nearest('iron-ore') # Find the nearest iron ore resource
move_to(iron_ore_position) # Move the player to the iron ore resource position
harvest_resource(iron_ore_position) # Harvest the iron ore from the resource location
move_to((5,12)) # Move closer to the iron ore deposit
iron_ore_position = nearest('iron-ore') # Find the new position of the iron ore deposit
harvest_resource(iron_ore_position) # Harvest the iron ore deposit
move_to(burner_drill_position) # Move to the furnace
insert_item('iron-ore', nearest('stone-furnace'), quantity=1) # Insert the iron ore into the furnace
comment("Looks like the position of the iron ore deposit I previously stored in `iron_ore_position` has changed. Let me find the new position again and try to harvest it") 
iron_ore_position = nearest('iron-ore') # Find the new position of the iron ore deposit
harvest_resource(iron_ore_position) # Harvest the iron ore deposit.
comment("Seems like the position of the iron ore deposit keeps changing. Let me use `inspect_entities` to see if there are any active miners mining iron ore") 
active_mining_drills = inspect_entities(radius=10) #Inspect entities within a 10-meter radius
comment("Let me check the `active_mining_drills` list to see if there are any burners mining iron ore") 
for drill in active_mining_drills:
    if drill['name'] == 'burner-mining-drill' and 'iron-ore' in drill.get('contents', {}):
        extract_item('iron-ore', source_position=drill['position'], quantity=5) # Extract 5 iron ore from the burners. 
        break
else:
    comment("No active burners mining iron ore found")
for drill in active_mining_drills:
    name = drill['name']
    if name == 'burner_mining_drill':
        if 'iron-ore' in drill['contents']:
            iron_ore_position = drill['position']
            harvest_resource(iron_ore_position) 
            break
        else:
            comment("No active miner currently mining iron ore. I'll have to place a new burner mining drill by using `place_entity` method")
            break
comment("I'll place a new burner mining drill on the nearest iron ore deposit using the `place_entity_next_to` method") 
iron_ore_position = nearest('iron-ore')
direction = UP if iron_ore_position[1] > -4 else DOWN # I want the mining drill to face up if the deposit is below the surface and down if it's above ground
new_drill_position = place_entity_next_to('burner-mining-drill', reference_position=iron_ore_position, direction=direction, gap=1)
comment("The new burner mining drill has been placed at position", new_drill_position)
active_mining_drills.append({'name': 'burner_mining_drill', 'position': new_drill_position, 'warning': '', 'contents': {}, 'status': 'empty'})
comment("I now have a mining drill, let me use `inspect_entities` to see the number of items that have been mined") 
active_mining_drills = inspect_entities() #Inspect entities within default radius
for drill in active_mining_drills:
    name = drill['name']
    if name == 'burner_mining_drill':
        if 'iron-ore' in drill['contents']:
            iron_ore_position = drill['position']
            num_iron_ore = drill['contents']['iron-ore'] # retrieving the number of items mined from the drill
            comment("The number of iron ore resources mined so far is", num_iron_ore)
        break
for drill in active_mining_drills:
    if drill['name'] == 'burner_mining_drill':
        contents = drill.get('contents')
        if contents:
            for item, count in contents.items():
                if item == 'iron-ore':
                    comment(f"The mining drill at position {drill['position']} has {count} {item}. I'll extract it using `extract_item` method") 
                    extract_item(item, source_position=drill['position'], quantity=count)
                    break
        else:
            comment(f"The mining drill at position {drill['position']} doesn't have any iron-ore. I'll move to the next one") 
            continue
        break
if drill['name'] == 'burner-mining-drill':
        contents = drill['contents']
        count = contents.get('iron-ore', 0)
        if count > 0:
            comment(f"Got {count} iron ore from the active burner mining drill.")
            break
    else:
        comment("No active miner  mining iron ore. ")


comment("I now have a mining drill, let me use `inspect_entities` to see the number of items that have been mined")
active_mining_drills = inspect_entities()
comment("I will now check all of my mining drills for fuel.") 
for drill in active_mining_drills:
    if drill['name'] == 'burner-mining-drill':
        if drill['energy'] == 0:
            print(f"Warning: {drill['name']} at {drill['position']}: out of fuel")
            insert_item('coal', target_position=drill['position'], quantity=1)
            print(f"Inserting fuel into {drill['name']} at {drill['position']}")
        elif drill['items']['output'] == drill['size']['output']:
            print(f"Warning: {drill['name']} at {drill['position']}: waiting for space in destination as the output is full. Place a transport-belt or furnace at (22.5, -3.5) to unblock.")
for drill in active_mining_drills:
    if drill['name'] == 'burner-mining-drill':
        if drill['energy'] != '0J':
            comment(f"The {drill['name']} at {drill['position']} has enough fuel")
        else:
            comment(f"Warning: {drill['name']} at {drill['position']}: out of fuel")
comment("I will now use inspect_entities() to check if any of my mining drills are waiting for space for its output")
for drill in active_mining_drills:
    if drill['name'] == 'burner-mining-drill' and 'waiting for space' in drill['text']:
        comment(f"Warning: {drill['name']} at {drill['position']}: waiting for space in destination as the output is full. Place a transport-belt or furnace at (22.5, -3.5) to unblock.")
for drill in active_mining_drills:
    if drill['name'] == 'burner-mining-drill':
        if drill['energy'] != '0J':
            comment(f"The {drill['name']} at {drill['position']} has enough fuel")
        else:
            comment(f"Warning: {drill['name']} at {drill['position']}: out of fuel")
        
        if len(drill['output_inventory']) == drill['output_inventory_size']:
            comment(f"Warning: {drill['name']} at {drill['position']}: waiting for space in destination as the output is full. Place a transport-belt or furnace at {drill['output_inventory'][0]['position']} to unblock.")
        else:
            comment(f"The {drill['name']} at {drill['position']} outputting successfully.")

comment("Now that I know which mining drills are out of fuel, I will insert fuel into them.")
comment("I will use `move_to()` to move to the location where I want to place my new burner mining drill")
move_to(new_drill_position)
comment("I will now check the resources at the new location before placing the drill there")
resources = inspect_resources()
if resources:
        for res, scan in resources.items():
            position = scan['position']
            quantity = scan['quantity']
            if res == "coal":
                comment(f"Coal Found At {position} with {quantity} available!")
                break
else:
    comment("No resources have been found in the scanned area.")
comment("I will now check the resources at the new location before placing the drill there")
resources = inspect_resources()
if resources:
    coal_location = resources['coal'][0]['min_coordinates']
    water_location = resources['water'][0]['max_coordinates']
    if coal_location != new_drill_position and water_location != new_drill_position:
        comment("The new location does not have coal or water resources, I will check for other locations or I will need to explore further to find coal or water")
    else:
        comment("This location has coal and/or water resources, I can place the drill here")
comment("I will now use `place_entity()` to place the burner mining drill at the new location")
place_entity('burner-mining-drill', direction=DOWN, exact=False, position=new_drill_position)
comment("I will craft a new `burner-mining-drill`")
craft_item('burner-mining-drill', quantity=1)
comment("I have now crafted a `burner-mining-drill`. I will place it at the new location")
place_entity('burner-mining-drill', direction=DOWN, exact=False, position=new_drill_position)
comment("I will now insert fuel into the drill")
coal_position = nearest('coal')
insert_item('coal', target_position=new_drill_position, quantity=1)
comment("I will go to the nearest coal and get some `coal` to insert into the `burner-mining-drill`")
move_to(nearest('coal'))
pickup_entity('coal')
insert_item('coal', target_position=new_drill_position, quantity=1)
comment("I will go to the nearest coal and get some `coal` to insert into the `burner-mining-drill`")
coal_position = nearest('coal')
move_to(coal_position)
pickup_entity('coal', position=coal_position)
insert_item('coal', target_position=new_drill_position, quantity=1)
comment("I will harvest `coal` instead from the nearest available resource using `harvest_resource()`")
harvest_resource(coal_position, quantity=1)
comment("I will now insert fuel into the drill by using `insert_item()`")
new_drill_position = nearest('burner-mining-drill')
insert_item('coal', target_position=new_drill_position, quantity=1)
comment("I see some of my drills have run out of fuel, so I will insert coal into all drills using a loop")
entities = inspect_entities()
for entity in entities:
    if entity['name'] == 'burner-mining-drill' and entity['inventory'] == {}:
        insert_item('coal', target_position=entity['position'], quantity=1)
comment("I will use a loop to insert fuel coal into all drills and boilers")
for entity in entities:
    if entity['name'] == 'burner-mining-drill' and 'out of fuel' in entity['warning']:
        insert_item('coal', target_position=entity['position'], quantity=1)    
    elif entity['name'] == 'boiler' and 'out of fuel' in entity['warning']:
        insert_item('coal', target_position=entity['position'], quantity=10)
comment("I will craft some transport belts using `craft_item()`")
craft_item('transport-belt', quantity=10)
comment("Now, I will place some of the belts using `place_entity()`")
place_entity('transport-belt', position=(-5,22), direction=UP)
place_entity('transport-belt', position=(22, -4), direction=RIGHT)
belts_positions = [(-1.5+x, 22.5) for x in range(10)]
for belt_position in belts_positions:
    place_entity('transport-belt', UP, belt_position)
comment("Now, I will connect the drills with the furnace using `connect_entities()`")
for entity in entities:
    if entity['name'] == 'burner-mining-drill' and entity['contents'] and list(entity['contents'].keys())[0] == 'iron-ore':
        connect_entities(source_position=entity['position'], target_position=(22.5,-3.5), connection_type='transport-belt')
comment("I will create some more drills and place them next to the existing drills with a gap of 1 tile using `place_entity_next_to()`")
reference_position = (22, -5)
gap = 1
for i in range(5):
    direction = DOWN if i%2==0 else UP
    entity_position = place_entity_next_to('burner-mining-drill', reference_position, direction, gap)
    reference_position = entity_position
    if entity_position:
        connect_entities(source_position=entity_position, target_position=(22.5,-3.5), connection_type='transport-belt')
    else:
        break

comment("I think the transport belts are blocked, I will check the situation closely")
inspect_entities(radius=2)
comment("I see that one of the transport belts is blocked. I will pick up the item blocking it using `pickup_entity()` and try to insert it into the nearest assembler")
pickup_entity('steel-plate', (-3.5,22.5));
insert_item('steel-plate', target_position=nearest('assembling-machine'), quantity=1)
comment("It looks like the item is not directly on the transport belt, I will need to harvest it using `harvest_resource()` and then insert it on the transport belt")
comment("Harvest the resource")
harvest_resource((-4, 22), quantity=1)
comment("Oh sorry, I mistook the position of the resource. Let me try again using the correct position")
harvest_resource((-3, 22), quantity=1) # assuming this is the correct position of the resource.
comment("It looks like my character is out of range to harvest the resource, I will move closer")
move_to((-3, 22))
move_to((-4, 22)) # move closer to the resource to harvest
harvest_resource((-3, 22), quantity=1) # attempt to harvest the resource again.
comment("There might be something blocking the path. Let's try again using a different position")
comment("It is also worth checking that there is still a resource at this position")
inspect_resources()
comment("If there is a resource nearby, let's try moving closer to it")
move_to((-3, 22)) # moving closer to the resource
harvest_resource((-3, 22), quantity=1) # harvesting one unit of the resource at position (-3, 22) ago.
comment("There might be something blocking the path. Let's try again using a different position")
move_to((-2, 22)) # moving closer to the resource
harvest_resource((-2, 22), quantity=1) # harvesting one unit of the resource at position (-2, 22) ago.
comment("There seems to be no resource nearby to harvest. Let's try to place a new mining drill to find another resource patch.")
entity_position = place_entity('burner-mining-drill', direction=DOWN, exact=False, position=(-5, 23)) # Placing a new mining drill at (-5, 23)
comment("We need to craft a new burner mining drill to place and extract a new resource patch. Let's look at our inventory to see if we have the resources required to craft one.")
inventory = inspect_inventory()
if inventory['iron-plate'] >= 3 and inventory['stone-furnace'] >= 1 and inventory['iron-gear-wheel'] >= 1:
    comment("We have the necessary resources to craft a new burner mining drill.")
    craft_item('burner-mining-drill', quantity=1)
else:
    comment("We do not have enough resources to craft a new burner mining drill. We need at least 3 iron plates, 1 stone furnace and 1 iron gear wheel.")
resources = inspect_inventory()
if 'iron-plate' in resources and 'stone-furnace' in resources and 'burner-mining-drill' in resources:
    craft_item('burner-mining-drill') # Craft a new burner mining drill if we have the required resources
    comment("Successfully crafted a new burner mining drill!")
else:
    comment("We do not have enough resources to craft a new burner mining drill. Let's wait until we have enough resources.")
comment("Now that we have a new mining drill, let's place it on a new resource patch.")
entity_position = place_entity('burner-mining-drill', direction=DOWN, exact=False, position=(3, 19)) # Placing a new mining drill at (3, 19)
comment("We still cannot place a mining drill. It seems we still don't have the required resources. Let's wait until we have enough.")
comment("It would be helpful to identify any nearby resource patches to plan our next mining drill location. Let's use the 'inspect_resources' method.")
resource_data = inspect_resources()
comment("Looks like there's a coal patch nearby. Let's move to its location to set up a new mining drill.")
move_to((-4, 4))  # Moving player character to the coal patch location (we can use resource_data to find exact coordinates next time)
move_to((-2, 0)) # Moving to the coordinates of the coal resource patch.
comment("Now that we are at the coal patch, let's place a burner mining drill here.")
entity_position = place_entity('burner-mining-drill', direction=DOWN, exact=False, position=(-2, 0)) # Placing a new mining drill at (-2, 0)
comment("Oh no, we still don't have enough resources to place a new mining drill.")
comment("Let's prioritize mining coal from the patch we are on, and ensuring that our existing drills are fueled.") 
entity_list = inspect_entities(radius=5)
for entity in entity_list:
    if entity['name'] == 'burner-mining-drill':
        insert_item('coal', target_position=entity['position'], quantity=1) # Fueling the drill with coal if it is present in the inventory
        if entity['burner']['inventory'] == None or entity['burner']['inventory']['name'] != 'coal':
            pickup_entity('coal', entity['position']) # Picking up coal lying on the ground if the drill's inventory is empty or contains non-coal items. 
    elif entity['name'] == 'transport-belt':
        check_item_below_transport_belt(entity['position'], 'coal') # Checking if the transport belt has coal on it
comment("We should check our current inventory to determine how many resources we have and what we need.")
inventory = inspect_inventory()
print(inventory)
comment("It looks like we have some iron plates and copper plates, but we are low on stone and coal. We also need to craft more transport belts and inserter machines to expand our mining operations.")
comment("Let's move to the nearest stone patch and mine some stone to make some transport belts.") 
move_to(nearest('stone'))
resource = 'stone'
quantity = 50
harvest_resource(nearest(resource), quantity) # Mining 50 stone from nearest stone patch.
comment("It looks like we were only able to harvest 9 stone from the nearest patch. Let's check the surrounding area to find another source of stone.")
inspect_resources() # Observing natural resources and landscape around us.
comment("We've identified a new patch of stone resources to the East of our current position. Let's move there and start mining it.") 
move_to((28, 6)) # Move to position near new stone patch
resource = 'stone' # Set resource we want to extract to stone 
quantity = 50 # Set quantity to extract to 50
harvest_resource(nearest(resource), quantity) # Mining 50 stone from nearest stone patch.
comment("Looks like we can't harvest from this patch. Let's go back to the previous patch to finish mining it.") 
move_to((22, 5)) # Move to position near previous stone patch
resource = 'stone' # Set resource we want to extract to stone 
quantity = 41 # Set quantity to extract to 41
harvest_resource(nearest(resource), quantity) # Mining 41 stone from nearest stone patch.
comment("This patch of stone is difficult to reach. Let's try to find another source to mine.")
comment("Inspect the surrounding area for stone")
inspect_entities(radius=20)
comment("Looks like we need to refuel some of our burner mining drill. Let's craft and insert some coal into the drill at (22, -5) before we search for more resources.") 
craft_item('coal', quantity=20) # Craft 20 coal
insert_item('coal', (22, -5), quantity=1) # Insert 1 coal into the mining drill at (22,-5)
insert_item('coal', (24,-5), quantity=1) # Insert 1 coal into the mining drill at (24,-5) 
comment("Inspect the available resources and locate the nearest stone patch")
inspect_resources() # Observing natural resources and landscape around us.
nearest_stone = nearest('stone') # Locate position of nearest stone patch
comment(f"Nearest stone patch is located at {nearest_stone}. Moving to its position.")
move_to(nearest_stone) # Move to position near nearest stone patch
comment("Let's check inventory to ensure we have enough materials to produce coal.") 
inventory = inspect_inventory() 
print(f"Current inventory: {inventory}") # Checking inventory to ensure we have enough materials to produce coal.
comment("We need to gather coal before we can craft more of it. Let's start by picking up the coal at (-2, 0)") 
pickup_entity('coal', (-2, 0)) # Picking up coal at (-2, 0)
comment("We cannot pickup coal from the ground but instead need to mine it using a burner mining drill. Let's place a drill at the coal site (-2,0).") 
move_to((-2,0)) # Move to coal location
place_entity('burner-mining-drill', direction=UP, exact=False, position=(-2,0)) # Place a burner mining drill
comment("Since we don't have any burner mining drills in our inventory, let's craft one before we can proceed. We can then use it to mine coal at (-2,0)") 
craft_item('burner-mining-drill', quantity=1) # Craft a burner mining drill
comment("Now that we have the burner mining drill, let's place it at (-2,0) to mine some coal") 
place_entity('burner-mining-drill', direction=UP, exact=False, position=(-2,0)) # Place a burner mining drill
harvest_resource((-2,0), quantity=20) # Mine 20 coal using burner mining drill
comment("Oops, we can't place the burner mining drill directly on top of the coal. Let's try again") 
reference_position = nearest('stone') # Set a reference position for placement of entities 
position = (reference_position[0]+3, reference_position[1]) # 3 tiles to the right of stone  
place_entity('burner-mining-drill', direction=UP, exact=False, position=position) # Place burner mining drill at new position
comment("We are out of burner mining drills again, let's craft one more.") 
craft_item('burner-mining-drill', quantity=1) # Craft a burner mining drill
comment("Now that we have the burner mining drill, let's place it at (-5,6) to mine some stones") 
place_entity('burner-mining-drill', direction=UP, exact=False, position=(-5,6)) # Place a burner mining drill
comment("Looks like we are out of iron-ore in our inventory. Let's mine some iron ore to craft the burner mining drill.") 
iron_ore_position = nearest('iron_ore') # find coordinates of the nearest iron_ore 
move_to(iron_ore_position) # move to the iron_ore
harvest_resource(iron_ore_position, quantity=15) # mine 15 iron ore since we could use some extra
craft_item('burner-mining-drill', quantity=1) # craft one burner mining drill
place_entity('burner-mining-drill', direction=UP, exact=False, position=(-5,6)) # place burner mining drill on top of coal at (-5,6)
comment("Let's insert the mined iron-ore into the burner mining drill at (22, -5) for fuel.") 
position = (22, -5) # Select the position of the burner mining drill 
insert_item('iron-ore', target_position=position, quantity=15) # Insert the 15 iron ore into the burner mining drill.
comment("Looks like we inserted the wrong item by mistake. Let's fix the mistake.") 
extract_item('iron-ore', source_position=(-2, 0), quantity=15) # Extract 15 iron-ore from the player_character's inventory 
insert_item('iron-ore', target_position=position, quantity=15) # Insert the 15 iron-ore into the burner mining drill.
comment("Okay, we have run out of iron-ore, let's harvest some more.") 
iron_ore_position = nearest('iron_ore') # find coordinates of the nearest iron_ore 
move_to(iron_ore_position) # move to the iron_ore
harvest_resource(iron_ore_position, quantity=20) # mine 20 iron ore since we are running low
comment("Let's insert the extracted iron ore into the burner mining drill at (22, -5) for fuel.") 
position = (22, -5) # Select the position of the burner mining drill 
insert_item('iron-ore', target_position=position, quantity=20) # Insert the 20 iron ore into the burner mining drill.
comment("We need to craft the iron-ore into iron plates. Let's craft iron plates, so we can insert them into the burner-mining-drill.") 
craft_item('iron-plate', quantity=20) # craft 20 iron plates to be inserted into the burner mining drill 
comment("Let's insert the crafted iron plates into the burner mining drill at (22, -5) for fuel.") 
position = (22, -5) # Select the position of the burner mining drill 
insert_item('iron-plate', target_position=position, quantity=20) # Insert the 20 iron plates into the burner mining drill.
comment("Looks like we don't have enough iron-ore to craft the iron plates. Let's fix that.")
iron_ore_position = nearest('iron_ore') # Find the position of the nearest iron_ore 
move_to(iron_ore_position) # Move to the iron ore
harvest_resource(iron_ore_position, quantity=20) # Harvest 20 iron-ore because we need more of it. 
craft_item('iron-plate', quantity=20) # Craft 20 iron plates to be inserted into the burner mining drill.
comment("We need to harvest more iron-ore.") 
iron_ore_position = nearest('iron_ore') # Find another iron_ore position
move_to(iron_ore_position) # Move closer to the iron ore
harvest_resource(iron_ore_position, quantity=20) # Harvest 20 iron-ore.
comment("Looks like there is a shortage of iron-ore on the map. Let's check the inventory for any available iron-ore or iron-plate to insert.") 
inventory = inspect_inventory() # Check the inventory
if inventory.get('iron-ore', 0) >= 20:
    insert_item('iron-ore', target_position=position, quantity=20) # Insert the iron ore into the burner drill
elif inventory.get('iron-plate', 0) >= 20:
    insert_item('iron-plate', target_position=position, quantity=20) # Insert the iron plate into the burner drill
else:
    comment("Neither iron-ore nor iron-plates are available in the inventory. We need to find more iron on the map.")
comment("The inventory is empty. We need to insert more fuel and iron-ore into the burner-mining-drill at position (22, -5)")
coal_position = nearest('coal') # Find the position of the nearest coal
move_to(coal_position) # Move close to the coal resource
pickup_entity('coal', position=coal_position) # Pick up coal 
move_to((22, -5)) # Move to the burner-mining-drill
insert_item('coal', nearest('burner-mining-drill'), quantity=10) # Insert 10 coal in the burner-mining-drill
insert_item('iron-ore', (22,-5), quantity=20) # Insert 20 iron-ore to smelt iron plates.
comment("Looks like we need to harvest the coal. Let's try again.")
coal_position = nearest('coal') # Find the position of the nearest coal
move_to(coal_position) # Move to the nearest coal
harvest_resource(coal_position, quantity=10) # Harvest 10 coal, we need it for the burner-mining-drill.
comment("We now have coal, let's insert it into the burner-mining-drill at position (22, -5).")
insert_item('coal', target_position=(22,-5), quantity=5) # Insert 5 coal into the burner-mining-drill at position (22, -5)
comment("We need to insert more fuel and iron-ore into the burner-mining-drill. Let's fetch iron-ore from nearby.")
iron_ore_coordinate = nearest('iron_ore') # get the position of the nearest iron ore resource
move_to(iron_ore_coordinate) # Move to the nearest iron-ore resource
harvest_resource(iron_ore_coordinate, quantity=2) # Harvest 2 iron-ore 
iron_ore = 'iron-ore' # assign the value of 'iron-ore' to the variable 'iron_ore'
craft_item('iron-plate', quantity=2) # Craft 2 iron-plates from the iron-ore in the inventory
insert_item(iron_ore, target_position=(22,-5), quantity=5) # Insert 5 iron-ore into the burner-mining-drill  at position (22, -5)
comment("The error occurred because the item iron-ore does not exist in the inventory now. We need to fetch more iron-ore.")
iron_ore_coordinate = nearest('iron-ore') # get the position of the nearest iron ore resource
move_to(iron_ore_coordinate) # Move to the nearest iron-ore resource
harvest_resource(iron_ore_coordinate, quantity=2) # Harvest 2 iron-ore 
iron_ore = 'iron-ore' # assign the value of 'iron-ore' to the variable 'iron_ore'
craft_item('iron-plate', quantity=2) # Craft 2 iron-plates from the iron-ore in the inventory
insert_item(iron_ore, target_position=(22,-5), quantity=5) # Insert 5 iron-ore into the burner-mining-drill  at position (22, -5)
comment("It looks like the insert function still isn't working. Let's check if we have the correct item in the inventory.")
inspect_inventory() # Check the inventory
comment("It looks like the 'iron-ore' is being referred to as 'iron ore'. Let's update the variable name.")
iron_ore_coordinate = nearest('iron-ore') # get the position of the nearest iron ore resource
move_to(iron_ore_coordinate) # Move to the nearest iron-ore resource
harvest_resource(iron_ore_coordinate, quantity=2) # Harvest 2 iron-ore 
iron_ore = 'iron-ore' # assign the value of 'iron-ore' to the variable 'iron_ore'
craft_item('iron-plate', quantity=2) # Craft 2 iron-plates from the iron-ore in the inventory
insert_item(iron_ore, target_position=(22,-5), quantity=5) # Insert 5 iron-ore into the burner-mining-drill  at position (22, -5)
comment("We need to debug the issue. Let's check the element at target_position=(22,-5):")
inspect_entities(1, position=(22,-5)) # Check the entity at position(22,-5)
comment("Sorry, I made a mistake. Let's see the full list of entities within a radius of 5.")
inspect_entities(5) # Check the list of entities within a radius of 5. Ensure that the burner-mining-drill and the transport-belt are at position (22, -5) and (-3.5, 22.5) respectively.
comment("The insert function is not working for some reason, let's create a new burner-mining drill and insert the items manually.")
iron_ore_coordinate = nearest('iron-ore') # get the position of the nearest iron ore resource
move_to(iron_ore_coordinate) # Move to the nearest iron-ore resource
harvest_resource(iron_ore_coordinate, quantity=2) # Harvest 2 iron-ore 
iron_ore = 'iron-ore' # assign the value of 'iron-ore' to the variable 'iron_ore'
craft_item('burner-mining-drill', quantity=1) # Craft 1 burner-mining-drill and place it at position (22, -5)
place_entity('burner-mining-drill', direction=UP, position=(22, -5)) # Place the burner-mining-drill at position (22, -5)
comment("Place a new burner-mining drill")
iron_ore_coordinate = nearest('iron-ore') # get the position of the nearest iron ore resource
move_to(iron_ore_coordinate) # Move to the nearest iron-ore resource
place_entity('burner-mining-drill', direction=DOWN, exact=False, position=iron_ore_coordinate) # Place a new burner-mining drill facing down at the iron ore location
set_entity_recipe(iron_ore_coordinate, recipe='iron-plate') # Set the recipe of the burner-mining drill to produce iron-plates
while True:
    pickup_entity('coal', nearest('coal')) # Pick up coal
    insert_item('coal', target_position=iron_ore_coordinate, quantity=5) # Insert 5 coal into the burner-mining drill
    if check_contents('iron-ore', exact=False) >= 2:
        craft_item('iron-plate', quantity=2) # Craft 2
comment("We need to craft the burner-mining-drill first. Let's check inventory.")
inventory = inspect_inventory() # Check inventory
if inventory.get('iron-plate', 0) >= 3 and inventory.get('stone', 0) >= 1:
    craft_item('burner-mining-drill', quantity=1)
else:
    comment('We do not have enough resources to create burner-mining-drill.')
comment("Now, let's place the newly crafted burner-mining-drill")
iron_ore_coordinate = nearest('iron-ore') # get the position of the nearest iron ore resource again
move_to(iron_ore_coordinate) # Move to the nearest iron-ore resource
place_entity('burner-mining-drill', direction=DOWN, exact=False, position=iron_ore_coordinate) # Place a new burner-mining drill facing down at the iron ore location
comment("Sorry, I made a mistake. We need 2 iron-plates, not 3. Let's craft the burner-mining-drill again.")
inventory = inspect_inventory() # Check inventory
if inventory.get('iron-plate', 0) >= 2 and inventory.get('stone', 0) >= 1:
    craft_item('burner-mining-drill', quantity=1)
else:
    comment('We do not have enough resources to create burner-mining-drill.')
comment("Now, let's place the newly crafted burner-mining-drill.")
iron_ore_coordinate = nearest('iron-ore') # get the position of the nearest iron ore resource again
move_to(iron_ore_coordinate) # Move to the nearest iron-ore resource
place_entity('burner-mining-drill', direction=DOWN, exact=False, position=iron_ore_coordinate) # Place a new burner-mining drill facing down at the iron ore location
comment("I apologize for the earlier error - we need 3 not 2 iron plates. Let's craft another burner-mining-drill with 3 iron-plates.")
inventory = inspect_inventory() # Check inventory
if inventory.get('iron-plate', 0) >= 3 and inventory.get('stone', 0) >= 1:
    craft_item('burner-mining-drill', quantity=1)
else:
    comment('We do not have enough resources to create burner-mining-drill.')
comment("Now, let's place the newly crafted burner-mining-drill.")
iron_ore_coordinate = nearest('iron-ore') # get the position of the nearest iron ore resource again
move_to(iron_ore_coordinate) # Move to the nearest iron-ore resource
place_entity('burner-mining-drill', direction=DOWN, exact=False, position=iron_ore_coordinate) # Place a new burner-mining drill facing down at the iron ore location
comment("My apologies, there seems to be a shortage of iron plates. Let's wait for the iron-ore to mine.")
iron_ore_coordinate = nearest('iron-ore') # get the position of the nearest iron ore resource again
move_to(iron_ore_coordinate) # Move to the nearest iron-ore resource
harvest_resource(iron_ore_coordinate, quantity=10) # harvest 10 iron-ore
smelting_furnace_position = (-4, -10) # Set smelting furnace position to be around -4 on the x-axis and -10 on the y-axis
move_to(smelting_furnace_position) # Move to the smelting furnace position
place_entity('stone-furnace', direction=DOWN, exact=False, position=smelting_furnace_position) # Place a stone-furnace
inventory = inspect_inventory() # Check inventory
comment("There seems to be a shortage of stone, let's wait for it to mine.") 
resource = 'stone' # Set the resource to be mined as stone.
position = (-5,-5) # Set the location of the stone resource to be around -5 on the x-axis and -5 on the y-axis
move_to(position) # Move to the location of the stone resource.
harvest_resource(position, quantity=20) # Harvest 20 pieces of stone.
comment("I'm sorry, there must be less stone at the location than we thought. Let's try another location for stone.")
resource = 'stone' # Set the resource to be mined as stone.
position = nearest(resource) # Set the location of the stone resource to be the nearest one.
move_to(position) # Move to the location of the stone resource.
harvest_resource(position, quantity=20) # Harvest 20 pieces of stone.
comment("Let's use the mined stone ore to produce some more burner mining drills, so that we can get more resources efficiently.")
comment("Craft more burner-mining-drills")
craft_item('burner-mining-drill', quantity=10)
comment("It seems we need iron ore to craft the burner mining drills. Let's go find some iron ore.")
iron_ore = 'iron-ore' # Set the resource to be mined as iron-ore.
iron_ore_coordinate = nearest(iron_ore) # Set the location of the iron ore resource to be the nearest one.
move_to(iron_ore_coordinate) # Move to the location of the iron ore resource.
harvest_resource(iron_ore_coordinate, quantity=20) # Harvest 20 pieces of iron ore.
comment("Let's process the iron ore we've harvested into iron plates. We need to build a furnace for smelting.")
comment("Craft a furnace for smelting")
craft_item('stone-furnace', quantity=1)
comment("We seem to be out of stone as an ingredient. Let's go mine some more stone.")
resource = 'stone' # Set the resource to be mined as stone.
position = nearest(resource) # Set the location of the stone resource to be the nearest one.
move_to(position) # Move to the location of the stone.
harvest_resource(position, quantity=50) # Harvest 50 pieces of stone.
comment("Looks like we weren't able to get enough stone. Let's try a bigger area to search for stone.")
resource = 'stone' # Set the resource to be mined as stone.
position = nearest(resource, search_range=100) # Set the location of the stone resource to be the nearest one in a larger search radius.
move_to(position) # Move to the location of the stone.
harvest_resource(position, quantity=50) # Harvest 50 pieces of stone.
