[94mcomment("First, let's inspect the resources around us")
inspect_resources()
[92m1: {'water': [{'size': 900, 'min_coordinates': (-18, -50), 'max_coordinates': (31, -33)}], 'coal': [{'size': 100, 'min_coordinates': (-17, -14), 'max_coordinates': (-8, -5)}], 'iron_ore': [{'size': 100, 'min_coordinates': (22, -14), 'max_coordinates': (31, -5)}], 'stone': [{'size': 100, 'min_coordinates': (-17, 6), 'max_coordinates': (-8, 15)}], 'copper_ore': [{'size': 100, 'min_coordinates': (22, 6), 'max_coordinates': (31, 15)}], 'uranium_ore': [{'size': 100, 'min_coordinates': (22, 26), 'max_coordinates': (31, 35)}]}
[94mcomment("Let's assign a variable for the ore location")
ore = (-8, -5)
[94mcomment("Next, let's move to the ore location and mine it using a burner-mining-drill")
move_to(ore)
place_entity('burner-mining-drill', direction=DOWN, exact=False, position=ore)
[91m2: Could not place burner-mining-drill at (-8, -5).  No burner mining drill in inventory.
[94mcomment("It looks like we need to craft a burner mining drill first, let's check our inventory and see if we have the necessary items for crafting")
inventory = inspect_inventory()
[91mburner-mining-drill at (-5, -7): out of fuel
[94mcomment("It looks like the burner mining drill I placed earlier is out of fuel, let's refuel it with the coal we have in our inventory") 
[94mcomment("Refuel the burner mining drill with coal")
insert_item('coal', target_position=(ore[0]+2, ore[1]), quantity=20)
[94mcomment("Now, let's place a stone furnace and smelt the ore into iron plates using coal as a fuel source") 
furnace_position = (ore[0]+5, ore[1])
place_entity('stone-furnace', direction=RIGHT, exact=False, position=furnace_position )
connect_entities(source_position=(ore[0]+2, ore[1]), target_position=furnace_position, connection_type='inserter')
insert_item('coal', target_position=furnace_position, quantity=20)
set_entity_recipe(furnace_position, recipe='iron-plate')
