comment("Find the nearest coal deposit for power generation")
coal_position = nearest('coal')
move_to(coal_position)
comment("Place a burner-mining-drill to extract coal")
place_entity('burner-mining-drill', direction=RIGHT, exact=False, position=coal_position)
comment("Check to ensure that burner-mining-drill has been placed")
entities = inspect_entities(radius=5)
for entity in entities:
    if entity['name'] == 'burner-mining-drill':
        burner_drill_position = entity['position']
        break
comment("Pick up 2 coal near the coal_position and add it to the burner-mining-drill for fuel")
pickup_entity('coal', coal_position, quantity=2)
insert_item('coal', target_position=burner_drill_position, quantity=2)
comment("Pick up the 2 coal near the coal_position")
pickup_entity('coal', coal_position)
pickup_entity('coal', coal_position)
comment("Harvest 2 coal near the coal_position")
harvest_resource(coal_position, quantity=2)
comment("Insert 2 coal from your inventory into the burner-mining-drill for fuel")
insert_item('coal', target_position=burner_drill_position, quantity=2)
comment("Move close to the burner-mining-drill")
move_to(burner_drill_position)
coal_position = (-8, -5)
entities = [{'name': 'burner_mining_drill', 'position': (-8, -5), 'warning': 'The entity is out of fuel', 'status': 'empty'}, {'name': 'player_character', 'position': (-5.6015625, -5), 'warning': '', 'status': 'empty'}]
burner_drill_position = (-8, -5)
comment("Look for burner-mining-drill's position and update the variable")
for entity in entities:
    if entity['name'] == 'burner-mining-drill':
        burner_drill_position = entity['position']
comment("Move close to the burner-mining-drill")
move_to(burner_drill_position)
comment("Harvest 2 coal near the coal_position")
harvest_resource(coal_position, quantity=2)
coal_position = (-8, -5)
comment("Move close to the coal_position")
move_to(coal_position)
comment("Harvest 2 coal near the coal_position")
harvest_resource(coal_position, quantity=2)
comment("Insert 1 coal into the burner-mining-drill for fuel")
insert_item('coal', target_position=burner_drill_position, quantity=1)
insert_item('coal', target_position=burner_drill_position, quantity=1)
comment("Check if there is any remaining fuel shortage")
inspect_entities(5)
comment("Establish a simple smelting setup")
comment("Find nearby stone locations and move there")
stone_position = nearest('stone')
move_to(stone_position)
comment("Place a stone furnace at the output of the burner-mining-drill")
place_entity('stone-furnace', exact=False, position=(-6.5, -5.5))
comment("Check if there are any warnings or issues after placing the stone furnace")
inspect_entities(5)
comment("Establish a basic power generating system using coal-fired boilers and steam engines")
comment("There might be an issue with placing the furnace at the correct position. Try placing a transport belt first")
place_entity('transport-belt', exact=False, position=(-6.5, -5.5))
comment("First, place a transport belt and then fuel the stone furnace")
comment("Place a transport belt at the output of the burner-mining-drill")
move_to((-5, -8))
place_entity('transport-belt', direction=DOWN, exact=False, position=(-6.5, -5.5))
comment("It seems there is an issue with placing a transport belt, let's place a furnace directly at the output of the burner-mining-drill")
comment("Refuel the stone furnace and place it at the output of the burner-mining-drill.")
comment("Move to coal_position and pick up coal to refuel the stone furnace")
move_to(coal_position)
pickup_entity('coal', coal_position)
comment("Harvest coal to refuel the stone furnace")
harvest_resource(coal_position, quantity=5)
comment("Move to the stone furnace position and insert coal into it to refuel it")
move_to((-6.5, -5.5))
insert_item('coal', target_position=(-6.5, -5.5), quantity=2)
comment("Place stone furnace at the output of the burner-mining-drill to unblock")
place_entity('stone-furnace', direction=LEFT, exact=False, position=(-6.5, -5.5))
comment("Check inventory for coal to refuel stone-furnace")
inspect_inventory()
comment("Move to stone-furnace position and insert coal into it to refuel")
move_to((-5, -6))
insert_item('coal', target_position=(-5, -6), quantity=2)
comment("Inspect inventory for necessary resources to craft a stone furnace")
inspect_inventory()
inspect_inventory()
comment("Craft a stone furnace")
craft_item('stone-furnace', quantity=1)
comment("Move to stone deposit and harvest some stones")
move_to(stone_position)
harvest_resource(stone_position, quantity=5)
comment("Craft a stone furnace now that we have stones")
craft_item('stone-furnace', quantity=1)
craft_item('stone-furnace', quantity=1)
inspect_inventory()
comment("Move back to coal deposit and place the stone furnace next to the burner mining drill")
move_to(coal_position)
furnace_position = (coal_position[0]-1, coal_position[1])
place_entity('stone-furnace', direction=RIGHT, exact=True, position=furnace_position)
comment("Move back to stone deposit and harvest more stones")
move_to(stone_position)
harvest_resource(stone_position, quantity=10)
comment("Move back to coal deposit and place the stone furnace next to the burner mining drill")
move_to(coal_position)
furnace_position = (coal_position[0]-1, coal_position[1])
place_entity('stone-furnace', direction=RIGHT, exact=True, position=furnace_position)
comment("Place transport belt add the output of the burner-mining-drill")
move_to(burner_drill_position)
transport_belt_position = (burner_drill_position[0]+1, burner_drill_position[1])
place_entity('transport-belt', direction=UP, exact=True, position=transport_belt_position)
comment("Move back to stone deposit and harvest more stones")
move_to(stone_position)
harvest_resource(stone_position, quantity=10)
comment("Move to coal deposit and place stone furnace again")
move_to(coal_position)
furnace_position = (coal_position[0]-1, coal_position[1])
place_entity('stone-furnace', direction=RIGHT, exact=True, position=furnace_position)
comment("Pick up some coal to fuel the stone furnace")
move_to(coal_position)
pickup_entity('coal', coal_position, quantity=10)
comment("Pick up coal and move it to the stone furnace")
move_to(coal_position)
pickup_entity('coal', coal_position)
move_to(furnace_position)
insert_item('coal', target_position=furnace_position, quantity=5)
comment("Harvest some coal to fuel the stone furnace")
move_to(coal_position)
harvest_resource(coal_position, quantity=10)
comment("Insert coal into the stone furnace")
insert_item('coal', target_position=furnace_position, quantity=4)
comment("Clear the output of the burner mining drill by placing a transport belt")
transport_belt_position = (burner_drill_position[0]-1.5, burner_drill_position[1]-0.5)
place_entity('transport-belt', direction=RIGHT, exact=True, position=transport_belt_position)
comment("Place a transport belt to clear the output of the burner mining drill")
move_to((-6.5, -5.5))
place_entity("transport-belt", direction=RIGHT, exact=True, position=(-6.5, -5.5))
comment("Move to the correct position to place the transport belt")
move_to((-6.5, -5.5))
place_entity("transport-belt", direction=RIGHT, exact=False, position=(-6.5, -5.5))
comment("Place a transport belt to clear the output of the burner mining drill")
move_to((-6.5, -5.5))
place_entity("transport-belt", direction=RIGHT, exact=True, position=(-6.5, -5.5))
comment("Insert coal into the stone furnace")
insert_item('coal', target_position=furnace_position, quantity=4)
comment("Pick up coal from the nearby position and insert it into the stone furnace for fuel")
move_to(coal_position)
pickup_entity("coal", coal_position)
insert_item("coal", target_position=(-5, -6), quantity=1)
comment("Harvest coal from the nearby position and insert it into the stone furnace for fuel")
harvest_resource(coal_position, quantity=5)
insert_item("coal", target_position=furnace_position, quantity=5)
comment("Harvest coal from the nearby position and insert it into the stone furnace for fuel")
harvest_resource(nearby('coal'), quantity=5)
move_to(furnace_position)
insert_item("coal", target_position=furnace_position, quantity=5)
comment("Harvest coal from the nearest coal patch and insert it into the stone furnace for fuel")
harvest_resource(nearest('coal'), quantity=5)
comment("Harvest coal from the nearest coal position and insert it into the stone furnace for fuel")
harvest_resource(coal_position, quantity=5)
move_to(furnace_position)
insert_item('coal', target_position=furnace_position, quantity=5)
comment("Unblock burner-mining-drill by placing a transport belt")
move_to(burner_drill_position)
transport_belt_position = (burner_drill_position[0] - 1.5, burner_drill_position[1])
place_entity('transport-belt', direction=LEFT, exact=False, position=transport_belt_position)
comment("Unblock burner-mining-drill by placing a transport belt")
move_to(transport_belt_position)
place_entity('transport-belt', direction=RIGHT, exact=True, position=transport_belt_position)
comment("Unblock burner-mining-drill by placing a transport belt")
move_to((transport_belt_position[0] - 0.5, transport_belt_position[1]))
place_entity('transport-belt', direction=RIGHT, exact=True, position=(transport_belt_position[0] - 0.5, transport_belt_position[1]))
comment("Unblock burner-mining-drill by placing a transport belt")
move_to((-6.5, -5.5))
place_entity('transport-belt', direction=RIGHT, exact=True, position=(-6.5, -5.5))
comment("Unblock burner-mining-drill by placing a transport belt")
move_to((-7, -5))
place_entity('transport-belt', direction=RIGHT, exact=True, position=(-7, -5))
