[94mcomment("Plan:")
[94mcomment("We have located an ore deposit at position (-8, -5). We will move to this position and harvest all available resources.")
[94mcomment("Move to ore deposit")
move_to(ore)
[94mcomment("Harvest ore")
harvest_resource(ore)
[94m
[94mcomment("After harvesting the ore, we should inspect our inventory to see what items we have collected.") 
inspect_inventory()
[92m1: {'iron-chest': 1, 'transport-belt': 50, 'stone-furnace': 1, 'assembling-machine-1': 1, 'coal': 51, 'iron-plate': 50, 'copper-plate': 50}
[94m
[94mcomment("Now we'll need to smelt the ore to produce metal plates.") 
comment("Place an electric furnace.")
furnace_position = nearest('stone-furnace')
move_to(furnace_position)
entity_position = place_entity('electric-furnace', direction=UP, position=furnace_position)
[91m2: No stone-furnace found on the map
[91mWarning:
burner-mining-drill at (-5, -7): out of fuel
[94mcomment("Plan:")
comment("As there is no stone-furnace nearby, we will start by crafting and placing a basic furnace.")
comment("We will then need to gather fuel to power the furnace to smelt our collected ore.")
comment("After smelting, we will inspect our inventory to verify that we have produced metal plates successfully.")
[94mcomment("Craft and place a basic furnace.")
craft_item('stone-furnace', quantity=1)
furnace_position = nearest('player_character', 'stone-furnace')
place_entity('stone-furnace', position=furnace_position)
[91m1: Failed to craft 1x stone-furnace because missing ingredient stone
[91mWarning:
burner-mining-drill at (-5, -7): out of fuel
[94mcomment("Plan:")
comment("We will need to gather stone to craft the stone-furnace that we need.")
comment("To power the furnace, we can use some coal we already have in our inventory") 
comment("After smelting, we will inspect our inventory to verify that we have produced metal plates successfully.")
[94mcomment("Gather stone by mining it using a burner-mining-drill.")
stone_position = nearest('stone')
move_to(stone_position)
place_entity('burner-mining-drill', direction=DOWN, exact=False, position=stone_position)
[91m3: Could not place burner-mining-drill at (-9, 6).  No burner mining drill in inventory.
[91mWarning:
burner-mining-drill at (-5, -7): out of fuel
[94mcomment("Oh, it looks like we don't have a burner mining drill. Let's craft it first before we mine the stone.")
comment("Craft and place a burner mining drill at the nearest coal patch.")
craft_item('burner-mining-drill', quantity=1)
coal_position = nearest('coal')
move_to(coal_position)
place_entity('burner-mining-drill', direction=LEFT, exact=False, position=coal_position)
[92m5: (-9, -5)
[94mcomment("Now let's mine for stone.")
stone_position = nearest('stone')
move_to(stone_position)
place_entity('burner-mining-drill', direction=DOWN, exact=False, position=stone_position)
[91m3: Could not place burner-mining-drill at (-8, 6).  No burner mining drill in inventory.
[91mWarning:
burner-mining-drill at (-5, -7): out of fuel
[94mcomment("Looks like we got the position of the stone wrong. Let's try to find the nearest stone patch again.")
stone_position = nearest('stone')
move_to(stone_position)
place_entity('burner-mining-drill', direction=DOWN, exact=False, position=stone_position)
[91m3: Could not place burner-mining-drill at (-9, 6).  No burner mining drill in inventory.
[91mWarning:
burner-mining-drill at (-5, -9): out of fuel
[94mcomment("We seem to be running out of fuel for the mining drill. Let's insert coal from the inventory using an inserter to keep the mining drill running.")
inventory = inspect_inventory()
if 'coal' in inventory.keys():
    insert_item('coal', target_position=nearest('burner-mining-drill'), quantity=1)
else:
    coal_position = nearest('coal')
    move_to(coal_position)
    pickup_entity('coal', coal_position)
    insert_item('coal', target_position=nearest('burner-mining-drill'), quantity=1)   
    
stone_position = nearest('stone')
move_to(stone_position)
place_entity('burner-mining-drill', direction=DOWN, exact=False, position=stone_position)
[91m5: Could not place burner-mining-drill at (-9, 6).  No burner mining drill in inventory.
[91mWarning:
burner-mining-drill at (-5, -7): out of fuel
burner-mining-drill at (-5, -9): out of fuel
[94mcomment("Looks like we need more resources. Let's move to the nearest coal patch and start mining for coal.")
coal_position = nearest('coal')
move_to(coal_position)
harvest_resource(coal_position, quantity=5)
place_entity('burner-mining-drill', direction=DOWN, exact=False, position=coal_position)
insert_item('coal', target_position=nearest('burner-mining-drill'), quantity=1)
