[94mcomment("Plan:")
[94mcomment("We have identified the ore location as (-8, -5)")
[94mcomment("Move to ore location")
move_to((-8, -5))
[94mcomment("Harvest the tree closest to the ore location")
harvest_resource(nearest("tree"), quantity=1)
[91m1: Could not harvest at position (7, -52), possibly out of reach?
[91mburner-mining-drill at (-5, -7): out of fuel
[94mcomment("Plan:")
comment("Place a burner mining drill on the ore patch")
ore_position = (-8, -5)
place_entity('burner-mining-drill', direction=DOWN, position=ore_position)
[91m3: Could not place burner-mining-drill at (-8, -5).  No burner mining drill in inventory.
[94mcomment("Plan:")
comment("Craft a burner mining drill to mine the ore patch")
craft_item("burner-mining-drill", quantity=1)
[94mcomment("Plan:")
comment("Place a burner mining drill on the ore patch")
ore_position = (-8, -5)
place_entity('burner-mining-drill', direction=DOWN, position=ore_position)
[92m3: (-9, -6)
[91mburner-mining-drill at (-5, -7): out of fuel
[94mcomment("Plan:")
comment("Insert coal into the burner mining drill to power it") 
insert_item('coal', nearest("burner-mining-drill"), quantity=5)
[94mcomment("Plan:")
comment("Inspect the resources around us to see what else we can harvest or mine") 
inspect_resources()
[92m2: {'water': [{'size': 900, 'min_coordinates': (-18, -50), 'max_coordinates': (31, -33)}], 'coal': [{'size': 100, 'min_coordinates': (-17, -14), 'max_coordinates': (-8, -5)}], 'iron_ore': [{'size': 100, 'min_coordinates': (22, -14), 'max_coordinates': (31, -5)}], 'stone': [{'size': 100, 'min_coordinates': (-17, 6), 'max_coordinates': (-8, 15)}], 'copper_ore': [{'size': 100, 'min_coordinates': (22, 6), 'max_coordinates': (31, 15)}], 'uranium_ore': [{'size': 100, 'min_coordinates': (22, 26), 'max_coordinates': (31, 35)}]}
[94mcomment("Plan:")
comment("Inspect the entities around us to see if we can automate anything else") 
inspect_entities(radius=10)
[92m2: [{'type': 'burner_mining_drill', 'position': (-9, -6), 'warning': 'The entity is out of fuel', 'status': 'empty'}, {'type': 'burner_mining_drill', 'position': (-7, -5), 'warning': 'The mining drill is waiting for space in destination', 'contents': {'coal': 4}, 'status': 'not empty'}, {'type': 'player_character', 'position': (-5.6015625, -5), 'warning': '', 'status': 'empty'}]
[94mcomment("Plan:")
[94mcomment("Place a furnace to smelt the ore we've mined") 
furnace_position = (ore_position[0], ore_position[1]+2)
place_entity('stone-furnace', position=furnace_position, direction=DOWN)
[91m2: Could not place stone-furnace at (-8, -3).  No stone furnace in inventory.
[91mburner-mining-drill at (-6, -9): out of fuel
Warning: burner-mining-drill at (-5, -7): out of fuel
[94mcomment("Plan:")
comment("Since we lack a stone furnace in our inventory, let's craft one") 
craft_item('stone-furnace', quantity=1)
[91m2: Failed to craft 1x stone-furnace because missing ingredient stone
[94mcomment("Plan:")
comment("We need stone to craft the stone furnace. Let's mine some.") 
move_to((ore_position[0], ore_position[1]), laying='transport-belt')
harvest_resource(ore_position, quantity=50)
move_to(nearest('stone'), laying='transport-belt')
harvest_resource(nearest('stone'), quantity=50)
[91m3: Could only harvest 3 at position (-8, -5)
[94mcomment("Plan:")
[91mburner-mining-drill at (-6, -9): out of fuel
Warning: burner-mining-drill at (-5, -7): the output is full
[94mcomment("Let's smelt the 3 ore to make iron plates. We need a total of 5 iron plates to craft the stone furnace we need.") 
insert_item('iron-ore', target_position=furnace_position, quantity=3)
set_entity_recipe(furnace_position, recipe='iron-plate')
time_passed = 0
while time_passed < 5 :
    inspect_entities(radius=10)
    time_passed += 1
[91m1: No iron-ore to place
[94mcomment("Plan:")
comment("We need to find some iron-ore to begin the smelting process. Let's search the surroundings for it.") 
resources = inspect_resources()
iron_ore_positions = [pos for pos, res in resources.items() if res == "iron-ore"]
if len(iron_ore_positions) > 0:
    ore_position = iron_ore_positions[0]
    ore = resources[ore_position]
    comment(f"Found {ore} at {ore_position}")
    move_to((ore_position[0], ore_position[1]), laying='transport-belt')
    harvest_resource(ore_position, quantity=10)
    insert_item('iron-ore', target_position=furnace_position, quantity=3)
else:
    comment("Could not find any iron ore in the surroundings.")
[91mburner-mining-drill at (-6, -9): out of fuel
Warning: burner-mining-drill at (-5, -7): the output is full
[94mcomment("We have to collect more resources!") 
[94mcomment("Let's refuel the burner-mining-drill and empty its output.") 
entity_position = (burner_mining_drill_position[0], burner_mining_drill_position[1])
inventory = inspect_inventory()
[91m1: name 'burner mining drill position' is not defined
[94mcomment("Sorry that was an example. Let's replace that with the actual position of the burner mining drill.") 
[91mburner-mining-drill at (-6, -9): out of fuel
Warning: burner-mining-drill at (-5, -7): the output is full
[94mcomment("We have to collect more resources! Let's find more ore first.") 
iron_ore_positions = [ore['min_coordinates'] for ore in inspect_resources()['iron-ore']]
[91m1: iron-ore
[94mcomment("Move to the nearest iron-ore")
[94more_position = nearest(iron_ore_positions)
move_to(ore_position)
[91m0: 'list' object has no attribute 'replace'
[94mcomment("My mistake! I meant to assign the nearest iron-ore coordinates to `ore_position`.") 
ore_position = nearest(iron_ore_positions)
[91m1: 'list' object has no attribute 'replace'
[91mburner-mining-drill at (-6, -9): out of fuel
Warning: burner-mining-drill at (-5, -7): the output is full
[94mcomment("Now let's move closer to the ore position and place a burner mining drill there.") 
move_to(ore_position)
place_entity('burner-mining-drill', direction=DOWN, position=ore_position)
[91m2: Could not place burner-mining-drill at (-8, -5).  No burner mining drill in inventory.
[94mcomment("We need to craft a burner mining drill first, with iron plates and gears.") 
craft_item('burner-mining-drill', quantity=1)
[91m1: Failed to craft 1x burner-mining-drill because missing ingredient stone
[94mcomment("Oops, looks like we need some stone to create the burner-mining-drill.") 
stone_positions = resources['stone']
stone_position = nearest(stone_positions)
harvest_resource(stone_position)
craft_item('burner-mining-drill', quantity=1)
[91m2: 'list' object has no attribute 'replace'
[91mburner-mining-drill at (-6, -9): out of fuel
Warning: burner-mining-drill at (-5, -7): the output is full
