[94mcomment("First, I will inspect the resources and entities around me to plan my next moves")
inspect_resources()
inspect_entities()
[92m1: {'water': [{'size': 900, 'min_coordinates': (-18, -50), 'max_coordinates': (31, -33)}], 'coal': [{'size': 100, 'min_coordinates': (-17, -14), 'max_coordinates': (-8, -5)}], 'iron_ore': [{'size': 100, 'min_coordinates': (22, -14), 'max_coordinates': (31, -5)}], 'stone': [{'size': 100, 'min_coordinates': (-17, 6), 'max_coordinates': (-8, 15)}], 'copper_ore': [{'size': 100, 'min_coordinates': (22, 6), 'max_coordinates': (31, 15)}], 'uranium_ore': [{'size': 100, 'min_coordinates': (22, 26), 'max_coordinates': (31, 35)}]}
2: [{'type': 'burner_mining_drill', 'position': (-7, -5), 'warning': 'The entity is out of fuel. The mining drill is waiting for space in destination', 'status': 'empty'}, {'type': 'player_character', 'position': (0, 0), 'warning': '', 'status': 'empty'}]
[94mcomment("Next I will move to the ore location and place a mining drill to extract the ore")
move_to(ore)
entity_position = place_entity('burner-mining-drill', direction=RIGHT, exact=False, position=ore)
comment("After placing the mining drill, I will insert coal into the drill for fuel")
insert_item('coal', target_position=entity_position, quantity=1)
[91mError line 2: Could not place burner-mining-drill at (-8, -5).  No burner mining drill in inventory.
[91mWarning: burner-mining-drill at (-5, -7): out of fuel, the output is full
[94mcomment("Before I can place the mining drill, I need to craft one since it is not available in my inventory")
craft_item('burner-mining-drill')
[94mcomment("Now I can return to the ore patch and place a burner-mining-drill. I will use the existing one at (-5, -7) as a model")
move_to(ore)
place_entity_next_to('burner-mining-drill', reference_position=(-5, -7), direction=RIGHT, gap=2)
[92m2: (-2.30078125, -7)
[91mWarning: burner-mining-drill at (-5, -7): out of fuel, the output is full
[94mmove_to(ore)
model_entity = nearest('burner-mining-drill')
move_to(model_entity)
place_entity('burner-mining-drill', direction=RIGHT, exact=False, position=ore)
comment("Now that the drill is in place, I will insert coal for fuel and connect it to the nearest stone furnace.") 
insert_item('coal', target_position=nearest('burner-mining-drill'), quantity=1)
furnace_position = nearest('stone-furnace')
connect_entities(source_position=entity_position, target_position=furnace_position, connection_type='inserter')
[91mError line 3: Could not place burner-mining-drill at (-8, -5).  No burner mining drill in inventory.
[91mWarning: burner-mining-drill at (-5, -7): out of fuel, the output is full
Warning: burner-mining-drill at (-7, -2): out of fuel
[94mcomment("I need to insert coal into the mining drill's burner fuel slot so it can extract ore from the ore patch.")
coal = inspect_inventory().get('coal')
if coal is not None and coal['quantity'] > 0:
    insert_item('coal', target_position=model_entity, quantity=1)
else:
    nearest_chest = nearest('iron-chest')
    nearest_coal = extract_item('coal', source_position=nearest_chest)
    insert_item('coal', target_position=model_entity, quantity=1) if nearest_coal is not None else comment('No coal in nearby chests.')
[91mError line 2: 'int' object is not subscriptable
[91mWarning: burner-mining-drill at (-5, -7): out of fuel, the output is full
Warning: burner-mining-drill at (-7, -2): out of fuel
[94mcomment("I need to insert coal into the mining drill's burner fuel slot so it can extract ore from the ore patch.")
inventory = inspect_inventory()
coal = inventory.get('coal')
if coal is not None and coal['quantity'] > 0:
    insert_item('coal', target_position=model_entity, quantity=1)
    comment("Coal inserted into the mining drill's burner fuel slot.")
[91mError line 3: 'int' object is not subscriptable
[94mcomment("I need to insert coal into the mining drill's burner fuel slot so it can extract ore from the ore patch.")
inventory = inspect_inventory()
coal_inventory = inventory.get('coal')
[91mWarning: burner-mining-drill at (-5, -7): out of fuel, the output is full
Warning: burner-mining-drill at (-7, -2): out of fuel
[94mcomment("I need to insert coal into the mining drill's burner fuel slot so it can extract ore from the ore patch.")
inventory = inspect_inventory()
coal_inventory = inventory.get('coal')
if coal_inventory is not None and coal_inventory > 0:
    mining_drill = nearest('burner-mining-drill')
    insert_item('coal', target_position=mining_drill, quantity=1)
[94mcomment("Now I need to extract ore from the ore patch using the burner mining drill")
mining_drill = nearest('burner-mining-drill')
harvest_resource(mining_drill, quantity=10)
[91mError line 2: Could only harvest 9 at position (-7, -5)
[91mWarning: burner-mining-drill at (-5, -7): out of fuel, the output is full
Warning: burner-mining-drill at (-7, -2): out of fuel
[94mcomment("It looks like the burner mining drill ran out of fuel again. Let me try to refuel.") 
inventory = inspect_inventory()
coal_inventory = inventory.get('coal')
if coal_inventory is not None and coal_inventory > 0:
    mining_drill = nearest('burner-mining-drill')
    insert_item('coal', target_position=mining_drill, quantity=1)
    harvest_resource(mining_drill, quantity=10)
else:
    comment("I don't have coal in my inventory to refuel the burner mining drill.")
[91mError line 3: Could only harvest 9 at position (-7, -5)
[94mcomment("It looks like the burner mining drill ran out of fuel again. Let me try to refuel.") 
inventory = inspect_inventory()
coal_inventory = inventory.get('coal')
if coal_inventory is not None and coal_inventory > 0:
    mining_drill = nearest('burner-mining-drill')
    insert_item('coal', target_position=mining_drill, quantity=1)
    harvest_resource(mining_drill, quantity=10)
[91mError line 3: Could only harvest 9 at position (-7, -5)
[91mWarning: burner-mining-drill at (-5, -7): the output is full
Warning: burner-mining-drill at (-7, -2): out of fuel
[94mcomment("It looks like the burner mining drill output is full Hence we needs to start smelting the ore")
ore_position = (-7, -5)
inventory = inspect_inventory()
iron_ore = inventory.get('iron-ore')
if iron_ore is not None and iron_ore >= 2:
    furnace_position = nearest('stone-furnace', ore_position)
    for i in range(2):
        insert_item('iron-ore', target_position=furnace_position, quantity=1)
    set_entity_recipe(furnace_position, recipe='iron-plate')    # Start smelting the iron ore
else:
    harvest_resource(ore_position, quantity=2)    # Collect more iron ore for smelting the plate
    iron_ore_harvested = 9 - iron_ore    # Smelt only 9 iron plates at once
    for i in range(iron_ore_harvested):
        insert_item('
[91mThe provided code is not syntactically valid Python. Only write valid python.
[94mcomment("Let's move to the smelting area")
smelter_position = (5,5)
move_to(smelter_position)
comment("We will now place a stone furnace")
place_entity('stone-furnace', direction=LEFT, exact=False, position=smelter_position)
[91mError line 4: Could not place stone-furnace at (5, 5).  No stone furnace in inventory.
[91mWarning: burner-mining-drill at (-5, -7): the output is full
Warning: burner-mining-drill at (-7, -2): out of fuel
[94mcomment("We will now craft the stone furnace to start smelting.")
craft_item('stone-furnace', quantity=1)
inventory = inspect_inventory()
furnace_inventory = inventory.get('stone-furnace')
if furnace_inventory is not None and furnace_inventory > 0:
    comment("Let's move to the smelting area")
    move_to(smelter_position)
    comment("We will now place a stone furnace")
    place_entity('stone-furnace', direction=LEFT, exact=False, position=smelter_position)
[91mError line 1: Failed to craft 1x stone-furnace because missing ingredient stone
[94mcomment("It looks like we don't have enough iron plates to make a stone furnace. Let's check the inventory.")
inventory = inspect_inventory()
iron_inventory = inventory.get('iron-plate')
if iron_inventory is not None and iron_inventory >= 5:
    comment("We have enough iron plates to craft a stone furnace.")
    craft_item('stone-furnace', quantity=1)
else:
    comment("We don't have enough iron plates. Let's try to mine some more.")
    move_to(mining_drill)
    harvest_resource(mining_drill, quantity=10)
    move_to(smelter_position)
    craft_item('stone-furnace', quantity=1)
[91mError line 3: Failed to craft 1x stone-furnace because missing ingredient stone
[91mWarning: burner-mining-drill at (-5, -7): the output is full
Warning: burner-mining-drill at (-7, -2): out of fuel
[94mcomment("We don't have enough iron-plataes. Let's mine some ore.")
ore_position = nearest('iron-ore')
if ore_position is not None:
    move_to(ore_position)
    harvest_resource(ore_position, quantity=5)
    smelt_item('iron-ore', quantity=5)
else:
    comment("Couldn't find iron ore nearby.")
[91mError line 2: name 'smelt item' is not defined
[94mcomment("Sorry about that. Let's gather the resources from the mining drill first and then smelt the iron ore.")
coal_inventory = inventory.get('coal')
if coal_inventory is not None and coal_inventory >= 2:
    comment("We have coal. Let's fuel up the mining drill.")
    insert_item('coal', target_position=mining_drill, quantity=2)
else:
    comment("We don't have any coal for the drill. Let's gather some.")
    coal_position = nearest('coal')
    if coal_position is not None:
        move_to(coal_position)
        pickup_entity('coal', coal_position)
        move_to(mining_drill)
        insert_item('coal', target_position=mining_drill, quantity=2)
        
ore_inventory = inspect_resources().get('iron-ore')
if ore_inventory is not None and ore_inventory >= 5:
    comment("We have enough iron ore. Let's smelt it.")
[91mWarning: burner-mining-drill at (-5, -7): the output is full
Warning: burner-mining-drill at (-7, -2): out of fuel
[94more_position = nearest('iron-ore')
if ore_position is not None:
    move_to(ore_position)
    harvest_resource(ore_position, quantity=5) # Mine 5 iron ores
    smelter_position = (5, 5) # update smelter_position variable to current position
    move_to(smelter_position)
    smelt_item('iron-ore', 'iron-plate', 5) # Smelt 5 iron ores into 5 iron plates
