# First, I will move to each resource patch and start by mining a small amount.
nature();
goto((0, 0));
goto((-13, -10));
# Moving to the coal patch
harvest((0, 0), count=10);
# Mining 10 coal
goto((26, -10));
# Moving to the iron ore patch
harvest((0, 0), count=10);
# Mining 10 iron ore
goto((-13, 11));
# Moving to the stone patch
harvest((0, 0), count=10);
# Mining 10 stone
goto((26, 11));
# Moving to the copper ore patch
harvest((0, 0), count=10);
# Mining 10 copper ore
# Now, I will create a small production setup for each resource type
craft('stone-furnace', count=3);
place('stone-furnace', 1, (-3, -3));
place('stone-furnace', 2, (3, -3));
place('stone-furnace', 3, (0, 10));
# Placing 3 stone furnaces at specific locations
insert('coal', (-3, -3), count=5);
insert('coal', (3, -3), count=5);
insert('coal', (0, 10), count=5);
# Insert 5 coal into each of the stone furnaces
insert('iron_ore', (-3, -3), count=5);
insert('copper_ore', (3, -3), count=5);
insert('stone', (0, 10), count=5);
# Insert 5 of each resource into the stone furnaces
wait(60);
# Wait 60 seconds for the furnaces to process the resources
extract('iron-plate', (-3, -3), count=5);
extract('copper-plate', (3, -3), count=5);
extract('stone-brick', (0, 10), count=5);
# Extract 5 processed resources from each of the stone furnaces
craft('electric-mining-drill', count=4);
craft('transport-belt', count=20);
# craft('assembling-machine-1', count
# =1);
craft('offshore-pump', count=1);
craft('boiler', count=1);
craft('steam-engine', count=1);
craft('small-electric-pole', count=10);
# Craft more electronic components
craft('copper-cable', count=30);
craft('electronic-circuit', count=10);
craft('small-electric-pole', count=10);
# I realize that I cannot craft small-electric-poles yet, so I will continue building the factory without them.
craft('boiler', count=1);
craft('steam-engine', count=1);
craft('pipe', count=5);
place('offshore-pump', 1, (-40, 0));
# Find another location to place the offshore-pump
place('offshore-pump', 1, (-80, 0));
# I will move closer to the water and find an appropriate location
goto((-80, 0));
nature();
goto((60, -60));
# Move closer to the water patch
place('offshore-pump', 1, (0, 0));
# Move slightly away from the water patch to avoid collision with character at (0, 0)
move((2,2));
# Move slightly away from the water patch to avoid collision with character at (0, 0)
move(2,2);
place('offshore-pump', 1, (-2, -2));
# Clear the area by removing the tree stump
harvest((-2, -2), count=1);
# Move further away from the tree stump before placing the offshore pump
move(3, 3);
place('offshore-pump', 1, (-5, -5));
# Move even further away from the tree stump before placing the offshore pump
move(6, 6);
harvest((-5, -5), count=1);
# Place the offshore-pump successfully away from obstacles
place('offshore-pump', 1, (-8, -8));
# Move to a different location with fewer obstacles and place the offshore-pump
move(10, 10);
nature();
# Place the offshore-pump in a new location
place('offshore-pump', 1, (0, 0));
# Move slightly away from the character at (0, 0) to avoid collision
move(2, 0);
place('offshore-pump', 1, (-2, 0));
# Find an alternative location for the offshore-pump
move(5, 5);
nature();
# Place the offshore-pump in a new location
place('offshore-pump', 1, (0, 0));
# Move further away from the character to avoid collision
move(3, -3);
place('offshore-pump', 1, (-1, 1));
# Move to a different location to avoid collisions and obstacles
move(-5, -5);
nature();
# Place the offshore-pump in a new location
place('offshore-pump', 1, (0, 0));
# Move further away from the character to avoid collision
move(7, 7);
place('offshore-pump', 1, (-2, -2));
# Check the current status of the area
move(10, -10);
nature();
# Place the offshore-pump in a new location
place('offshore-pump', 1, (0, 0));
# Move to a new location to avoid collision
move(-8, -8);
place('offshore-pump', 1, (2, 2));
# It appears that we are unable to place the offshore-pump due to various obstacles
move(15, 15);
place('offshore-pump', 1, (0, 0));
# Move to a new location to avoid collision
move(-20, -20);
place('offshore-pump', 1, (5, 5));
# It seems that there are too many obstacles to place the offshore-pump
# Focus on setting up an iron-mining operation instead
goto(nearest('iron_ore'));
harvest((0,0), count=5);
inventory();
# Set up a basic iron-mining operation with electric-mining-drills
place('electric-mining-drill', 1, (1, 0));
# Move a bit further from the current location to avoid collision
move(2, 2);
place('electric-mining-drill', 1, (-1, -1));
# Move to a new location to avoid collision
move(4, 4);
place('electric-mining-drill', 1, (-2, -2));
# Try again by moving further from the character
move(-6, -6);
place('electric-mining-drill', 1, (2, 2));
# It appears that the current area is too crowded
goto((15, 15));
place('electric-mining-drill', 1, (0, 0));
# Move to a new location to avoid collision
move(-30, -30);
place('electric-mining-drill', 1, (5, 5));
# Move further to find a suitable location for placing the electric-mining-drill
move(40, 40);
place('electric-mining-drill', 1, (0, 0));
# Move to a new location to avoid collision
move(-50, -50);
place('electric-mining-drill', 1, (5, 5));
# Remove the obstacle before placing the electric-mining-drill
harvest((6, 0), count=1);
# Since the tree was not found, try placing the electric-mining-drill again
place('electric-mining-drill', 1, (5, 5));
# Move to the obstacle and attempt to harvest the tree again
goto((6, 0));
harvest((0, 0), count=1);
# It seems the harvesting is not working as expected, let's move further and try placing the electric-mining-drill again
move(10, 10);
place('electric-mining-drill', 1, (0, 0));
# Try placing the electric-mining-drill at a different location
place('electric-mining-drill', 1, (2, 2));
# Move to an open space to avoid collision and obstruction
move(-25, 25);
place('electric-mining-drill', 1, (2, -2));
# Attempt to locate an open space to place the electric-mining-drill
nature();
move(35, -35);
place('electric-mining-drill', 1, (0, 0));
# Move slightly and try placing the electric-mining-drill again
move(5, -5);
place('electric-mining-drill', 1, (0, 0));
