comment("Inspect resources and landscape around")
resources = inspect_resources()
comment("Locate the nearest coal deposit")
coal = nearest('coal')
comment("Move to the coal deposit location")
move_to(coal)
comment("Place a burner-mining-drill at the coal location")
place_entity('burner-mining-drill', direction=RIGHT, exact=False, position=coal)
comment("Inspect inventory to check for available resources")
inventory = inspect_inventory()
print(inventory)
comment("Craft and place a new burner-mining-drill")
craft_item('burner-mining-drill', quantity=1)
place_entity('burner-mining-drill', direction=RIGHT, exact=False, position=coal)
comment("Craft a burner-mining-drill")
craft_item('burner-mining-drill', quantity=1)
comment("Locate the nearest stone deposit")
stone = nearest('stone')
comment("Move to the stone deposit")
move_to(stone)
comment("Harvest 10 stone to craft a burner-mining-drill")
harvest_resource(stone, quantity=10)
comment("Harvest 1 more stone to have enough for a burner-mining-drill")
harvest_resource(next_to(stone), quantity=1)
comment("Find a neighboring position of the stone and harvest 1 more stone")
neighbor = (stone[0] + 1, stone[1])
harvest_resource(neighbor, quantity=1)
comment("Define a function to find a neighboring position")
def neighboring_position(position, dx=1, dy=1):
    return (position[0] + dx, position[1] + dy)
comment("Find a neighboring position of the stone and harvest 1 more stone")
neighboring_pos = neighboring_position(stone)
harvest_resource(neighboring_pos, quantity=1)
comment("Harvest 1 more stone from a neighboring position")
harvest_resource(neighboring_position(stone), quantity=1)
comment("Craft a burner-mining-drill and place it next to the stone")
craft_item('burner-mining-drill', quantity=1)
move_to(neighbor)
stone_drill_position = place_entity('burner-mining-drill', direction=DOWN, exact=False, position=neighbor)
comment("Craft a burner-mining-drill")
craft_item('burner-mining-drill', quantity=1)
comment("Place the burner-mining-drill next to the stone")
position = place_entity_next_to('burner-mining-drill', reference_position=stone, direction=LEFT, gap=1)
comment("Refuel the burner-mining-drills that are out of fuel")
mining_drills = inspect_entities(20, 'burner-mining-drill')
out_of_fuel_drills = [drill for drill in mining_drills if drill['fuel'] == 0]
comment("Refuel the burner-mining-drills that are out of fuel, ignoring 'fuel' key error")
comment("Refuel the burner-mining-drills that are out of fuel and are producing warning messages")
out_of_fuel_drills = [
    {'position': (-6, -9)},
    {'position': (-5, -7)},
    {'position': (6, -10)},
    {'position': (6, -7)}
]
out_of_fuel_drills = [(-6, -9), (-5, -7), (6, -10), (6, -7)]
comment("Refuel the burner-mining-drills at the specified positions")
coal_position = nearest('coal')
move_to(coal_position)
harvest_resource(coal_position, quantity=20)
comment("Refuel the first burner-mining-drill")
move_to(out_of_fuel_drills[0])
insert_item('coal', target_position=out_of_fuel_drills[0], quantity=3)
move_to((-6, -9))
insert_item('coal', target_position=(-6, -9), quantity=3)
comment("Refuel the second burner-mining-drill")
move_to((-5, -7))
insert_item('coal', target_position=(-5, -7), quantity=3)
insert_item('coal', target_position=(-5, -7), quantity=3)
comment("Refuel the third and fourth burner-mining-drills")
move_to((6, -10))
insert_item('coal', target_position=(6, -10), quantity=3)
move_to((-6, -9))
insert_item('coal', target_position=(-6, -9), quantity=3)
move_to((-5, -7))
insert_item('coal', target_position=(-5, -7), quantity=3)
comment("Refuel the last two burner-mining-drills")
move_to((6, -10))
insert_item('coal', target_position=(6, -10), quantity=3)
comment("Correct the coordinates")
move_to((-6, 9))
insert_item('coal', target_position=(-6, 9), quantity=3)
move_to((6, -7))
insert_item('coal', target_position=(6, -7), quantity=3)
comment("Correct the coordinates")
move_to((-6, 9))
insert_item('coal', target_position=(-6, 9), quantity=3)
move_to((-9, 6))
insert_item('coal', target_position=(-9, 6), quantity=3)
comment("Find the nearest empty furnace to insert ores into")
nearest_empty_furnace_position = nearest('stone-furnace', filter='empty')
move_to(nearest_empty_furlnace_position)
pickup_entity('iron-ore', (-7, 6))
insert_item('iron-ore', target_position=nearest_empty_furlnace_position, quantity=None)
comment("Find the position of the nearest coal patch and move there.")
nearest_coal_position = nearest('coal')
move_to(nearest_coal_position)
comment("Place a burner-mining-drill on the coal patch to fuel other drills.")
place_entity('burner-mining-drill', direction=LEFT, exact=False, position=nearest_coal_position)
comment("Move to the nearest drill that's waiting for space in destination.")
nearest_waiting_drill = nearest('burner-mining-drill', filter='waiting for space in destination')
move_to(nearest_waiting_drill)
comment("Clear the blocked space in front of the drill by picking up the resource.")
pickup_entity('item_on_ground', nearest_waiting_drill)
comment("Update the target position for picking up the item")
blocked_space_position = (nearest_waiting_drill[0] + 1, nearest_waiting_drill[1])
pickup_entity('item_on_ground', blocked_space_position)
comment("Identify the correct coordinates for the blocked space in front of the drill")
nearest_drill_coordinates = {-9: (-7.703125, -6.49609375), -5: (-7.5, -6.296875), 6: (-8.703125, 5.50390625), -6: (-6.50390625, 7.296875)}
blocked_space_position = nearest_drill_coordinates[nearest_waiting_drill[0]]

pickup_entity('item_on_ground', blocked_space_position)
