[94mcomment("Inspect resources and landscape around")
resources = inspect_resources()
[94mcomment("Locate the nearest coal deposit")
coal = nearest('coal')
[94mcomment("Move to the coal deposit location")
move_to(coal)
[94mcomment("Place a burner-mining-drill at the coal location")
place_entity('burner-mining-drill', direction=RIGHT, exact=False, position=coal)
[91mError line 1: Could not place burner-mining-drill at (-8, -5).  No burner mining drill in inventory.
[91mWarning: burner-mining-drill at (-5, -7): out of fuel, waiting for space in destination as (-7.5, -6.296875) is blocked
[94mcomment("Inspect inventory to check for available resources")
inventory = inspect_inventory()
print(inventory)
[94mcomment("Craft and place a new burner-mining-drill")
craft_item('burner-mining-drill', quantity=1)
place_entity('burner-mining-drill', direction=RIGHT, exact=False, position=coal)
[92m2: (-9, -6)
[91mWarning: burner-mining-drill at (-5, -7): out of fuel, waiting for space in destination as (-7.5, -6.296875) is blocked
[94mcomment("Craft a burner-mining-drill")
craft_item('burner-mining-drill', quantity=1)
[91mError line 1: Failed to craft 1x burner-mining-drill because missing ingredient stone
[94mcomment("Locate the nearest stone deposit")
stone = nearest('stone')
[94mcomment("Move to the stone deposit")
move_to(stone)
[94mcomment("Harvest 10 stone to craft a burner-mining-drill")
harvest_resource(stone, quantity=10)
[91mError line 1: Could only harvest 9 at position (-8, 6)
[91mWarning: burner-mining-drill at (-6, -9): out of fuel, waiting for space in destination as (-7.703125, -6.49609375) is blocked
Warning: burner-mining-drill at (-5, -7): out of fuel, waiting for space in destination as (-7.5, -6.296875) is blocked
[94mcomment("Harvest 1 more stone to have enough for a burner-mining-drill")
harvest_resource(next_to(stone), quantity=1)
[91mError line 1: name 'next to' is not defined
[94mcomment("Find a neighboring position of the stone and harvest 1 more stone")
neighbor = (stone[0] + 1, stone[1])
harvest_resource(neighbor, quantity=1)
[91mWarning: burner-mining-drill at (-6, -9): out of fuel, waiting for space in destination as (-7.703125, -6.49609375) is blocked
Warning: burner-mining-drill at (-5, -7): out of fuel, waiting for space in destination as (-7.5, -6.296875) is blocked
[94mcomment("Define a function to find a neighboring position")
def neighboring_position(position, dx=1, dy=1):
    return (position[0] + dx, position[1] + dy)
[94mcomment("Find a neighboring position of the stone and harvest 1 more stone")
neighboring_pos = neighboring_position(stone)
harvest_resource(neighboring_pos, quantity=1)
[91mWarning: burner-mining-drill at (-6, -9): out of fuel, waiting for space in destination as (-7.703125, -6.49609375) is blocked
Warning: burner-mining-drill at (-5, -7): out of fuel, waiting for space in destination as (-7.5, -6.296875) is blocked
[94mcomment("Harvest 1 more stone from a neighboring position")
harvest_resource(neighboring_position(stone), quantity=1)
[94mcomment("Craft a burner-mining-drill and place it next to the stone")
craft_item('burner-mining-drill', quantity=1)
move_to(neighbor)
stone_drill_position = place_entity('burner-mining-drill', direction=DOWN, exact=False, position=neighbor)
[91mWarning: burner-mining-drill at (-6, -9): out of fuel, waiting for space in destination as (-7.703125, -6.49609375) is blocked
Warning: burner-mining-drill at (-5, -7): out of fuel, waiting for space in destination as (-7.5, -6.296875) is blocked
[94mcomment("Craft a burner-mining-drill")
craft_item('burner-mining-drill', quantity=1)
[94mcomment("Place the burner-mining-drill next to the stone")
[94mposition = place_entity_next_to('burner-mining-drill', reference_position=stone, direction=LEFT, gap=1)
[91mWarning: burner-mining-drill at (-6, -9): out of fuel, waiting for space in destination as (-7.703125, -6.49609375) is blocked
Warning: burner-mining-drill at (-5, -7): out of fuel, waiting for space in destination as (-7.5, -6.296875) is blocked
Warning: burner-mining-drill at (6, -7): out of fuel
[94mcomment("Refuel the burner-mining-drills that are out of fuel")
[94mmining_drills = inspect_entities(20, 'burner-mining-drill')
out_of_fuel_drills = [drill for drill in mining_drills if drill['fuel'] == 0]
[91mError line 1: fuel
[94mcomment("Refuel the burner-mining-drills that are out of fuel, ignoring 'fuel' key error")
[91mWarning: burner-mining-drill at (-6, -9): out of fuel, waiting for space in destination as (-7.703125, -6.49609375) is blocked
Warning: burner-mining-drill at (-5, -7): out of fuel, waiting for space in destination as (-7.5, -6.296875) is blocked
Warning: burner-mining-drill at (6, -10): out of fuel
Warning: burner-mining-drill at (6, -7): out of fuel
[94mcomment("Refuel the burner-mining-drills that are out of fuel and are producing warning messages")
[94mout_of_fuel_drills = [
    {'position': (-6, -9)},
    {'position': (-5, -7)},
    {'position': (6, -10)},
    {'position': (6, -7)}
]
[91mWarning: burner-mining-drill at (-6, -9): out of fuel, waiting for space in destination as (-7.703125, -6.49609375) is blocked
Warning: burner-mining-drill at (-5, -7): out of fuel, waiting for space in destination as (-7.5, -6.296875) is blocked
Warning: burner-mining-drill at (6, -10): out of fuel
Warning: burner-mining-drill at (6, -7): out of fuel
[94mout_of_fuel_drills = [(-6, -9), (-5, -7), (6, -10), (6, -7)]
[94mcomment("Refuel the burner-mining-drills at the specified positions")
[94mcoal_position = nearest('coal')
move_to(coal_position)
harvest_resource(coal_position, quantity=20)
[91mError line 2: Could only harvest 13 at position (-8, -5)
[91mWarning: burner-mining-drill at (-6, -9): out of fuel, waiting for space in destination as (-7.703125, -6.49609375) is blocked
Warning: burner-mining-drill at (-5, -7): out of fuel, waiting for space in destination as (-7.5, -6.296875) is blocked
Warning: burner-mining-drill at (6, -10): out of fuel
Warning: burner-mining-drill at (6, -7): out of fuel
[94mcomment("Refuel the first burner-mining-drill")
move_to(out_of_fuel_drills[0])
insert_item('coal', target_position=out_of_fuel_drills[0], quantity=3)
[91mWarning: burner-mining-drill at (-6, -9): out of fuel, waiting for space in destination as (-7.703125, -6.49609375) is blocked
Warning: burner-mining-drill at (-5, -7): out of fuel, waiting for space in destination as (-7.5, -6.296875) is blocked
Warning: burner-mining-drill at (6, -10): out of fuel
Warning: burner-mining-drill at (6, -7): out of fuel
[94mmove_to((-6, -9))
insert_item('coal', target_position=(-6, -9), quantity=3)
[94mcomment("Refuel the second burner-mining-drill")
[94mmove_to((-5, -7))
insert_item('coal', target_position=(-5, -7), quantity=3)
[91mWarning: burner-mining-drill at (-6, -9): out of fuel, waiting for space in destination as (-7.703125, -6.49609375) is blocked
Warning: burner-mining-drill at (-5, -7): waiting for space in destination as (-7.5, -6.296875) is blocked
Warning: burner-mining-drill at (6, -10): out of fuel
Warning: burner-mining-drill at (6, -7): out of fuel
[94minsert_item('coal', target_position=(-5, -7), quantity=3)
[94mcomment("Refuel the third and fourth burner-mining-drills")
[94mmove_to((6, -10))
insert_item('coal', target_position=(6, -10), quantity=3)
[91mError line 1: Could not find a nearby entity to insert into.
[91mWarning: burner-mining-drill at (-6, -9): out of fuel, waiting for space in destination as (-7.703125, -6.49609375) is blocked
Warning: burner-mining-drill at (-5, -7): waiting for space in destination as (-7.5, -6.296875) is blocked
Warning: burner-mining-drill at (6, -10): out of fuel
Warning: burner-mining-drill at (6, -7): out of fuel
[94mmove_to((-6, -9))
insert_item('coal', target_position=(-6, -9), quantity=3)
[94mmove_to((-5, -7))
insert_item('coal', target_position=(-5, -7), quantity=3)
[94mcomment("Refuel the last two burner-mining-drills")
[91mWarning: burner-mining-drill at (-6, -9): out of fuel, waiting for space in destination as (-7.703125, -6.49609375) is blocked
Warning: burner-mining-drill at (-5, -7): waiting for space in destination as (-7.5, -6.296875) is blocked
Warning: burner-mining-drill at (6, -10): out of fuel
Warning: burner-mining-drill at (6, -7): out of fuel
[94mmove_to((6, -10))
insert_item('coal', target_position=(6, -10), quantity=3)
[91mError line 1: Could not find a nearby entity to insert into.
[94mcomment("Correct the coordinates")
[94mmove_to((-6, 9))
insert_item('coal', target_position=(-6, 9), quantity=3)
[91mWarning: burner-mining-drill at (-6, -9): out of fuel, waiting for space in destination as (-7.703125, -6.49609375) is blocked
Warning: burner-mining-drill at (-5, -7): waiting for space in destination as (-7.5, -6.296875) is blocked
Warning: burner-mining-drill at (6, -10): out of fuel
Warning: burner-mining-drill at (6, -7): out of fuel
[94mmove_to((6, -7))
insert_item('coal', target_position=(6, -7), quantity=3)
[91mError line 1: Could not find a nearby entity to insert into.
[94mcomment("Correct the coordinates")
[94mmove_to((-6, 9))
insert_item('coal', target_position=(-6, 9), quantity=3)
[91mWarning: burner-mining-drill at (-6, -9): out of fuel, waiting for space in destination as (-7.703125, -6.49609375) is blocked
Warning: burner-mining-drill at (-5, -7): waiting for space in destination as (-7.5, -6.296875) is blocked
Warning: burner-mining-drill at (6, -10): out of fuel
[94mmove_to((-9, 6))
insert_item('coal', target_position=(-9, 6), quantity=3)
[91mWarning: burner-mining-drill at (6, -7): waiting for space in destination as (-6.50390625, 7.296875) is blocked
[94mcomment("Find the nearest empty furnace to insert ores into")
[94mnearest_empty_furnace_position = nearest('stone-furnace', filter='empty')
move_to(nearest_empty_furlnace_position)
pickup_entity('iron-ore', (-7, 6))
insert_item('iron-ore', target_position=nearest_empty_furlnace_position, quantity=None)
[91mError line 0: No stone-furnace found on the map
[91mWarning: burner-mining-drill at (-6, -9): out of fuel, waiting for space in destination as (-7.703125, -6.49609375) is blocked
Warning: burner-mining-drill at (-5, -7): waiting for space in destination as (-7.5, -6.296875) is blocked
Warning: burner-mining-drill at (6, -10): out of fuel
Warning: burner-mining-drill at (6, -7): waiting for space in destination as (-6.50390625, 7.296875) is blocked
[94mcomment("Find the position of the nearest coal patch and move there.")
[94mnearest_coal_position = nearest('coal')
move_to(nearest_coal_position)
[94mcomment("Place a burner-mining-drill on the coal patch to fuel other drills.")
[94mplace_entity('burner-mining-drill', direction=LEFT, exact=False, position=nearest_coal_position)
[91mError line 0: Could not place burner-mining-drill at (-9, -5).  No burner mining drill in inventory.
[91mWarning: burner-mining-drill at (-6, -9): out of fuel, waiting for space in destination as (-7.703125, -6.49609375) is blocked
Warning: burner-mining-drill at (-5, -7): waiting for space in destination as (-7.5, -6.296875) is blocked
Warning: burner-mining-drill at (6, -10): waiting for space in destination as (-8.703125, 5.50390625) is blocked
Warning: burner-mining-drill at (6, -7): waiting for space in destination as (-6.50390625, 7.296875) is blocked
[94mcomment("Move to the nearest drill that's waiting for space in destination.")
[94mnearest_waiting_drill = nearest('burner-mining-drill', filter='waiting for space in destination')
move_to(nearest_waiting_drill)
[94mcomment("Clear the blocked space in front of the drill by picking up the resource.")
[91mWarning: burner-mining-drill at (-6, -9): out of fuel, waiting for space in destination as (-7.703125, -6.49609375) is blocked
Warning: burner-mining-drill at (-5, -7): waiting for space in destination as (-7.5, -6.296875) is blocked
Warning: burner-mining-drill at (6, -10): waiting for space in destination as (-8.703125, 5.50390625) is blocked
Warning: burner-mining-drill at (6, -7): waiting for space in destination as (-6.50390625, 7.296875) is blocked
[94mpickup_entity('item_on_ground', nearest_waiting_drill)
[91mError line 0: Could not pickup, did you intend to harvest?. 0
[94mcomment("Update the target position for picking up the item")
[94mblocked_space_position = (nearest_waiting_drill[0] + 1, nearest_waiting_drill[1])
pickup_entity('item_on_ground', blocked_space_position)
[91mError line 1: Could not pickup, did you intend to harvest?. 0
[91mWarning: burner-mining-drill at (-6, -9): out of fuel, waiting for space in destination as (-7.703125, -6.49609375) is blocked
Warning: burner-mining-drill at (-5, -7): waiting for space in destination as (-7.5, -6.296875) is blocked
Warning: burner-mining-drill at (6, -10): waiting for space in destination as (-8.703125, 5.50390625) is blocked
Warning: burner-mining-drill at (6, -7): waiting for space in destination as (-6.50390625, 7.296875) is blocked
[94mcomment("Identify the correct coordinates for the blocked space in front of the drill")
[94mnearest_drill_coordinates = {-9: (-7.703125, -6.49609375), -5: (-7.5, -6.296875), 6: (-8.703125, 5.50390625), -6: (-6.50390625, 7.296875)}
blocked_space_position = nearest_drill_coordinates[nearest_waiting_drill[0]]

pickup_entity('item_on_ground', blocked_space_position)
[91mError line 2: Could not pickup, did you intend to harvest?. 0
[91mWarning: burner-mining-drill at (-6, -9): out of fuel, waiting for space in destination as (-7.703125, -6.49609375) is blocked
Warning: burner-mining-drill at (-5, -7): waiting for space in destination as (-7.5, -6.296875) is blocked
Warning: burner-mining-drill at (6, -10): waiting for space in destination as (-8.703125, 5.50390625) is blocked
Warning: burner-mining-drill at (6, -7): waiting for space in destination as (-6.50390625, 7.296875) is blocked
