[94mcomment("First, let's observe the resources and landscape around me")
resources = inspect_resources()
[94mcomment("Next, I'll find the nearest coal patch and move to it")
coal_position = nearest('coal')
move_to(coal_position)
[94mcomment("Now, I'll place a burner-mining-drill on the coal patch")
place_entity('burner-mining-drill', direction=LEFT, exact=False, position=coal_position)
[92m1: (-8, -5)
[94mcomment("I'll check the entities around me to make sure the burner-mining-drill has been placed")
inspect_entities(5)
[92m1: [{'name': 'burner_mining_drill', 'position': (-8, -5), 'warning': 'The entity is out of fuel', 'status': 'empty'}, {'name': 'player_character', 'position': (-5.6015625, -5), 'warning': '', 'status': 'empty'}]
[94mcomment("Now, I'll set up a stone furnace for smelting")
furnace_position = (coal_position[0] + 3, coal_position[1])
move_to(furnace_position)
place_entity('stone-furnace', position=furnace_position)
[92m3: (-5, -5)
[91mWarning: burner-mining-drill at (-5, -8): out of fuel, no ingredients to smelt
[94mcomment("I need to refuel the burner-mining-drill and add ingredients to smelt")
[94mcomment("First, I'll pick up coal from the coal patch")
pickup_entity('coal', coal_position)
[91mError line 1: Could not pickup, did you intend to harvest?. 0
[94mcomment("Oops, I meant to harvest coal from the coal patch")
harvest_resource(coal_position, quantity=5)
[91mError line 1: Could not harvest at position (-8, -5), possibly out of reach?
[91mWarning: burner-mining-drill at (-5, -8): out of fuel, no ingredients to smelt
Warning: stone-furnace at (-5, -5): out of fuel, no ingredients to smelt
[94mcomment("I need to move closer to harvest the coal")
move_to(coal_position)
