[94mcomment("Basic setup")
[94mcomment("Let's begin by laying down a foundation for our factory")
[94mcomment("First, let's create a blueprint or a plan for our factory design.")
[94mcomment("Let's take a look at our natural resources and landscape around us.") 
resources = inspect_resources() 
comment(f"Our map contains the following natural resources: {resources}") 
[94mcomment("Now we need to create a mining setup to extract the ore at (-8, -5)") 
[94mcomment("First, let's move to the location of ore at (-8, -5)") 
move_to(ore) 
[91mWarning: burner-mining-drill at (-5, -7): out of fuel, waiting for space in destination as (-7.5, -6.296875) is blocked
[94mcomment("Before we can extract ore, we need to make sure that have a power source. We will start by setting up coal-fired boilers and steam engines for power generation")
[91mWarning: burner-mining-drill at (-5, -7): out of fuel, waiting for space in destination as (-7.5, -6.296875) is blocked
[94mcomment("Let's craft 10x transport-belt, 10x burner-mining-drill, 10x stone-furnace, 10x electric-mining-drill, 5x inserter, 5x medium-electric-pole, 5x steel-furnace, and 20x pipe") 
[94mcomment("We will start by placing a burner mining drill on the coal resource at (-17, -14)") 
move_to((-17, -14))
place_entity('burner-mining-drill', direction=DOWN, position=(-17, -14)) 
[91mError line 2: Could not place burner-mining-drill at (-17, -14).  No burner mining drill in inventory.
[91mWarning: burner-mining-drill at (-5, -7): out of fuel, waiting for space in destination as (-7.5, -6.296875) is blocked
[94mcomment("I apologize, I forgot to craft burner mining drill. Let's craft 1 burner mining drill and try to place it on (-17, -14) again") 
craft_item('burner-mining-drill', quantity=1)
move_to((-17, -14))
place_entity('burner-mining-drill', direction=DOWN, position=(-17, -14)) 
[92m3: (-17, -14)
[91mWarning: burner-mining-drill at (-5, -7): out of fuel, waiting for space in destination as (-7.5, -6.296875) is blocked
[94mcomment("Let's craft 1 burner mining drill") 
[94mcraft_item('burner-mining-drill', quantity=1)
[91mError line 0: Failed to craft 1x burner-mining-drill because missing ingredient stone
[94mcomment("It seems we need stone to craft a burner mining drill. Let's go nearby and mine some stone") 
[94mstone_position = nearest('stone')
move_to(stone_position)
harvest_resource(stone_position, quantity=10)
[94mcomment("Now let's craft 1 burner mining drill and place it on (-17, -14)") 
craft_item('burner-mining-drill', quantity=1)
move_to((-17, -14))
place_entity('burner-mining-drill', direction=DOWN, position=(-17, -14))
[92m3: (-17, -12)
[91mWarning: burner-mining-drill at (-14, -17): out of fuel
Warning: burner-mining-drill at (-5, -7): out of fuel, waiting for space in destination as (-7.5, -6.296875) is blocked
[94mcraft_item('burner-mining-drill', quantity=1) 
place_entity('burner-mining-drill', direction=DOWN, exact=False, position=(-17, -14))
[92m1: (-15, -13)
[94mcomment("Let's check to ensure the burner mining drill has been placed") 
[91mWarning: burner-mining-drill at (-14, -17): out of fuel
Warning: burner-mining-drill at (-12, -17): out of fuel
Warning: burner-mining-drill at (-5, -7): out of fuel, waiting for space in destination as (-7.5, -6.296875) is blocked
[94minspect_entities(5)
[92m0: [{'type': 'burner_mining_drill', 'position': (-17, -14), 'warning': 'The entity is out of fuel', 'status': 'empty'}, {'type': 'burner_mining_drill', 'position': (-15, -13), 'warning': 'The entity is out of fuel', 'status': 'empty'}, {'type': 'player_character', 'position': (-14.6015625, -14), 'warning': '', 'status': 'empty'}, {'type': 'burner_mining_drill', 'position': (-17, -12), 'warning': 'The entity is out of fuel', 'status': 'empty'}, {'type': 'burner_mining_drill', 'position': (-7, -5), 'warning': 'The entity is out of fuel. The mining drill is waiting for space in destination', 'status': 'empty'}]
[94mcomment("Looks like the mining drill has been placed. Let's now place a stone furnace close to miner at (-20, -14)") 
[94mplace_entity_next_to('stone-furnace', reference_position=(-17, -14), direction=LEFT, gap=1)
[92m0: (-19.3984375, -14)
[94mcomment("Great! We have placed the stone furnace. Now let's connect the mining drill to the stone furnace using an inserter")
[91mWarning: burner-mining-drill at (-13, -15): out of fuel
[94mconnect_entities(source_position=(-13,-15), target_position=(-16,-14), connection_type='inserter')
[91mError line 0: Source entity not found.
[91mWarning: burner-mining-drill at (-14, -17): out of fuel
Warning: burner-mining-drill at (-12, -17): out of fuel
Warning: burner-mining-drill at (-5, -7): out of fuel, waiting for space in destination as (-7.5, -6.296875) is blocked
[94mcomment("My mistake. Let's first check if mining drill has been placed near (-13, -15) and is operational")
[94minspect_entities(5)
[92m0: [{'type': 'stone_furnace', 'position': (-19, -14), 'warning': 'The entity is out of fuel. Lack of input material. Lack of fuel', 'status': 'empty'}, {'type': 'player_character', 'position': (-14.6015625, -14), 'warning': '', 'status': 'empty'}, {'type': 'burner_mining_drill', 'position': (-15, -13), 'warning': 'The entity is out of fuel', 'status': 'empty'}, {'type': 'burner_mining_drill', 'position': (-17, -12), 'warning': 'The entity is out of fuel', 'status': 'empty'}, {'type': 'burner_mining_drill', 'position': (-17, -14), 'warning': 'The entity is out of fuel', 'status': 'empty'}, {'type': 'burner_mining_drill', 'position': (-7, -5), 'warning': 'The entity is out of fuel. The mining drill is waiting for space in destination', 'status': 'empty'}]
[91mWarning: stone-furnace at (-14, -19): out of fuel
Warning: burner-mining-drill at (-13, -15): out of fuel
Warning: burner-mining-drill at (-14, -17): out of fuel
Warning: burner-mining-drill at (-12, -17): out of fuel
Warning: burner-mining-drill at (-5, -7): out of fuel, waiting for space in destination as (-7.5, -6.296875) is blocked
[94mcomment("Okay. So the drill is out of fuel, let's insert some coal from the inventory") 
[94mcomment("Insert 1 coal from your inventory into the nearest mining drill for fuel")
inventory = inspect_inventory()
if 'coal' in inventory and inventory['coal'] >= 1:
    coal_position = nearest('coal')
    move_to(coal_position)
    pickup_entity('coal', coal_position)
    target_position = nearest('burner-mining-drill')
    insert_item('coal', target_position=target_position, quantity=1)
else:
    comment("Sorry we do not have any coal in our inventory to refuel the burner-mining-drill.")
[91mError line 2: Could not pickup, did you intend to harvest?. 0
[91mWarning: stone-furnace at (-14, -19): out of fuel
Warning: burner-mining-drill at (-14, -17): out of fuel
Warning: burner-mining-drill at (-12, -17): out of fuel
Warning: burner-mining-drill at (-13, -15): out of fuel
Warning: burner-mining-drill at (-5, -7): out of fuel, waiting for space in destination as (-7.5, -6.296875) is blocked
[94mcomment("Let me fix my previous error by using 'harvest_resource()' instead of 'pickup_entity()'.")
harvest_resource(coal_position, quantity=1)
[94mcomment("Now that we have coal, we will insert it into the mining drill ")
insert_item('coal', target_position=nearest('burner-mining-drill'), quantity=1)
[94mcomment("Now that our burner-mining-drill has fuel, let's check its status")
inspect_entities(5)
[92m1: [{'type': 'stone_furnace', 'position': (-19, -14), 'warning': 'The entity is out of fuel. Lack of input material. Lack of fuel', 'status': 'empty'}, {'type': 'player_character', 'position': (-15, -14), 'warning': '', 'status': 'empty'}, {'type': 'burner_mining_drill', 'position': (-15, -13), 'warning': '', 'status': 'empty'}, {'type': 'burner_mining_drill', 'position': (-17, -12), 'warning': 'The entity is out of fuel', 'status': 'empty'}, {'type': 'burner_mining_drill', 'position': (-17, -14), 'warning': 'The entity is out of fuel', 'status': 'empty'}, {'type': 'burner_mining_drill', 'position': (-7, -5), 'warning': 'The entity is out of fuel. The mining drill is waiting for space in destination', 'status': 'empty'}]
[94mcomment("Let's set the furnace and mining drill to mine and smelt iron ore from position (22, -12)")
[91mWarning: stone-furnace at (-14, -19): out of fuel
Warning: burner-mining-drill at (-14, -17): out of fuel
Warning: burner-mining-drill at (-12, -17): out of fuel
Warning: burner-mining-drill at (-13, -15): out of fuel
Warning: burner-mining-drill at (-5, -7): out of fuel, waiting for space in destination as (-7.5, -6.296875) is blocked
[94mcomment("But before that we need to insert fuel to our furnace to start smelting")
insert_item('coal', target_position=nearest('stone-furnace'), quantity=1)
[94mcomment("Choosing iron ore position at (22,-12)")
ore = (22, -12)
comment("Moving to the iron ore position")
move_to(ore)
comment("Harvesting 3 iron ores")
harvest_resource(ore, quantity=3)
comment("Moving to the furnace and inserting the harvested ores")
move_to(stone_position)
insert_item('iron-ore', target_position=nearest('stone-furnace'), quantity=3)
comment("Checking the status of the furnace and mining drill")
inspect_entities(5)
[92m10: [{'type': 'stone_furnace', 'position': (-19, -14), 'warning': '', 'contents': {'iron-ore': 2}, 'status': 'not empty'}, {'type': 'burner_mining_drill', 'position': (-15, -13), 'warning': 'The mining drill is waiting for space in destination', 'status': 'empty'}, {'type': 'burner_mining_drill', 'position': (-7, -5), 'warning': 'The entity is out of fuel. The mining drill is waiting for space in destination', 'status': 'empty'}, {'type': 'burner_mining_drill', 'position': (-17, -12), 'warning': 'The entity is out of fuel', 'status': 'empty'}, {'type': 'burner_mining_drill', 'position': (-17, -14), 'warning': 'The entity is out of fuel', 'status': 'empty'}, {'type': 'player_character', 'position': (-15, 6), 'warning': '', 'status': 'empty'}]
[91mWarning: stone-furnace at (-14, -19): out of fuel
Warning: burner-mining-drill at (-14, -17): out of fuel
Warning: burner-mining-drill at (-12, -17): out of fuel
Warning: burner-mining-drill at (-13, -15): waiting for space in destination as (-14.50390625, -11.703125) is blocked
Warning: burner-mining-drill at (-5, -7): out of fuel, waiting for space in destination as (-7.5, -6.296875) is blocked
[94mcomment("Now, let's harvest 5 iron ore using the burner-mining-drill at position (22,-12)")
harvest_resource(ore, quantity=5)
[91mError line 1: Could not harvest at position (22, -12), possibly out of reach?
[94mcomment("It seems we are not in range of the ore. Let's move to the position first")
move_to(ore)
[94mcomment("Let's harvest 5 iron ore using the burner-mining-drill at position (22,-12) after moving to that position")
harvest_resource(ore, quantity=5)
[91mWarning: burner-mining-drill at (-14, -17): out of fuel
Warning: burner-mining-drill at (-12, -17): out of fuel
Warning: burner-mining-drill at (-13, -15): waiting for space in destination as (-14.50390625, -11.703125) is blocked
Warning: burner-mining-drill at (-5, -7): out of fuel, waiting for space in destination as (-7.5, -6.296875) is blocked
[94mmove_to(ore)
harvest_resource(ore, quantity=5)
[94mcomment("Now that we have 5 iron ore, let's craft 1 iron plate")
craft_item('iron-plate', quantity=1)
[94mcomment("Let's pick up some coal near (-15, -14)")
pickup_entity('coal', (-15, -14))
[91mError line 1: Could not pickup, did you intend to harvest?. 0
[94mcomment("It seems there is no coal at (-15, -14), let's find the nearest coal deposit and pick it up")
closest_coal = nearest('coal')
move_to(closest_coal)
pickup_entity('coal', closest_coal, quantity=50)
[91mError line 3: call  () got an unexpected keyword argument 'quantity'
[91mWarning: burner-mining-drill at (-14, -17): out of fuel
Warning: burner-mining-drill at (-12, -17): out of fuel
Warning: burner-mining-drill at (-13, -15): waiting for space in destination as (-14.50390625, -11.703125) is blocked
Warning: burner-mining-drill at (-5, -7): out of fuel, waiting for space in destination as (-7.5, -6.296875) is blocked
[94mcomment("It seems that we don't have enough coal to satisfy our needs, let's harvest more coal and craft furnace to automate our iron plate process.")
closest_coal = nearest('coal')
move_to(closest_coal)
harvest_resource(closest_coal, quantity=10)
craft_item('stone-furnace', quantity=1)
[91mError line 4: Failed to craft 1x stone-furnace because missing ingredient stone
[94mcomment("We seem to be out of stone, let's go and pick some up at (-15, 6)")
stone_position = (-15, 6)
move_to(stone_position)
pickup_entity('stone', stone_position, quantity=20)
[91mError line 3: call  () got an unexpected keyword argument 'quantity'
[91mWarning: burner-mining-drill at (-14, -17): out of fuel
Warning: burner-mining-drill at (-12, -17): out of fuel
Warning: burner-mining-drill at (-13, -15): waiting for space in destination as (-14.50390625, -11.703125) is blocked
Warning: burner-mining-drill at (-5, -7): out of fuel, waiting for space in destination as (-7.5, -6.296875) is blocked
[94mcomment("Ok, now let's move to our coal site at (-15,-14) and insert some coal into our burner drills.")
coal_position = (-15, -14)
move_to(coal_position)
insert_item('coal', target_position=nearest('burner-mining-drill'), quantity=1)
[94mcomment("Now let's move to our stone furnace with some coal and iron ores to smelt our iron plate.")
iron_ore_position = nearest('iron-ore')
move_to(iron_ore_position)
harvest_resource(iron_ore_position, quantity=10)
[91mError line 3: Could only harvest 6 at position (22, -14)
[91mWarning: burner-mining-drill at (-14, -17): out of fuel
Warning: burner-mining-drill at (-12, -17): out of fuel
Warning: burner-mining-drill at (-13, -15): waiting for space in destination as (-14.50390625, -11.703125) is blocked
Warning: burner-mining-drill at (-5, -7): out of fuel, waiting for space in destination as (-7.5, -6.296875) is blocked
[94mcomment("Ok, let's insert some coal into our miner drills and start our iron plate smelting.")
coal = inventory['coal']
if coal > 0:
    for entity in inspect_entities():
        if 'burner-mining-drill' in entity['name']:
            insert_item('coal', entity['position'], quantity=1)
    move_to(stone_position)
    craft_item('stone-furnace', quantity=1)
    furnace_position = place_entity_next_to('stone-furnace', furnace_position, DOWN, gap=1)
    connect_entities(source_position=nearest('burner-mining-drill'), target_position=furnace_position, connection_type='inserter')
    connect_entities(source_position=furnace_position, target_position=nearest('transport-belt'), connection_type='transport-belt')
    insert_item('iron-ore', furnace_position, quantity=10)
    entity_recipe = set_entity_recipe(furnace_position, recipe='iron-plate')

[91mError line 2: name
[91mWarning: burner-mining-drill at (-14, -17): out of fuel
Warning: burner-mining-drill at (-12, -17): out of fuel
Warning: burner-mining-drill at (-13, -15): waiting for space in destination as (-14.50390625, -11.703125) is blocked
Warning: burner-mining-drill at (-5, -7): out of fuel, waiting for space in destination as (-7.5, -6.296875) is blocked
