comment("Inspect the available natural resources and landscape around me")
resources = inspect_resources()
comment("Check for coal, iron and copper sources near me")
coal_location = nearest("coal")
iron_location = nearest("iron-ore")
copper_location = nearest("copper-ore")
stone_location = nearest("stone")
comment("Place a burner-mining-drill at the coal location")
move_to(coal_location)
place_entity("burner-mining-drill", direction=LEFT, position=(coal_location[0]-2, coal_location[1]))
comment("Move to point (-10, -5)")
move_to((-10, -5))
comment("Place a burner-mining-drill at the iron ore location")
move_to(iron_location)
place_entity("burner-mining-drill", direction=LEFT, position=(iron_location[0]-2, iron_location[1]))
comment("Check the items in my inventory to confirm whether I have enough materials to craft a burner-mining-drill")
inventory = inspect_inventory()
comment("Craft additional burner-mining-drills if materials are available")
if inventory["iron-gear-wheel"] >= 3 and inventory["iron-plate"] >= 9:
    craft_item("burner-mining-drill", quantity=1)
else:
    comment("Not enough resources to craft a burner-mining-drill. Consider collecting necessary resources")
comment("Collect necessary resources to craft a burner-mining-drill by mining 5 iron-ore")
move_to(iron_location)
harvest_resource(iron_location, quantity=5)
comment("Smelt the iron ore into iron plates")
furnace_location = place_entity("stone-furnace", direction=UP, position=(iron_location[0]+2, iron_location[1]+1))
insert_item("iron-ore", target_position=furnace_location, quantity=5)
comment("Wait for the iron ore to be smelted")
extract_item("iron-plate", source_position=furnace_location, quantity=5)
comment("Check my inventory to verify if any iron plates were smelted")
inventory = inspect_inventory()
comment("Craft iron gear wheels and burner-mining-drill if enough iron plates are available")
if inventory["iron-plate"] >= 9:
    craft_item("iron-gear-wheel", quantity=3)
    craft_item("burner-mining-drill", quantity=1)
else:
    comment("Wait for more iron plates to be smelted, then try to extract them again")
insert_item("iron-ore", target_position=furnace_location, quantity=5)
extract_item("iron-plate", source_position=furnace_location, quantity=5)
craft_item("iron-gear-wheel", quantity=3)
craft_item("burner-mining-drill", quantity=1)
comment("Place the burner-mining-drill at the iron ore location")
move_to(iron_location)
place_entity("burner-mining-drill", direction=LEFT, position=(iron_location[0]-2, iron_location[1]))
comment("Collect the necessary stone resources to craft a burner-mining-drill")
move_to(stone_location)
harvest_resource(stone_location, quantity=5)
comment("Craft the burner-mining-drill now that I have the necessary resources")
craft_item("iron-gear-wheel", quantity=3)
craft_item("burner-mining-drill", quantity=1)
comment("Place the burner-mining-drill at the iron ore location")
move_to(iron_location)
place_entity("burner-mining-drill", direction=LEFT, position=(iron_location[0]-2, iron_location[1]))
comment("Find a suitable location with iron ore to place the burner-mining-drill")
iron_location_with_ore = nearest_buildable("burner-mining-drill", resource="iron-ore")
move_to(iron_location_with_ore)
comment("Place the burner-mining-drill on the suitable tile")
place_entity("burner-mining-drill", direction=LEFT, position=(iron_location_with_ore[0]-2, iron_location_with_ore[1]))
comment("Use the inspect_resources() method to find a suitable location for the burner-mining-drill")
resources = inspect_resources()
comment("Check if there are appropriate resources in the dictionary")
if "iron-ore" in resources:
    iron_location_with_ore = resources["iron-ore"][0]["position"]
else:
    comment("Cannot locate iron-ore. Consider using an alternative resource or location")
comment("Move to the suitable location for the burner-mining-drill")
move_to(iron_location_with_ore)
comment("Place the burner-mining-drill on the suitable tile")
place_entity("burner-mining-drill", direction=LEFT, position=(iron_location_with_ore[0]-2, iron_location_with_ore[1]))
comment("Fix variable naming inconsistency")
iron_location_with_ore = resources["iron-ore"][0]["position"]
comment("Move to the suitable location for the burner-mining-drill")
move_to(iron_location_with_ore)
comment("Place the burner-mining-drill on the suitable tile")
place_entity("burner-mining-drill", direction=LEFT, position=(iron_location_with_ore[0]-2, iron_location_with_ore[1]))
comment("Update the attribute name 'iron-ore' to 'iron_ore'")
iron_location_with_ore = resources["iron_ore"][0]["position"]
comment("Move to the suitable location for the burner-mining-drill")
move_to(iron_location_with_ore)
comment("Place the burner-mining-drill on the suitable tile")
place_entity("burner-mining-drill", direction=LEFT, position=(iron_location_with_ore[0]-2, iron_location_with_ore[1]))
comment("Use the inspect_entities() method to find a suitable location for the burner-mining-drill with iron ore on the tile")
raw_entities = inspect_entities(20)
iron_positions = [entity["position"] for entity in raw_entities if entity["name"] == "iron_ore"]
iron_location_with_ore = iron_positions[0] if iron_positions else None
comment("Refactor the code to filter entities with 'type' attribute as 'resource' and 'name' as 'iron_ore'")
raw_entities = inspect_entities(20)
iron_positions = [entity["position"] for entity in raw_entities if entity["type"] == "resource" and entity["name"] == "iron_ore"]
iron_location_with_ore = iron_positions[0] if iron_positions else None
if iron_location_with_ore:
    comment("Move to the suitable location for the burner-mining-drill")
    move_to(iron_location_with_ore)
    comment("Place the burner-mining-drill on the suitable tile")
    place_entity("burner-mining-drill", direction=LEFT, position=(iron_location_with_ore[0]-2, iron_location_with_ore[1]))
else:
    comment("Cannot locate iron_ore. Consider using an alternative resource or location")
comment("Find coal position to fuel the burner-mining-drill")
coal_positions = [entity["position"] for entity in raw_entities if entity["type"] == "resource" and entity["name"] == "coal"]
coal_location = coal_positions[0] if coal_positions else None
if not coal_location:
    comment("Cannot locate coal. Use an alternative fuel or location")
if coal_location:
    comment("Move to the coal location to mine some coal")
    move_to(coal_location)
    comment("Harvest 5 coal to fuel the burner-mining-drill")
    harvest_resource(coal_location, quantity=5)
    comment("Check inserted_items method in inventory dictionary to ensure coal is available after mining")
    inventory = inspect_inventory()
    if "coal" in inventory["inserted_items"] and inventory["inserted_items"]["coal"] >= 5:
        comment("Move back to the burner-mining-drill and insert coal")
        move_to(iron_location_with_ore)
        insert_item("coal", target_position=(iron_location_with_ore[0]-2, iron_location_with_ore[1]), quantity=5)
    else:
        comment("Coal not found in inventory or insufficient quantity. Check mining and inventory management")
else:
    comment("Coal position not found. Unable to fuel the burner-mining-drill")
comment("Set up basic smelting")
comment("Find a suitable location close to iron_location_with_ore")
smelting_location = (iron_location_with_ore[0] + 5, iron_location_with_ore[1])
move_to(smelting_location)
comment("Place down a stone furnace")
place_entity("stone-furnace", direction=UP, position=smelting_location)
comment("Place an inserter to transfer iron plates to the stone furnace ")
place_entity("inserter", direction=DOWN, position=(smelting_location[0], smelting_location[1]-1))
comment("Connect the inserter to the mining drill")
source_position = (iron_location_with_ore[0]-2, iron_location_with_ore[1])
target_position = smelting_location
connect_entities(source_position=source_position, target_position=target_position, connection_type='inserter')
comment("Fix the code by moving the logic inside the proper conditions")
if iron_location_with_ore:
    comment("Move to the suitable location for the burner-mining-drill")
    move_to(iron_location_with_ore)
    comment("Place the burner-mining-drill on the suitable tile")
    place_entity("burner-mining-drill", direction=LEFT, position=(iron_location_with_ore[0]-2, iron_location_with_ore[1]))
    comment("Find coal position to fuel the burner-mining-drill")
    coal_positions = [entity["position"] for entity in raw_entities if entity["type"] == "resource" and entity["name"] == "coal"]
    coal_location = coal_positions[0] if coal_positions else None
    if not coal_location:
        comment("Cannot locate coal. Use an alternative fuel or location")
    if coal_location:
        comment("Move to the coal location to mine some coal")
        move_to
(coal_location)
        comment("Harvest 5 coal to fuel the burner-mining-drill")
        harvest_resource(coal_location, quantity=5)
        comment("Check inserted_items method in inventory dictionary to ensure coal is available after mining")
        inventory = inspect_inventory()
        if "coal" in inventory["inserted_items"] and inventory["inserted_items"]["coal"] >= 5:
            comment("Move back to the burner-mining-drill and insert coal")
            move_to(iron_location_with_ore)
            insert_item("coal", target_position=(iron_location_with_ore[0]-2, iron_location_with_ore[1]), quantity=5)
        else:
            comment("Coal not found in inventory or insufficient quantity. Check mining and inventory management")
comment("First, let's survey the resources around")
resources = inspect_resources()
comment("The next step is setting up coal mining to fuel the boilers")
coal_position = nearest('coal')
move_to(coal_position)
place_entity('burner-mining-drill', direction=DOWN, position=(coal_position[0]-2, coal_position[1]))
comment("Now, let's set up some boilers and steam engines for power generation")
move_to((-10, -5))
place_entity('boiler', direction=RIGHT, position=(-10, -5))
boiler_position = nearest('boiler')
place_entity_next_to('offshore-pump', reference_position=boiler_position, direction=LEFT, gap=1)
place_entity_next_to('steam-engine', reference_position=boiler_position, direction=RIGHT, gap=1)
comment("Connect the entities with pipes")
connect_entities(source_position=boiler_position, target_position=nearest('offshore-pump'), connection_type='pipe')
connect_entities(source_position=boiler_position, target_position=nearest('steam-engine'), connection_type='pipe')
