comment("Find nearest coal patch")
coal_position = nearest('coal')
move_to(coal_position)
comment("Place a burner-mining-drill on the coal patch")
place_entity('burner-mining-drill', direction=RIGHT, exact=False, position=coal_position)
comment("Pick up some coal near the coal patch")
pickup_entity('coal', coal_position)
comment("Harvest some coal near the coal patch")
harvest_resource(coal_position, quantity=5)
comment("Insert coal into the nearest burner-mining-drill")
insert_item('coal', target_position=nearest('burner-mining-drill'), quantity=1)
insert_item('coal', target_position=nearest('burner-mining-drill'), quantity=1)
comment("Check the inventory for items")
inspect_inventory()
comment("Move to the ore patch and place a burner-mining-drill there")
move_to(ore)
place_entity('burner-mining-drill', direction=RIGHT, exact=False, position=ore)
comment("Craft a burner-mining-drill")
craft_item('burner-mining-drill', quantity=1)
comment("Place the crafted burner-mining-drill at the ore patch")
move_to(ore)
place_entity('burner-mining-drill', direction=RIGHT, exact=False, position=ore)
move_to(ore)
place_entity('burner-mining-drill', direction=RIGHT, exact=False, position=ore)
comment("Check the inventory for available items and crafting materials")
inspect_inventory()
comment("Craft a burner-mining-drill if materials are available")
craft_item('burner-mining-drill', quantity=1)
comment("Move to the nearest coal patch and collect coal")
coal_position = nearest('coal')
move_to(coal_position)
harvest_resource(coal_position, quantity=5)
comment("Refuel the burner-mining-drills that are out of fuel or waiting for fuel")
inspect_entities(radius=20)
insert_item('coal', target_position=(-6, -9), quantity=1)
insert_item('coal', target_position=(-5, -7), quantity=1)
comment("Move to the burner-mining-drill at (-6, -9) and refuel it")
move_to((-6, -9))
insert_item('coal', target_position=(-6, -9), quantity=1)
comment("Move to the burner-mining-drill at (-5, -7) and refuel it")
move_to((-5, -7))
insert_item('coal', target_position=(-5, -7), quantity=1)
move_to((-5, -7))
insert_item('coal', target_position=(-5, -7), quantity=1)
comment("Now that drills are refueled, let's find stone to craft another burner-mining-drill")
stone_position = nearest('stone')
move_to(stone_position)
harvest_resource(stone_position, quantity=5)
move_to(stone_position)
harvest_resource(stone_position, quantity=5)
comment("Craft another burner-mining-drill")
craft_item('burner-mining-drill', quantity=1)
comment("Move to coal position and place new burner-mining-drill")
move_to(coal_position)
place_entity('burner-mining-drill', direction=DOWN, exact=False, position=coal_position)
comment("Refuel new burner-mining-drill")
pickup_entity('coal', nearest('coal'))
harvest_resource(nearest('coal'), quantity=1)
comment("Insert coal into the new burner-mining-drill")
insert_item('coal', target_position=nearest('burner-mining-drill'), quantity=1)
comment("Refuel and unblock the first burner-mining-drill")
move_to(nearest('burner-mining-drill'))
harvest_resource(nearest('coal'), quantity=1)
insert_item('coal', target_position=nearest('burner-mining-drill'), quantity=1)
pickup_entity('coal', nearest('small_crumb_of_ore'))
move_to((nearest('burner-mining-drill')[0] - 2, nearest('burner-mining-drill')[1]))
comment("Refuel the first burner-mining-drill and rotate it away from the blocked position")
move_to(nearest('burner-mining-drill'))
harvest_resource(nearest('coal'), quantity=1)
insert_item('coal', target_position=nearest('burner-mining-drill'), quantity=1)
rotate_entity(nearest('burner-mining-drill'), direction=RIGHT)
comment("Refuel the first burner-mining-drill and rotate it away from the blocked position")
move_to((-6, -9))
harvest_resource(coal_position, quantity=1)
insert_item('coal', target_position=(-6, -9), quantity=1)
rotate_entity((-5, -7), direction=LEFT)
comment("Refuel the first burner-mining-drill and rotate it away from the blocked position")
harvest_resource(nearest('coal'), quantity=1)
insert_item('coal', target_position=(-6, -9), quantity=1)
rotate_entity((-5, -7), direction=RIGHT)
comment("Refuel the first burner-mining-drill and rotate it away from the blocked position")
insert_item('coal', target_position=(-6, -9), quantity=1)
rotate_entity((-6, -9), direction=LEFT)
