[94mcomment("Find nearest coal patch")
coal_position = nearest('coal')
[94mmove_to(coal_position)
[94mcomment("Place a burner-mining-drill on the coal patch")
place_entity('burner-mining-drill', direction=RIGHT, exact=False, position=coal_position)
[91mError line 1: Could not place burner-mining-drill at (-8, -5).  No burner mining drill in inventory.
[91mWarning: burner-mining-drill at (-5, -7): out of fuel, waiting for space in destination as (-7.5, -6.296875) is blocked
[94mcomment("Pick up some coal near the coal patch")
pickup_entity('coal', coal_position)
[91mError line 1: Could not pickup, did you intend to harvest?. 0
[94mcomment("Harvest some coal near the coal patch")
harvest_resource(coal_position, quantity=5)
[94mcomment("Insert coal into the nearest burner-mining-drill")
insert_item('coal', target_position=nearest('burner-mining-drill'), quantity=1)
[91mWarning: burner-mining-drill at (-5, -7): out of fuel, waiting for space in destination as (-7.5, -6.296875) is blocked
[94minsert_item('coal', target_position=nearest('burner-mining-drill'), quantity=1)
[94mcomment("Check the inventory for items")
inspect_inventory()
[92m1: {'iron-chest': 1, 'transport-belt': 50, 'stone-furnace': 1, 'assembling-machine-1': 1, 'coal': 53, 'iron-plate': 50, 'copper-plate': 50}
[94mcomment("Move to the ore patch and place a burner-mining-drill there")
move_to(ore)
place_entity('burner-mining-drill', direction=RIGHT, exact=False, position=ore)
[91mError line 2: Could not place burner-mining-drill at (-8, -5).  No burner mining drill in inventory.
[91mWarning: burner-mining-drill at (-5, -7): waiting for space in destination as (-7.5, -6.296875) is blocked
[94mcomment("Craft a burner-mining-drill")
craft_item('burner-mining-drill', quantity=1)
[94mcomment("Place the crafted burner-mining-drill at the ore patch")
move_to(ore)
place_entity('burner-mining-drill', direction=RIGHT, exact=False, position=ore)
[92m2: (-9, -6)
[91mWarning: burner-mining-drill at (-5, -7): waiting for space in destination as (-7.5, -6.296875) is blocked
[94mmove_to(ore)
place_entity('burner-mining-drill', direction=RIGHT, exact=False, position=ore)
[91mError line 1: Could not place burner-mining-drill at (-8, -5).  No burner mining drill in inventory.
[94mcomment("Check the inventory for available items and crafting materials")
inspect_inventory()
[92m1: {'iron-chest': 1, 'transport-belt': 50, 'assembling-machine-1': 1, 'coal': 53, 'iron-plate': 41, 'copper-plate': 50}
[94mcomment("Craft a burner-mining-drill if materials are available")
craft_item('burner-mining-drill', quantity=1)
[91mError line 1: Failed to craft 1x burner-mining-drill because missing ingredient stone
[91mWarning: burner-mining-drill at (-6, -9): out of fuel, waiting for space in destination as (-7.703125, -6.49609375) is blocked
Warning: burner-mining-drill at (-5, -7): waiting for space in destination as (-7.5, -6.296875) is blocked
[94mcomment("Move to the nearest coal patch and collect coal")
coal_position = nearest('coal')
move_to(coal_position)
harvest_resource(coal_position, quantity=5)
[94mcomment("Refuel the burner-mining-drills that are out of fuel or waiting for fuel")
inspect_entities(radius=20)
insert_item('coal', target_position=(-6, -9), quantity=1)
insert_item('coal', target_position=(-5, -7), quantity=1)
[92m1: [{'type': 'burner_mining_drill', 'position': (-9, -6), 'warning': 'The entity is out of fuel. The mining drill is waiting for space in destination', 'status': 'empty'}, {'type': 'player_character', 'position': (-8.6015625, -5), 'warning': '', 'status': 'empty'}, {'type': 'burner_mining_drill', 'position': (-7, -5), 'warning': 'The mining drill is waiting for space in destination', 'contents': {'coal': 1}, 'status': 'not empty'}]
[91mWarning: burner-mining-drill at (-6, -9): out of fuel, waiting for space in destination as (-7.703125, -6.49609375) is blocked
Warning: burner-mining-drill at (-5, -7): waiting for space in destination as (-7.5, -6.296875) is blocked
[94mcomment("Move to the burner-mining-drill at (-6, -9) and refuel it")
move_to((-6, -9))
insert_item('coal', target_position=(-6, -9), quantity=1)
[94mcomment("Move to the burner-mining-drill at (-5, -7) and refuel it")
move_to((-5, -7))
insert_item('coal', target_position=(-5, -7), quantity=1)
[91mWarning: burner-mining-drill at (-6, -9): out of fuel, waiting for space in destination as (-7.703125, -6.49609375) is blocked
Warning: burner-mining-drill at (-5, -7): waiting for space in destination as (-7.5, -6.296875) is blocked
[94mmove_to((-5, -7))
insert_item('coal', target_position=(-5, -7), quantity=1)
[94mcomment("Now that drills are refueled, let's find stone to craft another burner-mining-drill")
[94mstone_position = nearest('stone')
move_to(stone_position)
harvest_resource(stone_position, quantity=5)
[91mWarning: burner-mining-drill at (-6, -9): out of fuel, waiting for space in destination as (-7.703125, -6.49609375) is blocked
Warning: burner-mining-drill at (-5, -7): waiting for space in destination as (-7.5, -6.296875) is blocked
[94mmove_to(stone_position)
harvest_resource(stone_position, quantity=5)
[94mcomment("Craft another burner-mining-drill")
[94mcraft_item('burner-mining-drill', quantity=1)
[94mcomment("Move to coal position and place new burner-mining-drill")
[91mWarning: burner-mining-drill at (-6, -9): out of fuel, waiting for space in destination as (-7.703125, -6.49609375) is blocked
Warning: burner-mining-drill at (-5, -7): waiting for space in destination as (-7.5, -6.296875) is blocked
[94mmove_to(coal_position)
place_entity('burner-mining-drill', direction=DOWN, exact=False, position=coal_position)
[92m1: (-9, -6)
[94mcomment("Refuel new burner-mining-drill")
[94mpickup_entity('coal', nearest('coal'))
[91mError line 0: Could not pickup, did you intend to harvest?. 0
[94mharvest_resource(nearest('coal'), quantity=1)
[91mWarning: burner-mining-drill at (-6, -9): out of fuel, waiting for space in destination as (-7.703125, -6.49609375) is blocked
Warning: burner-mining-drill at (-5, -7): waiting for space in destination as (-7.5, -6.296875) is blocked
[94mcomment("Insert coal into the new burner-mining-drill")
[94minsert_item('coal', target_position=nearest('burner-mining-drill'), quantity=1)
[91mWarning: burner-mining-drill at (-6, -9): out of fuel
Warning: burner-mining-drill at (-5, -7): waiting for space in destination as (-7.5, -6.296875) is blocked
[94mcomment("Refuel and unblock the first burner-mining-drill")
[94mmove_to(nearest('burner-mining-drill'))
harvest_resource(nearest('coal'), quantity=1)
insert_item('coal', target_position=nearest('burner-mining-drill'), quantity=1)
pickup_entity('coal', nearest('small_crumb_of_ore'))
move_to((nearest('burner-mining-drill')[0] - 2, nearest('burner-mining-drill')[1]))
[91mError line 3: No small crumb of ore found on the map
[91mWarning: burner-mining-drill at (-6, -9): out of fuel
Warning: burner-mining-drill at (-5, -7): waiting for space in destination as (-7.5, -6.296875) is blocked
[94mcomment("Refuel the first burner-mining-drill and rotate it away from the blocked position")
[94mmove_to(nearest('burner-mining-drill'))
harvest_resource(nearest('coal'), quantity=1)
insert_item('coal', target_position=nearest('burner-mining-drill'), quantity=1)
rotate_entity(nearest('burner-mining-drill'), direction=RIGHT)
[91mWarning: burner-mining-drill at (-6, -9): out of fuel
Warning: burner-mining-drill at (-5, -7): waiting for space in destination as (-7.5, -6.296875) is blocked
[94mcomment("Refuel the first burner-mining-drill and rotate it away from the blocked position")
[94mmove_to((-6, -9))
harvest_resource(coal_position, quantity=1)
insert_item('coal', target_position=(-6, -9), quantity=1)
rotate_entity((-5, -7), direction=LEFT)
[91mWarning: burner-mining-drill at (-6, -9): out of fuel
Warning: burner-mining-drill at (-5, -7): waiting for space in destination as (-7.5, -6.296875) is blocked
[94mcomment("Refuel the first burner-mining-drill and rotate it away from the blocked position")
[94mharvest_resource(nearest('coal'), quantity=1)
insert_item('coal', target_position=(-6, -9), quantity=1)
rotate_entity((-5, -7), direction=RIGHT)
[91mWarning: burner-mining-drill at (-6, -9): out of fuel
Warning: burner-mining-drill at (-5, -7): waiting for space in destination as (-7.5, -6.296875) is blocked
[94mcomment("Refuel the first burner-mining-drill and rotate it away from the blocked position")
[94minsert_item('coal', target_position=(-6, -9), quantity=1)
[94mrotate_entity((-6, -9), direction=LEFT)
[91mWarning: burner-mining-drill at (-6, -9): out of fuel
Warning: burner-mining-drill at (-5, -7): waiting for space in destination as (-7.5, -6.296875) is blocked
