[94mcomment("Check available resources and landscape around")
resources = inspect_resources()
[94mcomment("Find nearest coal deposit")
coal_position = nearest('coal')
move_to(coal_position)
[94mcomment("Place a burner-mining-drill on the coal deposit")
place_entity('burner-mining-drill', direction=RIGHT, exact=False, position=coal_position)
[91mError line 1: Could not place burner-mining-drill at (-8, -5).  No burner mining drill in inventory.
[91mWarning: burner-mining-drill at (-5, -7): out of fuel, waiting for space in destination as output (-7.5, -6.296875) is blocked
[94mcomment("Pick up coal from the ground")
pickup_entity('coal', (-5, -7))
[91mError line 1: Could not pickup, did you intend to harvest?. 0
[94mcomment("Harvest 5 coal from the coal deposit")
harvest_resource(coal_position, quantity=5)
[94mcomment("Fuel the burner-mining-drill with coal")
insert_item('coal', target_position=(-5, -7), quantity=1)
[91mWarning: burner-mining-drill at (-5, -7): out of fuel, waiting for space in destination as output (-7.5, -6.296875) is blocked
[94mcomment("Insert 1 coal into the burner-mining-drill to provide fuel")
insert_item('coal', target_position=(-5, -7), quantity=1)
[94mcomment("Check inventory for coal")
inspect_inventory()
[92m1: {'iron-chest': 1, 'transport-belt': 50, 'stone-furnace': 1, 'assembling-machine-1': 1, 'coal': 53, 'iron-plate': 50, 'copper-plate': 50}
[94mcomment("Move to the iron ore deposit")
iron_ore_position = (22, -14)
move_to(iron_ore_position)
[91mWarning: burner-mining-drill at (-5, -7): waiting for space in destination as output (-7.5, -6.296875) is blocked
[94mcomment("Place a chest next to the burner-mining-drill to collect output")
place_entity('iron-chest', direction=RIGHT, exact=False, position=(-5, -7))
[92m1: (-5, -7)
[94mcomment("Move to the iron ore deposit")
move_to(iron_ore_position)
[91mWarning: burner-mining-drill at (-5, -7): waiting for space in destination as output (-7.5, -6.296875) is blocked
[94mcomment("Check if the iron chest was not placed correctly")
inspect_entities(radius=5)
[92m1: [{'type': 'burner_mining_drill', 'position': (-7, -5), 'warning': 'The mining drill is waiting for space in destination', 'contents': {'coal': 1}, 'status': 'not empty'}, {'type': 'iron_chest', 'position': (-4.5, -6.5), 'warning': '', 'status': 'empty'}, {'type': 'player_character', 'position': (22, -14), 'warning': '', 'status': 'empty'}]
[94mcomment("Retry placing the iron chest next to the burner-mining-drill")
place_entity('iron-chest', direction=LEFT, exact=False, position=(-5, -7))
[91mError line 1: Could not place iron-chest at (-5, -7).  No iron chest in inventory.
[91mWarning: burner-mining-drill at (-5, -7): waiting for space in destination as output (-7.5, -6.296875) is blocked
[94mcomment("Craft an iron chest before placing it")
craft_item('iron-chest', quantity=1)
[94mcomment("Place the iron chest next to the burner-mining-drill")
place_entity('iron-chest', direction=LEFT, exact=False, position=(-5, -7))
[92m1: (-6, -8)
[91mWarning: burner-mining-drill at (-5, -7): waiting for space in destination as output (-7.5, -6.296875) is blocked
[94mplace_entity('iron-chest', direction=LEFT, exact=False, position=(-5, -7))
[91mError line 0: Could not place iron-chest at (-5, -7).  No iron chest in inventory.
[94mcomment("Check the inventory for available resources")
inspect_inventory()
[92m1: {'transport-belt': 50, 'stone-furnace': 1, 'assembling-machine-1': 1, 'coal': 53, 'iron-plate': 42, 'copper-plate': 50}
[94mcomment("Craft iron chest with available iron plate")
craft_item('iron-chest', quantity=1)
[91mWarning: burner-mining-drill at (-5, -7): waiting for space in destination as output (-7.5, -6.296875) is blocked
[94mcomment("Make sure there are enough iron plates to craft an iron chest in the inventory")
number_of_iron_plates_needed = 8
