comment("Find nearest coal deposit")
coal_position = nearest('coal')
comment("Move to coal position and place a burner-mining-drill directed down")
move_to(coal_position)
place_entity('burner-mining-drill', direction=DOWN, exact=False, position=coal_position)
comment("Since we have no burner-mining-drills in our inventory, we must craft some first.")
craft_item('burner-mining-drill', quantity=1)
comment("Clear the output of the existing burner-mining-drill")
move_to((-5, -7))
pickup_entity('coal', (-7.5, -6.296875))
comment("Harvest coal blocking the output of the existing burner-mining-drill")
harvest_resource((-7.5, -6.296875), quantity=1)
comment("Refuel the existing burner-mining-drill")
insert_item('coal', target_position=nearest('burner-mining-drill', position=(-5, -7)), quantity=1)
comment("Refuel the existing burner-mining-drill")
insert_item('coal', target_position=(-5, -7), quantity=1)
comment("Now place the newly crafted burner-mining-drill at the coal_position")
move_to(coal_position)
place_entity('burner-mining-drill', direction=LEFT, exact=False, position=coal_position)
comment("Clear the output of the existing burner-mining-drill again")
harvest_resource((-7.5, -6.296875), quantity=1)
comment("Place the newly crafted burner-mining-drill at the coal_position")
move_to((-8, -5))
place_entity('burner-mining-drill', direction=LEFT, exact=False, position=(-8, -5))
comment("Refuel the burner-mining-drill at (-6, -9)")
insert_item('coal', target_position=(-6, -9), quantity=1)
comment("Clear the output of the existing burner-mining-drill at (-5, -7) again")
harvest_resource((-7.5, -6.296875), quantity=1)
comment("Craft another burner-mining-drill")
craft_item('burner-mining-drill', quantity=1)
comment("Move to the nearest stone resource")
nearest_stone = nearest('stone')
move_to(nearest_stone)
comment("Harvest 5 stones from the nearest stone resource")
harvest_resource(nearest_stone, quantity=5)
harvest_resource(nearest_stone, quantity=5)
comment("Craft a burner-mining-drill now that we have the necessary ingredients")
craft_item('burner-mining-drill', quantity=1)
comment("Place the new burner-mining-drill to mine more coal")
coal_position = nearest('coal')
move_to(coal_position)
place_entity('burner-mining-drill', direction=LEFT, exact=False, position=coal_position)
coal_position = nearest('coal')
move_to(coal_position)
place_entity('burner-mining-drill', direction=LEFT, exact=False, position=coal_position)
comment("Check our inventory to ensure we have a burner-mining-drill")
inspect_inventory()
inspect_inventory()
comment("We need to craft a new burner-mining-drill since there's none in our inventory")
harvest_resource(ore, quantity=5)
craft_item('burner-mining-drill', quantity=1)
comment("Place the new burner-mining-drill to mine more coal")
move_to(coal_position)
place_entity('burner-mining-drill', direction=LEFT, exact=False, position=coal_position)
coal_position = nearest('coal')
move_to(coal_position)
place_entity('burner-mining-drill', direction=LEFT, exact=False, position=coal_position)
comment("It seems we still don't have a burner-mining-drill in our inventory")
inspect_inventory()
comment("Pick up the existing out-of-fuel burner-mining-drills to place them somewhere else")
move_to((-4, -10))
pickup_entity('burner-mining-drill', (-4, -10))
move_to((-6, -9))
pickup_entity('burner-mining-drill', (-6, -9))
comment("Refuel the burner-mining-drills")
harvest_resource(coal_position, quantity=5)
move_to(coal_position)
harvest_resource(coal_position, quantity=5)
comment("Refuel the out-of-fuel burner-mining-drills and remove the output blockage")
move_to((-4, -10))
insert_item('coal', target_position=(-4, -10), quantity=1)
move_to((-6, -9))
insert_item('coal', target_position=(-6, -9), quantity=1)
move_to((-5, -7))
remove_blockage(source_position=(-7.5, -6.296875))
move_to((-4, -10))
insert_item('coal', target_position=(-4, -10), quantity=1)
move_to((-6, -9))
insert_item('coal', target_position=(-6, -9), quantity=1)
move_to((-5, -7))
pickup_item(source_position=(-7.5, -6.296875))
comment("Check inventory for coal")
inventory = inspect_inventory()
comment("Add fuel to the burner-mining-drills if coal is available")
if inventory["coal"] > 0:
    move_to((-4, -10))
    insert_item('coal', target_position=(-4, -10), quantity=1)
    move_to((-6, -9))
    insert_item('coal', target_position=(-6, -9), quantity=1)
else:
    comment("Mine more coal if there's not enough in the inventory")
    move_to(coal_position)
    harvest_resource(coal_position, quantity=5)
    move_to((-4, -10))
    insert_item('coal', target_position=(-4, -10), quantity=1)
    move_to((-6, -9))
    insert_item('coal', target_position=(-6, -9), quantity=1)
comment("Unblock the outputs of the burner-mining-drills")
move_to((-8.296875, -6.50390625))
pickup_entity("iron-ore", (-8.296875, -6.50390625))
comment("Refuel the burner-mining-drill that is out of fuel")
insert_item("coal", target_position=(-4, -10), quantity=1)
comment("Refuel the burner-mining-drill that is out of fuel and unblock the outputs")
move_to((-4, -10))
insert_item("coal", target_position=(-4, -10), quantity=5)
comment("Refuel the burner-mining-drill that is out of fuel and unblock the outputs")
move_to((-4, -10))
insert_item('coal', target_position=(-4, -10), quantity=1)
comment("Refuel the burner-mining-drill that is out of fuel and unblock the outputs")
move_to((-4, -10))
insert_item('coal', target_position=(-4, -10), quantity=1)
comment("Refuel the burner-mining-drill that is out of fuel and unblock the outputs")
move_to((-4, -10))
insert_item('coal', target_position=(-4, -10), quantity=5)
