[94mcomment("Find nearest coal deposit")
coal_position = nearest('coal')
[94mcomment("Move to coal position and place a burner-mining-drill directed down")
move_to(coal_position)
place_entity('burner-mining-drill', direction=DOWN, exact=False, position=coal_position)
[91mError line 2: Could not place burner-mining-drill at (-8, -5).  No burner mining drill in inventory.
[91mWarning: burner-mining-drill at (-5, -7): out of fuel, waiting for space in destination as output (-7.5, -6.296875) is blocked
[94mcomment("Since we have no burner-mining-drills in our inventory, we must craft some first.")
craft_item('burner-mining-drill', quantity=1)
[94mcomment("Clear the output of the existing burner-mining-drill")
move_to((-5, -7))
pickup_entity('coal', (-7.5, -6.296875))
[91mError line 2: Could not pickup, did you intend to harvest?. 0
[91mWarning: burner-mining-drill at (-5, -7): out of fuel, waiting for space in destination as output (-7.5, -6.296875) is blocked
[94mcomment("Harvest coal blocking the output of the existing burner-mining-drill")
harvest_resource((-7.5, -6.296875), quantity=1)
[94mcomment("Refuel the existing burner-mining-drill")
insert_item('coal', target_position=nearest('burner-mining-drill', position=(-5, -7)), quantity=1)
[91mWarning: burner-mining-drill at (-5, -7): out of fuel, waiting for space in destination as output (-7.5, -6.296875) is blocked
[94mcomment("Refuel the existing burner-mining-drill")
insert_item('coal', target_position=(-5, -7), quantity=1)
[94mcomment("Now place the newly crafted burner-mining-drill at the coal_position")
move_to(coal_position)
place_entity('burner-mining-drill', direction=LEFT, exact=False, position=coal_position)
[92m2: (-9, -6)
[91mWarning: burner-mining-drill at (-5, -7): waiting for space in destination as output (-7.5, -6.296875) is blocked
[94mcomment("Clear the output of the existing burner-mining-drill again")
harvest_resource((-7.5, -6.296875), quantity=1)
[94mcomment("Place the newly crafted burner-mining-drill at the coal_position")
[94mmove_to((-8, -5))
place_entity('burner-mining-drill', direction=LEFT, exact=False, position=(-8, -5))
[91mError line 1: Could not place burner-mining-drill at (-8, -5).  No burner mining drill in inventory.
[91mWarning: burner-mining-drill at (-6, -9): out of fuel
Warning: burner-mining-drill at (-5, -7): waiting for space in destination as output (-7.5, -6.296875) is blocked
[94mcomment("Refuel the burner-mining-drill at (-6, -9)")
insert_item('coal', target_position=(-6, -9), quantity=1)
[94mcomment("Clear the output of the existing burner-mining-drill at (-5, -7) again")
harvest_resource((-7.5, -6.296875), quantity=1)
[91mWarning: burner-mining-drill at (-6, -9): out of fuel
Warning: burner-mining-drill at (-5, -7): waiting for space in destination as output (-7.5, -6.296875) is blocked
[94mcomment("Craft another burner-mining-drill")
craft_item('burner-mining-drill', quantity=1)
[91mError line 1: Failed to craft 1x burner-mining-drill because missing ingredient stone
[94mcomment("Move to the nearest stone resource")
nearest_stone = nearest('stone')
move_to(nearest_stone)
[94mcomment("Harvest 5 stones from the nearest stone resource")
harvest_resource(nearest_stone, quantity=5)
[91mWarning: burner-mining-drill at (-6, -9): out of fuel
Warning: burner-mining-drill at (-5, -7): waiting for space in destination as output (-7.5, -6.296875) is blocked
[94mharvest_resource(nearest_stone, quantity=5)
[94mcomment("Craft a burner-mining-drill now that we have the necessary ingredients")
craft_item('burner-mining-drill', quantity=1)
[94mcomment("Place the new burner-mining-drill to mine more coal")
coal_position = nearest('coal')
move_to(coal_position)
place_entity('burner-mining-drill', direction=LEFT, exact=False, position=coal_position)
[92m3: (-10, -4)
[91mWarning: burner-mining-drill at (-6, -9): out of fuel
Warning: burner-mining-drill at (-5, -7): waiting for space in destination as output (-7.5, -6.296875) is blocked
[94mcoal_position = nearest('coal')
move_to(coal_position)
place_entity('burner-mining-drill', direction=LEFT, exact=False, position=coal_position)
[91mError line 2: Could not place burner-mining-drill at (-8, -5).  No burner mining drill in inventory.
[94mcomment("Check our inventory to ensure we have a burner-mining-drill")
inspect_inventory()
[92m1: {'iron-chest': 1, 'transport-belt': 50, 'assembling-machine-1': 1, 'coal': 50, 'stone': 5, 'iron-plate': 32, 'copper-plate': 50}
[91mWarning: burner-mining-drill at (-4, -10): out of fuel
Warning: burner-mining-drill at (-6, -9): out of fuel
Warning: burner-mining-drill at (-5, -7): waiting for space in destination as output (-7.5, -6.296875) is blocked
[94minspect_inventory()
[92m0: {'iron-chest': 1, 'transport-belt': 50, 'assembling-machine-1': 1, 'coal': 50, 'stone': 5, 'iron-plate': 32, 'copper-plate': 50}
[94mcomment("We need to craft a new burner-mining-drill since there's none in our inventory")
harvest_resource(ore, quantity=5)
craft_item('burner-mining-drill', quantity=1)
[94mcomment("Place the new burner-mining-drill to mine more coal")
move_to(coal_position)
place_entity('burner-mining-drill', direction=LEFT, exact=False, position=coal_position)
[92m2: (-7, -7)
[91mWarning: burner-mining-drill at (-4, -10): out of fuel
Warning: burner-mining-drill at (-6, -9): out of fuel
Warning: burner-mining-drill at (-5, -7): waiting for space in destination as output (-7.5, -6.296875) is blocked
[94mcoal_position = nearest('coal')
move_to(coal_position)
place_entity('burner-mining-drill', direction=LEFT, exact=False, position=coal_position)
[91mError line 2: Could not place burner-mining-drill at (-8, -5).  No burner mining drill in inventory.
[94mcomment("It seems we still don't have a burner-mining-drill in our inventory")
inspect_inventory()
[92m1: {'iron-chest': 1, 'transport-belt': 50, 'assembling-machine-1': 1, 'coal': 55, 'iron-plate': 23, 'copper-plate': 50}
[91mWarning: burner-mining-drill at (-4, -10): out of fuel
Warning: burner-mining-drill at (-6, -9): out of fuel
Warning: burner-mining-drill at (-5, -7): waiting for space in destination as output (-7.5, -6.296875) is blocked
[94mcomment("Pick up the existing out-of-fuel burner-mining-drills to place them somewhere else")
move_to((-4, -10))
pickup_entity('burner-mining-drill', (-4, -10))
move_to((-6, -9))
pickup_entity('burner-mining-drill', (-6, -9))
[91mError line 2: Could not pickup, did you intend to harvest?. 0
[91mWarning: burner-mining-drill at (-4, -10): out of fuel
Warning: burner-mining-drill at (-6, -9): waiting for space in destination as output (-10.296875, -5.50390625) is blocked
Warning: burner-mining-drill at (-5, -7): waiting for space in destination as output (-7.5, -6.296875) is blocked
[94mcomment("Refuel the burner-mining-drills")
[94mharvest_resource(coal_position, quantity=5)
[91mError line 0: Could not harvest at position (-8, -5), possibly out of reach?
[94mmove_to(coal_position)
harvest_resource(coal_position, quantity=5)
[94mcomment("Refuel the out-of-fuel burner-mining-drills and remove the output blockage")
[91mWarning: burner-mining-drill at (-4, -10): out of fuel
Warning: burner-mining-drill at (-6, -9): waiting for space in destination as output (-10.296875, -5.50390625) is blocked
Warning: burner-mining-drill at (-5, -7): waiting for space in destination as output (-7.5, -6.296875) is blocked
[94mmove_to((-4, -10))
insert_item('coal', target_position=(-4, -10), quantity=1)
move_to((-6, -9))
insert_item('coal', target_position=(-6, -9), quantity=1)
move_to((-5, -7))
remove_blockage(source_position=(-7.5, -6.296875))
[91mError line 5: name 'remove blockage' is not defined
[91mWarning: burner-mining-drill at (-4, -10): out of fuel
Warning: burner-mining-drill at (-6, -9): waiting for space in destination as output (-10.296875, -5.50390625) is blocked
Warning: burner-mining-drill at (-5, -7): waiting for space in destination as output (-7.5, -6.296875) is blocked
[94mmove_to((-4, -10))
insert_item('coal', target_position=(-4, -10), quantity=1)
move_to((-6, -9))
insert_item('coal', target_position=(-6, -9), quantity=1)
move_to((-5, -7))
pickup_item(source_position=(-7.5, -6.296875))
[91mError line 1: Could not insert. Item
[91mWarning: burner-mining-drill at (-4, -10): out of fuel
Warning: burner-mining-drill at (-6, -9): waiting for space in destination as output (-10.296875, -5.50390625) is blocked
Warning: burner-mining-drill at (-5, -7): waiting for space in destination as output (-7.5, -6.296875) is blocked
[94mcomment("Check inventory for coal")
inventory = inspect_inventory()
[94mcomment("Add fuel to the burner-mining-drills if coal is available")
if inventory["coal"] > 0:
    move_to((-4, -10))
    insert_item('coal', target_position=(-4, -10), quantity=1)
    move_to((-6, -9))
    insert_item('coal', target_position=(-6, -9), quantity=1)
else:
    comment("Mine more coal if there's not enough in the inventory")
    move_to(coal_position)
    harvest_resource(coal_position, quantity=5)
    move_to((-4, -10))
    insert_item('coal', target_position=(-4, -10), quantity=1)
    move_to((-6, -9))
    insert_item('coal', target_position=(-6, -9), quantity=1)
[91mError line 1: Could not insert. Item
[91mWarning: burner-mining-drill at (-7, -7): waiting for space in destination as output (-8.296875, -6.50390625) is blocked
Warning: burner-mining-drill at (-4, -10): out of fuel
Warning: burner-mining-drill at (-6, -9): waiting for space in destination as output (-10.296875, -5.50390625) is blocked
Warning: burner-mining-drill at (-5, -7): waiting for space in destination as output (-7.5, -6.296875) is blocked
[94mcomment("Unblock the outputs of the burner-mining-drills")
[94mmove_to((-8.296875, -6.50390625))
pickup_entity("iron-ore", (-8.296875, -6.50390625))
[91mError line 1: Could not pickup, did you intend to harvest?. 0
[91mWarning: burner-mining-drill at (-4, -10): out of fuel
Warning: burner-mining-drill at (-6, -9): waiting for space in destination as output (-10.296875, -5.50390625) is blocked
Warning: burner-mining-drill at (-7, -7): waiting for space in destination as output (-8.296875, -6.50390625) is blocked
Warning: burner-mining-drill at (-5, -7): waiting for space in destination as output (-7.5, -6.296875) is blocked
[94mcomment("Refuel the burner-mining-drill that is out of fuel")
insert_item("coal", target_position=(-4, -10), quantity=1)
[91mError: Evaluation timed out
[91mWarning: burner-mining-drill at (-4, -10): out of fuel
Warning: burner-mining-drill at (-6, -9): waiting for space in destination as output (-10.296875, -5.50390625) is blocked
Warning: burner-mining-drill at (-7, -7): waiting for space in destination as output (-8.296875, -6.50390625) is blocked
Warning: burner-mining-drill at (-5, -7): waiting for space in destination as output (-7.5, -6.296875) is blocked
[94mcomment("Refuel the burner-mining-drill that is out of fuel and unblock the outputs")
[94mmove_to((-4, -10))
insert_item("coal", target_position=(-4, -10), quantity=5)
[91mError: Evaluation timed out
[91mWarning: burner-mining-drill at (-4, -10): out of fuel
Warning: burner-mining-drill at (-6, -9): waiting for space in destination as output (-10.296875, -5.50390625) is blocked
Warning: burner-mining-drill at (-7, -7): waiting for space in destination as output (-8.296875, -6.50390625) is blocked
Warning: burner-mining-drill at (-5, -7): waiting for space in destination as output (-7.5, -6.296875) is blocked
[94mcomment("Refuel the burner-mining-drill that is out of fuel and unblock the outputs")
[94mmove_to((-4, -10))
insert_item('coal', target_position=(-4, -10), quantity=1)
[91mError: Evaluation timed out
[91mWarning: burner-mining-drill at (-4, -10): out of fuel
Warning: burner-mining-drill at (-6, -9): waiting for space in destination as output (-10.296875, -5.50390625) is blocked
Warning: burner-mining-drill at (-7, -7): waiting for space in destination as output (-8.296875, -6.50390625) is blocked
Warning: burner-mining-drill at (-5, -7): waiting for space in destination as output (-7.5, -6.296875) is blocked
[94mcomment("Refuel the burner-mining-drill that is out of fuel and unblock the outputs")
[94mmove_to((-4, -10))
insert_item('coal', target_position=(-4, -10), quantity=1)
[91mError: Evaluation timed out
[91mWarning: burner-mining-drill at (-4, -10): out of fuel
Warning: burner-mining-drill at (-6, -9): waiting for space in destination as output (-10.296875, -5.50390625) is blocked
Warning: burner-mining-drill at (-7, -7): waiting for space in destination as output (-8.296875, -6.50390625) is blocked
Warning: burner-mining-drill at (-5, -7): waiting for space in destination as output (-7.5, -6.296875) is blocked
[94mcomment("Refuel the burner-mining-drill that is out of fuel and unblock the outputs")
[94mmove_to((-4, -10))
insert_item('coal', target_position=(-4, -10), quantity=5)
