comment("First, let's inspect the natural resources around us")
inspect_resources()
comment("Next, we need to set up a mining operation. Let's move to the nearest coal deposit and place a mining drill.")
coal_pos = nearest('coal')
move_to(coal_pos)
place_entity('burner-mining-drill', position=nearest_buildable('burner-mining-drill'))
comment("Now that we have access to coal, we can set up a smelting operation. Let's find a nearby iron deposit and set up a furnace to smelt the iron ore into iron plates.")
iron_pos = nearest('iron-ore')
move_to(iron_pos)
place_entity('stone-furnace', position=nearest_buildable('stone-furnace'))
comment("We will also need to set up a transport belt to transport the iron plates to a box or another transport belt. We can use the nearest_buildable function to ensure that the belt connects to the furnace properly.")
belt_pos = nearest_buildable('transport-belt', position=entity_position)
place_entity('transport-belt', position=belt_pos)
comment("Let's extract the iron ore using the mining drill we just set up.")
extract_item('iron-ore', source_position=coal_pos, quantity=5)
comment("My apologies, there seems to be some mistake in the previous code. Let's fix it, and then we'll extract the iron ore.")
iron_pos = nearest('iron-ore')
move_to(iron_pos)
place_entity('burner-mining-drill', position=nearest_buildable('burner-mining-drill'))
extract_item('iron-ore', source_position=iron_pos, quantity=5)
comment("Oops, I forgot to craft the burner mining drill first.")
craft_item('burner-mining-drill', quantity=1)
comment("It looks like we are also missing stone. Let's harvest some stone first.")
stone_pos = nearest('stone')
move_to(stone_pos)
harvest_resource(stone_pos, quantity=5)
comment("Great, now we can craft a burner-mining-drill.")
craft_item('burner-mining-drill', quantity=1)
comment("Now, let's place the burner-mining-drill on a coal deposit.")
coal_pos = nearest('coal')
move_to(coal_pos)
entity_position = place_entity('burner-mining-drill', direction=UP, position=nearest_buildable('burner-mining-drill'))
comment("Checking entities to make sure burner mining drill has been placed")
inspect_entities(5)
comment("Now, we need to fuel the burner-mining-drill with coal.")
inventory = inspect_inventory()
if 'coal' in inventory:
    insert_item('coal', target_position=entity_position, quantity=20)
else:
    coal_pos = nearest('coal')
    move_to(coal_pos)
    pickup_entity('coal', coal_pos)
    insert_item('coal', target_position=entity_position, quantity=20)
comment("Let's craft a furnace.")
craft_item('stone-furnace', quantity=1)
comment("We need to get some stone first. Let's place a burner mining drill, a chest, and connect them with transport belts.")
stone_pos = nearest('stone')
move_to(stone_pos)
place_entity('burner-mining-drill', direction=UP, position=nearest_buildable('burner-mining-drill'))
chest_pos = place_entity_next_to('wooden-chest', reference_position=entity_position, direction=UP, gap=1)
connect_entities(source_position=entity_position, target_position=chest_pos, connection_type='transport-belt')
connect_entities(source_position=chest_pos, target_position=nearest_buildable('stone-furnace'), connection_type='transport-belt')
entity_position = place_entity('stone-furnace', direction=UP, position=nearest_buildable('stone-furnace'))
inventory = inspect_inventory()
if 'coal' in inventory:
    insert_item('coal', target_position=entity_position, quantity=20)
else:
   
coal_pos = (-9, -5)
iron_pos = (22, -5)
stone_pos = (-8, 6)
comment("First, we need to set up some infrastructure to start mining resources.")
comment("Let's place a burner mining drill and a chest to start mining coal.")
move_to(coal_pos)
entity_position = place_entity('burner-mining-drill', direction=RIGHT, position=nearest_buildable('burner-mining-drill'))
place_entity_next_to('chest', reference_position=entity_position, direction=RIGHT, gap=1)
connect_entities(source_position =entity_position , target_position=nearest('chest'), connection_type='transport-belt')
comment("It seems like we don't have any burner mining drills. Let's craft one first and try again.")
craft_item('burner-mining-drill', quantity=1)
comment("We also need to mine some stone to be able to craft the burner mining drill. Let's do that.")
harvest_resource(stone_pos, quantity=5)
comment("It looks like we don't have any stone to harvest at the specified position. Let's look for another position nearby where we can mine some stone.")
stone_pos = nearest('stone')
move_to(stone_pos)
harvest_resource(stone_pos, quantity=5)
comment("Now that we have some stone, let's try crafting the burner mining drill again.")
craft_item('burner-mining-drill', quantity=1)
comment("Great! We now have a burner mining drill. Let's place it near the coal we have identified earlier and start mining coal.")
move_to(coal_pos)
entity_position = place_entity_next_to('burner-mining-drill', reference_position=coal_pos, direction=DOWN, gap=1)
for i in range(50):
    insert_item('coal', target_position=entity_position, quantity=1)
comment("It looks like we can't place the burner-mining-drill at the specified position. Let's look for another nearby position.")
entity_position = nearest_buildable('burner-mining-drill', coal_pos, 5)
place_entity('burner-mining-drill', direction=DOWN, position=entity_position)
comment("I apologize, there was a mistake. The correct function call is `nearest_buildable()` with only one parameter, which is the entity name. Let's try again.")
entity_position = nearest_buildable('burner-mining-drill', max_distance=5, position=coal_pos)
comment("Now that we have placed the miner, let's start mining coal.")
harvest_resource(coal_pos, 20)
comment("I apologize, it seems that the resource we tried to harvest was fully depleted before we were able to extract the full quantity specified. Let's try again with a lower quantity.")
harvest_resource(coal_pos, 10)
comment("Now that we have some coal, let's craft some transport belts to connect the miner to our boilers.")
craft_item('transport-belt', quantity=50)
comment("We seem to be running low on iron ore. Let's look for an iron layer to set up our iron ore extraction operation.")
inspect_resources()
comment("Seems like we have found an iron ore deposit at position (22, -5). Let's mine it.")
iron_pos = (22, -5)
harvest_resource(iron_pos, 10)
comment("Oh no! Seems like the iron ore deposit is depleted. Let's look for another one.")
inspect_resources()
comment("We got some iron ore at position (8, -11) and (23, -5). Let's mine the one at (23, -5).")
iron_pos = (23, -5)
harvest_resource(iron_pos, 10)
comment("Looks like the iron deposit at (23, -5) got exhausted. Let's move to the one at (8,-11).")
iron_pos = (8, -11)
move_to(iron_pos)
harvest_resource(iron_pos, 10)
comment("Looks like the iron deposit at (8,-11) is also finished. Let's move to the stone deposit at (-9,6).")
stone_pos = (-9, 6)
move_to(stone_pos)
harvest_resource(stone_pos, 10)
comment("Let's smelt some iron ore to get iron plates.")
iron_ore = inspect_resources()['iron-ore']
coal = inspect_inventory()['coal']
comment("Checking the inventory for available iron ore.")
inventory = inspect_inventory()
if inventory.get('iron-ore', 0) > 2:
    comment("we have enough iron ore to keep us going")
    comment("We have enough iron ore to keep us going. Let's smelt!")
    smelting_area = (2,2)
    move_to(smelting_area)
    comment("Place an assembling machine")
    machine_pos = place_entity('assembling-machine-1', direction=DOWN, position=smelting_area)
    comment("Place a furnace on its right side")
    furnace_pos = place_entity_next_to('stone-furnace', reference_position=machine_pos, direction=RIGHT)    
    comment("Connect the output of the furnace to the input of the machine using an inserter")
    connect_entities(source_position=furnace_pos, target_position=machine_pos, connection_type='inserter')
    comment("Craft 10 iron plates")
craft_item('iron-plate', quantity=10)
comment("We don't have enough iron-ore. Let's find some")
iron_pos = nearest('iron-ore')
move_to(iron_pos)
comment("Harvesting iron ore.")
harvest_resource(iron_pos, quantity=5)
comment("Let's try to smelt some iron")
inventory = inspect_inventory()
if inventory.get('iron-ore', 0) > 2:
    comment("we have enough iron ore to keep us going")
    smelting_area = (2,2)
    move_to(smelting_area)
    comment("Place an assembling machine")
    machine_pos = place_entity('assembling-machine-1', direction=DOWN, position=smelting_area)
    comment("Place a furnace on its right side")
    furnace_pos = place_entity_next_to('stone-furnace', reference_position=machine_pos, direction=RIGHT)
    comment("Connect the output of the furnace to the input of the machine using an inserter")
    connect_entities(source_position=furnace_pos, target_position=machine_pos, connection_type='inserter')
    comment("Craft 10 iron plates")
    craft_item('iron-plate', quantity=10)    
else:
    comment("we
place_entity('stone-furnace', position=nearest_buildable('stone-furnace'), direction=LEFT)
place_entity_next_to('burner-mining-drill', position=nearest_buildable('burner-mining-drill'), reference_position=entity_position, direction=LEFT, gap=1) 
connect_entities(source_position=nearest('burner-mining-drill'), target_position=nearest('stone-furnace'), connection_type='inserter') 
insert_item('iron-ore', target_position=nearest('stone-furnace'), quantity=5)
comment("Sorry about that. We need to first craft a stone furnace.")
stone_pos = nearest('stone')
move_to(stone_pos)
craft_item('stone-furnace', quantity=1)
comment("Good. Now we can place our furnace and start smelting some iron.")
entity_position = place_entity('stone-furnace', direction=LEFT, position=nearest_buildable('stone-furnace'))
inventory = inspect_inventory()
if 'iron-ore' in inventory.keys():
    while inventory['iron-ore'] >= 5:
        extract_item('iron-ore', source_position=nearest('iron-ore'), quantity=5)
        insert_item('iron-ore', target_position=entity_position, quantity=5)
        if inventory['coal'] < 5:
            extract_item('coal', source_position=nearest('coal'), quantity=5)
            insert_item('coal', target_position=entity_position, quantity=5)
        set_entity_recipe(entity_position, recipe='iron-plate')
        inventory = inspect_inventory()
else:
    comment("No more iron-ore in the vicinity. Let's explore for more resources.")
comment("Oops! We need to mine some iron ore before we can use the furnace to smelt it.")
iron_pos = nearest('iron-ore')
move_to(iron_pos)
harvest_resource(iron_pos, quantity=10)
comment("We gathered 9 iron-ore. Let's try smelting it now.")
entity_position = place_entity_next_to('stone-furnace', reference_position=entity_position, direction=LEFT, gap=1)
connect_entities(source_position=(entity_position[0], entity_position[1] + 2), target_position=entity_position, connection_type="inserter")
insert_item('iron-ore', target_position=entity_position, quantity=9)
set_entity_recipe(entity_position, recipe='iron-plate')
inventory = inspect_inventory()
if 'iron-plate' in inventory.keys():
    comment("Great! We just smelted our first iron plate.")
comment("We need to place a stone furnace to start smelting")
entity_position = place_entity('stone-furnace', direction=RIGHT, position=(-11, 3))
comment("We need to craft stone furnace first")
craft_item('stone-furnace')
comment("Now let's place a stone furnace and start smelting iron")
entity_position = place_entity('stone-furnace', direction=RIGHT, position=(-11, 3))
connect_entities(source_position=nearest('burner-mining-drill'), target_position=entity_position, connection_type='inserter')
set_entity_recipe(entity_position, recipe='iron-plate')
insert_item('coal', nearest(entity_position), quantity=5)
comment("We actually need to have iron ore first before we can set its recipe to iron plate")
coal_pos = (-9, -5)
iron_pos = (22, -5)
stone_pos = (-8, 6)
entity_position = (-11, 3)
inventory = {'iron-chest': 1, 'transport-belt': 61, 'burner-mining-drill': 1, 'assembling-machine-1': 1, 'coal': 56, 'stone': 5, 'iron-ore': 5, 'copper-plate': 50}
comment("We have coal at " + str(coal_pos) + " and iron ore at " + str(iron_pos) + ". We need to setup a mining drill to extract them.")
mine_iron_ore_position = place_entity('burner-mining-drill', direction=DOWN, position=nearest_buildable(iron_pos)) 
comment("Looks like we have an issue with the API which expects a coordinate in a list format. Let's convert it to a list and try again.")
mine_iron_ore_position = place_entity('burner-mining-drill', direction=DOWN, position=list(nearest_buildable(iron_pos)))
comment("Looks like we have an issue with the API which expects a coordinate in a list format. Let's convert it to a list and try again.")
resources = inspect_resources()
comment("Available resources are: " + str(resources))
coal_pos = list(resources['coal'][0]['position'])
iron_pos = list(resources['iron-ore'][0]['position'])
stone_pos = list(resources['stone'][0]['position'])
comment("We have coal at " + str(coal_pos) + " and iron ore at " + str(iron_pos) + ". We need to setup a mining drill to extract them.")
mine_iron_ore_position = place_entity('burner-mining-drill', direction=DOWN, position=list(nearest_buildable(iron_pos)))
comment("Let's use the `inspect_entities` method to check our current position on the map.")
entities = inspect_entities(5)
player_pos = entities[0]['position']
comment("Current player position is: " + str(player_pos))
comment("Placing burner mining drill to extract coal")
comment("Place burner mining drill facing right")
entity_pos = place_entity('burner-mining-drill', RIGHT, nearest_buildable(coal_pos))
comment("New entity has been placed at position: "+ str(entity_pos))
comment("Let's first check the available natural resources around us")
resources_info = inspect_resources()
resources_info
comment("According to the resources information we have coal, iron-ore, copper_ore and stone near us. Let's gather these resources. Starting with coal")
coal_pos = nearest('coal')
comment("Move to the nearest coal deposit")
move_to(coal_pos)
comment("Harvest coal resources from the deposit")
harvest_resource(coal_pos, quantity=10)
comment("Now let's gather iron-ore")
iron_ore_pos = nearest('iron_ore')
comment("Move to the nearest iron-ore deposit")
move_to(iron_ore_pos)
comment("Harvest iron-ore resources from the deposit")
harvest_resource(iron_ore_pos, quantity=10)
comment("Let's process the collected resources by building a smelter setup")
comment("Place a burner mining drill to extract iron ore")
iron_drill_pos = (iron_ore_pos[0] - 1, iron_ore_pos[1])
place_entity('burner-mining-drill', position = iron_drill_pos)
comment("Place a furnace to smelt iron")
iron_furnace_pos = (iron_drill_pos[0] - 2, iron_drill_pos[1])
place_entity('stone-furnace', position = iron_furnace_pos)
comment("Connect the mining drill to the furnace")
connect_entities(source_position = iron_drill_pos, target_position = iron_furnace_pos) 
comment("Now set the recipe of the furnace to smelt iron ore. Then check the status of the furnace") 
set_entity_recipe(iron_furnace_pos, 'iron-plate')
inspect_entities()
comment("Oh, I see there's no iron-ore at the position where the drill should be placed. Let me look for another iron-ore deposit")
iron_ore_pos = nearest('iron_ore')
comment("Move to the new iron-ore deposit")
move_to(iron_ore_pos)
comment("Harvest iron-ore resources from the new deposit")
harvest_resource(iron_ore_pos, quantity=10)
comment("It looks like we can only get 9 iron ores from this deposit..")
comment("Let's process the collected resources by building a smelter setup")
comment("Place a burner mining drill to extract iron ore")
iron_drill_pos = (iron_ore_pos[0] - 1, iron_ore_pos[1])
place_entity('burner-mining-drill', position = iron_drill_pos)
comment("Place a stone-furnace to smelt the iron-ore")
furnace_pos = (iron_drill_pos[0] - 1, iron_drill_pos[1])
place_entity('stone-furnace', position=furnace_pos, direction=DOWN)
comment("Add an inserter to move iron-ore from the mining drill to the stone-furnace")
inserter_pos = (iron_drill_pos[0] - 1, iron_drill_pos[1] - 1)
comment("It seems like there is still no more iron left. Let me look for another iron deposit..")
iron_pos = nearest('iron_ore')
comment("Move to the new iron deposit")
move_to(iron_pos)
comment("Harvest iron ore resources")
harvest_resource(iron_pos, quantity=20)
iron_drill_pos = (iron_pos[0] - 1, iron_pos[1])
comment("Place a burner mining drill to extract iron ore")
place_entity('burner-mining-drill', position = iron_drill_pos)
comment("This seems to yield 9 iron ore. Let me process these.")
comment("Place a burner mining drill to extract more iron ore")
iron_drill_pos = (iron_pos[0] - 1, iron_pos[1])
place_entity('burner-mining-drill', position = iron_drill_pos)
comment("Place a stone furnace to produce iron plates")
furnace_pos = (iron_drill_pos[0] - 1, iron_drill_pos[1])
place_entity('stone-furnace', position=furnace_pos)
comment("Connect the furnace with the drill using an inserter")
inserter_pos = (furnace_pos[0] - 1, furnace_pos[1])
connect_entities(source_position=iron_drill_pos, target_position=furnace_pos, connection_type='inserter')
comment("There is no minable resource near the new iron deposit. Let me look for another iron ore deposit.")
iron_pos = nearest('iron_ore')
comment("Move to the new iron deposit")
move_to(iron_pos)
comment("Harvest iron ore resources")
harvest_resource(iron_pos, quantity=20)
comment("Place a burner mining drill to extract more iron ore")
iron_drill_pos = (iron_pos[0] - 1, iron_pos[1])
place_entity('burner-mining-drill', position = iron_drill_pos)
comment("Connect the output of the iron drill to the existing stone furnace")
connect_entities(source_position=iron_drill_pos, target_position=(stone_furnace_position[0] + 1, stone_furnace_position[1]), connection_type='inserter')
comment("This new iron deposit seems to also yield 9 iron ore. Let me smelt these.")
comment("Place a stone furnace to process the iron ore into plates")
furnace_pos = nearest_buildable('stone-furnace', player_pos)
place_entity('stone-furnace', position=furnace_pos)
comment("Convert the iron ore to iron plates")
insert_item('iron-ore', target_position=nearest('stone-furnace'), quantity=9)
set_entity_recipe(nearest('stone-furnace'), 'iron-plate')
comment("Extract iron plates from the stone furnace into the player's inventory.")
extract_item('iron-plate', nearest('stone-furnace'), quantity=9)
comment("First, I need to build a burner-mining-drill at the new deposit position")
place_entity('burner-mining-drill', direction=DOWN, position=nearest_buildable(iron_pos))
comment("Now I need to build a furnace to smelt the ore.")
furnace_position = place_entity_next_to('stone-furnace', reference_position=iron_drill_pos, direction=DOWN, gap=1)
furnace_direction = LEFT
rotate_entity(furnace_position, furnace_direction)
comment("I should now ensure that it has access to fuel.")
coal_pos = nearest('coal')
move_to(coal_pos)
insert_item('coal', target_position=nearest(iron_drill_pos), quantity=1)
comment("Now, it's time to smelt the ore into plates at the furnace.")
coal_pos = nearest('coal')
move_to(coal_pos)
insert_item('coal', target_position=nearest(furnace_pos), quantity=1)
insert_item('iron_ore', target_position=nearest(furnace_pos), quantity=5)
set_entity_recipe(furnace_pos, recipe='iron-plate')
comment("I should check if there is any iron ore at the smelter or nearby.")
inspect_entities(5)
extract_item('iron-ore', source_position=nearest(furnace_pos), quantity=1)
