# First, let's inspect the resources and entities around us
inspect_resources()
inspect_entities(20)
# From the inspection, it seems we have a lot of natural resources around us, including coal, iron ore, copper ore, stone, and uranium ore. We should start with a basic setup for mining and smelting these resources to produce iron gear wheels. We will also likely need to generate power using coal-fired boilers and steam engines. Let's start by checking our inventory:
check_inventory()
# It seems we have some basic starter items in our inventory, including a burner mining drill, transport belts, coal, and some materials for smelting. Let's start by setting up our mining and smelting operation:
# First, let's move to the nearest coal resource and lay a burner mining drill on it
coal_position = nearest('coal')
move_to(coal_position)
place_entity('burner-mining-drill', direction=DOWN, position=(coal_position[0], coal_position[1]+2))
# Sorry about that, let's continue from where we left off:
# Let's continue setting up our mining and smelting operation:
# First, let's move to the nearest coal resource and lay a burner mining drill on it
coal_position = nearest('coal')
move_to(coal_position)
place_entity('burner-mining-drill', direction=DOWN, position=(coal_position[0], coal_position[1]+2)) 
# It seems we cannot place a burner mining drill on that coal resource due to an item on the ground there. Let's move to the nearest iron ore resource instead and try there:
iron_position = nearest('iron-ore')
move_to(iron_position)
place_entity('burner-mining-drill', direction=DOWN, position=(iron_position[0], iron_position[1]+2))
# It seems we have to inspect our surroundings again to see what's preventing us from placing the burner mining drill. Let's do that:
inspect_entities(20)
# It seems like there isn't anything preventing us from placing the burner mining drill. Perhaps we just didn't position ourselves accurately. Let's try again:
iron_position = nearest('iron-ore')
move_to(iron_position)
place_entity('burner-mining-drill', direction=DOWN, position=(iron_position[0], iron_position[1]+2))
# Let's try moving closer to the iron ore resource before placing the burner mining drill:
iron_position = nearest('iron-ore')
move_to((iron_position[0], iron_position[1]+2))
place_entity('burner-mining-drill', direction=DOWN, position=(iron_position[0], iron_position[1]+2))
# It seems like something is blocking the placement of the burner mining drill. Let's try moving a bit further away from the iron ore and inspecting our surroundings again:
move_to((iron_position[0], iron_position[1]+5))
inspect_entities(20)
# It seems like there's nothing blocking the placement of the burner mining drill again. Let's try once more:
iron_position = nearest('iron-ore')
move_to((iron_position[0], iron_position[1]+2))
place_entity('burner-mining-drill', direction=DOWN, position=(iron_position[0], iron_position[1]+2))
# Ok, let's try a different approach. Instead of trying to place a burner-mining-drill, let's pick up coal that is nearby and manually add it to each of the stone furnaces we place to smelt the iron ore into iron plates:
coal_location = nearest('coal')
move_to(coal_location)
pickup_entity('coal', coal_location)
# Let's check our inventory to see if we already have coal:
check_inventory()
# Oh, it looks like we already have coal. Let's start by placing a burner mining drill on the nearest iron ore resource:
iron_position = nearest('iron-ore')
place_entity('burner-mining-drill', direction=DOWN, position=(iron_position[0], iron_position[1]+2))
