comment("Inspect resources around me")
resources = inspect_resources()
comment("Move to the nearest coal resource and place a burner-mining-drill")
coal_position = nearest('coal')
move_to(coal_position)
coal_drill_position = place_entity('burner-mining-drill', direction=RIGHT, exact=False, position=coal_position)
inspect_entities(5)
comment("Pick up coal near the coal_position")
pickup_entity('coal', coal_position)
comment("Harvest coal near the coal_position")
harvest_resource(coal_position, quantity=5)
comment("Inspect my inventory to check coal")
inventory = inspect_inventory()
comment("Refuel the burner-mining-drill with coal")
insert_item('coal', target_position=coal_drill_position, quantity=1)
comment("Re-assign coal_drill_position")
coal_drill_position = (-5, -7)
coal_drill_position = (-5, -7)
comment("Refuel the burner-mining-drill with coal")
insert_item('coal', target_position=coal_drill_position, quantity=1)
comment("Move to the iron ore patch")
iron_ore_position = nearest('iron_ore')
move_to(iron_ore_position)
comment("Clear the blocked output before moving on")
extract_item('coal', source_position=(-7.5, -6.296875), quantity=1)
comment("Check nearby entities to inspect the output issue")
inspect_entities(radius=7)
move_to((-5, -7))
inspect_entities(5)

{
  "entities": [
    {
      "type": "player_character",
      "position": (-5, -7)
    },
    {
      "type": "burner-mining-drill",
      "position": (-5, -7),
      "direction": 4,
      "fueled": true
    },
    {
      "type": "coal",
      "position": (-7.5, -6.296875),
      "quantity": 0
    }
  ]
}
comment("Move close to the burner-mining-drill for further inspection")
move_to((-7.5, -6.296875))
inspect_entities(5)

Entities: [
{'type': 'burner-mining-drill', 'position': (-5, -7), 'direction': LEFT},
{'type': 'stone_furnace', 'position': (-7, -7), 'items': {'iron-ore': 5}},
{'type': 'player_character', 'position': (0,0)}
]
comment("Move near the burner-mining-drill")
move_to((-5, -7))
comment("Place a stone-furnace near the burner-mining-drill for coal processing")
stone_furnace_position = place_entity('stone-furnace', position=(-7.5, -5))
comment("Insert a coal from your inventory into the stone-furnace for fuel")
insert_item('coal', target_position=stone_furnace_position, quantity=1)
comment("Move close to the burner-mining-drill and stone-furnace for further inspection")
move_to((-7.5, -6.296875))
move_to((-7, -9))
comment("Insert a coal from your inventory into the stone-furnace for fuel")
insert_item('coal', target_position=nearest('stone-furnace'), quantity=1)
comment("Rotate the burner-mining-drill so it faces the stone-furnace properly")
rotate_entity((-5, -7), direction=RIGHT)
rotate_entity(coal_drill_position, direction=RIGHT)
comment("Insert a coal from your inventory into the stone-furnace for fuel")
insert_item('coal', target_position=stone_furnace_position, quantity=1)
comment("Place an iron chest next to the stone-furnace to store excess resources")
iron_chest_position = place_entity_next_to('iron-chest', reference_position=stone_furnace_position, direction=LEFT, gap=1)
comment("Connect the burner-mining-drill's output to the iron-chest using an inserter")
connect_entities(source_position=(coal_drill_position[0]-2, coal_drill_position[1]), target_position=iron_chest_position, connection_type='inserter')
move_to(stone_furnace_position)
insert_item('coal', target_position=stone_furnace_position, quantity=1)
comment("Insert coal from inventory into stone-furnace")
insert_item('coal', target_position=stone_furnace_position, quantity=5)
insert_item('coal', target_position=stone_furnace_position, quantity=1)
comment("Check inserted coal and connected burner-mining-drill")
comment("Move coal from blocked burner-mining-drill output to the stone-furnace and insert coal")
 
extract_item('coal', source_position=(-7.5, -6.296875), quantity=1)
insert_item('coal', target_position=stone_furnace_position, quantity=1)
comment("Check output and clear the blockage")
move_to((-7.5, -6.296875))
extract_item('coal', source_position=(-5, -7), quantity=1)
insert_item('coal', target_position=stone_furnace_position, quantity=1)
comment("Refuel stone-furnace")
insert_item('coal', target_position=stone_furnace_position, quantity=1)
comment("Setup transport belts to move coal to the furnace automatically")
move_to(coal_drill_position)
place_entity('transport-belt', direction=UP, position=(coal_drill_position[0], coal_drill_position[1]+1))
place_entity('transport-belt', direction=RIGHT, position=(coal_drill_position[0], coal_drill_position[1]+2))
place_entity('transport-belt', direction=RIGHT, position=(coal_drill_position[0]+1, coal_drill_position[1]+2))
place_entity('transport-belt', direction=DOWN, position=(coal_drill_position[0]+1, coal_drill_position[1]+1))
place_entity('transport-belt', direction=DOWN, position=(coal_drill_position[0]+1, stone_furnace_position[1]))
place_entity('inserter', direction=DOWN, position=(coal_drill_position[0]+1, stone_furnace_position[1]))
comment("Manually move coal to the furnace and resolve inserter issue")
pickup_entity('coal', coal_drill_position)
move_to(stone_furnace_position)
insert_item('coal', target_position=stone_furnace_position, quantity=2)
comment("Add coal to inventory")
harvest_resource(coal_drill_position, quantity=5)
comment("Insert coal into the stone furnace")
move_to(stone_furnace_position)
insert_item('coal', target_position=stone_furnace_position, quantity=2)
comment("Clear blocked output of burner-mining-drill and build a chest to store excess coal")
move_to(coal_drill_position)
place_entity('iron-chest', direction=UP, position=(coal_drill_position[0], coal_drill_position[1]+1))
comment("Craft an iron chest")
craft_item('iron-chest', quantity=1)
comment("Place iron chest at the output of burner-mining-drill")
move_to(coal_drill_position)
place_entity('iron-chest', direction=UP, position=(coal_drill_position[0], coal_drill_position[1]+1))
move_to(coal_drill_position)
place_entity('iron-chest', direction=UP, position=(coal_drill_position[0], coal_drill_position[1]+1))
comment("Check inventory")
inspect_inventory()
inspect_inventory()
comment("It seems we don't have an iron-chest in the inventory. Let's fix the warnings first by refueling the stone-furnace and providing space in the burner-mining-drill's destination.")
comment("Insert fuel into the stone-furnace")
move_to(stone_furnace_position)
insert_item('coal', target_position=stone_furnace_position, quantity=1)
insert_item('coal', target_position=(-7, -9), quantity=5)
comment("Clear space in output")
extract_item('coal', source_position=(-7.5, -6.296875), quantity=10)
move_to(iron_ore_position)
comment("It seems there was no item to extract at the specified position. Let's reevaluate the situation by looking at our inventory and entities around us")
inspect_inventory()
inspect_entities(radius=10)
comment("I realize I made a mistake with the entities' positions. Let's update their positions and adjust our plan accordingly.")
coal_drill_position = (-7, -5)
iron_ore_position = (22, -5)
stone_furnace_position = (-9, -7)
iron_chest_position = (-11.046875, -7)
comment("Refuel the stone furnace and provide space in the output for the burner mining drill")
move_to(coal_drill_position)
insert_item('coal', target_position=(-7, -9), quantity=1)
coal_chest_position = (-7.5, -6.296875)
entity_position = place_entity('iron-chest', position=coal_chest_position, exact=True)
comment("Let's craft an iron chest and place to free up space for the burner-mining-drill and refuel the stone-furnace.")
craft_item('iron-chest', quantity=1)
move_to(coal_drill_position)
insert_item('coal', target_position=(-7, -9), quantity=1)
move_to(entity_position)
comment("Apologies for the confusion, let's try placing the iron chest again now that it's crafted.")
move_to((-7.5, -6.296875))
entity_position = place_entity('iron-chest', position=(-7.5, -6.296875))
comment("Add fuel to the stone furnace")
move_to(stone_furnace_position)
pickup_entity('coal', (-7, -12))
insert_item('coal', target_position=(-7, -9), quantity=1)
comment("Yes, let's harvest the coal instead to add it to our inventory.")
harvest_resource((-7, -12), quantity=1)
harvest_resource((-7, -12), quantity=5)
insert_item('coal', target_position=(-7, -9), quantity=1)
comment("Make space in the iron chest for the mining drill output")
move_to(coal_chest_position)
extract_item('coal', source_position=coal_chest_position, quantity=5)
comment("Let's move the coal from the blocked output to the iron chest")
move_to((-7.5, -6.296875))
pickup_entity('coal', (-7.5, -6.296875))
move_to(iron_chest_position)
insert_item('coal', target_position=iron_chest_position, quantity=5)
comment("Let's try the mining drill next to the stone furnace")
entity_position = place_entity_next_to('burner-mining-drill', reference_position=stone_furnace_position, direction=LEFT, gap=1)
insert_item('coal', target_position=entity_position, quantity=1)
comment("Move to the stone furnace and add coal to it")
move_to(stone_furnace_position)
insert_item('coal', target_position=(-7, -9), quantity=1)
comment("Connect the burner-mining-drill output to the iron_chest for storage")
connect_entities(source_position=(-5, -7), target_position=iron_chest_position, connection_type='inserter')
comment("Remove the blocked output")
move_to((-7.5, -6.296875))
harvest_resource((-7.5, -6.296875), quantity=5)
comment("Connect the burner-mining-drill output to the iron_chest for storage again")
connect_entities(source_position=(-5, -7), target_position=iron_chest_position, connection_type='inserter')
comment("Move to the stone furnace and add coal to it again")
move_to(stone_furnace_position)
insert_item('coal', target_position=(-7, -9), quantity=1)
comment("Ensure the burner-mining-drill and its position")
burner_drill_position = nearest('burner-mining-drill')
move_to(burner_drill_position)
comment("Move to the burner-mining-drill")
move_to(burner_drill_position)
comment("Clear the blocked output and ensure there's space for new coal")
harvest_resource((-7.5, -6.296875), quantity=5)
