[94m# Begin by inspecting the resources around us
inspect_resources()
[92mLine 1: There are 4.2k tree_01s scattered 23km northwest, 17km north-northwest, 16km north, 16km north-northeast, 21km northeast, 1km east-northeast, 3km west-northwest, 760 metres west, 32 metres east, 4km west-southwest, 720 metres east-southeast, 17km southeast, 17km southwest, 13km south-southwest, 13km south-southeast, and 11km south 
- 100x coal 10 metres northwest (-17, -14) x (-8, -5)
- 100x iron_ore 10 metres east-northeast (22, -14) x (31, -5)
- 100x stone 10 metres southwest (-17, 6) x (-8, 15)
- 100x copper_ore 10 metres east-southeast (22, 6) x (31, 15)
- 100x uranium_ore 30 metres southeast (22, 26) x (31, 35)
- There are 4.2k stone_furnaces scattered 10 metres east-northeast 
- There are 4.2k item_on_grounds scattered 4 metres west-northwest 
[94m# Next, let's check our inventory
check_inventory()
[92mLine 1: {'iron-chest': 1, 'transport-belt': 50, 'burner-mining-drill': 1, 'stone-furnace': 1, 'assembling-machine-1': 1, 'coal': 50, 'iron-plate': 50, 'copper-plate': 50}
[96m# Let's start by setting up a basic mining operation
[94m# First we'll place the burner mining drill on the nearest coal resource
place_entity('burner-mining-drill', direction=DOWN, position=nearest('coal'))
[92mLine 1: Error: ('Could not place burner-mining-drill', 'Cant build there due to existing burner mining drillwith the size 1')
[96m# It looks like there is already a mining drill nearby, let's try to find another location
[96m# Let's start by setting up a basic mining operation
[96m# We can try to find a different coal resource and place the burner mining drill there
[94mcoal_position = nearest('coal',radius=20, omit_entities = ["burner-mining-drill"])
[94m# We can now place the mining drill at the new location
place_entity('burner-mining-drill', direction=DOWN, position=coal_position)
[92mLine 1: Error: ('Could not place burner-mining-drill', 'Cant build there due to existing burner mining drillwith the size 1')
[96m# It looks like we are out of luck finding coal. Let's move on to a different resource instead.
[96m# Let's try setting up our mining operation for iron this time
[94m# First, we'll place the burner mining drill on the nearest iron resource
place_entity('burner-mining-drill', direction=DOWN, position=nearest('iron-ore')) 
[92mLine 1: True
[96m# Now that we have a mining drill for iron ore, let's set up a smelting setup
[94m# We'll start by placing a stone furnace near the mining drill to smelt the iron ore
place_entity('stone-furnace', direction=DOWN, position=(2,0))
[92mLine 1: True
[94m# Next, we'll place a chest to store coal, which is used as fuel for the furnace
place_entity('iron-chest', direction=DOWN, position=(3,1))
[92mLine 1: True
[94m# Now, we'll insert coal from our inventory into the chest
insert_item('coal', target_position=(3,1), quantity=10)
[92mLine 1: True
[94m# We can now start smelting the iron ore by setting the recipe of the furnace to 'iron-plate'
set_entity_recipe((2,0), recipe='iron-plate')
