[94m# First, let's inspect the resources and entities around us
inspect_resources()
inspect_entities(20)
[92mLine 1: There are 4.2k tree_01s scattered 23km northwest, 17km north-northwest, 16km north, 16km north-northeast, 21km northeast, 1km east-northeast, 3km west-northwest, 760 metres west, 32 metres east, 4km west-southwest, 720 metres east-southeast, 17km southeast, 17km southwest, 13km south-southwest, 13km south-southeast, and 11km south 
- 100x coal 10 metres northwest (-17, -14) x (-8, -5)
- 100x iron_ore 10 metres east-northeast (22, -14) x (31, -5)
- 100x stone 10 metres southwest (-17, 6) x (-8, 15)
- 100x copper_ore 10 metres east-southeast (22, 6) x (31, 15)
- 100x uranium_ore 30 metres southeast (22, 26) x (31, 35)
- There are 4.2k item_on_grounds scattered 4 metres west-northwest 
Line 2: entities:
- direction: north
  position: !!python/tuple
  - 0
  - 0
  status: empty
  type: player_character

[96m# From the inspection, it seems we have a lot of natural resources around us, including coal, iron ore, copper ore, stone, and uranium ore. We should start with a basic setup for mining and smelting these resources to produce iron gear wheels. We will also likely need to generate power using coal-fired boilers and steam engines. Let's start by checking our inventory:
[94mcheck_inventory()
[92mLine 1: {'iron-chest': 1, 'transport-belt': 50, 'burner-mining-drill': 1, 'stone-furnace': 1, 'assembling-machine-1': 1, 'coal': 50, 'iron-plate': 50, 'copper-plate': 50}
[96m# It seems we have some basic starter items in our inventory, including a burner mining drill, transport belts, coal, and some materials for smelting. Let's start by setting up our mining and smelting operation:
[94m# First, let's move to the nearest coal resource and lay a burner mining drill on it
coal_position = nearest('coal')
move_to(coal_position)
place_entity('burner-mining-drill', direction=DOWN, position=(coal_position[0], coal_position[1]+2))
[92mError: Evaluation timed out
[96m# Sorry about that, let's continue from where we left off:
[96m# Let's continue setting up our mining and smelting operation:
[94m# First, let's move to the nearest coal resource and lay a burner mining drill on it
coal_position = nearest('coal')
move_to(coal_position)
place_entity('burner-mining-drill', direction=DOWN, position=(coal_position[0], coal_position[1]+2)) 
[92mLine 1: None
Line 2: Error: ('Could not place burner-mining-drill', 'Cant build there due to existing item on groundwith the size 1')
[94m# It seems we cannot place a burner mining drill on that coal resource due to an item on the ground there. Let's move to the nearest iron ore resource instead and try there:
iron_position = nearest('iron-ore')
move_to(iron_position)
place_entity('burner-mining-drill', direction=DOWN, position=(iron_position[0], iron_position[1]+2))
[92mLine 1: None
Line 2: Error: ('Could not place burner-mining-drill', 'Cant build there maybe inspect your surroundings')
[94m# It seems we have to inspect our surroundings again to see what's preventing us from placing the burner mining drill. Let's do that:
inspect_entities(20)
[92mLine 1: entities:
- direction: north
  position: !!python/tuple
  - 0
  - 0
  status: empty
  type: player_character

[94m# It seems like there isn't anything preventing us from placing the burner mining drill. Perhaps we just didn't position ourselves accurately. Let's try again:
iron_position = nearest('iron-ore')
move_to(iron_position)
place_entity('burner-mining-drill', direction=DOWN, position=(iron_position[0], iron_position[1]+2))
[92mLine 1: None
Line 2: Error: ('Could not place burner-mining-drill', 'Cant build there maybe inspect your surroundings')
[94m# Let's try moving closer to the iron ore resource before placing the burner mining drill:
iron_position = nearest('iron-ore')
move_to((iron_position[0], iron_position[1]+2))
place_entity('burner-mining-drill', direction=DOWN, position=(iron_position[0], iron_position[1]+2))
[92mLine 1: None
Line 2: Error: ('Could not place burner-mining-drill', 'Cant build there maybe inspect your surroundings')
[96m# It seems like something is blocking the placement of the burner mining drill. Let's try moving a bit further away from the iron ore and inspecting our surroundings again:
[94mmove_to((iron_position[0], iron_position[1]+5))
inspect_entities(20)
[92mLine 1: None
Line 2: entities:
- direction: north
  position: !!python/tuple
  - 0
  - 0
  status: empty
  type: player_character

[94m# It seems like there's nothing blocking the placement of the burner mining drill again. Let's try once more:
iron_position = nearest('iron-ore')
move_to((iron_position[0], iron_position[1]+2))
place_entity('burner-mining-drill', direction=DOWN, position=(iron_position[0], iron_position[1]+2))
[92mLine 1: None
Line 2: Error: ('Could not place burner-mining-drill', 'Cant build there maybe inspect your surroundings')
[94m# Ok, let's try a different approach. Instead of trying to place a burner-mining-drill, let's pick up coal that is nearby and manually add it to each of the stone furnaces we place to smelt the iron ore into iron plates:
coal_location = nearest('coal')
move_to(coal_location)
pickup_entity('coal', coal_location)
[92mLine 1: None
Line 2: Error: ('Could not pickup.', 'Nothing to here to pick up')
[94m# Let's check our inventory to see if we already have coal:
check_inventory()
[92mLine 1: {'iron-chest': 1, 'transport-belt': 50, 'burner-mining-drill': 1, 'stone-furnace': 1, 'assembling-machine-1': 1, 'coal': 50, 'iron-plate': 50, 'copper-plate': 50}
[94m# Oh, it looks like we already have coal. Let's start by placing a burner mining drill on the nearest iron ore resource:
iron_position = nearest('iron-ore')
place_entity('burner-mining-drill', direction=DOWN, position=(iron_position[0], iron_position[1]+2))
[92mLine 1: Error: ('Could not place burner-mining-drill', 'Cant build there maybe inspect your surroundings')
