# Step 1 - Set up mining
# Step 1 - Set up mining
# Step 1 - Set up mining
# Check if we have a burner mining drill
count_drills = check_inventory()['burner-mining-drill']
# If we don't have any burner mining drills, craft one
if count_drills == 0:
    craft_item('burner-mining-drill', quantity=1)
     
# Step 1 - Set up mining
# Check if we have enough transport belts
count_belts = check_inventory()['transport-belt']
# Step 1 - Set up mining
# Step 1 - Set up mining
# Step 1 - Set up mining
# Step 1 - Set up mining
# Step 1 - Set up mining
# Step 2 - Set up smelting
# Step 1 - Set up mining
# Step 1 - Set up mining
# Step 1 - Set up mining
# Step 1 - Set up mining
# Step 1 - Set up mining
# Step 1 - Set up mining
# Step 1 - Set up mining
# Step 1 - Set up mining
# Step 1 - Set up mining
