[94m# First, I will check my inventory and surroundings
check_inventory()
inspect_resources()
inspect_entities(10)
[92mLine 1: {'iron-chest': 1, 'transport-belt': 50, 'burner-mining-drill': 1, 'stone-furnace': 1, 'assembling-machine-1': 1, 'coal': 50, 'iron-plate': 50, 'copper-plate': 50}
Line 2: {'water': {'size': 900, 'direction': {'offset': 42, 'named_direction': 'north', 'min_coordinates': (-18, -50), 'max_coordinates': (31, -33)}}, 'coal': {'size': 100, 'direction': {'offset': 10, 'named_direction': 'northwest', 'min_coordinates': (-17, -14), 'max_coordinates': (-8, -5)}}, 'iron_ore': {'size': 100, 'direction': {'offset': 10, 'named_direction': 'east-northeast', 'min_coordinates': (22, -14), 'max_coordinates': (31, -5)}}, 'stone': {'size': 100, 'direction': {'offset': 10, 'named_direction': 'southwest', 'min_coordinates': (-17, 6), 'max_coordinates': (-8, 15)}}, 'copper_ore': {'size': 100, 'direction': {'offset': 10, 'named_direction': 'east-southeast', 'min_coordinates': (22, 6), 'max_coordinates': (31, 15)}}, 'uranium_ore': {'size': 100, 'direction': {'offset': 30, 'named_direction': 'southeast', 'min_coordinates': (22, 26), 'max_coordinates': (31, 35)}}, 'small_biter_corpse': {'size': 1, 'directions': [{'distance': 3, 'unit': 'metres', 'direction': 'east-northeast'}], 'scattered': True}, 'character_corpse': {'size': 1, 'directions': [{'distance': 1, 'unit': 'metres', 'direction': 'west-northwest'}], 'scattered': True}}
Line 3: {'entities': []}
Score: 0
[94m# Based on the surrounding resources, I will start by getting coal and iron ore into their respective chests with burner mining drills.
[92mScore: 0
[94m# First, I'll place a burner mining drill on the nearest coal resource, and set it to output on a transport belt. I will then place an iron chest next to it, and insert the coal from the mining drill into the chest.
coal_position = nearest('coal')
move_to(coal_position)
place_entity('burner-mining-drill', direction=LEFT, position=(coal_position[0]-2, coal_position[1]))
transport_position = (coal_position[0]-3, coal_position[1])
place_entity_next_to('transport-belt', reference_position=(coal_position[0]-1, coal_position[1]), direction=LEFT, gap=0)
place_entity_next_to('transport-belt', reference_position=transport_position, direction=LEFT, gap=0)
chest_position = (coal_position[0]-5, coal_position[1])
place_entity_next_to('iron-chest', reference_position=transport_position, direction=LEFT, gap=1)
connect_entities(source_position=(coal_position[0]-3, coal_position[1]), target_position=transport_position, connection_type='inserter')
connect_entities(source_position=transport_position, target_position=chest_position, connection_type='inserter', output=True)
insert_item('coal', target_position=chest_position, quantity=50)
[92mLine 1: Executed successfully
Line 2: Error: Could not place burner-mining-drill. string
Score: 0
[94m# I got an error, maybe there wasn't any coal to mine in the radius, I'll check for nearby resources.
inspect_resources()
[92mLine 1: {'water': {'size': 900, 'direction': {'offset': 42, 'named_direction': 'north', 'min_coordinates': (-18, -50), 'max_coordinates': (31, -33)}}, 'coal': {'size': 100, 'direction': {'offset': 10, 'named_direction': 'northwest', 'min_coordinates': (-17, -14), 'max_coordinates': (-8, -5)}}, 'iron_ore': {'size': 100, 'direction': {'offset': 10, 'named_direction': 'east-northeast', 'min_coordinates': (22, -14), 'max_coordinates': (31, -5)}}, 'stone': {'size': 100, 'direction': {'offset': 10, 'named_direction': 'southwest', 'min_coordinates': (-17, 6), 'max_coordinates': (-8, 15)}}, 'copper_ore': {'size': 100, 'direction': {'offset': 10, 'named_direction': 'east-southeast', 'min_coordinates': (22, 6), 'max_coordinates': (31, 15)}}, 'uranium_ore': {'size': 100, 'direction': {'offset': 30, 'named_direction': 'southeast', 'min_coordinates': (22, 26), 'max_coordinates': (31, 35)}}, 'small_biter_corpse': {'size': 1, 'directions': [{'distance': 3, 'unit': 'metres', 'direction': 'east-northeast'}], 'scattered': True}, 'character_corpse': {'size': 1, 'directions': [{'distance': 1, 'unit': 'metres', 'direction': 'west-northwest'}], 'scattered': True}}
Score: 0
[94m# There is in fact coal nearby, so I'll try placing the burner mining drill again.
coal_position = nearest('coal')
move_to(coal_position)
place_entity('burner-mining-drill', direction=LEFT, position=(coal_position[0]-2, coal_position[1]))
[92mLine 1: Executed successfully
Line 2: Error: Could not place burner-mining-drill. string
Score: 0
[94m# It looks like there might not be enough space to place the drill, I'll check the entities around the coal resource.
inspect_entities(5)
[92mLine 1: {'entities': []}
Score: 0
