[96m# Step 1 - Set up mining
[96m# Step 1 - Set up mining
[96m# Step 1 - Set up mining
[94m# Check if we have a burner mining drill
count_drills = check_inventory()['burner-mining-drill']
[94m# If we don't have any burner mining drills, craft one
if count_drills == 0:
    craft_item('burner-mining-drill', quantity=1)
     
[96m# Step 1 - Set up mining
[94m# Check if we have enough transport belts
count_belts = check_inventory()['transport-belt']
[96m# Step 1 - Set up mining
[96m# Step 1 - Set up mining
[96m# Step 1 - Set up mining
[96m# Step 1 - Set up mining
[96m# Step 1 - Set up mining
[96m# Step 2 - Set up smelting
[96m# Step 1 - Set up mining
[96m# Step 1 - Set up mining
[96m# Step 1 - Set up mining
[96m# Step 1 - Set up mining
[96m# Step 1 - Set up mining
[96m# Step 1 - Set up mining
[96m# Step 1 - Set up mining
[96m# Step 1 - Set up mining
[96m# Step 1 - Set up mining
