[94mcomment("My plan is to start by inspecting the resources and entities around the player character.")
inspect_resources()
inspect_entities()
[92m1: {'water': [{'size': 900, 'min_coordinates': (-18, -50), 'max_coordinates': (31, -33)}], 'coal': [{'size': 100, 'min_coordinates': (-17, -14), 'max_coordinates': (-8, -5)}], 'iron_ore': [{'size': 100, 'min_coordinates': (22, -14), 'max_coordinates': (31, -5)}], 'stone': [{'size': 100, 'min_coordinates': (-17, 6), 'max_coordinates': (-8, 15)}], 'copper_ore': [{'size': 100, 'min_coordinates': (22, 6), 'max_coordinates': (31, 15)}], 'uranium_ore': [{'size': 100, 'min_coordinates': (22, 26), 'max_coordinates': (31, 35)}], 'item_on_ground': [{'size': 2, 'scattered': True}]}
2: [{'type': 'burner_mining_drill', 'position': (-7, -5), 'warning': 'The entity is out of fuel. The mining drill is waiting for space in destination', 'status': 'empty'}, {'type': 'player_character', 'position': (0, 0), 'warning': '', 'status': 'empty'}]
[94mcomment("Next, I will move to the location of the ore using the 'move_to' command.")
ore_location = (-8, -5)
move_to(ore_location)
[94mcomment("Now, I will place a burner mining drill at the location of the ore using the 'place_entity' function.")
place_entity('burner-mining-drill', direction=DOWN, position=ore_location)
[91mError line 1: Could not place burner-mining-drill at (-8, -5).  No burner mining drill in inventory.
[91mWarning: burner-mining-drill at (-5, -7): out of fuel, waiting for space in destination as output (-7.5, -6.296875) is blocked
[94mcomment("I forgot to include coal in the burner mining drill, I will use the 'insert_item' command to insert coal into the mining drill.")
insert_item('coal', target_position = nearest('burner-mining-drill'))
[94mcomment("Now that the mining drill is fueled, I will pick up the ore using the 'pickup_entity' command.")
pickup_entity('stone')
[91mError line 1: 'position'
[94mcomment("My mistake, I should specify the position of the entity to pick up as a parameter in the 'pickup_entity' command.")
pickup_entity('stone', position=ore_location)
[91mError line 1: Could not pickup, did you intend to harvest?. 0
[91mWarning: burner-mining-drill at (-5, -7): out of fuel, waiting for space in destination as output (-7.5, -6.296875) is blocked
[94mcomment("Oops, the 'pickup_entity' function only works for certain entities. I should use 'harvest_resource' instead to mine the ore.")
harvest_resource(ore_location)
[94mcomment("Now that I have the stone, I will place a stone furnace using the 'place_entity' command.")
stone_furnace_position = (0, 0)
place_entity('stone-furnace', position=stone_furnace_position)
[92m2: (0, 0)
[94mcomment("Let's check our inventory and see if we have enough resources to craft some iron plates using the 'inspect_inventory' command.")
inventory = inspect_inventory()
if 'iron-ore' in inventory and inventory['iron-ore'] >= 2:
    comment("We have enough resources to craft iron plates. Let's use the 'craft_item' command.")
    craft_item('iron-plate', quantity=1)
else:
    comment("We don't have enough resources to craft iron plates yet. We need to mine more iron ore.")
[91mWarning: burner-mining-drill at (-5, -7): waiting for space in destination as output (-7.5, -6.296875) is blocked
Warning: stone-furnace at (0, 0): out of fuel
[94mcomment("Seems like the mining drill and furnace are out of fuel. I will insert some coal into them using the 'insert_item' command.")
inventory = inspect_inventory()
if inventory.get('coal') and inventory['coal'] > 0:
    insert_item('coal', target_position=nearest('burner-mining-drill'), quantity=1)
    insert_item('coal', target_position=stone_furnace_position, quantity=1)
else:
    comment("I don't have any coal in my inventory to fuel the mining drill and furnace. I will need to harvest or find more coal.")
[91mWarning: burner-mining-drill at (-5, -7): waiting for space in destination as output (-7.5, -6.296875) is blocked
Warning: stone-furnace at (0, 0): out of fuel
[94m
ore_location = (-8, -5)
stone_furnace_position = (0, 0)
inventory = {'iron-chest': 1, 'transport-belt': 50, 'assembling-machine-1': 1, 'coal': 46, 'iron-plate': 50, 'copper-plate': 50}
[91mWarning: burner-mining-drill at (-5, -7): waiting for space in destination as output (-7.5, -6.296875) is blocked
Warning: stone-furnace at (0, 0): out of fuel
[94more_location = (-8, -5)
stone_furnace_position = (0, 0)
inventory = inspect_inventory()
[94mcoal_quantity = inventory.get('coal', 0)
if coal_quantity < 1:
    comment("I need more coal to power the furnace and mining drill. I should look for coal around me and use 'harvest_resource' to pick them up.")
else:
    comment("I have enough coal to power the furnace and mining drill, so let me insert some coal into them using the 'insert_item' command.")
    for entity in inspect_entities():
        if entity['name'] == 'stone-furnace':
            insert_item('coal', target_position=entity['position'], quantity=1)
        elif entity['name'] == 'burner-mining-drill':
            insert_item('coal', target_position=entity['position'], quantity=1)
[91mError line 1: name
[91mWarning: burner-mining-drill at (-5, -7): waiting for space in destination as output (-7.5, -6.296875) is blocked
Warning: stone-furnace at (0, 0): out of fuel
[94minventory = inspect_inventory()
coal_quantity = inventory.get('coal', 0)
if coal_quantity < 1:
    move_to((2,2))
    pickup_entity('coal', (2,2))
    coal_quantity += 1
[94mcomment("Crafting the furnace")
comment("Crafting the furnace")
craft_item('stone-furnace', quantity=1)
[91mError line 2: Failed to craft 1x stone-furnace because missing ingredient stone
[94mcomment("Checking for stone in inventory")
if 'stone' not in inventory:
    move_to(nearest("rock"))
    harvest_resource(nearest("rock"), quantity=10)
[91mError line 1: No rock found on the map
[91mWarning: burner-mining-drill at (-5, -7): waiting for space in destination as output (-7.5, -6.296875) is blocked
Warning: stone-furnace at (0, 0): out of fuel
[94mcomment("Locating stone resources")
resources = inspect_resources()
if 'stone' not in resources:
    move_to(nearest('stone'))
    harvest_resource(nearest('stone'), quantity=10)
[94mcomment("Crafting the furnace")
craft_item('stone-furnace', quantity=1)
[91mError line 1: Failed to craft 1x stone-furnace because missing ingredient stone
[94mcomment("Checking for stone in inventory")
inventory = inspect_inventory()
if 'stone' not in inventory:
    move_to(nearest('stone'))
    harvest_resource(nearest('stone'), quantity=10)
[91mWarning: burner-mining-drill at (-5, -7): waiting for space in destination as output (-7.5, -6.296875) is blocked
Warning: stone-furnace at (0, 0): out of fuel
[94mcomment("Locating stone resources")
resources = inspect_resources()
if 'stone' not in resources:
    move_to(nearest('stone'))
    harvest_resource(nearest('stone'), quantity=10)
else:
    comment("Crafting the furnace")
    if 'stone' in inventory:
        craft_item('stone-furnace', quantity=1) 
    else:
        comment("No stone in inventory.")
[91mWarning: burner-mining-drill at (-5, -7): waiting for space in destination as output (-7.5, -6.296875) is blocked
Warning: stone-furnace at (0, 0): out of fuel
[94mcomment("Checking for stone in inventory")
if 'stone' not in inventory:
    move_to(nearest('stone'))
    harvest_resource(nearest('stone'), quantity=10)
[94mcomment("Crafting the furnace")
if 'stone' in inventory:
    craft_item('stone-furnace', quantity=1)
[94mcomment("Placing the stone furnace")
if 'stone-furnace' in inventory:
    place_entity('stone-furnace', direction=UP, position=stone_furnace_position)
[91mWarning: burner-mining-drill at (-5, -7): waiting for space in destination as output (-7.5, -6.296875) is blocked
Warning: stone-furnace at (0, 0): out of fuel
[94mstone_furnace_position = move_to((0,0))
entity_position = place_entity('stone-furnace', direction=UP, position=stone_furnace_position)
[91mError line 1: cannot unpack non-iterable NoneType object
[94mcomment("Checking stone furnace position")
[94mif stone_furnace_position is None:
    comment("Stone furnace is not properly placed!")
    stone_furnace_position = move_to((0,0))
entity_position = place_entity('stone-furnace', direction=UP, position=stone_furnace_position)
[91mError line 1: cannot unpack non-iterable NoneType object
[91mWarning: burner-mining-drill at (-5, -7): waiting for space in destination as output (-7.5, -6.296875) is blocked
Warning: stone-furnace at (0, 0): out of fuel
[94mcomment("Check fuel in furnace inventory")
[94mfurnace_inventory = None
entities = inspect_entities()
for entity in entities:
    if entity['name'] == 'stone-furnace':
        furnace_inventory = entity['inventory']
[91mError line 2: name
[94mentities = inspect_entities()
for entity in entities:
    if entity['type'] == 'stone_furnace':
        furnace_inventory = entity['contents']
comment(furnace_inventory)
[91mError: 'NoneType' object is not subscriptable
