comment("Plan:")
comment("First, we need to move to the position of the ore")
comment("Move to the ore position and mine it")
ore_position = (-8, -5)
move_to(ore_position)
harvest_resource(ore_position, quantity=1)
comment("Check our inventory to see if we have ore in it")
inventory = inspect_inventory()
if "iron-ore" in inventory and inventory["iron-ore"] > 0:
    comment("We have ore in our inventory, let's smelt it")
    comment("Move to the furnace")
    furnace_position = (3,-7)
    move_to(furnace_position)
    comment("Insert ore into the furnace")
    insert_item('iron-ore', target_position=furnace_position, quantity=5)
    comment("Check to see if the furnace is now smelting ore")
    entities = inspect_entities()
    furnace = None
    for entity in entities:
        if entity['name'] == 'stone-furnace' and entity['position'] == furnace_position:
            furnace = entity
            break
    if furnace is None:
        comment("Could not find furnace at position", furnace_position)
    elif furnace['recipe'] is None:
        comment
inspect_inventory()
comment("Plan:")
comment("Next, we need to smelt the ore using stone furnaces")
comment("We already have a stone furnace in our inventory. We need to place it and input the ore") 
stone_furnace_position = nearest('player_character')
place_entity('stone-furnace', direction=UP, position=stone_furnace_position)
connect_entities(source_position=ore_position, target_position=stone_furnace_position, connection_type='inserter')
insert_item('iron-ore', target_position=stone_furnace_position, quantity=1)
comment("Apologies! Let's start by placing the player character on the map")
comment("Plan:")
comment("Place the player character at a suitable position on the map")
player_position = (-3,3)
place_entity('player_character', position=player_position)
comment("My apologies! Let's fix our previous mistake, by placing the player character using the built-in function `move_to()`.")
comment("Plan:")
comment("Place the player character at a suitable position on the map")
player_position = (-3,3)
move_to(player_position)
comment("Plan:")
comment("Inspect the resources available and navigate to the nearest ore location")
inspect_resources()  # to check what resources are available
ore = 'iron-ore'
ore_position = nearest(ore)
move_to(ore_position)
comment("It looks like one of the drills has run out of fuel. Let's insert some coal into it to get it working again")
drill_position = nearest('burner-mining-drill', player_position)
coal_position = nearest('coal', player_position)
insert_item('coal', target_position=drill_position, quantity=10)
comment("It looks like one of the drills has run out of fuel. Let's insert some coal into it to get it working again")
drill_position = nearest('burner-mining-drill', player_position)
coal_position = nearest('coal', player_position)
move_to(coal_position)
pickup_entity('coal', coal_position)
move_to(drill_position)
insert_item('coal', target_position=drill_position, quantity=5)
comment("Oh, looks like there was no coal at that location. Let's try finding another coal location and get some coal from there to refuel our drill")
coal_position = nearest('coal', player_position)
move_to(coal_position)
pickup_entity('coal', coal_position)
comment("Seems like there is still some issue fueling the burner-mining-drill. Let's check if it's already filled and if not, let's try inserting some coal into it again")
drill_position = nearest('burner-mining-drill', player_position)
entity = inspect_entities(5)
for e in entity:
    if (e['name'] == 'burner-mining-drill'):
        if (e['position'] == drill_position):
            if (e['energy'] > 0):
                break
            else:
                insert_item('coal', target_position=drill_position, quantity=10)
                break
comment("Seems like there is still some issue fueling the burner-mining-drill. Let's check if it's already filled and if not, let's try inserting some coal into it again")
drill_position = nearest('burner-mining-drill', player_position)
entity = inspect_entities(5)
for e in entity:
    if e['position'] == drill_position:
        if e['status']=='full':
            comment("Drill is already full, we don't need to insert coal now")
        else:
            coal_position = nearest('coal', player_position)
            move_to(coal_position)
            # We will insert as much coal as required to get the drill to 80% filled
            coal_quantity = (0.8 - e['status'])//0.5 + 1
            insert_item('coal', target_position=drill_position, quantity=coal_quantity)
drill_position = nearest('burner-mining-drill', player_position)
entity = inspect_entities(5)
for e in entity:
    if e['position'] == drill_position:
        if e['warning'] == 'The entity is out of fuel. The mining drill is waiting for space in destination':
            comment("burner-mining-drill is out of fuel and waiting for space in output. Let's insert some coal...")
            coal_pos = nearest('coal', player_position)
            move_to(coal_pos)
            insert_item('coal', drill_position, quantity=1)
        else:
            comment("burner-mining-drill is either working or waiting for space in input/output. No action needed.")
comment("Getting the position of the burner mining drill and trying to insert some coal into it")
drill_position = nearest('burner-mining-drill', player_position)
insert_item('coal', target_position=drill_position, quantity=1)
comment("It seems that the mining drill is not close by. I'll go close to it and retry")
move_to(drill_position)
comment("Since we have reached the drill position, lets try inserting coal again")
insert_item('coal', target_position=drill_position, quantity=1)
comment("It seems that the output of the mining drill is full. Let's move towards the output and extract some resources from it")
output_position = (drill_position[0] - 2, drill_position[1])
move_to(output_position)
extract_item('iron-ore', source_position = output_position, quantity = 3)
comment("It seems that the output of the mining drill is not within range. Let's find the nearest entity and move towards it")
output_position = nearest('burner-mining-drill_output', player_position)
move_to(output_position)
extract_item('iron-ore', source_position = output_position, quantity = 3)
comment("It seems that the output of the mining drill is full. Let's move towards the output and extract some resources from it")
output_position = (drill_position[0] - 2, drill_position[1])
move_to(output_position)
extract_item('iron-ore', source_position = output_position, quantity = 3)
comment("It seems that the output of the mining drill is not within range. Let's find the nearest entity and move towards it")
output_position = nearest('burner-mining-drill_output', player_position)
move_to(output_position)
extract_item('iron-ore', source_position = output_position, quantity = 3)
comment("It seems that the drilling operation is not functioning correctly. Let's investigate the issue.")
drill = None
for entity in inspect_entities():
    if entity['type'] == 'burner-mining-drill':
        warning = entity['warning']
        if 'out of fuel' in warning:
            comment("The burner mining drill is out of fuel. Let's fill it up")
            drill = entity
            break
        elif 'waiting for space' in warning:
            comment('The output of the mining drill is full. We need to empty it.')
            drill = entity
            output_position = (entity['position'][0] - 2, entity['position'][1])
            move_to(output_position)    
            extract_item('iron-ore', source_position = output_position, quantity = 3)
            break        
if not drill:
    comment("We couldn't find any burner mining drills")
comment("The issue with the mining drill is that it is out of fuel. Let's insert some fuel from our inventory into the nearest mining drill.")
inventory = inspect_inventory()
if inventory['coal'] > 0:
    nearest_drill_position = nearest('burner-mining-drill', player_position)
    insert_item('coal', target_position=nearest_drill_position, quantity=1)
comment("It seems that there is no mining drill within range to insert the fuel into. Let's move towards the nearest mining drills.")
nearest_drill_position = nearest('burner-mining-drill', e['position'])
move_to(nearest_drill_position)
comment("We still need to find the nearest mining drill that we can insert the coal into")
drills = inspect_entities(radius=10)
nearest_drill_position = None
nearest_distance = 9999
for entity in drills:
    if entity['type'] == 'burner-mining-drill':
        distance = ((entity['position'][0]-player_position[0])**2 + (entity['position'][1]-player_position[1])**2)**0.5
        if distance < nearest_distance:
            nearest_distance = distance
            nearest_drill_position = entity['position']
if nearest_drill_position is not None: 
    move_to(nearest_drill_position)
    insert_item('coal', target_position=nearest_drill_position, quantity=1) 
else: 
    comment("Could not find a nearby mining drill to insert the coal into")
nearest_drill_distance = 9999
for entity in inspect_entities():
    if entity['type'] == 'burner_mining_drill':
        distance = ((entity['position'][0] - player_character['position'][0]) ** 2 + (entity['position'][1] - player_character['position'][1]) ** 2) ** 0.5
        if distance < nearest_drill_distance:
            nearest_drill_distance = distance
            nearest_drill_position = entity['position']
            drill = entity
comment("Let's look for the nearest mining drill that we can insert the coal into.")
nearest_drill_distance = 9999
for entity in inspect_entities(): 
    if entity['type'] == 'burner-mining-drill':
        distance = calculate_distance(entity['position'], 'player_character')
        if distance < nearest_drill_distance:
            nearest_drill_distance = distance
            nearest_drill_position = entity['position']
if nearest_drill_distance < 9999:
    comment(f"The nearest drill is at position {nearest_drill_position}. Let's move towards it and insert the coal.")  
    move_to(nearest_drill_position)
    insert_item('coal', target_position=nearest_drill_position, quantity=1)          
else:
    comment("No drills found within range")
for entity in inspect_entities(): 
    if entity['type'] == 'burner-mining-drill': 
        distance = calculate_distance(entity['position'], player_character())
comment("We need to next check if the drill is operational and has space in its destination")
for entity in inspect_entities(): 
    if entity['type'] == 'burner-mining-drill': 
        distance = calculate_distance(entity['position'], player_character())
        if distance < nearest_drill_distance:
            nearest_drill_distance = distance
            nearest_drill_position = entity['position']
            if entity['warning'] == "":
                if entity['status'] == 'empty':
                    drill = entity
                    break
                else: 
                    print("The selected entity is outputting items. We need to find a drill with free space in its destination.") 
            else: 
                print(entity['warning'])
if entity['type'] == 'burner-mining-drill': 
        distance = calculate_distance(entity['position'], player_character())
        if distance < nearest_drill_distance: 
            nearest_drill_distance = distance 
            nearest_drill_position = entity['position']
comment("Now that we have found the nearest drill, let's check if it is operational and has space in its destination.")
if nearest_drill_position:
    for entity in inspect_entities(radius=1, position=nearest_drill_position):
        if entity['type'] == 'burner-mining-drill' and entity['status'] == 'empty':
            drill = entity 
            break
    if drill:
        comment("The nearest drill is empty and operational. We can insert coal into it.")
    else:
        comment("The nearest drill is not operational or there is no space in its destination. We need to move closer or find another drill.") 
else:
    comment("There are no drills nearby. We need to find one.")
