comment("My plan is to start by inspecting the resources and entities around the player character.")
inspect_resources()
inspect_entities()
comment("Next, I will move to the location of the ore using the 'move_to' command.")
ore_location = (-8, -5)
move_to(ore_location)
comment("Now, I will place a burner mining drill at the location of the ore using the 'place_entity' function.")
place_entity('burner-mining-drill', direction=DOWN, position=ore_location)
comment("I forgot to include coal in the burner mining drill, I will use the 'insert_item' command to insert coal into the mining drill.")
insert_item('coal', target_position = nearest('burner-mining-drill'))
comment("Now that the mining drill is fueled, I will pick up the ore using the 'pickup_entity' command.")
pickup_entity('stone')
comment("My mistake, I should specify the position of the entity to pick up as a parameter in the 'pickup_entity' command.")
pickup_entity('stone', position=ore_location)
comment("Oops, the 'pickup_entity' function only works for certain entities. I should use 'harvest_resource' instead to mine the ore.")
harvest_resource(ore_location)
comment("Now that I have the stone, I will place a stone furnace using the 'place_entity' command.")
stone_furnace_position = (0, 0)
place_entity('stone-furnace', position=stone_furnace_position)
comment("Let's check our inventory and see if we have enough resources to craft some iron plates using the 'inspect_inventory' command.")
inventory = inspect_inventory()
if 'iron-ore' in inventory and inventory['iron-ore'] >= 2:
    comment("We have enough resources to craft iron plates. Let's use the 'craft_item' command.")
    craft_item('iron-plate', quantity=1)
else:
    comment("We don't have enough resources to craft iron plates yet. We need to mine more iron ore.")
comment("Seems like the mining drill and furnace are out of fuel. I will insert some coal into them using the 'insert_item' command.")
inventory = inspect_inventory()
if inventory.get('coal') and inventory['coal'] > 0:
    insert_item('coal', target_position=nearest('burner-mining-drill'), quantity=1)
    insert_item('coal', target_position=stone_furnace_position, quantity=1)
else:
    comment("I don't have any coal in my inventory to fuel the mining drill and furnace. I will need to harvest or find more coal.")

ore_location = (-8, -5)
stone_furnace_position = (0, 0)
inventory = {'iron-chest': 1, 'transport-belt': 50, 'assembling-machine-1': 1, 'coal': 46, 'iron-plate': 50, 'copper-plate': 50}
ore_location = (-8, -5)
stone_furnace_position = (0, 0)
inventory = inspect_inventory()
coal_quantity = inventory.get('coal', 0)
if coal_quantity < 1:
    comment("I need more coal to power the furnace and mining drill. I should look for coal around me and use 'harvest_resource' to pick them up.")
else:
    comment("I have enough coal to power the furnace and mining drill, so let me insert some coal into them using the 'insert_item' command.")
    for entity in inspect_entities():
        if entity['name'] == 'stone-furnace':
            insert_item('coal', target_position=entity['position'], quantity=1)
        elif entity['name'] == 'burner-mining-drill':
            insert_item('coal', target_position=entity['position'], quantity=1)
inventory = inspect_inventory()
coal_quantity = inventory.get('coal', 0)
if coal_quantity < 1:
    move_to((2,2))
    pickup_entity('coal', (2,2))
    coal_quantity += 1
comment("Crafting the furnace")
comment("Crafting the furnace")
craft_item('stone-furnace', quantity=1)
comment("Checking for stone in inventory")
if 'stone' not in inventory:
    move_to(nearest("rock"))
    harvest_resource(nearest("rock"), quantity=10)
comment("Locating stone resources")
resources = inspect_resources()
if 'stone' not in resources:
    move_to(nearest('stone'))
    harvest_resource(nearest('stone'), quantity=10)
comment("Crafting the furnace")
craft_item('stone-furnace', quantity=1)
comment("Checking for stone in inventory")
inventory = inspect_inventory()
if 'stone' not in inventory:
    move_to(nearest('stone'))
    harvest_resource(nearest('stone'), quantity=10)
comment("Locating stone resources")
resources = inspect_resources()
if 'stone' not in resources:
    move_to(nearest('stone'))
    harvest_resource(nearest('stone'), quantity=10)
else:
    comment("Crafting the furnace")
    if 'stone' in inventory:
        craft_item('stone-furnace', quantity=1) 
    else:
        comment("No stone in inventory.")
comment("Checking for stone in inventory")
if 'stone' not in inventory:
    move_to(nearest('stone'))
    harvest_resource(nearest('stone'), quantity=10)
comment("Crafting the furnace")
if 'stone' in inventory:
    craft_item('stone-furnace', quantity=1)
comment("Placing the stone furnace")
if 'stone-furnace' in inventory:
    place_entity('stone-furnace', direction=UP, position=stone_furnace_position)
stone_furnace_position = move_to((0,0))
entity_position = place_entity('stone-furnace', direction=UP, position=stone_furnace_position)
comment("Checking stone furnace position")
if stone_furnace_position is None:
    comment("Stone furnace is not properly placed!")
    stone_furnace_position = move_to((0,0))
entity_position = place_entity('stone-furnace', direction=UP, position=stone_furnace_position)
comment("Check fuel in furnace inventory")
furnace_inventory = None
entities = inspect_entities()
for entity in entities:
    if entity['name'] == 'stone-furnace':
        furnace_inventory = entity['inventory']
entities = inspect_entities()
for entity in entities:
    if entity['type'] == 'stone_furnace':
        furnace_inventory = entity['contents']
comment(furnace_inventory)
