comment("Inspect the resources around me")
resources = inspect_resources()
comment("Locate and move to the nearest coal deposit")
coal_position = nearest('coal')
move_to(coal_position)
comment("Place a burner-mining-drill at the coal deposit")
place_entity('burner-mining-drill', direction=RIGHT, exact=False, position=coal_position)
comment("Inspect entities within a 5-meter radius to ensure the burner-mining-drill is placed")
inspect_entities(5)
comment("Move to the nearest iron ore deposit")
iron_ore_position = nearest('iron_ore')
move_to(iron_ore_position)
comment("Pick up some coal to refuel the burner-mining-drill")
pickup_entity('coal', coal_position)
comment("Harvest some coal to refuel the burner-mining-drill")
harvest_resource(coal_position, quantity=5)
comment("Move back to the coal deposit")
move_to(coal_position)
comment("Harvest some coal to refuel the burner-mining-drill")
harvest_resource(coal_position, quantity=5)
harvest_resource(coal_position, quantity=5)
comment("Move back to the drill that needs fuel")
move_to((-5, -8))
comment("Refuel the burner-mining-drill with the harvested coal")
insert_item('coal', target_position=(-5, -8), quantity=5)
comment("Now setting up iron ore mining and smelting operations")
comment("Move back to the coal deposit")
move_to(coal_position)
comment("Harvest more coal")
harvest_resource(coal_position, quantity=10)
comment("Move back to the drill that needs fuel")
move_to((-5, -8))
move_to((-5, -8))
comment("Refuel the burner-mining-drill with coal")
insert_item('coal', target_position=(-5, -8), quantity=5)
comment("Place a transport-belt to unblock the output of the mining-drill")
place_entity('transport-belt', direction=LEFT, position=(-6.5, -5.5))
place_entity('transport-belt', direction=LEFT, exact=False, position=(-6.5, -5.5))
comment("Verify that the transport-belt is placed correctly")
inspect_entities(radius=5)
comment("Move to the iron ore deposit")
move_to(iron_ore_position)
comment("Harvest more iron ore")
harvest_resource(iron_ore_position, quantity=10)
comment("We harvested 9 iron ore instead of the requested 10")
iron_ore_harvested = 9
comment("Prepare to smelt the iron ore")
comment("Place a stone furnace")
stone_furnace_position = place_entity('stone_furnace', exact=False, position=(25, -5))
comment("Insert iron ore into the stone furnace for smelting")
insert_item('iron_ore', target_position=stone_furnace_position, quantity=iron_ore_harvested)
comment("Place a burner-mining-drill next to the stone furnace to extract coal for smelting")
burner_drill_position = place_entity_next_to('burner-mining-drill', reference_position=stone_furnace_position, direction=LEFT, gap=1)
comment("We need to provide fuel for the stone furnace")
comment("Move to the coal deposit to collect coal")
move_to(coal_position)
comment("Harvest coal")
harvest_resource(coal_position, quantity=5)
comment("Move back to the stone furnace")
move_to(stone_furnace_position)
comment("Refuel the stone furnace and the burner-mining-drill with harvested coal")
comment("Move to the stone furnace")
move_to(stone_furnace_position)
comment("Insert harvested coal as fuel into the stone furnace")
insert_item('coal', target_position=stone_furnace_position, quantity=2)
comment("Refuel the stone furnace and the burner-mining-drill with harvested coal")
insert_item('coal', target_position=stone_furnace_position, quantity=2)
comment("Move to the burner-mining-drill")
move_to(burner_drill_position)
comment("Insert harvested coal as fuel into the burner-mining-drill")
insert_item('coal', target_position=burner_drill_position, quantity=2)
insert_item('coal', target_position=burner_drill_position, quantity=2)
comment("Check the inventory for iron plates")
inspect_inventory()
comment("Move resources to the nearest assembling machine")
assembling_machine_position = nearest('assembling-machine-1')
move_to(assembling_machine_position)
comment("Place an assembling machine close to the stone furnace")
move_to((stone_furnace_position[0]+1, stone_furnace_position[1]))
assembling_machine_position = place_entity('assembling-machine-1', direction=UP, position=(stone_furnace_position[0]+1, stone_furnace_position[1]))
comment("Connect the stone-furnace's output to the assembling-machine's input using an inserter")
connect_entities(source_position=stone_furnace_position, target_position=assembling_machine_position, connection_type='inserter')
comment("Move one tile down and try placing the inserter again")
move_to((stone_furnace_position[0], stone_furnace_position[1] + 1))
connect_entities(source_position=stone_furnace_position, target_position=assembling_machine_position, connection_type='inserter')
comment("Set up a simple power generation infrastructure using coal-fired boilers and steam engines")
comment("Find the nearest water source")
nearest_water = nearest('water')
move_to(nearest_water)
comment("Place a offshore pump at the edge of the water source")
offshore_pump_position = place_entity('offshore-pump', direction=UP, exact=False, position=nearest_water)
comment("Craft an offshore pump")
craft_item('offshore-pump', quantity=1)
comment("Place the offshore pump at the edge of the water source again")
offshore_pump_position = place_entity('offshore-pump', direction=UP, exact=False, position=nearest_water)
comment("Place a boiler connected to the offshore pump")
boiler_position = place_entity_next_to('boiler', reference_position=offshore_pump_position, direction=RIGHT, gap=1)
comment("Inspect inventory to check if we have the necessary items")
inspect_inventory()
comment("Craft a boiler")
craft_item('boiler', quantity=1)
comment("Find the location of the nearest stone resource")
nearest_stone = nearest('stone')
nearest_stone_pos = nearest('stone')
move_to(nearest_stone_pos)
comment("Harvest 10 stone for crafting the boiler")
harvest_resource(nearest_stone_pos, quantity=10)
comment("Harvest the remaining stone needed")
harvest_resource(nearest_stone_pos, quantity=1)
move_to(nearest_stone_pos)
harvest_resource(nearest_stone_pos, quantity=1)
comment("Craft a boiler")
craft_item('boiler', quantity=1)
comment("Move back to the assembling machine location")
move_to(assembling_machine_position)
move_to(assembling_machine_position)
comment("Configure the assembling machine to craft steam engines")
set_entity_recipe(assembling_machine_position, recipe='steam-engine')
comment("Connect the assembling machine to the boiler")
entity_position = place_entity_next_to('boiler', reference_position=assembling_machine_position, direction=UP, gap=1)
connect_entities(source_position=entity_position, target_position=assembling_machine_position, connection_type='pipe_to_ground')
