comment("First, let's inspect our surrounding resources")
inspect_resources()
comment("Now, let's move to the nearest ore patch and set up a mining operation")
ore_position = nearest('iron-ore', player_character)
move_to(ore_position)
place_entity('burner-mining-drill', direction=DOWN, exact=False, position=ore_position)

comment("First, let's check our inventory and see if we have any coal to refuel the burner-mining-drills")
inventory = inspect_inventory()
if 'coal' in inventory:
    comment("We have coal in our inventory, so let's refuel the burner-mining-drills")
    for entity in inspect_entities():
        if entity['name'] == 'burner-mining-drill' and entity['energy'] < entity['max_energy']:
            insert_item('coal', target_position=entity['position'], quantity=1)
else:
    comment("We don't have any coal in our inventory, so let's move to the nearest coal patch and mine some coal")
    coal_position = nearest('coal', player_character)
    move_to(coal_position)
    harvest_resource(coal_position, quantity=5)
    for entity in inspect_entities():
        if entity['name'] == 'burner-mining-drill' and entity['energy'] < entity['max_energy

comment("First, let's check our inventory and see if we have any coal to refuel the burner-mining-drills")
inventory = inspect_inventory()
if 'coal' in inventory.keys():
    comment("We have coal in our inventory, let's refuel the burner-mining-drills")
    for entity in inspect_entities():
        if entity['name'] == 'burner-mining-drill' and entity['position'] == (-5, -7):
            insert_item('coal', entity['position'], 1)
            break
else:
    comment("We have run out of coal, let's go find and mine some")
    ore_position = nearest('iron-ore')
    move_to(ore_position)
    harvest_resource(ore_position, 5)
    move_to((0,0))
    for entity in inspect_entities():
        if entity['name'] == 'stone-furnace':
            move_to(entity['position'])
comment("It seems that we have some coal, let's check if our mining drill needs to be refueled") 
entity = inspect_entities(5)[0] 
if entity['warning'] == "The entity is out of fuel":
    comment("Our mining drill is out of fuel, let's refuel it")
    insert_item('coal', entity['position'], 1)
comment("Now that our burner-mining-drill has been refueled, let's start mining the iron ore")
comment("Ok. Let's refuel the burner-mining-drill at (-5,-7) with 5 coal.") 
insert_item('coal', (-5,-7), 5)
comment("Now that our burner-mining-drill has been refueled, let's start mining the iron ore")
comment("Let's instruct our player character to move to the iron ore location at (-8,-5)")
move_to((-8,-5))
comment("It seems that the output chest of the mining drill at (-5,-7) is full. Let's fix that before mining more ore.")
output_chest = entity['position'] + np.array([1,0])
if output_chest not in [e['position'] for e in inspect_entities(5)]:
    place_entity('iron-chest', position=output_chest)
    comment("Output chest for mining drill has been placed.")
while entity['status'] == 'full':
    comment("Output chest is full. Wait for it to be emptied before continuing mining.")
    entity = inspect_entities(5)[0]
    time.sleep(1)
    
comment("Output chest is now empty. Proceeding with mining")
harvest_resource((-8,-5), 10)
comment("We can create space in the output chest of the mining drill at (-5,-7) by moving the items to an adjacent chest")
comment("Let's inspect nearby entities")
entities = inspect_entities(5)
for e in entities:
    if e['position'] == output_chest:
        if e['type'] == 'iron-chest':
            comment("The output chest is already neighboring an iron chest. Let's move to the ore location and wait there.")
            move_to((-8,-5))
        else:
            comment("There is an entity occupying the neighboring tile. Let's wait here for a bit.")
else:
    comment("The output chest is not yet neighbor to any other chest. Let's place an iron chest and move the excess items there.")
    place_entity('iron-chest', position=output_chest, direction=DOWN)
    connect_entities(source_position=output_chest, target_position=entity['position'], connection_type='inserter')
    move_to((-8,-5))
comment("We can create space in the output chest of the mining drill at (-5,-7) by moving the items to an adjacent chest") 
comment("Let's inspect nearby entities")
entities = inspect_entities(5)
for e in entities:
    if e['position'] == output_chest:
        chest = e
        break
if chest:
    while sum(chest['inventory'].values()) >= chest['inventory_size']:
        extract_item(list(chest['inventory'].keys())[0], source_position=output_chest, quantity=1)
else:
    comment("No chest found next to the mining drill")
comment("We can create space in the output chest of the mining drill at (-5,-7) by moving the items to an adjacent chest") 
comment("Let's inspect nearby entities")
entities = inspect_entities(5)
for e in entities:
    if e['position'] == output_chest:
        comment("Found the output chest")
        if 'iron-chest' in inventory.keys():
            item_count = inventory['iron-chest']
            item_capacity = 32
            space_in_chest = item_capacity - e['contents']['iron-plate']
            if item_count * item_capacity < space_in_chest:
                comment("Not enough capacity in the inventory to create space in the output chest")
            else:
                comment("Moving the items to the output chest")
                insert_item('iron-chest', target_position=output_chest, quantity=min(item_count*item_capacity - space_in_chest, item_count)) 
        else:
            comment("No iron-chests in
I apologize for the error. Here's how we can create space in the output chest of the mining drill and move the items to an adjacent chest:
```
My apologies, here's the corrected code in valid Python syntax:
```



comment("We need to create space in the output chest of the mining drill, so it can continue its operation.")
comment("First, let's check the contents of the mining drill")
drill_position = entity['position']
inspect_entities(1)

output_chest_position = (-7, -6)
comment("The mining drill is full. Let's check the output chest's inventory")
inspect_entities(1)
comment("It appears that the output chest is full. Let's make some space. We will first create some inventory space by crafting additional iron chests.")
craft_item(item='iron-chest', quantity=5)
comment("My apologies, I made an error in the command. Let's fix it.")
craft_item('iron-chest', quantity=5)
comment("Let's first create some inventory space by crafting additional iron chests.")
craft_item('iron-chest', quantity=5)
comment("Oh, it seems that we need more resources to craft iron chests. Let's find some more iron ore.")
resources = inspect_resources()
if 'iron-ore' in resources:
    iron_ore_position = resources['iron-ore'][0]
    comment(f"Found iron ore at {iron_ore_position}. Moving there to extract it.")
    move_to(iron_ore_position)
    harvest_resource(iron_ore_position, 5)
    comment("We have successfully mined some iron ore.")
else:
    comment("Unable to find iron ore nearby. Need to explore further.")
