comment("Find the nearest coal deposit")
coal_position = nearest('coal')
move_to(coal_position)
comment("Place a burner-mining-drill at the coal deposit")
place_entity('burner-mining-drill', direction=RIGHT, exact=False, position=coal_position)
comment("Check to ensure that burner-mining-drill has been placed")
inspect_entities(radius=5)
comment("Find the nearest stone deposit")
stone_position = nearest('stone')
move_to(stone_position)
comment("Place a burner-mining-drill at the stone deposit")
place_entity('burner-mining-drill', direction=RIGHT, exact=False, position=stone_position)
comment("Pick up coal from the coal deposit")
harvest_resource(coal_position, quantity=5)
comment("Move closer to the coal_position and try harvesting again")
move_to(coal_position)
harvest_resource(coal_position, quantity=5)
comment("Refuel the burner-mining-drill at the coal position")
insert_item('coal', target_position=nearest('burner-mining-drill', position=coal_position), quantity=1)
comment("Locate the burner-mining-drill and move to its position")
coal_drill_position = nearest('burner-mining-drill', position=coal_position)
move_to(coal_drill_position)

comment("Insert coal into the burner-mining-drill to refuel it")
insert_item('coal', target_position=coal_drill_position, quantity=1)
comment("Gather resources to craft a burner-mining-drill for the stone deposit")
harvest_resource(coal_position, quantity=3)
move_to(stone_position)
harvest_resource(stone_position, quantity=9)
comment("Move to the output position of the burner-mining-drill")
output_position = (coal_drill_position[0] - 1.5, coal_drill_position[1] - 0.5)
move_to(output_position)
comment("Place a stone furnace at the output position to smelt the mined ores")
place_entity('stone-furnace', direction=RIGHT, position=output_position)
comment("Craft a stone furnace and place it at the output position to smelt the mined ores")
craft_item('stone-furnace', quantity=1)
place_entity('stone-furnace', position=output_position)
comment("Set up a mining operation, smelting setup and basic power generation using the resources present")
comment("Set up a mining operation for stone")
stone_drill_position = nearest('stone', position=stone_position)

move_to(stone_drill_position)
craft_item('burner-mining-drill', quantity=1)
place_entity("burner-mining-drill", direction=LEFT, exact=False, position=stone_drill_position)

comment("Add fuel to the stone-burner-mining-drill")
insert_item('coal', target_position=stone_drill_position, quantity=1)

comment("Place a stone furnace for smelting the mined ores from the stone deposit")
stone_furnace_position = (stone_drill_position[0] - 1.5, stone_drill_position[1])
place_entity('stone-furnace', position=stone_furnace_position)
comment("Gather fuel source (coal) and ingredients (iron ore) from the existing mining setup")
comment("Get 2 coal from the coal mining drill")
extract_item('coal', source_position=coal_drill_position, quantity=2)

comment("Get 2 iron ore from the stone furnace")
iron_ore_position = (output_position[0] + 1, output_position[1])
extract_item('iron-ore', source_position=iron_ore_position, quantity=2)
comment("Refuel the stone furnaces and place iron ore inside")

move_to((-6, -10))
insert_item('coal', target_position=(-6, -10), quantity=1)
insert_item('iron-ore', target_position=(-6, -10), quantity=2)

move_to((-4, -10))
insert_item('coal', target_position=(-4, -10), quantity=1)
insert_item('iron-ore', target_position=(-4, -10), quantity=2)
comment("Gather iron ore from the blocked mining drill")
move_to((-6.5, -5.5))
pickup_entity('iron-ore', (-6.5, -5.5))

comment("Refuel the stone furnaces and place iron ore inside")
move_to((-6, -10))
insert_item('coal', target_position=(-6, -10), quantity=1)
insert_item('iron-ore', target_position=(-6, -10), quantity=1)
comment("Harvest iron-ore and refuel the stone furnaces with iron ore")
move_to((-6.5, -5.5))
harvest_resource((-6.5, -5.5), quantity=2)
move_to((-6, -10))
insert_item('iron-ore', target_position=(-6, -10), quantity=1)
insert_item('coal', target_position=(-6, -10), quantity=1)
comment("Place a transport-belt at the mining drill output to unblock it")
move_to((-6.5, -5.5))
place_entity('transport-belt', direction=RIGHT, exact=True, position=(-6.5, -5.5))
comment("Refuel the stone furnaces with iron ore")
move_to((-6, -10))
insert_item('iron-ore', target_position=(-6, -10), quantity=1)
comment("Harvest iron-ore and place a stone furnace at the mining drill output")
move_to((-6.5, -5.5))
harvest_resource((-6.5, -5.5), quantity=2)
place_entity('stone-furnace', direction=RIGHT, exact=True, position=(-6.5, -5.5))
comment("Craft a stone furnace and place it at the mining drill output")
craft_item('stone-furnace', quantity=1)
move_to((-6.5, -5.5))
place_entity('stone-furnace', direction=RIGHT, exact=True, position=(-6.5, -5.5))
comment("Harvest stone and craft a stone furnace")
move_to((-8, 6)) # Move to the stone_position
harvest_resource((-8, 6), quantity=20) # Harvest 20 stone
craft_item('stone-furnace', quantity=1) # Craft a stone furnace
comment("Harvest stone from an alternative source")
move_to(nearest('stone'))
harvest_resource(nearest('stone'), quantity=11) # Harvest 11 more stone
comment("Craft a stone furnace and place it at the mining drill output")
craft_item('stone-furnace', quantity=1)
move_to((-6.5, -5.5))
place_entity('stone-furnace', direction=RIGHT, exact=True, position=(-6.5, -5.5))
comment("Find another suitable position to place the stone furnace")
inspect_entities(10)
comment("Refuel the stone furnaces at (-6, -10) and (-4, -10)")
move_to((-6, -10))
insert_item('coal', target_position=(-6, -10), quantity=1)
move_to((-4, -10))
insert_item('coal', target_position=(-4, -10), quantity=1)
comment("Refuel the stone furnaces at (-6, -10) and (-4, -10) and clear the blocked transport belt")
move_to((-8, -5))  # Move to the coal_drill_position
pickup_entity('coal', (-8, -5), quantity=20)  # Pickup 20 coal
comment("Refuel the stone furnaces at (-6, -10) and (-4, -10) and clear the blocked transport belt")
move_to((-8, -5))  # Move to the coal_drill_position
pickup_entity('coal', (-8, -5), count=20)  # Pickup 20 coal
comment("Refuel the stone furnaces at (-6, -10) and (-4, -10) and clear the blocked transport belt")
move_to((-8, -5))  # Move to the coal_drill_position
pickup_entity('coal', (-8, -5))  # Pickup coal and store it in your inventory
comment("Refuel the stone furnaces at (-6, -10) and (-4, -10) and clear the blocked transport belt")
move_to((-8, -5))  # Move to the coal_drill_position
harvest_resource((-8, -5), quantity=20)  # Harvest 20 coal from the coal patch
comment("Refuel the stone furnaces at (-6, -10) and (-4, -10)")
comment("Refuel the stone furnaces at (-6, -10) and (-4, -10) and clear the blocked transport belt")
move_to((-8, -5))  # Move to the coal_drill_position
harvest_resource((-8, -5), quantity=15)  # Harvest more coal from the coal patch
comment("Refuel the stone furnaces at (-6, -10) and (-4, -10) with the available 13 coal")
comment("Refuel the stone furnaces at (-6, -10) and (-4, -10) and clear the blocked transport belt")
move_to((-6, -10))  # Move to the first stone furnace location
insert_item('coal', target_position=(-6, -10), quantity=6)  # Insert 6 coal into the first stone furnace
move_to((-4, -10))  # Move to the second stone furnace location
insert_item('coal', target_position=(-4, -10), quantity=6)  # Insert 6 coal into the second stone furnace
comment("Refuel the stone furnaces with the remaining coal and clear the blocked transport belt")
insert_item('coal', target_position=(-4, -10), quantity=6)  # Insert the remaining 6 coal into the second stone furnace
move_to((-5.5, -6.5))  # Move to the blocked transport belt position
harvest_resource((-5.5, -6.5), quantity=1)  # Clear the blocked item from the transport belt
comment("Clear the blocked transport belt")
extract_item('iron-plate', source_position=(-5.5, -6.5), quantity=1)  # Extract the iron plate from the blocked transport belt position
comment("Check inventory and gather more coal")
coal_position = nearest('coal')
move_to(coal_position)
harvest_resource(coal_position, quantity=10)
inspect_inventory()
move_to(coal_position)
harvest_resource(coal_position, quantity=10)
comment("Refuel stone furnaces and check surroundings")
move_to((-6, -10))
insert_item('coal', target_position=(-6, -10), quantity=5)
move_to((-4, -10))
insert_item('coal', target_position=(-4, -10), quantity=5)

inspect_entities(radius=20)
insert_item('coal', target_position=(-6, -10), quantity=2)
insert_item('coal', target_position=(-4, -10), quantity=2)
inspect_entities(radius=20)
move_to((-5.5, -6.5))
extract_item('iron-plate', source_position=(-5.5, -6.5), quantity=1)  # Try extracting the iron plate again from the blocked transport belt position
move_to(nearest('iron-ore'))
harvest_resource(nearest('iron-ore'), quantity=10)
insert_item('iron-ore', target_position=(-6, -10), quantity=5)
insert_item('iron-ore', target_position=(-4, -10), quantity=5)
move_to(nearest('coal'))
harvest_resource(nearest('coal'), quantity=10)
insert_item('coal', target_position=(-6, -10), quantity=2)
insert_item('coal', target_position=(-4, -10), quantity=2)
insert_item('iron-ore', target_position=(-6, -10), quantity=5)
insert_item('iron-ore', target_position=(-4, -10), quantity=5)
move_to(nearest('iron-ore'))
harvest_resource(nearest('iron-ore'), quantity=5)
insert_item('iron-ore', target_position=(-6, -10), quantity=5)
insert_item('coal', target_position=(-6, -10), quantity=2)
move_to((-8.5, -5.5))
harvest_resource((-8.5, -5.5), quantity=5)
insert_item('iron-ore', target_position=(-6, -10), quantity=5)
inspect_inventory()
move_to(nearest('coal'))
harvest_resource(nearest('coal'), quantity=10)
harvest_resource(nearest('coal'), quantity=10)
insert_item('coal', target_position=(-6, -10), quantity=5)
insert_item('coal', target_position=(-4, -10), quantity=5)
harvest_resource((-8.5, -5.5), quantity=5)
harvest_resource(nearest('coal'), quantity=10)
insert_item('coal', target_position=(-6, -10), quantity=5)
insert_item('coal', target_position=(-4, -10), quantity=5)
insert_item('coal', target_position=(-6, -10), quantity=5)
comment("Refueling the stone furnace by mining coal and inserting it as fuel")
harvest_resource(nearest('coal'), quantity=10)
insert_item('coal', target_position=(-6, -10), quantity=5)
insert_item('coal', target_position=(-4, -10), quantity=5)

move_to((-6, -10))
insert_item('coal', target_position=(-6, -10), quantity=5)
comment("Moving closer to handle furnace fuel issue")
move_to(nearest('coal'))
harvest_resource(nearest('coal'), quantity=10)
move_to((-6, -10))
insert_item('coal', target_position=(-6, -10), quantity=5)
comment("Trying alternative approach to refuel furnace")
pickup_entity('coal', (-2, 0))
move_to((-6, -10))
insert_item('coal', target_position=(-6, -10), quantity=5)
comment("Harvest coal to refuel stone furnaces")
move_to(nearest('coal'))
harvest_resource(nearest('coal'), quantity=10)
move_to((-6, -10))
insert_item('coal', target_position=(-6, -10), quantity=5)
move_to((-4, -10))
insert_item('coal', target_position=(-4, -10), quantity=5)
comment("Harvest coal to refuel stone furnaces")
coal_location = nearest('coal')
move_to(coal_location)
harvest_resource(coal_location, quantity=10)
comment("Refuel stone furnace at (-6, -10)")
move_to((-6, -10))
insert_item('coal', target_position=(-6, -10), quantity=5)
comment("Refuel stone furnace at (-6, -10)")
move_to((-6, -10))
insert_item('coal', target_position=(-6, -10), quantity=5)
comment("Refuel stone furnace at (-6, -10) and (-4, -10)")
move_to((-6, -10))
insert_item('coal', target_position=(-6, -10), quantity=5)
move_to((-4, -10))
insert_item('coal', target_position=(-4, -10), quantity=5)
comment("Refuel stone furnace at (-6, -10)")
move_to((-6, -10))
insert_item('coal', target_position=(-6, -10), quantity=5)
comment("Refuel stone furnace at (-6, -10)")
move_to((-6, -10))
pickup_entity('coal', coal_location)
insert_item('coal', target_position=(-6, -10), quantity=5)
comment("Harvest coal to refuel stone furnace at (-6, -10)")
move_to(coal_location)
harvest_resource(coal_location, quantity=5)
move_to((-6, -10))
insert_item('coal', target_position=(-6, -10), quantity=5)
comment("Refuel stone furnace at (-4, -10)")
move_to((-4, -10))
harvest_resource(coal_location, quantity=5)
move_to((-4, -10))
insert_item('coal', target_position=(-4, -10), quantity=5)
comment("Move closer to coal_location and harvest coal")
move_to(coal_location)
harvest_resource(coal_location, quantity=5)
comment("Refuel stone furnaces at (-6, -10) and (-4, -10)")
move_to(coal_location)
harvest_resource(coal_location, quantity=10)
move_to((-6, -10))
insert_item('coal', target_position=(-6, -10), quantity=5)
move_to((-4, -10))
insert_item('coal', target_position=(-4, -10), quantity=5)
comment("Refuel stone furnace at (-6, -10) again")
move_to((-6, -10))
insert_item('coal', target_position=(-6, -10), quantity=5)
comment("Refuel stone furnace at (-6, -10) using a different approach")
comment("Refuel stone furnaces at (-4, -10) and (-6, -10) and move coal from the blocked transport belt")
move_to(coal_location)
harvest_resource(coal_location, quantity=12)
move_to((-6, -10))
insert_item('coal', target_position=(-6, -10), quantity=6)
move_to((-4, -10))
insert_item('coal', target_position=(-4, -10), quantity=6)
move_to((-5.5, -6.5))
pickup_entity('coal', position=(-5.5, -6.5))
move_to((-5.5, -9.5))
place_entity('coal', position=(-5.5, -9.5))
comment("Refuel both stone furnaces and move coal from the blocked transport belt")
move_to(coal_location)
harvest_resource(coal_location, quantity=12)
move_to((-6, -10))
insert_item('coal', target_position=(-6, -10), quantity=6)
move_to((-4, -10))
insert_item('coal', target_position=(-4, -10), quantity=6)
move_to((-5.5, -6.5))
pickup_entity('coal', (-5.5, -6.5))
comment("Refuel both stone furnaces; clear the blocked transport belt")
move_to((-10, -11))
harvest_resource((-10, -11), quantity=12)
move_to((-6, -10))
insert_item('coal', target_position=(-6, -10), quantity=6)
move_to((-4, -10))
insert_item('coal', target_position=(-4, -10), quantity=6)
comment("Refuel both stone furnaces; clear the blocked transport belt")
move_to((-10, -11))
harvest_resource((-10, -11), quantity=12)
move_to((-6, -10))
insert_item('coal', target_position=(-6, -10), quantity=6)
move_to((-4, -10))
insert_item('coal', target_position=(-4, -10), quantity=6)
move_to((-5.5, -6.5))
pickup_entity('coal', (-5.5, -6.5))
comment("Refuel both stone furnaces; clear the blocked transport belt")
move_to((-10, -11))
harvest_resource(coal_location, quantity=12)
move_to((-6, -10))
insert_item('coal', target_position=(-6, -10), quantity=6)

move_to((-4, -10))
insert_item('coal', target_position=(-4, -10), quantity=6)

move_to((-5.5, -6.5))
inspect_entities(radius=1)
entities = inspect_entities(radius=1)
for entity in entities:
    if entity['type'] == 'transport-belt':
        pickup_entity(entity['position'])
        break
comment("Refuel both stone furnaces; clear the blocked transport belt")
move_to(coal_location)
harvest_resource(coal_location, quantity=12)
move_to((-6, -10))
insert_item('coal', target_position=(-6, -10), quantity=6)
comment("Refuel both stone furnaces; clear the blocked transport belt")
comment("Refuel both stone furnaces; clear the blocked transport belt")
move_to(coal_location)
harvest_resource(coal_location, quantity=12)
move_to((-6, -10))
insert_item('coal', target_position=(-6, -10), quantity=6)
move_to((-4, -10))
insert_item('coal', target_position=(-4, -10), quantity=6)
comment("Refuel both stone furnaces; clear the blocked transport belt")

move_to(coal_location)
harvest_resource(coal_location, quantity=12)
move_to((-6, -10))
insert_item('coal', target_position=(-6, -10), quantity=6)
move_to((-4, -10))
insert_item('coal', target_position=(-4, -10), quantity=6)

move_to((-5.5, -6.5))
pickup_entity('iron-ore', (-5.5, -6.5))
comment("Refuel both stone furnaces; clear the blocked transport belt")
move_to(coal_location)
harvest_resource(coal_location, quantity=12)
move_to((-6, -10))
insert_item('coal', target_position=(-6, -10), quantity=6)
move_to((-4, -10))
insert_item('coal', target_position=(-4, -10), quantity=6)
comment("Refuel both stone furnaces; clear the blocked transport belt")
move_to(coal_location)
harvest_resource(coal_location, quantity=12)
move_to((-6, -10))
insert_item('coal', target_position=(-6, -10), quantity=6)

move_to((-4, -10))
insert_item('coal', target_position=(-4, -10), quantity=6)

move_to((-5.5, -6.5))
extract_item('iron-plate', source_position=(-5.5,-6.5), quantity=5)
comment("Refuel both stone furnaces; clear the blocked transport belt")

move_to(coal_location)
harvest_resource(coal_location, quantity=12)

move_to((-6, -10))
insert_item('coal', target_position=(-6, -10), quantity=6)

move_to((-4, -10))
insert_item('coal', target_position=(-4, -10), quantity=6)

move_to((-5.5, -6.5))
extract_item('iron-plate', source_position=(-5.5, -6.5), quantity=1)
comment("Refuel both stone furnaces; clear the blocked transport belt")

move_to(coal_location)
harvest_resource(coal_location, quantity=12)
move_to((-6, -10))
insert_item('coal', target_position=(-6, -10), quantity=6)

move_to((-4, -10))
insert_item('coal', target_position=(-4, -10), quantity=6)

move_to((-5.5, -6.5))
clear_blocked_position((-5.5, -6.5))
comment("Refuel both stone furnaces and clear the blocked transport belt")
move_to(coal_location)
harvest_resource(coal_location, quantity=12)

move_to((-6, -10))
insert_item('coal', target_position=(-6, -10), quantity=6)

move_to((-4, -10))
insert_item('coal', target_position=(-4, -10), quantity=6)

move_to((-5.5, -6.5))
extract_item('iron-plate', source_position=(-5.5, -6.5), quantity=99)
comment("Refuel both stone furnaces and clear the blocked transport belt")
move_to(coal_location)
harvest_resource(coal_location, quantity=12)

move_to((-6, -10))
insert_item('coal', target_position=(-6, -10), quantity=6)
move_to((-4, -10))
insert_item('coal', target_position=(-4, -10), quantity=6)

move_to((-5.5, -6.5))
extract_item('item-on-ground', source_position=(-5.5, -6.5), quantity=1)
comment("Refuel both stone furnaces and clear the blocked transport belt")
move_to(coal_location)
harvest_resource(coal_location, quantity=12)

move_to((-6, -10))
insert_item('coal', target_position=(-6, -10), quantity=6)
insert_item('coal', target_position=(-4, -10), quantity=6)

move_to((-5.5, -6.5))
inspect_entities(radius=1)
entity = nearest('transport-belt', position=(-5.5, -6.5))
extract_item('iron-plate', source_position=entity)
comment("Refuel both stone furnaces and clear the blocked transport belt")
move_to(coal_location)
harvest_resource(coal_location, quantity=12)

move_to((-6, -10))
insert_item('coal', target_position=(-6, -10), quantity=6)

move_to((-4, -10))
insert_item('coal', target_position=(-4, -10), quantity=6)

move_to((-5.5, -6.5))
comment("Refuel both stone furnaces and clear the blocked transport belt")
move_to(coal_location)
harvest_resource(coal_location, quantity=12)

move_to((-6, -10))
insert_item('coal', target_position=(-6, -10), quantity=6)

move_to((-4, -10))
insert_item('coal', target_position=(-4, -10), quantity=6)

move_to((-5.5, -6.5))
pickup_entity("transport-belt", position=(-5.5, -6.5))
place_entity("transport-belt", direction=DOWN, position=(-5.5, -6.5))
comment("Refuel both stone furnaces and clear the blocked transport belt")
move_to(coal_location)
harvest_resource(coal_location, quantity=12)
move_to((-6, -10))
insert_item('coal', target_position=(-6, -10), quantity=6)
comment("Refuel both stone furnaces and clear the blocked transport belt")
move_to((-6, -10))
insert_item('coal', target_position=(-6, -10), quantity=6)
move_to(coal_location)
harvest_resource(coal_location, quantity=12)
comment("Refuel both stone furnaces and clear the blocked transport belt")
move_to((-6, -10))
insert_item('coal', target_position=(-6, -10), quantity=6)
move_to(coal_location)
pickup_entity('coal', coal_location, quantity=12)
move_to(coal_location)
pickup_entity('coal', coal_location)
pickup_entity('coal', coal_location)
pickup_entity('coal', coal_location)
pickup_entity('coal', coal_location)
pickup_entity('coal', coal_location)
pickup_entity('coal', coal_location)
pickup_entity('coal', coal_location)
pickup_entity('coal', coal_location)
pickup_entity('coal', coal_location)
pickup_entity('coal', coal_location)
pickup_entity('coal', coal_location)
comment("Harvest coal to refuel stone furnaces and clear transport belt.")
harvest_resource(coal_location, quantity=12)
move_to((-6, -10))
insert_item('coal', target_position=(-6, -10), quantity=6)
insert_item('coal', target_position=(-6, -10), quantity=4)
insert_item('coal', target_position=(-6, -10), quantity=2)
comment("Move closer to transport belt, and remove blockage.")
move_to((-5.5, -6.5))
extract_item(source_position=(-5.5, -6.5), quantity=1)
comment("It seems we cannot directly interact with the transport belt. Instead let's focus on refueling the furnaces and continuing the mining operation.")
move_to(coal_location)
harvest_resource(coal_location, quantity=10)
comment("Harvest coal to refuel stone-furnaces.")
harvest_resource(coal_location, quantity=10)
comment("Refuel both stone-furnaces.")
insert_item('coal', target_position=(-6, -10), quantity=5)
insert_item('coal', target_position=(-4, -10), quantity=5)
comment("Refuel both stone-furnaces.")
insert_item('coal', target_position=(-6, -10), quantity=5)
insert_item('coal', target_position=(-4, -10), quantity=5)

comment("Refuel both stone-furnaces manually.")
harvest_resource(coal_location, quantity=10)
insert_item('coal', target_position=(-6, -10), quantity=5)
insert_item('coal', target_position=(-4, -10), quantity=5)
insert_item('coal', target_position=(-4, -10), quantity=5)
comment("Move to coal_location and pick up coal")
move_to(coal_location)
pickup_entity('coal', coal_location, quantity=10)
comment("Move to coal_location and pick up coal")
move_to(coal_location)
pickup_entity('coal', coal_location, amount=10)
