[94mcomment("Check natural resources and landscape around me")
resources = inspect_resources()
[94mcomment("Inspect entities within a 20-meter radius around me")
entities_around = inspect_entities(20)
[94mcomment("Check my inventory")
inventory = inspect_inventory()
[94mcomment("Find the nearest coal deposit to set up power generation")
[94mcoal_position = nearest('coal')
move_to(coal_position)
[94mcomment("Place a burner-mining-drill extracting coal for power generation")
burner_drill_position = place_entity('burner-mining-drill', direction=LEFT, position=(coal_position[0]-2, coal_position[1]))
comment("Place a wooden chest next to the burner-mining-drill to store coal")
place_entity('wooden-chest', position=(burner_drill_position[0] - 1, burner_drill_position[1]))
comment("Insert starting coal into the burner-mining-drill for fuel, if available")
if 'coal' in inventory and inventory['coal'] > 0:
    insert_item('coal', target_position=burner_drill_position, quantity=1)
else:
    comment("Find the nearest tree to get wood for fuel")
    tree_position = nearest('tree')
    move_to(tree_position)
    harvest_resource(tree_position, quantity=5)
    craft_item('wood', quantity=1)
    insert_item
[92m3: Error: Could not place wooden-chest.  No wooden chest in inventory.
[94mcomment("I don't have a wooden chest in my inventory; I'll need to gather wood to craft one")
[94mcomment("Find the nearest tree to get wood for crafting a wooden chest and fuel")
tree_position = nearest('tree')
move_to(tree_position)
comment("Harvest wood from the tree")
harvest_resource(tree_position, quantity=10)
comment("Craft the wooden chest")
craft_item('wooden-chest', quantity=1)
comment("Check my inventory to see if I have the wooden chest now")
inventory = inspect_inventory()
comment("Place the wooden chest next to the burner-mining-drill to store coal, assuming the chest is in inventory now")
if 'wooden-chest' in inventory and inventory['wooden-chest'] > 0:
    place_entity('wooden-chest', position=(burner_drill_position[0] - 1, burner_drill_position[1]))
else:
    comment("Couldn't craft a wooden chest; there may be an issue with wood harvesting or crafting")
comment("Insert starting wood into the burner-mining-drill for
[91mThe provided code is not syntactically valid Python. Only write valid python.
[94mcomment("Check natural resources and landscape around me")
resources = inspect_resources()
[94mcomment("Inspect entities within a 20-meter radius around me")
entities_around = inspect_entities(20)
comment("Check my inventory")
inventory = inspect_inventory()
comment("Find the nearest coal deposit to set up power generation")
coal_position = nearest('coal')
move_to(coal_position)
comment("Place a burner-mining-drill extracting coal for power generation")
burner_drill_position = place_entity('burner-mining-drill', direction=LEFT, position=(coal_position[0]-2, coal_position[1]))
[92m8: Error: Could not place burner-mining-drill.  No burner mining drill in inventory.
[94mcomment("I don't have a burner-mining-drill in my inventory; I'll need to gather resources to craft one")
comment("Find the nearest iron deposit and extract several iron plates to craft a burner-mining-drill")
iron_position = nearest("iron")
move_to(iron_position)
comment("Harvest 10 iron ores to have enough for crafting the mining drill")
harvest_resource(iron_position, quantity=10)
comment("Check my inventory to see if I have the harvested iron ores")
inventory = inspect_inventory()
[92m5: Error: Could not harvest.. "global.actions.harvest resource = function(pl..."]:47: Could only harvest 8 at position (22, -5)
[94mcomment("I could only harvest 8 iron ores; I'll need to smelt and craft with these for now")
comment("Craft 8 iron plates using the harvested iron ores")
craft_item('iron-plate', quantity=8)
comment("Check my inventory to see if I have the newly crafted iron plates")
inventory = inspect_inventory()
comment("Now that I have 8 iron plates, I can craft a burner-mining-drill")
if 'iron-plate' in inventory and inventory['iron-plate'] >= 5:
    craft_item('burner-mining-drill', quantity=1)
else:
    comment("Couldn't craft a burner-mining-drill; there may be an issue with iron plate crafting")
comment("Check my inventory to see if I have the burner-mining-drill now")
inventory = inspect_inventory()
comment("Place the burner-mining-drill extracting coal for power generation, assuming the drill is in inventory now")
if 'burner-min
[91mThe provided code is not syntactically valid Python. Only write valid python.
[91m Too many sequential errors. Flushing memory.
[94mcomment("First, observe the natural resources around me")
resources = inspect_resources()
[94mcomment("Locate the nearest coal deposit to fuel the mining operations")
coal_position = nearest('coal')
comment("Move to the nearest coal deposit")
move_to(coal_position)
[94mcomment("Place a burner-mining-drill to extract coal")
place_entity('burner-mining-drill', direction=DOWN, position=(coal_position[0]-2, coal_position[1]))
comment("Ensure that burner-mining-drill has been placed")
inspect_entities(5)
[92m1: Error: Could not place burner-mining-drill.  No burner mining drill in inventory.
[94mcomment("Craft a burner-mining-drill before placing it")
craft_item('burner-mining-drill', quantity=1)
comment("Place the burner-mining-drill at the coal deposit")
place_entity('burner-mining-drill', direction=DOWN, position=(coal_position[0]-2, coal_position[1]))
comment("Ensure that the burner-mining-drill has been placed")
inspect_entities(5)
[92m3: (-10, -5)
5: [{'type': 'burner_mining_drill', 'direction': 'south', 'position': (-10, -5), 'warning': '..', 'status': 'empty'}, {'type': 'burner_mining_drill', 'direction': 'west', 'position': (-10, -5), 'warning': '.. The. ..', 'status': 'empty'}, {'type': 'player_character', 'direction': 'north', 'position': (-8, -5), 'warning': '.', 'status': 'empty'}]
[94mcomment("Pick up coal from the ground to fuel the mining drill")
pickup_entity('coal', (coal_position[0] - 2, 0))
comment("Insert 1 coal from the inventory into the mining drill for fuel")
insert_item('coal', target_position=(-10, -5), quantity=1)
comment("Observe the mining drill's status after inserting coal")
inspect_entities(5)
[92m1: Error: Could not pickup, did you intend to harvest?. 0
[94mcomment("Harvest coal from the deposit to fuel the mining drill")
harvest_resource(coal_position, quantity=1)
comment("Insert 1 harvested coal into the mining drill for fuel")
insert_item('coal', target_position=(-10, -5), quantity=1)
comment("Observe the mining drill's status after inserting coal")
inspect_entities(5)
[92m5: [{'type': 'burner_mining_drill', 'direction': 'south', 'position': (-10, -5), 'warning': '.', 'status': 'empty'}, {'type': 'burner_mining_drill', 'direction': 'west', 'position': (-10, -5), 'warning': '.. The. ..', 'status': 'empty'}, {'type': 'player_character', 'direction': 'north', 'position': (-8, -5), 'warning': '.', 'status': 'empty'}]
[94mcomment("Locate the nearest iron ore deposit")
iron_position = nearest('iron')
comment("Move to the iron ore deposit")
move_to(iron_position)
comment("Craft a burner-mining-drill for extracting iron ore")
craft_item('burner-mining-drill', quantity=1)
comment("Place the burner-mining-drill at the iron deposit")
place_entity('burner-mining-drill', direction=DOWN, position=(iron_position[0]-2, iron_position[1]))
comment("Ensure that the burner-mining-drill has been placed at the iron deposit")
inspect_entities(5)
[92m5: Error: Could not craft a burner-mining-drill. "global.actions.craft item = function(player i..."]:73: Failed to craft 1x burner-mining-drill because missing ingredient stone
