[94mcomment("Inspecting resources and landscape around me")
resources = inspect_resources()
[94mcomment("Locating a coal patch and moving to it")
coal_position = nearest('coal')  
move_to(coal_position)
[94mcomment("Placing a burner-mining-drill to extract coal")
place_entity('burner-mining-drill', direction=LEFT, position=(coal_position[0]-2, coal_position[1]))
[92m1: (-10, -5)
[94mcomment("Moving to coordinates (-10, -5)")
move_to((-10, -5))
[94mcomment("Inspecting resources and landscape around new position")
resources = inspect_resources()
comment("Locating an iron ore patch and moving to it")
iron_ore_position = nearest('iron-ore')  
move_to(iron_ore_position)
comment("Placing a burner-mining-drill to extract iron ore")
place_entity('burner-mining-drill', direction=RIGHT, position=(iron_ore_position[0]+2, iron_ore_position[1]))
[92m6: Error: Could not place burner-mining-drill.  No burner mining drill in inventory.
[94mcomment("Checking the inventory for items")
inventory = inspect_inventory()
[94mcomment("Crafting a burner-mining-drill")
craft_item('burner-mining-drill', quantity=1)

comment("Placing the crafted burner-mining-drill to extract iron ore")
place_entity('burner-mining-drill', direction=RIGHT, position=(iron_ore_position[0]+2, iron_ore_position[1]))
[92m3: (24, -5)
[94mcomment("Moving to coordinates (24, -5)")
move_to((24, -5))
comment("Inspecting resources and landscape around new position")
resources = inspect_resources()
comment("Locating a copper ore patch and moving to it")
copper_ore_position = nearest('copper-ore')  
move_to(copper_ore_position)
comment("Checking the inventory for burner-mining-drill")
inventory = inspect_inventory()
[94mcomment("Calculate number of burner-mining-drill needed")
burner_drill_needed = 1 - inventory['burner-mining-drill']
comment("Crafting required number of burner-mining-drill")
craft_item('burner-mining-drill', quantity=burner_drill_needed)

comment("Placing a burner-mining-drill to extract copper ore")
place_entity('burner-mining-drill', direction=UP, position=(copper_ore_position[0], copper_ore_position[1] - 2))

comment("Moving back to the coal patch to refuel mining drills")
move_to(coal_position)
comment("Picking up 3 units of coal")
pickup_entity('coal', coal_position, quantity=3)
[92m3: Error: Could not craft a burner-mining-drill. "global.actions.craft item = function(player i..."]:73: Failed to craft 1x burner-mining-drill because missing ingredient stone
[94mcomment("Locating the nearest stone patch")
stone_position = nearest('stone')
move_to(stone_position)
comment("Checking the inventory for a burner-mining-drill")
inventory = inspect_inventory()
comment("Calculate number of burner-mining-drill needed")
burner_drill_needed = 1 - inventory['burner-mining-drill']
comment("Crafting required number of burner-mining-drill based on available stone")
stone_needed = burner_drill_needed * 9 comment("9 stone needed to craft 1 burner-mining-drill")
harvest_resource(stone_position, quantity=stone_needed)
craft_item('burner-mining-drill', quantity=burner_drill_needed)
[92mError: invalid syntax (<unknown>, line 9)
[94mcomment("Calculating the number of stones needed to craft a burner-mining-drill")
burner_drill_needed = 1 - inventory['burner-mining-drill']
stone_needed = burner_drill_needed * 9  comment("9 stones are needed to craft 1 burner-mining-drill")
comment("Harvesting the stone resource and crafting the burner-mining-drill")
harvest_resource(stone_position, quantity=stone_needed)
craft_item('burner-mining-drill', quantity=burner_drill_needed)
[92mError: invalid syntax (<unknown>, line 3)
[94mcomment("Calculating the number of stones needed to craft a burner-mining-drill")
burner_drill_needed = 1 - inventory['burner-mining-drill']
stone_needed = burner_drill_needed * 9  comment("9 stones are needed to craft 1 burner-mining-drill")
[92mError: invalid syntax (<unknown>, line 3)
