[94mcomment("Find and move to the nearest coal deposit")
coal_position = nearest('coal')
move_to(coal_position)
[94mcomment("Place a burner-mining-drill, facing down")
place_entity('burner-mining-drill', direction=DOWN, position=(coal_position[0], coal_position[1] - 2))
[92m1: (-8, -7)
[94mcomment("Pick up coal near (-8, -7)")
pickup_entity('coal', (-8, -7))
comment("Insert coal into the burner-mining-drill for fuel")
insert_item('coal', target_position=(coal_position[0], coal_position[1] - 2), quantity=1)
[92m1: Error: Could not pickup, did you intend to harvest?. 0
[94mcomment("Harvest 5 coal from the coal deposit at (-8, -7)")
harvest_resource((-8, -7), quantity=5)
comment("Insert 1 coal into the burner-mining-drill for fuel")
insert_item('coal', target_position=(coal_position[0], coal_position[1] - 2), quantity=1)
[94mcomment("Find and move to the nearest iron ore deposit")
iron_ore_position = nearest('iron-ore')
move_to(iron_ore_position)
comment("Place a burner-mining-drill facing down to extract the iron ore")
place_entity('burner-mining-drill', direction=DOWN, position=(iron_ore_position[0], iron_ore_position[1] - 2))
comment("Place a stone furnace below the burner-mining-drill")
stone_furnace_position = (iron_ore_position[0], iron_ore_position[1] - 4)
place_entity('stone-furnace', position=stone_furnace_position)
[92m4: Error: Could not place burner-mining-drill.  No burner mining drill in inventory.
[94mcomment("Check current inventory")
inventory = inspect_inventory()
comment("Check the number of burner-mining-drill in inventory")
burner_drill_count = inventory.get('burner-mining-drill', 0)
[92m3: Error: get() takes 2 positional arguments but 3 were given
[94mcomment("Check the number of burner-mining-drill in inventory")
burner_drill_count = inventory.get('burner-mining-drill', 0)
burner_drill_count
[92m1: Error: get() takes 2 positional arguments but 3 were given
[94mcomment("Check the number of burner-mining-drill in inventory")
burner_drill_count = inventory.get('burner-mining-drill', 0)
comment("Craft a burner-mining-drill if there are none in the inventory")
if burner_drill_count == 0:
    craft_item('burner-mining-drill', quantity=1)
[92m1: Error: get() takes 2 positional arguments but 3 were given
[94mcomment("Check the number of burner-mining-drill in inventory")
burner_drill_count = inventory['burner-mining-drill']
comment("Craft a burner-mining-drill if there are none in the inventory")
if burner_drill_count == 0:
    craft_item('burner-mining-drill', quantity=1)
[94mcomment("Retry placing a burner-mining-drill facing down to extract the iron ore")
place_entity('burner-mining-drill', direction=DOWN, position=(iron_ore_position[0], iron_ore_position[1] - 2))
comment("Place a stone furnace below the burner-mining-drill")
stone_furnace_position = (iron_ore_position[0], iron_ore_position[1] - 4)
place_entity('stone-furnace', position=stone_furnace_position)
[92m1: (22, -7)
4: Error: Could not place stone-furnace.  No stone furnace in inventory.
[94mcomment("Check the number of stone-furnace in inventory")
stone_furnace_count = inventory.get('stone-furnace', 0)
comment("Craft a stone-furnace if there are none in the inventory")
if stone_furnace_count == 0:
    craft_item('stone-furnace', quantity=1)
comment("Retry placing a stone furnace below the burner-mining-drill")
stone_furnace_position = (iron_ore_position[0], iron_ore_position[1] - 4)
place_entity('stone-furnace', position=stone_furnace_position)
[92m1: Error: get() takes 2 positional arguments but 3 were given
