comment("First, let's inspect our surroundings to plan our initial setup")
inspect_resources()
inspect_entities()
comment("Next, let's move to the location of the ore we want to mine")
move_to((-8, -5))
comment("Now that we're at the ore, let's place a Burner Mining Drill to start mining it")
place_entity("burner-mining-drill", direction=DOWN, position=(-8, -5))
comment("Before placing the burner-mining-drill to mine the ore, let's craft one first.")
craft_item('burner-mining-drill', quantity=1)
comment("Now, let's place the Burner Mining Drill to start mining the ore")
place_entity("burner-mining-drill", direction=DOWN, position=(-8, -5))
comment("Let's check our inventory to see if we have enough resources for smelting")
inspect_inventory()
comment("Looks like we need to refuel the Burner Mining Drill first.")
insert_item('coal', target_position=nearest('burner-mining-drill'), quantity=5)
comment("Now, let's check our inventory to make sure we have enough resources for smelting")
inspect_inventory()
comment("It looks like we have enough iron ore, coal, and stone to start smelting.")
comment("First, let's place a Stone Furnace to start smelting the iron ore.")
place_entity('stone-furnace', position=(-10, -5))
comment("Now, let's connect the burner mining drill to the Stone Furnace using an inserter")
source_entity = nearest('burner-mining-drill')
target_entity = nearest('stone-furnace')
connect_entities(source_position=source_entity, target_position=target_entity, connection_type='inserter')
comment("Before placing the Stone Furnace to start smelting the ore, let's craft one first.")
craft_item('stone-furnace', quantity=1)
comment("Oops! It looks like we need to start by mining some stone before we can craft a Stone Furnace.")
comment("Let's move to the nearest stone resource and start mining.")
move_to(nearest('stone'))
comment("Now that we are near stone, we can start mining it.")
harvest_resource(nearest('stone'), quantity=10)
comment("Now that we have some stone, let's craft a Stone Furnace to start smelting the iron ore.")
craft_item('stone-furnace', quantity=2)
comment("Let's craft an iron axe to harvest wood efficiently.")
craft_item('iron-axe', quantity=1)
comment("Sorry about that! It looks like we need to research the technology for iron-axe first.")
comment("Let's start by placing a lab where we can research new technologies.")
lab_position = place_entity('lab', direction=UP, position=(0,-2))
comment("Oops! Looks like we need to craft the lab first.")
craft_item('lab', quantity=1)
comment("We need to supply fuel to the burner-mining-drills.")
comment("We can use the coal we've been mining to supply the burner-mining-drills.")
coal_quantity = inspect_inventory()['coal']
for entity in inspect_entities():
    if entity['name'] == 'burner-mining-drill' and coal_quantity > 0 and not entity['fuel']:
        insert_item('coal', target_position=entity['position'], quantity=1)
        coal_quantity -= 1
comment("Now that our burner mining drills are fueled up, let's check our inventory for the amount of coal we have.")
coal_quantity = inspect_inventory()['coal']
comment("We have " + str(coal_quantity) + " coal.")
comment("We need to supply fuel and remove the output items from the burner-mining-drills.")
comment("We can use the coal we've been mining to supply the burner-mining-drills.")
coal_quantity = inspect_inventory()['coal']
for entity in inspect_entities():
    if entity['type'] == 'burner-mining-drill' and entity['status'] != 'mining':
        if 'coal' in inspect_inventory() and inspect_inventory()['coal'] > 0:
            insert_item('coal', target_position=entity['position'], quantity=1)
        else:
            comment("We do not have any coal in inventory to supply to the burner-mining-drill and we are unable to mine any more until we have space for the output.")
    elif entity['type'] == 'burner-mining-drill' and entity['status'] == 'mining':
        extract_item('iron-ore', source_position=entity['position'], quantity=1)
coal_quantity = inspect_inventory()['coal']
for entity in inspect_entities():
    if entity['type'] == 'burner-mining-drill':
        target_position = entity['position']
        if entity['status'] == 'full':
            extract_item('iron-ore', source_position=target_position, quantity=entity['quantity'])
        if entity['status'] == 'low_power':
            insert_item('coal', target_position=target_position, quantity=coal_quantity)
        if entity['status'] == 'out_of_fuel':
            insert_item('coal', target_position=target_position, quantity=coal_quantity)
            set_entity_recipe(target_position, recipe='iron-ore')
for entity in inspect_entities():
    if entity['type'] == "burner-mining-drill" and entity['status'] == "waiting":
        # Insert coal into the burner-mining-drill for fuel
        insert_item('coal', target_position=entity['position'], quantity=coal_quantity)
    elif entity['type'] == "burner-mining-drill" and entity['status'] == "full":
        # Extract the output items from burner-mining-drill and place them in nearest chest
        for output_item in entity['output']:
            extract_item(output_item['name'], source_position=entity['position'], quantity=output_item['count'])
            nearest_chest_position = nearest('iron-chest', source_position=entity['position'])
            insert_item(output_item['name'], target_position=nearest_chest_position, quantity=output_item['count'])
if entity['type'] == 'burner-mining-drill' and entity['warning'] == 'out of fuel':
    fuel_position = nearest('coal', entity_position=entity['position'])
    move_to(fuel_position)
    insert_item('coal', nearest(entity['position']), coal_quantity) 
    
elif entity['type'] == 'burner-mining-drill' and entity['warning'] == 'waiting for space in destination as the output is full':
    destination = nearest(entity['position'])
    while not destination:
        move_to(nearest(entity['position']))
        destination = nearest(entity['position'])
    extract_item('iron-ore', entity['position'], quantity=5)
    insert_item('stone-furnace', destination, quantity=5)
move_to((entity['position'][0], entity['position'][1]-1)) # move to the burner-mining-drill
insert_item('coal', target_position=entity['position'], quantity=coal_quantity) # insert coal to the burner-mining-drill
break # we only insert coal to one burner-mining-drill at a time to ensure we still have enough coal
for entity in inspect_entities(): 
    if entity['type'] == 'burner-mining-drill' and entity['warning'] == 'out of fuel':
        coal_quantity = inspect_inventory()['coal']
        move_to((entity['position'][0], entity['position'][1]-1)) # move to the burner-mining-drill
        target_position = nearest('burner-mining-drill', entity['position'], range_limit=5)
        insert_item('coal', target_position=target_position, quantity=coal_quantity) # insert coal to the burner-mining-drill
if entity['type'] == 'burner-mining-drill' and entity['status'] != 'working': # finding those drills which are not functioning
    set_entity_recipe(entity['position'], 'iron-ore') # setting the recipe of the drill to the desired mineral
    move_to(entity['position']) # moving to the drill
    if entity['status'] == 'full': # if the drill is full
        extract_item('iron-ore', source_position=entity['position'], quantity=entity['amount']) # take out the iron ore from the drill
    else:
        entity_out_pos = (entity['position'][0]-2, entity['position'][1]) # the position of the neighboring entity where we will be taking out the mineral
        if inspect_entities(entity_out_pos)['status'] == 'full':
            continue # if the neighboring entity is also full, then skip that drill
for entity in inspect_entities():
    if entity['type'] == 'burner-mining-drill' and entity['status'] != 'working': # finding those drills which are not functioning 
        move_to(entity['position']) # move to the drill
        insert_item('coal', target_position=entity['position'], quantity=coal_quantity) # insert coal
        continue # move on to the next entity
    elif entity['type'] == 'burner-mining-drill' and entity['warning'] == 'out of fuel' or entity['warning'] == 'waiting for space in destination as the output is full':
        continue # move on to the next entity
    else: # if the entity is not a burner-mining-drill
        continue # move on to the next entity.
if entity['type'] == 'burner-mining-drill' and entity['status'] != 'working': # finding those drills which are not functioning
    pickup_entity('coal', (-8.5, -4.5))
    insert_item('coal', target_position=entity['position'], quantity=coal_quantity)
    # Move away from the drill to wait for it to fill up and start working again
    move_to((entity['position'][0]+2, entity['position'][1]+2))
if entity['type'] == 'burner-mining-drill' and entity['status'] != 'working': # finding those drills which are not functioning
    target_pos = entity['position']
    if entity['warning'] != '':
        if entity['warning'].startswith('out of fuel'): # if burner-mining-drill is out of fuel
            coal_pos = (target_pos[0] + 1, target_pos[1]) # assume coal supply is always on the right side of burner-mining-drill
            if coal_quantity > 0: # inventory should have at least one coal
                move_to(coal_pos)
                insert_item('coal', target_position=nearest('burner-mining-drill')) # place coal into burner-mining-drill
                coal_quantity -= 1 # decrease coal_quantity by 1 because we have used one coal
            else:
                print("Inventory empty. Cannot refuel.", flush=True)
                continue
for entity in inspect_entities():
    if entity['type'] == 'burner-mining-drill' and entity['status'] != 'working': # finding those drills which are not functioning
        if 'fuel' in inspect_inventory() and inspect_inventory()['fuel'] > 0: # checking if player has fuel in inventory
            insert_item('coal', target_position=entity['position'], quantity=1)  # inserting fuel 
        else:
            continue   # if player doesn't have fuel in inventory or if the drill is already working.            
            
    if entity['type'] == 'yellow_inserter':
        if 'iron-plate' in inspect_inventory() and inspect_inventory()['iron-plate'] > 0: 
            extract_item('iron-plate', source_position=entity['position'], quantity=1)  # extracting the iron-ore
            ore_position = nearest('stone')
            move_to(ore_position) # moving to the nearest stone      
            harvest
for entity in inspect_entities():
    if entity['type'] == 'burner-mining-drill' and entity['status'] != 'working':
        if entity['warning'] != '':
            print(entity['warning'])  # if entity has a warning, print it
        continue  # if the entity is not working, we won't do anything with it right now. We move on to the next entity.
comment("## Mining Setup")
ore_pos = (-8, -5)
quantity_required = 10
extracted_quantity = 0
for entity in inspect_entities():
    if entity['type'] == 'burner-mining-drill' and entity['status'] != 'working':
        if entity['warning'] != '':
            print(entity['warning'])  # if entity has a warning, print it
        continue  # if the entity is not working, we won't do anything with it right now. We move on to the next entity.
comment("## Mining Setup")
ore_pos = (-8, -5)
for entity in inspect_entities():
    if entity['type'] == 'burner-mining-drill' and entity['status'] != 'working':
        if entity['warning'] != '':
            print(entity['warning'])  # if entity has a warning, print it
        continue  # if the entity is not working, we won't do anything with it right now. We move on to the next entity.
comment('## Mining Setup')
ore_pos = (-8, -5)
comment("Move to the ore position")
move_to(ore_pos)
move_to(ore_pos)
comment('## Place a burner mining drill and insert fuel')
place_entity_next_to('burner-mining-drill', reference_position=ore_pos, direction=UP, gap=1)
insert_item('coal', target_position=nearest('burner-mining-drill'), quantity=coal_quantity)
comment("Check if the position is buildable")  
entity_position = find_buildable_position_nearby(ore_pos)
if entity_position:  # check to see if entity_position is None  
    entity_position = place_entity_next_to('burner-mining-drill', reference_position=ore_pos, direction=UP, gap=1)  # drill is placed
    insert_item('coal', target_position=entity_position, quantity=1)  # insert coal into the drill
else:
    print("Cannot place a mining drill here.")
comment('## Place a burner mining drill and insert fuel')
entity_position = None
for i in range(10):  # try up to 10 different gap sizes to place the mining drill
    entity_position = place_entity_next_to('burner-mining-drill', reference_position=ore_pos, direction=UP, gap=i)
    if entity_position is not None:
        break  # if placement is successful, break the loop
comment('## Find a buildable position to place the mining drill')  
entity_position = None
for i in range(10):  # try up to 10 different gap sizes to place the mining drill
    entity_position = find_buildable_position_nearby(ore_pos, entity='burner-mining-drill', gap=i)
    if entity_position is not None:
        break
        
if entity_position is not None:
    entity_direction = get_entity_direction(ore_pos, entity_position)
    place_entity('burner-mining-drill', direction=entity_direction, position=entity_position)
    insert_item('coal', nearest('burner-mining-drill'), 10)
else:
    comment("Could not find a suitable position to place the mining drill.")

comment('## Check that the mining drill will be placed at a valid position')  
entity_position = None  
for i in range(10):  # try up to 10 different gap sizes to place the mining drill
    entity_position = place_entity_next_to('burner-mining-drill', reference_position=ore_pos, direction=UP, gap=i)
    if entity_position:
        break  # exit the loop if the mining drill has been placed at a valid position
    else:
        continue  # try the next gap size
if not entity_position:
    comment('## Could not place the mining drill')  
else:
    comment(f'## Mining drill placed at {entity_position}')
    move_to(entity_position)
    for _ in range(quantity_required):
        if check_inventory('iron-ore') >= quantity_required:
            break
        resource_pos = nearest('iron-ore')
        if resource_pos:
            if resource_pos == entity_position:
                extract_item('

## Code to place a  mining drill and insert coal for fuel
comment('## Find a buildable position near the ore')
entity_position = None
for i in range(10):  # try up to 10 different gap sizes to place the mining drill
    if can_build_at('burner-mining-drill', direction=DOWN, position=ore_pos, gap=i):
        comment(f'Trying gap size {i} to place the burner mining drill at {ore_pos}')
        entity_position = place_entity_next_to('burner-mining-drill', reference_position=ore_pos, direction=DOWN, gap=i)
        break
if entity_position:
    comment(f'Placed a burner mining drill at {entity_position} with gap size {i}')
    insert_item('coal', target_position=entity_position, quantity=10)  # insert 10 coal for fuel
else:
    comment('Could not place a burner mining drill near the ore')
comment('## Find a buildable position near the ore')
entity_position = None
gap = 1
while entity_position is None and gap <= 10:
    for coord in [(ore_pos[0]-gap, ore_pos[1]), (ore_pos[0]+gap, ore_pos[1]), (ore_pos[0], ore_pos[1]-gap), (ore_pos[0], ore_pos[1]+gap)]:
        if can_build_at(coord):
            entity_position = coord
            break
    gap += 1
```
comment('## Find a buildable position near the ore')
entity_position = None
gap = 1
while entity_position is None and gap <= 10:
    build_position = (coord[0] - gap, coord[1])
    if can_build_at('burner-mining-drill', build_position):
        entity_position = place_entity('burner-mining-drill', position=build_position, exact=True)
    else:
        gap += 1
```
Then, to address the warnings:

comment('## Find a buildable position near the ore')
entity_position = None
gap = 1
while entity_position is None and gap <= 10:
    for coord in [(0,0), (0,1), (1,0), (1,1), (-1,0), (0,-1), (-1,-1), (1,-1), (-1,1)]:
        if can_build_at(entity='burner-mining-drill', position=(player_character.position[0] + coord[0], player_character.position[1]  + coord[1])):
            entity_position = place_entity_next_to(entity='burner-mining-drill', reference_entity='ore', direction=LEFT, gap=gap)
            if entity_position:
                break
    gap += 1
if not entity_position:
    comment('## Could not find a buildable position near the ore')

comment('## Find a buildable position near the ore')
entity_position = None
gap = 1
while entity_position is None and gap <= 10:
    coord = nearest('iron-ore', entity_type='resource')
    for i in range(4):
        if can_build_at('burner-mining-drill', coord, direction=i, exact=True):
            entity_position = place_entity_next_to('burner-mining-drill', reference_position=coord, direction=i, gap=gap)
            break
            
    gap += 1
comment('## Find a buildable position near the ore')
entity_position = None
gap = 1
comment('## Find a buildable position near the ore')
entity_position = None
gap = 1
while entity_position is None and gap <= 10:
    for pos in inspect_entities(radius=gap):
        if pos['type'] == 'resource' and pos['name'] == 'iron-ore':
            if can_build_at_position('burner-mining-drill', pos['position'], direction=DOWN):
                entity_position = pos['position']
                break
    gap += 1
comment('## Find a buildable position near the ore')
entity_position = None
gap = 1
while entity_position is None and gap <= 10:
    next_pos = (coord[0] + gap, coord[1])
    entities = inspect_entities(2)
    can_build_at = True
    for e in entities:
        if e['position'] == next_pos:
            can_build_at = False
            
    if can_build_at:
        entity_position = place_entity('burner-mining-drill', direction=DOWN, exact=True, position=next_pos)
    gap += 1

comment('## Find a buildable position near the ore')
entity_position = None
gap = 1
while entity_position is None and gap <= 10:
    for r in range(-gap, gap + 1):
        for c in range(-gap, gap + 1):
            pos = {'type': 'burner_mining_drill', 'position': (next_pos[0] + r, next_pos[1] + c)}
            can_build_at = True
            for e in inspect_entities():
                if e['position'] == pos['position']:
                    can_build_at = False
                    break
            if can_build_at:
                entity_position = pos['position']
                break
        if entity_position:
            break
    gap += 1
if entity_position:
    comment(f"## Build a burner mining drill at {entity_position}")
comment('## Find a buildable position near the ore')
entity_position = None
gap = 1
while entity_position is None and gap <= 10:
    for r in range(-gap, gap+1):
        for c in range(-gap, gap+1):
            pos = (next_pos[0]+c, next_pos[1]+r)
            if can_build_at('burner-mining-drill', pos):
                entity_position = pos
                break
        if entity_position is not None:
            break
    gap += 1

comment('## Find a buildable position near the ore')
entity_position = None
gap = 1
while entity_position is None and gap <= 10:
    # Find positions in a cross looking formation
    positions = [(r, c) for r in range(next_pos[0]-gap, next_pos[0]+gap+1) for c in range(next_pos[1]-gap, next_pos[1]+gap+1) if r == next_pos[0] or c == next_pos[1]]
comment('## Find a buildable position near the ore')
entity_position = None
gap = 1
while entity_position is None and gap <= 10:
    for r in range(-gap, gap+1):
        for c in range(-gap, gap+1):
            new_pos = (next_pos[0]+c, next_pos[1]+r)
            if is_buildable(new_pos):
                entity_position = new_pos
                break
        if entity_position:
            break
    gap += 1
if entity_position:
    # place mining drill on this position
    comment('## Place mining drill on position')
    move_to(entity_position)
    entity_position = place_entity('burner-mining-drill', direction=DOWN, position=entity_position)
    # check if the entity has been placed
    if entity_position:
        comment('## Connected mining drill and ore deposit')
comment('## Find a buildable position near the ore')
entity_position = None
gap = 1
while entity_position is None and gap <= 10:
    for r in range(-gap, gap+1):
        for c in range(-gap, gap+1):
            new_pos = (next_pos[0]+c, next_pos[1]+r)
            if is_buildable(new_pos):
                entity_position = new_pos
                break
        if entity_position is not None:
            break
    gap += 1
comment('## Find a buildable position near the ore')
entity_position = None
gap = 1
while entity_position is None and gap <= 10:
    
    # Check if a position is buildable
    for row in range(next_pos[1]-gap, next_pos[1]+gap+1):
        for col in range(next_pos[0]-gap, next_pos[0]+gap+1):
            if is_buildable((col, row)):
                entity_position = (col, row)
                break
        if entity_position:
            break
    gap += 1
comment('## Find a buildable position near the ore')
entity_position = None
gap = 1
while entity_position is None and gap <= 10:
    for i in range(-gap, gap+1):
        for j in range(-gap, gap+1):
            if is_buildable(new_pos[0]+i, new_pos[1]+j):
                            entity_position = (new_pos[0]+i, new_pos[1]+j)
                            break
        if entity_position is not None:
            break
    gap = gap + 1
    
if entity_position is None:
    comment('## No buildable position found')
    
else:
    comment('## Build a burner mining drill to extract coal')
    move_to(entity_position)
    place_entity('burner-mining-drill', position=entity_position, direction=RIGHT)

comment('## Find a buildable position near the ore')
entity_position = None
gap = 1
while entity_position is None and gap <= 10:
    for i in range(-gap, gap+1):
        for j in range(-gap, gap+1):
            new_pos = (col+i, row+j)
            res = inspect_resources()
            if is_buildable(new_pos) and 'coal' in res and res['coal'] >= 1:
                entity_position = place_entity('burner-mining-drill', direction=DOWN, exact=False, position=new_pos)
                if entity_position is not None:
                    break
        if entity_position is not None:
            break
    gap += 1
if entity_position is None:
    comment('Could not find a buildable position near the ore')

comment('## Find a buildable position near the ore')
entity_position = None
comment("define the function for checking if the position is buildable")
def is_buildable(pos):
    for entity in inspect_entities():
        if entity['position'][0] == pos[0] and entity['position'][1] == pos[1]:
            return False
    return True
```
def is_buildable(position):
    entities = inspect_entities(2)
    for entity in entities:
        if entity['name'] not in ['water', 'landfill'] and entity['position'] == position:
            return False
    return True
```


```python
def is_buildable(pos):
    """
    Check if given position is buildable or not.


comment('checking inventory')
inventory = inspect_inventory()

comment("Crafting 1 burner mining drill")
craft_item('burner-mining-drill', quantity=1)
print('Iron chest crafted!')
comment('Examining the resources')
resources = inspect_resources()
comment('Checking entities')
entities = inspect_entities(radius=15)
comment("Check if there exists enough iron ore for crafting iron plates")
if 'iron-ore' in resources.keys() and resources['iron-ore'][0]['size'] > 100:
    # Move to position of iron ore
    move_to(resources['iron-ore'][0]['min_coordinates'])
    # Harvest 100 iron ore
    harvest_resource(resources['iron-ore'][0]['min_coordinates'], quantity=100)
    # Move to the position of the nearest stone furnace
    move_to(nearest('stone-furnace'))
    # Craft 50 iron plates using the stone furnace
    entity_position = place_entity('stone-furnace', direction=UP, position=nearest('stone-furnace'))
    set_entity_recipe(entity_position, 'iron-plate')
    while inventory.get('iron-plate', 0) < 50:
          extract_item('iron-plate', source_position=entity_position)
    # Move to the position of the nearest burner-min
if any(resource['name'] == 'iron-ore' and resource['amount'] >= 5 for resource in resources):
    comment('Craft 5 iron plates')
    craft_item('iron-plate', quantity=5)
else:
    comment("Looking for iron ore")
    iron_ore_positions = [resource['position'] for resource in resources if resource['name'] == 'iron-ore']
    if len(iron_ore_positions) > 0:
        comment(f"Moving to nearest iron ore located at {iron_ore_positions[0]}")
        move_to(iron_ore_positions[0])
    else:
        comment("No iron ore found nearby")
comment("Counting the total number of coal pieces available")
coal = 0
for resource in resources:
    if resource['name'] == 'coal':
        coal += resource['amount']
print(f"Total coal found: {coal}")
comment("Counting the total number of coal pieces available")
coal = 0
for resource in resources:
    if resource['name'] == 'coal':
        coal += resource['amount']
print("Total coal available:", coal)
comment("Counting the total number of coal pieces available")
coal = 0
for resource in resources:
    if resource['name'] == 'coal':
        coal += resource['amount']
print(f"Total coal: {coal}")
comment("Counting the total number of coal pieces available")
coal = 0
for resource in res:
    if resource == "coal":
        for r in res[resource]:
            coal += r['size'] 
print(coal)
comment("Counting the total number of coal pieces available")
coal = 0
for resource in resources.values():
    if resource[0].keys() == 'coal':
        coal += resource[0]['size']
print("Total Coal Pieces Available: " + str(coal))
comment("Inspecting entities around player_character")
entities = inspect_entities()
print(entities)
comment("Move towards coal")
comment("Moving towards coal")
resource_position = nearest('coal')
move_to(resource_position)
comment("Move towards coal")
coal_position = nearest('coal')
move_to(coal_position)
comment("Place a burner-mining-drill to extract coal")
place_entity('burner-mining-drill', direction=UP, position=coal_position)
comment("Place a stone furnace to smelt iron")
iron_ore_position = nearest('iron-ore')
move_to(iron_ore_position)
place_entity('stone-furnace', direction=UP, position=(iron_ore_position[0],iron_ore_position[1]-2))
comment("Craft a stone furnace to smelt iron")
craft_item('stone-furnace', quantity=1)
comment("Craft a stone furnace and mining drill to extract and smelt iron ore")
craft_item('stone-furnace', quantity=1)
craft_item('burner-mining-drill', quantity=1)
comment("Extract stone to craft a furnace and mining drill")
stone_position = nearest('stone')
move_to(stone_position)
harvest_resource(stone_position, quantity=50) # get 50 stone
craft_item('stone-furnace', quantity=1) # 2 stone furnaces need to be crafted
craft_item('burner-mining-drill', quantity=1) # 2 mining drills need to be crafted
move_to(resource_position) # to resume extraction of coal resources.
comment("Extract more coal to fuel the mining drills")
coal_position = nearest('coal')
move_to(coal_position)
harvest_resource(coal_position, quantity=30) # get 30 coal
comment("Craft a furnace and mining drills to extract and smelt iron")
craft_item('stone-furnace', quantity=1)
craft_item('burner-mining-drill', quantity=2)
comment("Extract iron ore to produce iron plates")
iron_ore_position = nearest('iron-ore')
move_to(iron_ore_position)
harvest_resource(iron_ore_position, quantity=50) # get 50 iron ore
move_to(stone_position)
entity_position = place_entity('burner-mining-drill', direction=UP, position=stone_position) # place mining drill near stone
comment("Smelt iron ore with the furnace")
comment("Place the stone-furnace and connect it to the burner-mining-drill")
place_entity('stone-furnace', direction=DOWN, position=stone_position)
furnace_position = nearest('stone-furnace')
mining_drill_positions = []
for i in range(2):
    coal_position = nearest('coal')
    move_to(coal_position)
    harvest_resource(coal_position, quantity=10)
    mining_drill_positions.append(place_entity_next_to('burner-mining-drill', direction=UP, reference_position=furnace_position, gap=1))
for mining_drill_position in mining_drill_positions:
    connect_entities(source_position=mining_drill_position, target_position=furnace_position, connection_type='inserter')
comment("Identify the entities obstructing 'stone-furnace' placement")
inspect_entities(radius=5)
comment("Place the stone-furnace and connect it to the burner-mining-drill")
place_entity('stone-furnace', direction=DOWN, position=furnace_position)
comment("Craft the stone-furnace before placing it")
craft_item('stone-furnace',quantity=1)
comment("Craft the necessary items for establishing basic resources")
comment("Craft 5 burner mining drills")
craft_item('burner-mining-drill', 5)
comment("Automate the mining of iron ore and coal by placing burners at the respective locations.")
comment("Craft 15 burner mining drills")
craft_item('burner-mining-drill', 15)
comment("Automate the supply of coal to the burners")
comment("Harvest 50 coal and store it in the inventory")
harvest_resource(coal_position, 50)
comment("Insert coal into all the burners for fuel")
for drill_position in mining_drill_positions:
    insert_item('coal', target_position=drill_position, quantity=1)
comment("Automate the supply of coal to the burners")
comment("Harvest as much coal as possible and store it in the inventory") 
coal_harvest = inspect_resources()['coal']
harvest_resource(coal_position, coal_harvest)
inventory = inspect_inventory()
while inventory['coal'] > 0:
    inserter_position = nearest('burner-mining-drill')
    insert_item('coal', target_position=inserter_position, quantity=1)
    inventory = inspect_inventory()
comment("Starting the mining operations")
for drill_position in mining_drill_positions:
    move_to(drill_position)
    place_entity('burner-mining-drill', direction=LEFT, exact=True, position= drill_position) 
comment("Automate the supply of fuel to the burners")  
comment("Harvest 20 wood and store it in the inventory")
harvest_resource(nearest('tree'), 20)
inventory = inspect_inventory()
comment("Automate the supply of coal to the burners")
comment("Harvest as much coal as possible and store it in the inventory") 
coal_harvest = inspect_resources()['coal']['size']
harvest_resource(coal_position, coal_harvest)
comment("Automate the supply of coal to the burners")
comment("Harvest as much coal as possible and store it in the inventory") 
coal_harvest = inspect_resources()['coal'][0]['size'] # extracting the size of the only coal resource available
harvest_resource(coal_position, coal_harvest)
comment("Automate the supply of coal to the burners")
comment("Harvest enough coal to ensure consistent supply to the burners") 
coal_harvest = 100 # setting quantity of coal to harvest 
harvest_resource(coal_position, coal_harvest)
comment("Automate the supply of coal to the burners")
comment("Harvest enough coal to ensure consistent supply to the burners") 
coal_resource = inspect_resources()['coal'][0]
harvest_resource(coal_resource['position'], 100) # to harvest 100 coal, update the quantity harvest to 100
comment("Automate the supply of coal to the burners")
comment("Harvest enough coal to ensure consistent supply to the burners") 
coal_resource = inspect_resources()['coal'][0]
harvest_resource(coal_resource['position'], 100)
comment("Automate the supply of coal to the burners")
comment("Harvest enough coal to ensure consistent supply to the burners") 
coal_resource = inspect_resources()['coal'][0]
harvest_resource(coal_resource['position'], quantity=100)
comment("Craft an iron chest to store coal and other items")
craft_item('iron-chest', 1)
comment("Check the ingredients required for crafting an iron chest")
inspect_entity('iron-chest')
comment("Check the ingredients required for crafting an iron chest")
recipe_info = inspect_entity('iron-chest')['recipe']
for item_required in recipe_info['ingredients']:
    print(f"{item_required['name']}: {item_required['amount']}")
comment("Check the inventory for available iron ore")
inventory = inspect_inventory()
if 'iron-ore' in inventory:
    iron_ore = inventory['iron-ore']
    comment("Craft an iron chest to store coal and other items")
    craft_item('iron-chest', 1)
else:
    comment("Go to the nearest iron ore field and start mining")
    iron_ore_field = nearest('iron-ore')
    move_to(iron_ore_field)
    mining_drill_positions.append(place_entity('burner-mining-drill', direction=UP))
    move_to(furnace_position)
    insert_item('iron-ore')
comment("Check the inventory for available iron ore")
inventory = inspect_inventory()
if 'iron-ore' in inventory:
    iron_ore = inventory['iron-ore']
    if iron_ore >= recipe_info['ingredients']['iron-plate']:
        comment("Craft an iron chest")
        craft_item('iron-chest', 1) 
    else:
        comment("Gather iron ore") 
        mining_drill_position = mining_drill_positions[0]
        move_to(mining_drill_position)
        harvest_resource(mining_drill_position, 5)
else:
    comment("Gather iron ore") 
    mining_drill_position = mining_drill_positions[0]
    move_to(mining_drill_position)
    harvest_resource(mining_drill_position, 5)
comment("Check the inventory for available iron ore")
inventory = inspect_inventory()
if 'iron-ore' in inventory:
    iron_ore = inventory['iron-ore']
    comment("Craft 1 iron chest")
    recipe_name = 'iron-chest'
    recipe_info = inspect_entity(recipe_name)['recipe']
    craft_item(recipe_name, quantity=1)
else:
    iron_ore = 0
    comment("Harvest iron ore")
    iron_ore_positions = [(1,8), (-1,8), (1,-8), (-1,-8)]
    for position in iron_ore_positions:
        harvest_resource(position)
comment("Check the inventory for available iron ore")
inventory = inspect_inventory()
if 'iron-ore' in inventory:
    comment("Crafting 1x iron-chest")
    recipe_info = inspect_entities(radius=10)
    craft_item('iron-chest', quantity=1)
else:
    comment("Resource for iron-ore unavailable")
comment("Check the inventory for available iron ore")
inventory = inspect_inventory()
if 'iron-ore' in inventory:
    comment("Craft 1x iron-chest")
    craft_item('iron-chest', quantity=1)
else:
    comment("No available iron ore to craft iron-chest")
comment("Check the inventory for available iron ore")
inventory = inspect_inventory()
if 'iron-ore' in inventory:
    comment("Craft 1 iron chest")
    craft_item('iron-chest', quantity=1)
else:
    comment("Mine iron ore")
    harvest_resource((-16, 4), quantity=2) #assuming nearest iron resource position is (-16, 4)
    comment("Check the inventory for available iron ore before crafting") 
    if 'iron-ore' in inspect_inventory():
        comment("Craft 1 iron chest")
        craft_item('iron-chest', quantity=1)
    else:
        comment("Unable to craft as missing ingredient iron ore")
comment("Check the inventory for available iron ore")
inventory = inspect_inventory()
if 'iron-ore' in inventory:
    comment("Craft an iron chest")
    craft_item('iron-chest', quantity=1)
    
    comment("Inspect available entities")
    entities = inspect_entities(radius=10)
    
    comment("Find a burner mining drill to insert iron ore")
    target_drill = None
    for entity in entities:
        if entity['type'] == 'burner-mining-drill' and entity['status'] == 'not empty':
            target_drill = entity
            break
    
    comment("Insert iron ore into nearest burner mining drill")
    if target_drill:
        insert_item('iron-ore', target_position=target_drill['position'], quantity=1)
    else:
        comment("No available burner mining drills to insert iron ore")
# Check the inventory for available iron ore
inventory = inspect_inventory()
if 'iron-ore' in inventory:
    # Check to see if we already have iron-chest selected
    selected_recipe = None
    for recipe in inventory['crafting']:
        if recipe['name'] == 'iron-chest':
            selected_recipe = recipe
            break
    if selected_recipe is None:
        # If not selected, select the iron-chest recipe
        for recipe in inventory['crafting']:
            if recipe['name'] == 'iron-chest':
                selected_recipe = recipe
                break
        if selected_recipe is None:
            comment("We can't make an iron-chest as we don't have the recipe.")
        else:
            # If the recipe exists, start crafting
            if craft_item(selected_recipe['name'], quantity=1):
                comment("We have crafted 1x iron-chest!")
            else:
                comment("Failed to craft 1x
comment("Check the inventory for available iron ore")
inventory = inspect_inventory()
if 'iron-ore' in inventory:
    # Place a burner-mining-drill on a nearby iron patch
    iron_patch = nearest('iron-ore')
    move_to(iron_patch)
    position = place_entity('burner-mining-drill', direction=UP, exact=False, position=iron_patch)
    # Connect the mining drill to furnace with an inserter
    furnace_position = (position[0]+2, position[1])
    connect_entities(source_position=position, target_position=furnace_position, connection_type='inserter')
else:
    comment('No iron ore available yet, continue mining coal')
comment("Check the inventory for available iron ore")
inventory = inspect_inventory()
if 'iron-ore' in inventory:
    # Craft 1x iron chest if inventory contains at least 8 iron ore
    if inventory['iron-ore'] >= 8:
        craft_item('iron-chest')
comment("Place burner-mining-drill on iron_patch")
place_entity('burner-mining-drill', direction=UP, position=iron_patch)
comment("Reload fuel into all drills and the furnace")
entity_info = inspect_entities()
for entity in entity_info:
    if entity['type'] == 'burner-mining-drill':
        insert_item('coal', target_position=entity['position'], quantity=10)
    elif entity['type'] == 'stone-furnace':
        insert_item('coal', target_position=entity['position'], quantity=5)
comment("Build a boiler, steam engine, 4 burner-mining-drills and a stone-furnace")
comment("Craft a boiler, a steam engine, 4 burner-mining-drills and a stone-furnace.")
craft_item('boiler')
craft_item('steam-engine')
for i in range(4):
    craft_item('burner-mining-drill')
craft_item('stone-furnace')
comment("Craft a stone furnace and then craft a boiler, a steam engine, and 4 burner-mining-drills")
craft_item('stone-furnace')
craft_item('boiler')
craft_item('steam-engine')
craft_item('burner-mining-drill', quantity=4)
comment("Harvest iron ores to get stones for crafting")
harvest_resource(iron_patch, quantity=20)
comment("Craft a stone furnace")
craft_item('stone-furnace')
comment("Harvest iron ores to get stones for crafting")
harvest_resource(iron_patch, quantity=20)
comment("Craft a stone furnace")
craft_item('stone-furnace')
comment("Harvest stones to craft a stone furnace")
stone_patch = (7, 3)
harvest_resource(stone_patch, quantity=20)
comment("Check surrounding entities")
inspect_entities()
comment("Place a burner mining drill over iron patch")
move_to(iron_patch)
entity_pos = place_entity('burner-mining-drill', position=iron_patch)
comment("Craft a burner mining drill")
craft_item('burner-mining-drill', quantity=1)
comment("Harvest resources to craft burner-mining-drill")
harvest_resource((7, 3), quantity=20) # harvest 20 stone
harvest_resource((-2, 0), quantity=30) # harvest 30 coal
comment("Craft a burner-mining-drill")
craft_item('burner-mining-drill', quantity=1)
comment("Harvesting stone")
harvest_resource((7, 3), quantity=20)
comment("Moving to stone patch")
move_to(stone_patch)
move_to(stone_patch)
comment("Harvest resources to craft burner-mining-drill")
harvest_resource(stone_patch, quantity=20) # harvest 20 stone
comment("Finding nearest stone patch for harvesting")
stone_patch = nearest('stone') 
move_to(stone_patch)
comment("Harvesting resources to craft burner-mining-drill")
harvest_resource(stone_patch, quantity=20) # harvest 20 stone
comment("Crafting Burner Mining Drill using the stone and coal")
craft_item('burner-mining-drill', quantity=1)
comment("Placing the Burner Mining Drill")
entity_position = place_entity('burner-mining-drill', direction=DOWN, position=(position))
comment("Inserting coal into the Burner Mining Drill for fuel")
insert_item('coal', target_position=entity_position, quantity=2)
position = (entity_position[0], entity_position[1]-2)
inventory = inspect_inventory()
if 'coal' in inventory and inventory['coal'] >= 1:
     insert_item('coal', target_position=entity_position, quantity=1)
else:
     comment("Could not find coal in the inventory, please gather and try again.")
comment("Checking the entities around Burner Mining Drill")
entities_info = inspect_entities(radius=2)
for i in entities_info:
    if i['position'] == entity_position and i['type'] == 'burner_mining_drill':
        if i['warning'] == 'out of fuel':
            comment("Burner Mining Drill is out of fuel. Need to insert coal.")
        elif i['warning'] == 'waiting for space in destination as the output is full':
            comment("Output of Burner Mining Drills is full. Need to empty the output.")
        else:
            comment("Burner Mining Drill is functioning properly.")
entities = inspect_entities(radius=5)
output_positions = [(entity['position'][0]+2, entity['position'][1]) for entity in entities if entity['type'] == 'burner-mining-drill' and entity['position'] != position]
if output_positions:
     output_position = output_positions[0]
else:
     comment("Could not find a nearby drill for inserting coal")
comment("Connecting the Burner Mining Drill to the Stone Furnace using an inserter")
inserter_position = nearest(output_position)
connect_entities(source_position=entity_position, target_position=stone_patch, connection_type='inserter', inserter_position=inserter_position)
