[94mcomment("Inspect available resources around")
resources = inspect_resources()
print(resources)
[94mcomment("set up a simple mining operation")
coal_patch = resources['coal'][0]
coal_middle = (int((coal_patch['min_coordinates'][0] + coal_patch['max_coordinates'][0]) / 2), int((coal_patch['min_coordinates'][1] + coal_patch['max_coordinates'][1]) / 2))
[94mcomment("Move to the coal_middle position")
move_to(coal_middle)
[94mcomment("Place a burner mining drill facing RIGHT")
place_entity('burner-mining-drill', direction=RIGHT, exact=False, position=coal_middle)
[92m1: (-12, -9)
[94mcomment("Inspect entities within a 5-meter radius")
entities = inspect_entities(5)
print(entities)
[94mcomment("Pick up coal near the mining drill")
pickup_entity('coal', (coal_middle[0]-1, coal_middle[1]))
[91m1: Error: Could not pickup, did you intend to harvest?. 0
[94mcomment("Harvest 5 coal from the coal patch")
harvest_resource(coal_middle, quantity=5)
[94mcomment("Inspect inventory")
inventory = inspect_inventory()
print(inventory)
[94mcomment("Insert 1 coal into the mining drill for fuel")
insert_item('coal', target_position=nearest('burner-mining-drill'), quantity=1)
[94mcomment("Place a stone furnace near the burner-mining-drill")
stone_furnace_position = (coal_middle[0]+2, coal_middle[1])
place_entity('stone-furnace', position=stone_furnace_position)
[92m2: (-10, -9)
[94mcomment("Place a burner-mining-drill facing LEFT, near the stone-furnace")
new_burner_position = (stone_furnace_position[0]-2, stone_furnace_position[1])
place_entity('burner-mining-drill', direction=LEFT, position=new_burner_position)
[91m2: Error: Could not place burner-mining-drill.  No burner mining drill in inventory.
[94mcomment("Craft a burner-mining-drill")
craft_item('burner-mining-drill', quantity=1)
[91m1: Error: Could not craft a burner-mining-drill. "global.actions.craft item = function(player i..."]:73: Failed to craft 1x burner-mining-drill because missing ingredient stone
[94mcomment("Find the nearest stone")
stone_position = nearest('stone')
move_to(stone_position)
[94mcomment("Harvest 5 stone from the nearest position")
harvest_resource(stone_position, quantity=5)
[94mcomment("Craft a burner-mining-drill")
craft_item('burner-mining-drill', quantity=1)
[94mcomment("Find the nearest patch of coal")
coal_position = nearest('coal')
move_to(coal_position)
[94mcomment("Place a burner-mining-drill facing the right direction on the coal patch")
burner_drill_position = place_entity('burner-mining-drill', direction=RIGHT, exact=False, position=coal_position)
[94mcomment("Harvest 1 piece of coal")
harvest_resource(coal_position, quantity=1)
[94mcomment("Insert 1 coal into the burner-mining-drill for fuel")
insert_item('coal', target_position=burner_drill_position, quantity=1)
[94mcomment("Craft a stone furnace")
craft_item('stone-furnace', quantity=1)
[91m1: Error: Could not craft a stone-furnace. "global.actions.craft item = function(player i..."]:73: Failed to craft 1x stone-furnace because missing ingredient stone
[94mcomment("Mine 5 stone to craft a stone furnace")
harvest_resource(stone_position, quantity=5)
[91m1: Error: Could not harvest.. "global.actions.harvest resource = function(pl..."]:47: Could only harvest 0 at position (-8, 6)
[94mcomment("Move closer to the stone resource")
move_to(stone_position)
[94mcomment("Mine 5 stone to craft a stone furnace")
harvest_resource(stone_position, quantity=5)
[94mcomment("Craft a stone-furnace")
craft_item("stone-furnace", quantity=1)
[94mcomment("Place the stone-furnace at stone_furnace_position")
place_entity("stone-furnace", direction=UP, exact=True, position=stone_furnace_position)
[91mYou can't do that action. invalid literal for int() with base 10: 'Error'
[94mplace_entity("stone-furnace", direction=UP, position=stone_furnace_position)
