[94mcomment("Inspect available resources")
resources = inspect_resources()
[94mcomment("Check and move to the coal resource location")
coal_position = nearest('coal')
move_to(coal_position)
[94mcomment("Place a burner-mining-drill next to the coal")
place_entity('burner-mining-drill', direction=LEFT, position=(coal_position[0]-2, coal_position[1]))
[92m1: (-10, -5)
[94mcomment("Move to coordinates (-10, -5)")
move_to((-10, -5))
[94mcomment("Observe resources at the (-10, -5) location")
resources_at_location = inspect_resources((-10, -5))
comment("Observe the nearby entities")
nearby_entities = inspect_entities(20)
[92mError: Evaluation timed out
[94mcomment("Retry previous commands")
[94mcomment("Move to coordinates (-10, -5)")
move_to((-10, -5))
comment("Observe resources at the (-10, -5) location")
resources_at_location = inspect_resources((-10, -5))
comment("Observe the nearby entities")
nearby_entities = inspect_entities(20)
