[94mcomment("Check resources around me")
resources = inspect_resources()
[94mcomment("Find the nearest coal deposit")
coal_position = nearest('coal')
move_to(coal_position)
[94mcomment("Place a burner-mining-drill on the coal deposit")
place_entity('burner-mining-drill', direction=RIGHT, exact=False, position=coal_position)
[91m1: Error: Could not place burner-mining-drill.  No burner mining drill in inventory.
[94mcomment("Craft a burner-mining-drill to place on the coal deposit")
craft_item('burner-mining-drill', quantity=1)
[94mcomment("Place a burner-mining-drill on the coal deposit again")
place_entity('burner-mining-drill', direction=RIGHT, exact=False, position=coal_position)
[92m1: (-9, -6)
[94mcomment("Check entities around the burner-mining-drill")
inspect_entities(5)
[92m1: [{'type': 'burner_mining_drill', 'position': (-9, -6), 'warning': 'The entity is out of fuel', 'status': 'empty'}, {'type': 'burner_mining_drill', 'position': (-7, -5), 'warning': 'The entity is out of fuel', 'status': 'empty'}, {'type': 'player_character', 'position': (-5.6015625, -5), 'warning': '', 'status': 'empty'}]
[94mEntities within 5 meters: 
- burner-mining-drill: [[-8,-5]]
- player_character: [[-7,-5]]
[91mThe provided code is not syntactically valid Python. Only write valid python.
[94mcomment("Inspect the water resource and select a location near water")
water_resource = resources['water'][0]
min_coordinates = water_resource['min_coordinates']
max_coordinates = water_resource['max_coordinates']
water_edge = (max_coordinates[0], (min_coordinates[1] + max_coordinates[1]) // 2)
move_to(water_edge)
[94mcomment("Set up a steam engine and boiler system for power generation")
inventory = inspect_inventory()
[94mcomment("Craft and place the necessary items for a steam engine and boiler system")
if 'offshore-pump' not in inventory or inventory['offshore-pump'] < 1:
    craft_item('offshore-pump', quantity=1)
[94mcomment("Place an offshore pump near the selected water location")
place_entity('offshore-pump', direction=UP, position=water_edge)
offshore_pump_position = (water_edge[0], water_edge[1] + 1)
[92m1: (21, -32)
[94mcomment("Craft and place the necessary items for a steam engine and boiler system")
if 'boiler' not in inventory or inventory['boiler'] < 1:
    craft_item('boiler', quantity=1)
if 'steam-engine' not in inventory or inventory['steam-engine'] < 1:
    craft_item('steam-engine', quantity=1)
[91m1: Error: Could not craft a boiler. "global.actions.craft item = function(player i..."]:73: Failed to craft 1x boiler because missing ingredient stone
[94mcomment("Find a stone resource patch and mine 5 stone to craft a boiler")
stone_resource_position = nearest('stone')
move_to(stone_resource_position)
harvest_resource(stone_resource_position, quantity=5)
craft_item('boiler', quantity=1)
[94mcomment("Find a coal resource patch and mine 5 coal to fuel the boiler")
coal_resource_position = nearest('coal')
move_to(coal_resource_position)
harvest_resource(coal_resource_position, quantity=5)
[94mcomment("Place a steam engine next to the boiler")
craft_item('steam-engine', quantity=1)
place_entity('boiler', direction=UP, position=(offshore_pump_position[0] + 2, offshore_pump_position[1]))
boiler_position = (offshore_pump_position[0] + 2, offshore_pump_position[1])
place_entity('steam-engine', direction=UP, position=(boiler_position[0] + 3, boiler_position[1]))
steam_engine_position = (boiler_position[0] + 3, boiler_position[1])
[92m2: (33, -41)
4: (36, -41)
[94mcomment("Place an offshore pump and connect it to the boiler with pipes")
craft_item('offshore-pump', quantity=1)
place_entity('offshore-pump', direction=UP, position=offshore_pump_position)
craft_item('pipe', quantity=1)
connect_entities(offshore_pump_position, boiler_position, connection_type='pipe')
[91m1: Error: Could not craft a offshore-pump. "global.actions.craft item = function(player i..."]:73: Failed to craft 1x offshore-pump because missing ingredient iron ore
[94mcomment("Find an iron ore resource patch and mine 5 iron ore")
iron_resource_position = nearest('iron-ore')
move_to(iron_resource_position)
harvest_resource(iron_resource_position, quantity=5)
[94mcomment("Smelt the iron ore into iron plates using a stone furnace")
craft_item('stone-furnace', quantity=1)
stone_furnace_position = (iron_resource_position[0], iron_resource_position[1] + 2)
place_entity('stone-furnace', direction=UP, position=stone_furnace_position)
insert_items('iron-ore', target_position=stone_furnace_position, quantity=5)
insert_item('coal', target_position=stone_furnace_position, quantity=1)
[91m1: Error: Could not craft a stone-furnace. "global.actions.craft item = function(player i..."]:73: Failed to craft 1x stone-furnace because missing ingredient stone
[94mcomment("Mine 5 stone to craft a stone furnace")
move_to(stone_resource_position)
harvest_resource(stone_resource_position, quantity=5)
[94mcomment("Craft a stone furnace")
craft_item('stone-furnace', quantity=1)
[94mcomment("Place the stone furnace")
furnace_position = place_entity('stone-furnace', direction=LEFT, exact=False, position=(0, 0))
[94mcomment("Place a burner mining drill for the iron resource")
move_to(iron_resource_position)
place_entity('burner-mining-drill', direction=DOWN, exact=False, position=iron_resource_position)
[91m2: Error: Could not place burner-mining-drill.  No burner mining drill in inventory.
[94mcomment("Mine 9 iron ore to craft a burner mining drill")
move_to(iron_resource_position)
harvest_resource(iron_resource_position, quantity=9)
[94mcomment("Craft a burner mining drill")
craft_item('burner-mining-drill', quantity=1)
[91m1: Error: Could not craft a burner-mining-drill. "global.actions.craft item = function(player i..."]:73: Failed to craft 1x burner-mining-drill because missing ingredient stone
[94mcomment("Find the nearest stone resource to mine")
stone_resource_position = nearest('stone')
move_to(stone_resource_position)
[94mcomment("Harvest 5 stone to craft a burner mining drill")
harvest_resource(stone_resource_position, quantity=5)
[94mcomment("Craft a burner mining drill")
craft_item('burner-mining-drill', quantity=1)
[94mcomment("Place burner mining drill at coal resource position")
move_to(coal_resource_position)
place_entity('burner-mining-drill', direction=LEFT, exact=False, position=coal_resource_position)
[92m2: (-10, -4)
[94mcomment("Place a stone furnace")
move_to(furnace_position)
place_entity('stone-furnace', direction=UP, position=furnace_position)
[91m2: Error: Could not place stone-furnace.  No stone furnace in inventory.
[94mcomment("Craft a stone furnace")
craft_item('stone-furnace', quantity=1)
[91m1: Error: Could not craft a stone-furnace. "global.actions.craft item = function(player i..."]:73: Failed to craft 1x stone-furnace because missing ingredient stone
[94mcomment("Harvest 5 stone")
stone_position = nearest('stone')
move_to(stone_position)
harvest_resource(stone_position, quantity=5)
[94mcomment("Craft a stone furnace")
craft_item('stone-furnace', quantity=1)
[94mcomment("Place the stone furnace near the iron resource")
iron_resource_position = nearest('iron-ore')
move_to(iron_resource_position)
furnace_position = place_entity('stone-furnace', direction=LEFT, exact=False, position=iron_resource_position)
[94mcomment("Place a burner-mining-drill near iron resource")
place_entity('burner-mining-drill', direction=DOWN, exact=False, position=iron_resource_position)
[91m1: Error: Could not place burner-mining-drill.  No burner mining drill in inventory.
[94mcomment("Harvest 5 more iron ore")
move_to(iron_resource_position)
harvest_resource(iron_resource_position, quantity=5)
[94mcomment("Craft a burner-mining-drill")
craft_item('burner-mining-drill', quantity=1)
[91m1: Error: Could not craft a burner-mining-drill. "global.actions.craft item = function(player i..."]:73: Failed to craft 1x burner-mining-drill because missing ingredient stone
[94mcomment("Place a burner-mining-drill near stone resource")
move_to(stone_position)
place_entity('burner-mining-drill', direction=DOWN, exact=False, position=stone_position)
[91m2: Error: Could not place burner-mining-drill.  No burner mining drill in inventory.
[94mcomment("Harvest 5 stone to craft a burner-mining-drill")
move_to(stone_position)
harvest_resource(stone_position, quantity=5)
[94mmove_to(stone_position)
[94mcraft_item("burner-mining-drill", quantity=1)
[94mcomment("Now place the burner-mining-drill near the stone resource")
move_to(stone_position)
place_entity('burner-mining-drill', direction=DOWN, exact=False, position=stone_position)
[92m2: (-8, 6)
[94mcomment("Harvest 5 stone to craft a stone-furnace")
move_to(stone_position)
harvest_resource(stone_position, quantity=5)
[94mcraft_item("stone-furnace", quantity=1)
[94mcomment("Now place a stone-furnace near the iron resource")
move_to(iron_resource_position)
place_entity('stone-furnace', direction=NONE, exact=False, position=iron_resource_position)
[91m2: Error: name 'NONE' is not defined
[94mcomment("Now place a stone-furnace near the iron resource")
move_to(iron_resource_position)
place_entity('stone-furnace', direction=None, exact=False, position=iron_resource_position)
[91m2: Error: '>' not supported between instances of 'NoneType' and 'int'
[94mcomment("Now place a stone-furnace near the iron resource")
move_to(iron_resource_position)
place_entity('stone-furnace', direction=UP, exact=False, position=iron_resource_position)
[92m2: (20, -7)
[94mstone_furnace_position = (22, -6)
[94mcomment("Setting up iron ore extraction")
move_to(iron_resource_position)
entity_position = place_entity_next_to('burner-mining-drill', reference_position=stone_furnace_position, direction=RIGHT, gap=1)
[94mburner_drill_position = entity_position
[94mcomment("Let's connect the burner-mining-drill's output to the stone-furnace's input using an inserter")
connect_entities(source_position=burner_drill_position, target_position=stone_furnace_position, connection_type='inserter')
[91m1: Error: Could not connect (23.69921875, -6) to (22, -6).. "global.actions.connect entities = function(pl..."]:13: Target entity not found.
[94mcomment("Setting up coal extraction")
move_to(nearest('coal'))
coal_position = nearest('coal')
place_entity('burner-mining-drill', direction=RIGHT, exact=False, position=coal_position)
[91m3: Error: Could not place burner-mining-drill.  No burner mining drill in inventory.
[94mcomment("Craft burner mining drill")
craft_item('burner-mining-drill', quantity=1)
[91m1: Error: Could not craft a burner-mining-drill. "global.actions.craft item = function(player i..."]:73: Failed to craft 1x burner-mining-drill because missing ingredient iron ore
[94mcomment("Find iron ore and extract it")
move_to(nearest('iron-ore'))
iron_ore_position = nearest('iron-ore')
harvest_resource(iron_ore_position, quantity=5)
[94mmove_to(coal_position)
craft_item('burner-mining-drill', quantity=1)
[91m1: Error: Could not craft a burner-mining-drill. "global.actions.craft item = function(player i..."]:73: Failed to craft 1x burner-mining-drill because missing ingredient stone
[94mcomment("Find stone and extract it")
move_to(nearest('stone'))
stone_position = nearest('stone')
harvest_resource(stone_position, quantity=5)
[94mmove_to(coal_position)
craft_item('burner-mining-drill', quantity=1)
[91m1: Error: Could not craft a burner-mining-drill. "global.actions.craft item = function(player i..."]:73: Failed to craft 1x burner-mining-drill because missing ingredient iron ore
[94mcomment("Find iron ore and extract it")
move_to(nearest('iron-ore'))
iron_ore_position = nearest('iron-ore')
harvest_resource(iron_ore_position, quantity=5)
[94mmove_to(coal_position)
craft_item('burner-mining-drill', quantity=1)
[94mcomment("Place the burner mining drill near the coal patch")
coal_position = nearest('coal')
move_to(coal_position)
burner_drill_position = place_entity('burner-mining-drill', direction=LEFT, exact=False, position=coal_position)
[94mcomment("Ensure that burner-mining-drill has been placed")
inspect_entities(5)
[92m1: [{'type': 'burner_mining_drill', 'position': (-11, -6), 'warning': 'The entity is out of fuel', 'status': 'empty'}, {'type': 'stone_furnace', 'position': (20, -7), 'warning': 'The entity is out of fuel. Lack of input material. Lack of fuel', 'status': 'empty'}, {'type': 'offshore_pump', 'position': (21.5, -31.5), 'warning': '', 'status': 'empty'}, {'type': 'stone_furnace', 'position': (22, -5), 'warning': 'The entity is out of fuel. Lack of input material. Lack of fuel', 'status': 'empty'}, {'type': 'burner_mining_drill', 'position': (24, -6), 'warning': 'The entity is out of fuel', 'status': 'empty'}, {'type': 'boiler', 'position': (33.5, -41), 'warning': 'The entity is out of fuel', 'status': 'empty'}, {'type': 'burner_mining_drill', 'position': (-8, 6), 'warning': 'The entity is out of fuel', 'status': 'empty'}, {'type': 'burner_mining_drill', 'position': (-7, -5), 'warning': 'The entity is out of fuel', 'status': 'empty'}, {'type': 'burner_mining_drill', 'position': (-10, -4), 'warning': 'The entity is out of fuel. The mining drill is waiting for space in destination', 'status': 'empty'}, {'type': 'stone_furnace', 'position': (0, 0), 'warning': 'The entity is out of fuel. Lack of input material. Lack of fuel', 'status': 'empty'}, {'type': 'burner_mining_drill', 'position': (-9, -6), 'warning': 'The entity is out of fuel', 'status': 'empty'}, {'type': 'player_character', 'position': (-8.40625, -5), 'warning': '', 'status': 'empty'}, {'type': 'steam_engine', 'position': (36.5, -40.5), 'warning': '', 'status': 'empty'}]
[94mcomment("Find stone and extract it")
move_to(nearest('stone'))
stone_position = nearest('stone')
harvest_resource(stone_position, quantity=5)
[94mcomment("Craft a stone furnace")
craft_item('stone-furnace', quantity=1)
[94mcomment("Place the stone furnace near the iron ore patch")
move_to(nearest('iron-ore'))
iron_ore_position = nearest('iron-ore')
stone_furnace_position = place_entity('stone-furnace', direction=DOWN, exact=False, position=iron_ore_position)
[94mcomment("Place the burner mining drill near the iron ore patch")
move_to(iron_ore_position)
burner_drill_position = place_entity('burner-mining-drill', direction=RIGHT, exact=False, position=iron_ore_position)
[91m2: Error: Could not place burner-mining-drill.  No burner mining drill in inventory.
[94mcomment("Find nearest coal and extract it")
move_to(nearest('coal'))
coal_position = nearest('coal')
harvest_resource(coal_position, quantity=5)
[94mcomment("Craft a burner mining drill")
craft_item('burner-mining-drill', quantity=1)
[91m1: Error: Could not craft a burner-mining-drill. "global.actions.craft item = function(player i..."]:73: Failed to craft 1x burner-mining-drill because missing ingredient iron ore
[94mcomment("Find the nearest iron ore patch and extract it")
move_to(nearest('iron-ore'))
iron_ore_position = nearest('iron-ore')
harvest_resource(iron_ore_position, quantity=5)
