comment("Check resources around me")
resources = inspect_resources()
comment("Find the nearest coal deposit")
coal_position = nearest('coal')
move_to(coal_position)
comment("Place a burner-mining-drill on the coal deposit")
place_entity('burner-mining-drill', direction=RIGHT, exact=False, position=coal_position)
comment("Craft a burner-mining-drill to place on the coal deposit")
craft_item('burner-mining-drill', quantity=1)
comment("Place a burner-mining-drill on the coal deposit again")
place_entity('burner-mining-drill', direction=RIGHT, exact=False, position=coal_position)
comment("Check entities around the burner-mining-drill")
inspect_entities(5)
Entities within 5 meters: 
- burner-mining-drill: [[-8,-5]]
- player_character: [[-7,-5]]
comment("Inspect the water resource and select a location near water")
water_resource = resources['water'][0]
min_coordinates = water_resource['min_coordinates']
max_coordinates = water_resource['max_coordinates']
water_edge = (max_coordinates[0], (min_coordinates[1] + max_coordinates[1]) // 2)
move_to(water_edge)
comment("Set up a steam engine and boiler system for power generation")
inventory = inspect_inventory()
comment("Craft and place the necessary items for a steam engine and boiler system")
if 'offshore-pump' not in inventory or inventory['offshore-pump'] < 1:
    craft_item('offshore-pump', quantity=1)
comment("Place an offshore pump near the selected water location")
place_entity('offshore-pump', direction=UP, position=water_edge)
offshore_pump_position = (water_edge[0], water_edge[1] + 1)
comment("Craft and place the necessary items for a steam engine and boiler system")
if 'boiler' not in inventory or inventory['boiler'] < 1:
    craft_item('boiler', quantity=1)
if 'steam-engine' not in inventory or inventory['steam-engine'] < 1:
    craft_item('steam-engine', quantity=1)
comment("Find a stone resource patch and mine 5 stone to craft a boiler")
stone_resource_position = nearest('stone')
move_to(stone_resource_position)
harvest_resource(stone_resource_position, quantity=5)
craft_item('boiler', quantity=1)
comment("Find a coal resource patch and mine 5 coal to fuel the boiler")
coal_resource_position = nearest('coal')
move_to(coal_resource_position)
harvest_resource(coal_resource_position, quantity=5)
comment("Place a steam engine next to the boiler")
craft_item('steam-engine', quantity=1)
place_entity('boiler', direction=UP, position=(offshore_pump_position[0] + 2, offshore_pump_position[1]))
boiler_position = (offshore_pump_position[0] + 2, offshore_pump_position[1])
place_entity('steam-engine', direction=UP, position=(boiler_position[0] + 3, boiler_position[1]))
steam_engine_position = (boiler_position[0] + 3, boiler_position[1])
comment("Place an offshore pump and connect it to the boiler with pipes")
craft_item('offshore-pump', quantity=1)
place_entity('offshore-pump', direction=UP, position=offshore_pump_position)
craft_item('pipe', quantity=1)
connect_entities(offshore_pump_position, boiler_position, connection_type='pipe')
comment("Find an iron ore resource patch and mine 5 iron ore")
iron_resource_position = nearest('iron-ore')
move_to(iron_resource_position)
harvest_resource(iron_resource_position, quantity=5)
comment("Smelt the iron ore into iron plates using a stone furnace")
craft_item('stone-furnace', quantity=1)
stone_furnace_position = (iron_resource_position[0], iron_resource_position[1] + 2)
place_entity('stone-furnace', direction=UP, position=stone_furnace_position)
insert_items('iron-ore', target_position=stone_furnace_position, quantity=5)
insert_item('coal', target_position=stone_furnace_position, quantity=1)
comment("Mine 5 stone to craft a stone furnace")
move_to(stone_resource_position)
harvest_resource(stone_resource_position, quantity=5)
comment("Craft a stone furnace")
craft_item('stone-furnace', quantity=1)
comment("Place the stone furnace")
furnace_position = place_entity('stone-furnace', direction=LEFT, exact=False, position=(0, 0))
comment("Place a burner mining drill for the iron resource")
move_to(iron_resource_position)
place_entity('burner-mining-drill', direction=DOWN, exact=False, position=iron_resource_position)
comment("Mine 9 iron ore to craft a burner mining drill")
move_to(iron_resource_position)
harvest_resource(iron_resource_position, quantity=9)
comment("Craft a burner mining drill")
craft_item('burner-mining-drill', quantity=1)
comment("Find the nearest stone resource to mine")
stone_resource_position = nearest('stone')
move_to(stone_resource_position)
comment("Harvest 5 stone to craft a burner mining drill")
harvest_resource(stone_resource_position, quantity=5)
comment("Craft a burner mining drill")
craft_item('burner-mining-drill', quantity=1)
comment("Place burner mining drill at coal resource position")
move_to(coal_resource_position)
place_entity('burner-mining-drill', direction=LEFT, exact=False, position=coal_resource_position)
comment("Place a stone furnace")
move_to(furnace_position)
place_entity('stone-furnace', direction=UP, position=furnace_position)
comment("Craft a stone furnace")
craft_item('stone-furnace', quantity=1)
comment("Harvest 5 stone")
stone_position = nearest('stone')
move_to(stone_position)
harvest_resource(stone_position, quantity=5)
comment("Craft a stone furnace")
craft_item('stone-furnace', quantity=1)
comment("Place the stone furnace near the iron resource")
iron_resource_position = nearest('iron-ore')
move_to(iron_resource_position)
furnace_position = place_entity('stone-furnace', direction=LEFT, exact=False, position=iron_resource_position)
comment("Place a burner-mining-drill near iron resource")
place_entity('burner-mining-drill', direction=DOWN, exact=False, position=iron_resource_position)
comment("Harvest 5 more iron ore")
move_to(iron_resource_position)
harvest_resource(iron_resource_position, quantity=5)
comment("Craft a burner-mining-drill")
craft_item('burner-mining-drill', quantity=1)
comment("Place a burner-mining-drill near stone resource")
move_to(stone_position)
place_entity('burner-mining-drill', direction=DOWN, exact=False, position=stone_position)
comment("Harvest 5 stone to craft a burner-mining-drill")
move_to(stone_position)
harvest_resource(stone_position, quantity=5)
move_to(stone_position)
craft_item("burner-mining-drill", quantity=1)
comment("Now place the burner-mining-drill near the stone resource")
move_to(stone_position)
place_entity('burner-mining-drill', direction=DOWN, exact=False, position=stone_position)
comment("Harvest 5 stone to craft a stone-furnace")
move_to(stone_position)
harvest_resource(stone_position, quantity=5)
craft_item("stone-furnace", quantity=1)
comment("Now place a stone-furnace near the iron resource")
move_to(iron_resource_position)
place_entity('stone-furnace', direction=NONE, exact=False, position=iron_resource_position)
comment("Now place a stone-furnace near the iron resource")
move_to(iron_resource_position)
place_entity('stone-furnace', direction=None, exact=False, position=iron_resource_position)
comment("Now place a stone-furnace near the iron resource")
move_to(iron_resource_position)
place_entity('stone-furnace', direction=UP, exact=False, position=iron_resource_position)
stone_furnace_position = (22, -6)
comment("Setting up iron ore extraction")
move_to(iron_resource_position)
entity_position = place_entity_next_to('burner-mining-drill', reference_position=stone_furnace_position, direction=RIGHT, gap=1)
burner_drill_position = entity_position
comment("Let's connect the burner-mining-drill's output to the stone-furnace's input using an inserter")
connect_entities(source_position=burner_drill_position, target_position=stone_furnace_position, connection_type='inserter')
comment("Setting up coal extraction")
move_to(nearest('coal'))
coal_position = nearest('coal')
place_entity('burner-mining-drill', direction=RIGHT, exact=False, position=coal_position)
comment("Craft burner mining drill")
craft_item('burner-mining-drill', quantity=1)
comment("Find iron ore and extract it")
move_to(nearest('iron-ore'))
iron_ore_position = nearest('iron-ore')
harvest_resource(iron_ore_position, quantity=5)
move_to(coal_position)
craft_item('burner-mining-drill', quantity=1)
comment("Find stone and extract it")
move_to(nearest('stone'))
stone_position = nearest('stone')
harvest_resource(stone_position, quantity=5)
move_to(coal_position)
craft_item('burner-mining-drill', quantity=1)
comment("Find iron ore and extract it")
move_to(nearest('iron-ore'))
iron_ore_position = nearest('iron-ore')
harvest_resource(iron_ore_position, quantity=5)
move_to(coal_position)
craft_item('burner-mining-drill', quantity=1)
comment("Place the burner mining drill near the coal patch")
coal_position = nearest('coal')
move_to(coal_position)
burner_drill_position = place_entity('burner-mining-drill', direction=LEFT, exact=False, position=coal_position)
comment("Ensure that burner-mining-drill has been placed")
inspect_entities(5)
comment("Find stone and extract it")
move_to(nearest('stone'))
stone_position = nearest('stone')
harvest_resource(stone_position, quantity=5)
comment("Craft a stone furnace")
craft_item('stone-furnace', quantity=1)
comment("Place the stone furnace near the iron ore patch")
move_to(nearest('iron-ore'))
iron_ore_position = nearest('iron-ore')
stone_furnace_position = place_entity('stone-furnace', direction=DOWN, exact=False, position=iron_ore_position)
comment("Place the burner mining drill near the iron ore patch")
move_to(iron_ore_position)
burner_drill_position = place_entity('burner-mining-drill', direction=RIGHT, exact=False, position=iron_ore_position)
comment("Find nearest coal and extract it")
move_to(nearest('coal'))
coal_position = nearest('coal')
harvest_resource(coal_position, quantity=5)
comment("Craft a burner mining drill")
craft_item('burner-mining-drill', quantity=1)
comment("Find the nearest iron ore patch and extract it")
move_to(nearest('iron-ore'))
iron_ore_position = nearest('iron-ore')
harvest_resource(iron_ore_position, quantity=5)
