[94mcomment("Inspect surroundings for resources")
resources = inspect_resources()
[94mcomment("Inspect nearby entities")
nearby_entities = inspect_entities(radius=20)
[94mcomment("Go to the nearest coal resource")
coal_position = nearest('coal')
move_to(coal_position)
[94mcomment("Place a burner-mining-drill at the coal resource")
burner_drill_position = place_entity('burner-mining-drill', direction=DOWN, exact=False, position=coal_position)
[94mcomment("Inspect inventory")
inventory = inspect_inventory()
[94mcomment("Place a stone furnace next to the burner-mining-drill")
stone_furnace_position = place_entity_next_to('stone-furnace', reference_position=burner_drill_position, direction=LEFT)
[94mcomment("Insert coal into the burner-mining-drill for fuel")
insert_item('coal', target_position=burner_drill_position, quantity=1)
[91mWarning: burner-mining-drill at (-5, -8): out of fuel
[94minsert_item('coal', target_position=burner_drill_position, quantity=1)
[94mcomment("Harvest the coal from the burner-mining-drill")
harvest_resource(burner_drill_position, quantity=5)
[91mError line 1: Could only harvest 3 at position (-8, -5)
[91mWarning: stone-furnace at (-5, -10): out of fuel, no ingredients to smelt
[94mcomment("Insert coal into the stone furnace for fuel")
insert_item('coal', target_position=stone_furnace_position, quantity=1)
[94mcomment("Insert iron plates into the stone furnace to smelt")
insert_item('iron-plate', target_position=stone_furnace_position, quantity=5)
[91mWarning: burner-mining-drill at (-5, -8): waiting for space in destination as the output is full. Place a transport-belt or furnace at (-7.5, -3.5) to unblock.
Warning: stone-furnace at (-5, -10): out of fuel, no ingredients to smelt
[94minsert_item('iron-plate', target_position=stone_furnace_position, quantity=5)
[94mcomment("Place a transport belt next to the burner-mining-drill to make space for output")
place_entity('transport-belt', direction=LEFT, exact=False, position=(burner_drill_position[0]-2, burner_drill_position[1]))
[92m1: (-11, -4)
[91mWarning: burner-mining-drill at (-5, -8): waiting for space in destination as the output is full. Place a transport-belt or furnace at (-7.5, -3.5) to unblock.
[94mmove_to(burner_drill_position)
transport_belt_position = place_entity('transport-belt', direction=RIGHT, exact=True, position=(-7.5, -3.5))
[94mcomment("Check to ensure that transport-belt has been placed")
inspect_entities(5)
[94mcomment("Confirm burner-mining-drill is now operational since the transport-belt has been placed")
inspect_entities(5)
[91mWarning: burner-mining-drill at (-5, -8): waiting for space in destination as the output is full. Place a transport-belt or furnace at (-7.5, -3.5) to unblock.
[94mcomment("Rotate the burner-mining-drill to connect it to the transport-belt")
rotate_entity(burner_drill_position, direction=RIGHT)
[94mcomment("Check if the burner-mining-drill is now operational")
[94minspect_entities(5)
[92m0: [{'name': 'transport_belt', 'position': (-7.5, -3.5), 'warning': '', 'status': 'empty'}, {'name': 'transport_belt', 'position': (-10.5, -3.5), 'warning': '', 'status': 'empty'}, {'name': 'stone_furnace', 'position': (-10, -5), 'warning': 'Lack of input material. Lack of fuel', 'contents': {'steel-plate': 2}, 'status': 'not empty'}, {'name': 'burner_mining_drill', 'position': (-8, -5), 'warning': '', 'contents': {'coal': 1}, 'status': 'not empty'}, {'name': 'player_character', 'position': (-5.6015625, -5), 'warning': '', 'status': 'empty'}]
[91mWarning: transport-belt at (-3.5, -7.5): transport belt blocked
[94mcomment("Correct orientation of transport belt to ensure smooth flow")
rotate_entity(transport_belt_position, direction=LEFT)
[94mcomment("Check if the transport-belt is no longer blocked and moving items")
